[0.129s] Invoking command in '/home/navcon/ws/mina_ws/build/ackermann_interfaces': CMAKE_PREFIX_PATH=${CMAKE_PREFIX_PATH}:/home/navcon/ws/mina_ws/install/ugv_can:/home/navcon/ws/mina_ws/install/ackermann_odometry:/home/navcon/ws/mina_ws/install/ackermann_controller:/opt/ros/humble /usr/bin/cmake /home/navcon/ws/mina_ws/src/ackermann-odometry/src/ackermann_interfaces -DAMENT_CMAKE_SYMLINK_INSTALL=1 -DCMAKE_INSTALL_PREFIX=/home/navcon/ws/mina_ws/install/ackermann_interfaces
[1.310s] -- Found ament_cmake: 1.3.6 (/opt/ros/humble/share/ament_cmake/cmake)
[1.316s] -- Override CMake install command with custom implementation using symlinks instead of copying resources
[1.316s] -- Found rosidl_default_generators: 1.2.0 (/opt/ros/humble/share/rosidl_default_generators/cmake)
[1.316s] -- Using all available rosidl_typesupport_c: rosidl_typesupport_fastrtps_c;rosidl_typesupport_introspection_c
[1.317s] -- Found rosidl_adapter: 3.1.5 (/opt/ros/humble/share/rosidl_adapter/cmake)
[1.317s] -- Using all available rosidl_typesupport_cpp: rosidl_typesupport_fastrtps_cpp;rosidl_typesupport_introspection_cpp
[1.317s] -- Found std_msgs: 4.2.3 (/opt/ros/humble/share/std_msgs/cmake)
[1.836s] -- Found ament_cmake_ros: 0.10.0 (/opt/ros/humble/share/ament_cmake_ros/cmake)
[2.943s] -- Using all available rosidl_typesupport_c: rosidl_typesupport_fastrtps_c;rosidl_typesupport_introspection_c
[4.143s] -- Using all available rosidl_typesupport_cpp: rosidl_typesupport_fastrtps_cpp;rosidl_typesupport_introspection_cpp
[4.205s] -- Found python_cmake_module: 0.10.0 (/opt/ros/humble/share/python_cmake_module/cmake)
[4.265s] -- Using PYTHON_EXECUTABLE: /usr/bin/python3
[4.266s] -- Using PYTHON_INCLUDE_DIRS: /usr/include/python3.8
[4.266s] -- Using PYTHON_LIBRARIES: /usr/lib/aarch64-linux-gnu/libpython3.8.so
[4.345s] -- Found ament_lint_auto: 0.12.9 (/opt/ros/humble/share/ament_lint_auto/cmake)
[4.372s] -- Configuring done
[4.453s] -- Generating done
[4.462s] -- Build files have been written to: /home/navcon/ws/mina_ws/build/ackermann_interfaces
[4.487s] Invoked command in '/home/navcon/ws/mina_ws/build/ackermann_interfaces' returned '0': CMAKE_PREFIX_PATH=${CMAKE_PREFIX_PATH}:/home/navcon/ws/mina_ws/install/ugv_can:/home/navcon/ws/mina_ws/install/ackermann_odometry:/home/navcon/ws/mina_ws/install/ackermann_controller:/opt/ros/humble /usr/bin/cmake /home/navcon/ws/mina_ws/src/ackermann-odometry/src/ackermann_interfaces -DAMENT_CMAKE_SYMLINK_INSTALL=1 -DCMAKE_INSTALL_PREFIX=/home/navcon/ws/mina_ws/install/ackermann_interfaces
[4.490s] Invoking command in '/home/navcon/ws/mina_ws/build/ackermann_interfaces': CMAKE_PREFIX_PATH=${CMAKE_PREFIX_PATH}:/home/navcon/ws/mina_ws/install/ugv_can:/home/navcon/ws/mina_ws/install/ackermann_odometry:/home/navcon/ws/mina_ws/install/ackermann_controller:/opt/ros/humble /usr/bin/cmake --build /home/navcon/ws/mina_ws/build/ackermann_interfaces -- -j8 -l8
[4.616s] [  3%] Built target ackermann_interfaces__cpp
[4.644s] [  6%] Built target ament_cmake_python_symlink_ackermann_interfaces
[4.645s] [ 12%] Built target ackermann_interfaces__rosidl_generator_c
[4.673s] [ 22%] Built target ackermann_interfaces__rosidl_typesupport_introspection_cpp
[4.684s] [ 32%] Built target ackermann_interfaces__rosidl_typesupport_cpp
[4.697s] [ 41%] Built target ackermann_interfaces__rosidl_typesupport_fastrtps_cpp
[4.718s] [ 51%] Built target ackermann_interfaces__rosidl_typesupport_introspection_c
[4.720s] [ 61%] Built target ackermann_interfaces__rosidl_typesupport_fastrtps_c
[4.744s] [ 70%] Built target ackermann_interfaces__rosidl_typesupport_c
[4.784s] [ 70%] Built target ackermann_interfaces
[4.829s] [ 74%] Built target ackermann_interfaces__py
[4.886s] [ 80%] Built target ackermann_interfaces__rosidl_generator_py
[4.945s] [ 87%] Built target ackermann_interfaces__rosidl_typesupport_fastrtps_c__pyext
[4.946s] [ 93%] Built target ackermann_interfaces__rosidl_typesupport_introspection_c__pyext
[4.967s] [100%] Built target ackermann_interfaces__rosidl_typesupport_c__pyext
[5.206s] running egg_info
[5.212s] writing ackermann_interfaces.egg-info/PKG-INFO
[5.212s] writing dependency_links to ackermann_interfaces.egg-info/dependency_links.txt
[5.212s] writing top-level names to ackermann_interfaces.egg-info/top_level.txt
[5.285s] reading manifest file 'ackermann_interfaces.egg-info/SOURCES.txt'
[5.287s] writing manifest file 'ackermann_interfaces.egg-info/SOURCES.txt'
[5.358s] [100%] Built target ament_cmake_python_build_ackermann_interfaces_egg
[5.392s] Invoked command in '/home/navcon/ws/mina_ws/build/ackermann_interfaces' returned '0': CMAKE_PREFIX_PATH=${CMAKE_PREFIX_PATH}:/home/navcon/ws/mina_ws/install/ugv_can:/home/navcon/ws/mina_ws/install/ackermann_odometry:/home/navcon/ws/mina_ws/install/ackermann_controller:/opt/ros/humble /usr/bin/cmake --build /home/navcon/ws/mina_ws/build/ackermann_interfaces -- -j8 -l8
[5.484s] Invoking command in '/home/navcon/ws/mina_ws/build/ackermann_interfaces': CMAKE_PREFIX_PATH=${CMAKE_PREFIX_PATH}:/home/navcon/ws/mina_ws/install/ugv_can:/home/navcon/ws/mina_ws/install/ackermann_odometry:/home/navcon/ws/mina_ws/install/ackermann_controller:/opt/ros/humble /usr/bin/cmake --install /home/navcon/ws/mina_ws/build/ackermann_interfaces
[5.504s] -- Install configuration: ""
[5.505s] -- Execute custom install script
[5.505s] -- Up-to-date symlink: /home/navcon/ws/mina_ws/install/ackermann_interfaces/share/ament_index/resource_index/rosidl_interfaces/ackermann_interfaces
[5.506s] -- Up-to-date symlink: /home/navcon/ws/mina_ws/install/ackermann_interfaces/include/ackermann_interfaces/ackermann_interfaces/msg/ackermann_feedback.h
[5.508s] -- Up-to-date symlink: /home/navcon/ws/mina_ws/install/ackermann_interfaces/include/ackermann_interfaces/ackermann_interfaces/msg/detail/ackermann_feedback__functions.h
[5.509s] -- Up-to-date symlink: /home/navcon/ws/mina_ws/install/ackermann_interfaces/include/ackermann_interfaces/ackermann_interfaces/msg/detail/ackermann_feedback__struct.h
[5.509s] -- Up-to-date symlink: /home/navcon/ws/mina_ws/install/ackermann_interfaces/include/ackermann_interfaces/ackermann_interfaces/msg/detail/ackermann_feedback__type_support.h
[5.509s] -- Up-to-date symlink: /home/navcon/ws/mina_ws/install/ackermann_interfaces/include/ackermann_interfaces/ackermann_interfaces/msg/rosidl_generator_c__visibility_control.h
[5.509s] -- Up-to-date symlink: /home/navcon/ws/mina_ws/install/ackermann_interfaces/share/ackermann_interfaces/environment/library_path.sh
[5.509s] -- Up-to-date symlink: /home/navcon/ws/mina_ws/install/ackermann_interfaces/share/ackermann_interfaces/environment/library_path.dsv
[5.511s] -- Up-to-date symlink: /home/navcon/ws/mina_ws/install/ackermann_interfaces/include/ackermann_interfaces/ackermann_interfaces/msg/detail/ackermann_feedback__rosidl_typesupport_fastrtps_c.h
[5.511s] -- Up-to-date symlink: /home/navcon/ws/mina_ws/install/ackermann_interfaces/include/ackermann_interfaces/ackermann_interfaces/msg/rosidl_typesupport_fastrtps_c__visibility_control.h
[5.511s] -- Up-to-date symlink: /home/navcon/ws/mina_ws/install/ackermann_interfaces/include/ackermann_interfaces/ackermann_interfaces/msg/detail/ackermann_feedback__rosidl_typesupport_introspection_c.h
[5.512s] -- Up-to-date symlink: /home/navcon/ws/mina_ws/install/ackermann_interfaces/include/ackermann_interfaces/ackermann_interfaces/msg/rosidl_typesupport_introspection_c__visibility_control.h
[5.512s] -- Up-to-date symlink: /home/navcon/ws/mina_ws/install/ackermann_interfaces/include/ackermann_interfaces/ackermann_interfaces/msg/ackermann_feedback.hpp
[5.512s] -- Up-to-date symlink: /home/navcon/ws/mina_ws/install/ackermann_interfaces/include/ackermann_interfaces/ackermann_interfaces/msg/detail/ackermann_feedback__builder.hpp
[5.512s] -- Up-to-date symlink: /home/navcon/ws/mina_ws/install/ackermann_interfaces/include/ackermann_interfaces/ackermann_interfaces/msg/detail/ackermann_feedback__struct.hpp
[5.512s] -- Up-to-date symlink: /home/navcon/ws/mina_ws/install/ackermann_interfaces/include/ackermann_interfaces/ackermann_interfaces/msg/detail/ackermann_feedback__traits.hpp
[5.513s] -- Up-to-date symlink: /home/navcon/ws/mina_ws/install/ackermann_interfaces/include/ackermann_interfaces/ackermann_interfaces/msg/detail/ackermann_feedback__rosidl_typesupport_fastrtps_cpp.hpp
[5.514s] -- Up-to-date symlink: /home/navcon/ws/mina_ws/install/ackermann_interfaces/include/ackermann_interfaces/ackermann_interfaces/msg/rosidl_typesupport_fastrtps_cpp__visibility_control.h
[5.515s] -- Up-to-date symlink: /home/navcon/ws/mina_ws/install/ackermann_interfaces/include/ackermann_interfaces/ackermann_interfaces/msg/detail/ackermann_feedback__rosidl_typesupport_introspection_cpp.hpp
[5.515s] -- Up-to-date symlink: /home/navcon/ws/mina_ws/install/ackermann_interfaces/share/ackermann_interfaces/environment/pythonpath.sh
[5.516s] -- Up-to-date symlink: /home/navcon/ws/mina_ws/install/ackermann_interfaces/share/ackermann_interfaces/environment/pythonpath.dsv
[5.517s] -- Up-to-date symlink: /home/navcon/ws/mina_ws/install/ackermann_interfaces/lib/python3.8/site-packages/ackermann_interfaces-0.0.0-py3.8.egg-info/PKG-INFO
[5.517s] -- Up-to-date symlink: /home/navcon/ws/mina_ws/install/ackermann_interfaces/lib/python3.8/site-packages/ackermann_interfaces-0.0.0-py3.8.egg-info/SOURCES.txt
[5.517s] -- Up-to-date symlink: /home/navcon/ws/mina_ws/install/ackermann_interfaces/lib/python3.8/site-packages/ackermann_interfaces-0.0.0-py3.8.egg-info/dependency_links.txt
[5.518s] -- Up-to-date symlink: /home/navcon/ws/mina_ws/install/ackermann_interfaces/lib/python3.8/site-packages/ackermann_interfaces-0.0.0-py3.8.egg-info/top_level.txt
[5.520s] -- Up-to-date symlink: /home/navcon/ws/mina_ws/install/ackermann_interfaces/lib/python3.8/site-packages/ackermann_interfaces/__init__.py
[5.520s] -- Up-to-date symlink: /home/navcon/ws/mina_ws/install/ackermann_interfaces/lib/python3.8/site-packages/ackermann_interfaces/_ackermann_interfaces_s.ep.rosidl_typesupport_c.c
[5.520s] -- Up-to-date symlink: /home/navcon/ws/mina_ws/install/ackermann_interfaces/lib/python3.8/site-packages/ackermann_interfaces/_ackermann_interfaces_s.ep.rosidl_typesupport_fastrtps_c.c
[5.520s] -- Up-to-date symlink: /home/navcon/ws/mina_ws/install/ackermann_interfaces/lib/python3.8/site-packages/ackermann_interfaces/_ackermann_interfaces_s.ep.rosidl_typesupport_introspection_c.c
[5.521s] -- Up-to-date symlink: /home/navcon/ws/mina_ws/install/ackermann_interfaces/lib/python3.8/site-packages/ackermann_interfaces/ackermann_interfaces_s__rosidl_typesupport_c.cpython-38-aarch64-linux-gnu.so
[5.521s] -- Up-to-date symlink: /home/navcon/ws/mina_ws/install/ackermann_interfaces/lib/python3.8/site-packages/ackermann_interfaces/ackermann_interfaces_s__rosidl_typesupport_fastrtps_c.cpython-38-aarch64-linux-gnu.so
[5.522s] -- Up-to-date symlink: /home/navcon/ws/mina_ws/install/ackermann_interfaces/lib/python3.8/site-packages/ackermann_interfaces/ackermann_interfaces_s__rosidl_typesupport_introspection_c.cpython-38-aarch64-linux-gnu.so
[5.522s] -- Up-to-date symlink: /home/navcon/ws/mina_ws/install/ackermann_interfaces/lib/python3.8/site-packages/ackermann_interfaces/libackermann_interfaces__rosidl_generator_py.so
[5.522s] -- Up-to-date symlink: /home/navcon/ws/mina_ws/install/ackermann_interfaces/lib/python3.8/site-packages/ackermann_interfaces/msg/__init__.py
[5.523s] -- Up-to-date symlink: /home/navcon/ws/mina_ws/install/ackermann_interfaces/lib/python3.8/site-packages/ackermann_interfaces/msg/_ackermann_feedback.py
[5.523s] -- Up-to-date symlink: /home/navcon/ws/mina_ws/install/ackermann_interfaces/lib/python3.8/site-packages/ackermann_interfaces/msg/_ackermann_feedback_s.c
[5.524s] -- Up-to-date symlink: /home/navcon/ws/mina_ws/install/ackermann_interfaces/lib/python3.8/site-packages/ackermann_interfaces/ackermann_interfaces_s__rosidl_typesupport_fastrtps_c.cpython-38-aarch64-linux-gnu.so
[5.525s] -- Up-to-date symlink: /home/navcon/ws/mina_ws/install/ackermann_interfaces/lib/python3.8/site-packages/ackermann_interfaces/ackermann_interfaces_s__rosidl_typesupport_introspection_c.cpython-38-aarch64-linux-gnu.so
[5.526s] -- Up-to-date symlink: /home/navcon/ws/mina_ws/install/ackermann_interfaces/lib/python3.8/site-packages/ackermann_interfaces/ackermann_interfaces_s__rosidl_typesupport_c.cpython-38-aarch64-linux-gnu.so
[5.526s] -- Up-to-date symlink: /home/navcon/ws/mina_ws/install/ackermann_interfaces/share/ackermann_interfaces/msg/AckermannFeedback.idl
[5.527s] -- Up-to-date symlink: /home/navcon/ws/mina_ws/install/ackermann_interfaces/share/ackermann_interfaces/msg/AckermannFeedback.msg
[5.527s] -- Up-to-date symlink: /home/navcon/ws/mina_ws/install/ackermann_interfaces/share/ament_index/resource_index/package_run_dependencies/ackermann_interfaces
[5.527s] -- Up-to-date symlink: /home/navcon/ws/mina_ws/install/ackermann_interfaces/share/ament_index/resource_index/parent_prefix_path/ackermann_interfaces
[5.528s] -- Up-to-date symlink: /home/navcon/ws/mina_ws/install/ackermann_interfaces/share/ackermann_interfaces/environment/ament_prefix_path.sh
[5.528s] -- Up-to-date symlink: /home/navcon/ws/mina_ws/install/ackermann_interfaces/share/ackermann_interfaces/environment/ament_prefix_path.dsv
[5.529s] -- Up-to-date symlink: /home/navcon/ws/mina_ws/install/ackermann_interfaces/share/ackermann_interfaces/environment/path.sh
[5.529s] -- Up-to-date symlink: /home/navcon/ws/mina_ws/install/ackermann_interfaces/share/ackermann_interfaces/environment/path.dsv
[5.530s] -- Up-to-date symlink: /home/navcon/ws/mina_ws/install/ackermann_interfaces/share/ackermann_interfaces/local_setup.bash
[5.530s] -- Up-to-date symlink: /home/navcon/ws/mina_ws/install/ackermann_interfaces/share/ackermann_interfaces/local_setup.sh
[5.530s] -- Up-to-date symlink: /home/navcon/ws/mina_ws/install/ackermann_interfaces/share/ackermann_interfaces/local_setup.zsh
[5.531s] -- Up-to-date symlink: /home/navcon/ws/mina_ws/install/ackermann_interfaces/share/ackermann_interfaces/local_setup.dsv
[5.531s] -- Symlinking: /home/navcon/ws/mina_ws/install/ackermann_interfaces/share/ackermann_interfaces/package.dsv
[5.553s] -- Up-to-date symlink: /home/navcon/ws/mina_ws/install/ackermann_interfaces/share/ament_index/resource_index/packages/ackermann_interfaces
[5.553s] -- Up-to-date symlink: /home/navcon/ws/mina_ws/install/ackermann_interfaces/share/ackermann_interfaces/cmake/rosidl_cmake-extras.cmake
[5.553s] -- Up-to-date symlink: /home/navcon/ws/mina_ws/install/ackermann_interfaces/share/ackermann_interfaces/cmake/ament_cmake_export_dependencies-extras.cmake
[5.553s] -- Up-to-date symlink: /home/navcon/ws/mina_ws/install/ackermann_interfaces/share/ackermann_interfaces/cmake/ament_cmake_export_include_directories-extras.cmake
[5.557s] -- Up-to-date symlink: /home/navcon/ws/mina_ws/install/ackermann_interfaces/share/ackermann_interfaces/cmake/ament_cmake_export_libraries-extras.cmake
[5.557s] -- Up-to-date symlink: /home/navcon/ws/mina_ws/install/ackermann_interfaces/share/ackermann_interfaces/cmake/ament_cmake_export_targets-extras.cmake
[5.558s] -- Up-to-date symlink: /home/navcon/ws/mina_ws/install/ackermann_interfaces/share/ackermann_interfaces/cmake/rosidl_cmake_export_typesupport_targets-extras.cmake
[5.558s] -- Up-to-date symlink: /home/navcon/ws/mina_ws/install/ackermann_interfaces/share/ackermann_interfaces/cmake/rosidl_cmake_export_typesupport_libraries-extras.cmake
[5.558s] -- Up-to-date symlink: /home/navcon/ws/mina_ws/install/ackermann_interfaces/share/ackermann_interfaces/cmake/ackermann_interfacesConfig.cmake
[5.559s] -- Up-to-date symlink: /home/navcon/ws/mina_ws/install/ackermann_interfaces/share/ackermann_interfaces/cmake/ackermann_interfacesConfig-version.cmake
[5.559s] -- Up-to-date symlink: /home/navcon/ws/mina_ws/install/ackermann_interfaces/share/ackermann_interfaces/package.xml
[5.559s] -- Up-to-date: /home/navcon/ws/mina_ws/install/ackermann_interfaces/lib/libackermann_interfaces__rosidl_generator_c.so
[5.559s] -- Up-to-date: /home/navcon/ws/mina_ws/install/ackermann_interfaces/lib/libackermann_interfaces__rosidl_typesupport_fastrtps_c.so
[5.560s] -- Up-to-date: /home/navcon/ws/mina_ws/install/ackermann_interfaces/lib/libackermann_interfaces__rosidl_typesupport_introspection_c.so
[5.561s] -- Up-to-date: /home/navcon/ws/mina_ws/install/ackermann_interfaces/lib/libackermann_interfaces__rosidl_typesupport_c.so
[5.562s] -- Up-to-date: /home/navcon/ws/mina_ws/install/ackermann_interfaces/lib/libackermann_interfaces__rosidl_typesupport_fastrtps_cpp.so
[5.562s] -- Up-to-date: /home/navcon/ws/mina_ws/install/ackermann_interfaces/lib/libackermann_interfaces__rosidl_typesupport_introspection_cpp.so
[5.563s] -- Up-to-date: /home/navcon/ws/mina_ws/install/ackermann_interfaces/lib/libackermann_interfaces__rosidl_typesupport_cpp.so
[5.632s] Listing '/home/navcon/ws/mina_ws/install/ackermann_interfaces/lib/python3.8/site-packages/ackermann_interfaces'...
[5.632s] Compiling '/home/navcon/ws/mina_ws/install/ackermann_interfaces/lib/python3.8/site-packages/ackermann_interfaces/__init__.py'...
[5.632s] Listing '/home/navcon/ws/mina_ws/install/ackermann_interfaces/lib/python3.8/site-packages/ackermann_interfaces/msg'...
[5.643s] -- Up-to-date: /home/navcon/ws/mina_ws/install/ackermann_interfaces/lib/libackermann_interfaces__rosidl_generator_py.so
[5.643s] -- Up-to-date: /home/navcon/ws/mina_ws/install/ackermann_interfaces/share/ackermann_interfaces/cmake/export_ackermann_interfaces__rosidl_generator_cExport.cmake
[5.643s] -- Installing: /home/navcon/ws/mina_ws/install/ackermann_interfaces/share/ackermann_interfaces/cmake/export_ackermann_interfaces__rosidl_generator_cExport-noconfig.cmake
[5.644s] -- Up-to-date: /home/navcon/ws/mina_ws/install/ackermann_interfaces/share/ackermann_interfaces/cmake/export_ackermann_interfaces__rosidl_typesupport_fastrtps_cExport.cmake
[5.644s] -- Installing: /home/navcon/ws/mina_ws/install/ackermann_interfaces/share/ackermann_interfaces/cmake/export_ackermann_interfaces__rosidl_typesupport_fastrtps_cExport-noconfig.cmake
[5.646s] -- Up-to-date: /home/navcon/ws/mina_ws/install/ackermann_interfaces/share/ackermann_interfaces/cmake/ackermann_interfaces__rosidl_typesupport_introspection_cExport.cmake
[5.647s] -- Installing: /home/navcon/ws/mina_ws/install/ackermann_interfaces/share/ackermann_interfaces/cmake/ackermann_interfaces__rosidl_typesupport_introspection_cExport-noconfig.cmake
[5.647s] -- Up-to-date: /home/navcon/ws/mina_ws/install/ackermann_interfaces/share/ackermann_interfaces/cmake/ackermann_interfaces__rosidl_typesupport_cExport.cmake
[5.648s] -- Installing: /home/navcon/ws/mina_ws/install/ackermann_interfaces/share/ackermann_interfaces/cmake/ackermann_interfaces__rosidl_typesupport_cExport-noconfig.cmake
[5.648s] -- Up-to-date: /home/navcon/ws/mina_ws/install/ackermann_interfaces/share/ackermann_interfaces/cmake/export_ackermann_interfaces__rosidl_generator_cppExport.cmake
[5.648s] -- Up-to-date: /home/navcon/ws/mina_ws/install/ackermann_interfaces/share/ackermann_interfaces/cmake/export_ackermann_interfaces__rosidl_typesupport_fastrtps_cppExport.cmake
[5.648s] -- Installing: /home/navcon/ws/mina_ws/install/ackermann_interfaces/share/ackermann_interfaces/cmake/export_ackermann_interfaces__rosidl_typesupport_fastrtps_cppExport-noconfig.cmake
[5.648s] -- Up-to-date: /home/navcon/ws/mina_ws/install/ackermann_interfaces/share/ackermann_interfaces/cmake/ackermann_interfaces__rosidl_typesupport_introspection_cppExport.cmake
[5.649s] -- Installing: /home/navcon/ws/mina_ws/install/ackermann_interfaces/share/ackermann_interfaces/cmake/ackermann_interfaces__rosidl_typesupport_introspection_cppExport-noconfig.cmake
[5.649s] -- Up-to-date: /home/navcon/ws/mina_ws/install/ackermann_interfaces/share/ackermann_interfaces/cmake/ackermann_interfaces__rosidl_typesupport_cppExport.cmake
[5.649s] -- Installing: /home/navcon/ws/mina_ws/install/ackermann_interfaces/share/ackermann_interfaces/cmake/ackermann_interfaces__rosidl_typesupport_cppExport-noconfig.cmake
[5.651s] -- Up-to-date: /home/navcon/ws/mina_ws/install/ackermann_interfaces/share/ackermann_interfaces/cmake/export_ackermann_interfaces__rosidl_generator_pyExport.cmake
[5.651s] -- Installing: /home/navcon/ws/mina_ws/install/ackermann_interfaces/share/ackermann_interfaces/cmake/export_ackermann_interfaces__rosidl_generator_pyExport-noconfig.cmake
[5.661s] Invoked command in '/home/navcon/ws/mina_ws/build/ackermann_interfaces' returned '0': CMAKE_PREFIX_PATH=${CMAKE_PREFIX_PATH}:/home/navcon/ws/mina_ws/install/ugv_can:/home/navcon/ws/mina_ws/install/ackermann_odometry:/home/navcon/ws/mina_ws/install/ackermann_controller:/opt/ros/humble /usr/bin/cmake --install /home/navcon/ws/mina_ws/build/ackermann_interfaces
