[0.440s] DEBUG:colcon:Command line arguments: ['/usr/bin/colcon', 'build']
[0.440s] DEBUG:colcon:Parsed command line arguments: Namespace(allow_overriding=[], ament_cmake_args=None, base_paths=['.'], build_base='build', catkin_cmake_args=None, catkin_skip_building_tests=False, cmake_args=None, cmake_clean_cache=False, cmake_clean_first=False, cmake_force_configure=False, cmake_target=None, cmake_target_skip_unavailable=False, continue_on_error=False, event_handlers=None, executor='parallel', ignore_user_meta=False, install_base='install', log_base=None, log_level=None, main=<bound method BuildVerb.main of <colcon_core.verb.build.BuildVerb object at 0xffff882a56a0>>, merge_install=False, metas=['./colcon.meta'], mixin=None, mixin_files=None, mixin_verb=('build',), packages_above=None, packages_above_and_dependencies=None, packages_above_depth=None, packages_end=None, packages_ignore=None, packages_ignore_regex=None, packages_select=None, packages_select_build_failed=False, packages_select_by_dep=None, packages_select_regex=None, packages_select_test_failures=False, packages_skip=None, packages_skip_build_finished=False, packages_skip_by_dep=None, packages_skip_regex=None, packages_skip_test_passed=False, packages_skip_up_to=None, packages_start=None, packages_up_to=None, packages_up_to_regex=None, parallel_workers=8, paths=None, symlink_install=False, test_result_base=None, verb_extension=<colcon_core.verb.build.BuildVerb object at 0xffff882a56a0>, verb_name='build', verb_parser=<colcon_mixin.mixin.mixin_argument.MixinArgumentDecorator object at 0xffff882a5ca0>)
[0.806s] Level 1:colcon.colcon_core.package_discovery:discover_packages(colcon_meta) check parameters
[0.806s] Level 1:colcon.colcon_core.package_discovery:discover_packages(recursive) check parameters
[0.806s] Level 1:colcon.colcon_core.package_discovery:discover_packages(ignore) check parameters
[0.806s] Level 1:colcon.colcon_core.package_discovery:discover_packages(path) check parameters
[0.806s] Level 1:colcon.colcon_core.package_discovery:discover_packages(colcon_meta) discover
[0.807s] Level 1:colcon.colcon_core.package_discovery:discover_packages(recursive) discover
[0.807s] INFO:colcon.colcon_core.package_discovery:Crawling recursively for packages in '/home/navcon/ws/mina_ws'
[0.807s] Level 1:colcon.colcon_core.package_identification:_identify(.) by extensions ['ignore', 'ignore_ament_install']
[0.807s] Level 1:colcon.colcon_core.package_identification:_identify(.) by extension 'ignore'
[0.807s] Level 1:colcon.colcon_core.package_identification:_identify(.) by extension 'ignore_ament_install'
[0.808s] Level 1:colcon.colcon_core.package_identification:_identify(.) by extensions ['colcon_pkg']
[0.808s] Level 1:colcon.colcon_core.package_identification:_identify(.) by extension 'colcon_pkg'
[0.808s] Level 1:colcon.colcon_core.package_identification:_identify(.) by extensions ['colcon_meta']
[0.808s] Level 1:colcon.colcon_core.package_identification:_identify(.) by extension 'colcon_meta'
[0.808s] Level 1:colcon.colcon_core.package_identification:_identify(.) by extensions ['ros']
[0.808s] Level 1:colcon.colcon_core.package_identification:_identify(.) by extension 'ros'
[0.828s] Level 1:colcon.colcon_core.package_identification:_identify(.) by extensions ['cmake', 'python']
[0.828s] Level 1:colcon.colcon_core.package_identification:_identify(.) by extension 'cmake'
[0.828s] Level 1:colcon.colcon_core.package_identification:_identify(.) by extension 'python'
[0.828s] Level 1:colcon.colcon_core.package_identification:_identify(.) by extensions ['python_setup_py']
[0.828s] Level 1:colcon.colcon_core.package_identification:_identify(.) by extension 'python_setup_py'
[0.829s] Level 1:colcon.colcon_core.package_identification:_identify(build) by extensions ['ignore', 'ignore_ament_install']
[0.829s] Level 1:colcon.colcon_core.package_identification:_identify(build) by extension 'ignore'
[0.829s] Level 1:colcon.colcon_core.package_identification:_identify(build) ignored
[0.829s] Level 1:colcon.colcon_core.package_identification:_identify(install) by extensions ['ignore', 'ignore_ament_install']
[0.829s] Level 1:colcon.colcon_core.package_identification:_identify(install) by extension 'ignore'
[0.830s] Level 1:colcon.colcon_core.package_identification:_identify(install) ignored
[0.830s] Level 1:colcon.colcon_core.package_identification:_identify(log) by extensions ['ignore', 'ignore_ament_install']
[0.830s] Level 1:colcon.colcon_core.package_identification:_identify(log) by extension 'ignore'
[0.830s] Level 1:colcon.colcon_core.package_identification:_identify(log) ignored
[0.830s] Level 1:colcon.colcon_core.package_identification:_identify(src) by extensions ['ignore', 'ignore_ament_install']
[0.830s] Level 1:colcon.colcon_core.package_identification:_identify(src) by extension 'ignore'
[0.830s] Level 1:colcon.colcon_core.package_identification:_identify(src) by extension 'ignore_ament_install'
[0.831s] Level 1:colcon.colcon_core.package_identification:_identify(src) by extensions ['colcon_pkg']
[0.831s] Level 1:colcon.colcon_core.package_identification:_identify(src) by extension 'colcon_pkg'
[0.831s] Level 1:colcon.colcon_core.package_identification:_identify(src) by extensions ['colcon_meta']
[0.831s] Level 1:colcon.colcon_core.package_identification:_identify(src) by extension 'colcon_meta'
[0.831s] Level 1:colcon.colcon_core.package_identification:_identify(src) by extensions ['ros']
[0.831s] Level 1:colcon.colcon_core.package_identification:_identify(src) by extension 'ros'
[0.831s] Level 1:colcon.colcon_core.package_identification:_identify(src) by extensions ['cmake', 'python']
[0.831s] Level 1:colcon.colcon_core.package_identification:_identify(src) by extension 'cmake'
[0.831s] Level 1:colcon.colcon_core.package_identification:_identify(src) by extension 'python'
[0.831s] Level 1:colcon.colcon_core.package_identification:_identify(src) by extensions ['python_setup_py']
[0.831s] Level 1:colcon.colcon_core.package_identification:_identify(src) by extension 'python_setup_py'
[0.832s] Level 1:colcon.colcon_core.package_identification:_identify(src/ackermann-odometry) by extensions ['ignore', 'ignore_ament_install']
[0.832s] Level 1:colcon.colcon_core.package_identification:_identify(src/ackermann-odometry) by extension 'ignore'
[0.832s] Level 1:colcon.colcon_core.package_identification:_identify(src/ackermann-odometry) by extension 'ignore_ament_install'
[0.832s] Level 1:colcon.colcon_core.package_identification:_identify(src/ackermann-odometry) by extensions ['colcon_pkg']
[0.832s] Level 1:colcon.colcon_core.package_identification:_identify(src/ackermann-odometry) by extension 'colcon_pkg'
[0.832s] Level 1:colcon.colcon_core.package_identification:_identify(src/ackermann-odometry) by extensions ['colcon_meta']
[0.832s] Level 1:colcon.colcon_core.package_identification:_identify(src/ackermann-odometry) by extension 'colcon_meta'
[0.832s] Level 1:colcon.colcon_core.package_identification:_identify(src/ackermann-odometry) by extensions ['ros']
[0.832s] Level 1:colcon.colcon_core.package_identification:_identify(src/ackermann-odometry) by extension 'ros'
[0.833s] Level 1:colcon.colcon_core.package_identification:_identify(src/ackermann-odometry) by extensions ['cmake', 'python']
[0.833s] Level 1:colcon.colcon_core.package_identification:_identify(src/ackermann-odometry) by extension 'cmake'
[0.833s] Level 1:colcon.colcon_core.package_identification:_identify(src/ackermann-odometry) by extension 'python'
[0.833s] Level 1:colcon.colcon_core.package_identification:_identify(src/ackermann-odometry) by extensions ['python_setup_py']
[0.833s] Level 1:colcon.colcon_core.package_identification:_identify(src/ackermann-odometry) by extension 'python_setup_py'
[0.833s] Level 1:colcon.colcon_core.package_identification:_identify(src/ackermann-odometry/docker) by extensions ['ignore', 'ignore_ament_install']
[0.833s] Level 1:colcon.colcon_core.package_identification:_identify(src/ackermann-odometry/docker) by extension 'ignore'
[0.833s] Level 1:colcon.colcon_core.package_identification:_identify(src/ackermann-odometry/docker) by extension 'ignore_ament_install'
[0.833s] Level 1:colcon.colcon_core.package_identification:_identify(src/ackermann-odometry/docker) by extensions ['colcon_pkg']
[0.833s] Level 1:colcon.colcon_core.package_identification:_identify(src/ackermann-odometry/docker) by extension 'colcon_pkg'
[0.834s] Level 1:colcon.colcon_core.package_identification:_identify(src/ackermann-odometry/docker) by extensions ['colcon_meta']
[0.834s] Level 1:colcon.colcon_core.package_identification:_identify(src/ackermann-odometry/docker) by extension 'colcon_meta'
[0.834s] Level 1:colcon.colcon_core.package_identification:_identify(src/ackermann-odometry/docker) by extensions ['ros']
[0.834s] Level 1:colcon.colcon_core.package_identification:_identify(src/ackermann-odometry/docker) by extension 'ros'
[0.834s] Level 1:colcon.colcon_core.package_identification:_identify(src/ackermann-odometry/docker) by extensions ['cmake', 'python']
[0.834s] Level 1:colcon.colcon_core.package_identification:_identify(src/ackermann-odometry/docker) by extension 'cmake'
[0.834s] Level 1:colcon.colcon_core.package_identification:_identify(src/ackermann-odometry/docker) by extension 'python'
[0.834s] Level 1:colcon.colcon_core.package_identification:_identify(src/ackermann-odometry/docker) by extensions ['python_setup_py']
[0.834s] Level 1:colcon.colcon_core.package_identification:_identify(src/ackermann-odometry/docker) by extension 'python_setup_py'
[0.834s] Level 1:colcon.colcon_core.package_identification:_identify(src/ackermann-odometry/private) by extensions ['ignore', 'ignore_ament_install']
[0.835s] Level 1:colcon.colcon_core.package_identification:_identify(src/ackermann-odometry/private) by extension 'ignore'
[0.835s] Level 1:colcon.colcon_core.package_identification:_identify(src/ackermann-odometry/private) by extension 'ignore_ament_install'
[0.835s] Level 1:colcon.colcon_core.package_identification:_identify(src/ackermann-odometry/private) by extensions ['colcon_pkg']
[0.835s] Level 1:colcon.colcon_core.package_identification:_identify(src/ackermann-odometry/private) by extension 'colcon_pkg'
[0.835s] Level 1:colcon.colcon_core.package_identification:_identify(src/ackermann-odometry/private) by extensions ['colcon_meta']
[0.835s] Level 1:colcon.colcon_core.package_identification:_identify(src/ackermann-odometry/private) by extension 'colcon_meta'
[0.835s] Level 1:colcon.colcon_core.package_identification:_identify(src/ackermann-odometry/private) by extensions ['ros']
[0.835s] Level 1:colcon.colcon_core.package_identification:_identify(src/ackermann-odometry/private) by extension 'ros'
[0.835s] Level 1:colcon.colcon_core.package_identification:_identify(src/ackermann-odometry/private) by extensions ['cmake', 'python']
[0.835s] Level 1:colcon.colcon_core.package_identification:_identify(src/ackermann-odometry/private) by extension 'cmake'
[0.836s] Level 1:colcon.colcon_core.package_identification:_identify(src/ackermann-odometry/private) by extension 'python'
[0.836s] Level 1:colcon.colcon_core.package_identification:_identify(src/ackermann-odometry/private) by extensions ['python_setup_py']
[0.836s] Level 1:colcon.colcon_core.package_identification:_identify(src/ackermann-odometry/private) by extension 'python_setup_py'
[0.836s] Level 1:colcon.colcon_core.package_identification:_identify(src/ackermann-odometry/scripts) by extensions ['ignore', 'ignore_ament_install']
[0.836s] Level 1:colcon.colcon_core.package_identification:_identify(src/ackermann-odometry/scripts) by extension 'ignore'
[0.836s] Level 1:colcon.colcon_core.package_identification:_identify(src/ackermann-odometry/scripts) by extension 'ignore_ament_install'
[0.836s] Level 1:colcon.colcon_core.package_identification:_identify(src/ackermann-odometry/scripts) by extensions ['colcon_pkg']
[0.836s] Level 1:colcon.colcon_core.package_identification:_identify(src/ackermann-odometry/scripts) by extension 'colcon_pkg'
[0.836s] Level 1:colcon.colcon_core.package_identification:_identify(src/ackermann-odometry/scripts) by extensions ['colcon_meta']
[0.836s] Level 1:colcon.colcon_core.package_identification:_identify(src/ackermann-odometry/scripts) by extension 'colcon_meta'
[0.837s] Level 1:colcon.colcon_core.package_identification:_identify(src/ackermann-odometry/scripts) by extensions ['ros']
[0.837s] Level 1:colcon.colcon_core.package_identification:_identify(src/ackermann-odometry/scripts) by extension 'ros'
[0.837s] Level 1:colcon.colcon_core.package_identification:_identify(src/ackermann-odometry/scripts) by extensions ['cmake', 'python']
[0.837s] Level 1:colcon.colcon_core.package_identification:_identify(src/ackermann-odometry/scripts) by extension 'cmake'
[0.837s] Level 1:colcon.colcon_core.package_identification:_identify(src/ackermann-odometry/scripts) by extension 'python'
[0.837s] Level 1:colcon.colcon_core.package_identification:_identify(src/ackermann-odometry/scripts) by extensions ['python_setup_py']
[0.837s] Level 1:colcon.colcon_core.package_identification:_identify(src/ackermann-odometry/scripts) by extension 'python_setup_py'
[0.837s] Level 1:colcon.colcon_core.package_identification:_identify(src/ackermann-odometry/src) by extensions ['ignore', 'ignore_ament_install']
[0.837s] Level 1:colcon.colcon_core.package_identification:_identify(src/ackermann-odometry/src) by extension 'ignore'
[0.837s] Level 1:colcon.colcon_core.package_identification:_identify(src/ackermann-odometry/src) by extension 'ignore_ament_install'
[0.838s] Level 1:colcon.colcon_core.package_identification:_identify(src/ackermann-odometry/src) by extensions ['colcon_pkg']
[0.838s] Level 1:colcon.colcon_core.package_identification:_identify(src/ackermann-odometry/src) by extension 'colcon_pkg'
[0.838s] Level 1:colcon.colcon_core.package_identification:_identify(src/ackermann-odometry/src) by extensions ['colcon_meta']
[0.838s] Level 1:colcon.colcon_core.package_identification:_identify(src/ackermann-odometry/src) by extension 'colcon_meta'
[0.838s] Level 1:colcon.colcon_core.package_identification:_identify(src/ackermann-odometry/src) by extensions ['ros']
[0.838s] Level 1:colcon.colcon_core.package_identification:_identify(src/ackermann-odometry/src) by extension 'ros'
[0.838s] Level 1:colcon.colcon_core.package_identification:_identify(src/ackermann-odometry/src) by extensions ['cmake', 'python']
[0.838s] Level 1:colcon.colcon_core.package_identification:_identify(src/ackermann-odometry/src) by extension 'cmake'
[0.838s] Level 1:colcon.colcon_core.package_identification:_identify(src/ackermann-odometry/src) by extension 'python'
[0.838s] Level 1:colcon.colcon_core.package_identification:_identify(src/ackermann-odometry/src) by extensions ['python_setup_py']
[0.838s] Level 1:colcon.colcon_core.package_identification:_identify(src/ackermann-odometry/src) by extension 'python_setup_py'
[0.839s] Level 1:colcon.colcon_core.package_identification:_identify(src/ackermann-odometry/src/ackermann_controller) by extensions ['ignore', 'ignore_ament_install']
[0.839s] Level 1:colcon.colcon_core.package_identification:_identify(src/ackermann-odometry/src/ackermann_controller) by extension 'ignore'
[0.839s] Level 1:colcon.colcon_core.package_identification:_identify(src/ackermann-odometry/src/ackermann_controller) by extension 'ignore_ament_install'
[0.839s] Level 1:colcon.colcon_core.package_identification:_identify(src/ackermann-odometry/src/ackermann_controller) by extensions ['colcon_pkg']
[0.839s] Level 1:colcon.colcon_core.package_identification:_identify(src/ackermann-odometry/src/ackermann_controller) by extension 'colcon_pkg'
[0.839s] Level 1:colcon.colcon_core.package_identification:_identify(src/ackermann-odometry/src/ackermann_controller) by extensions ['colcon_meta']
[0.839s] Level 1:colcon.colcon_core.package_identification:_identify(src/ackermann-odometry/src/ackermann_controller) by extension 'colcon_meta'
[0.839s] Level 1:colcon.colcon_core.package_identification:_identify(src/ackermann-odometry/src/ackermann_controller) by extensions ['ros']
[0.839s] Level 1:colcon.colcon_core.package_identification:_identify(src/ackermann-odometry/src/ackermann_controller) by extension 'ros'
[0.844s] DEBUG:colcon.colcon_core.package_identification:Package 'src/ackermann-odometry/src/ackermann_controller' with type 'ros.ament_python' and name 'ackermann_controller'
[0.844s] Level 1:colcon.colcon_core.package_identification:_identify(src/ackermann-odometry/src/ackermann_interfaces) by extensions ['ignore', 'ignore_ament_install']
[0.845s] Level 1:colcon.colcon_core.package_identification:_identify(src/ackermann-odometry/src/ackermann_interfaces) by extension 'ignore'
[0.845s] Level 1:colcon.colcon_core.package_identification:_identify(src/ackermann-odometry/src/ackermann_interfaces) by extension 'ignore_ament_install'
[0.845s] Level 1:colcon.colcon_core.package_identification:_identify(src/ackermann-odometry/src/ackermann_interfaces) by extensions ['colcon_pkg']
[0.845s] Level 1:colcon.colcon_core.package_identification:_identify(src/ackermann-odometry/src/ackermann_interfaces) by extension 'colcon_pkg'
[0.845s] Level 1:colcon.colcon_core.package_identification:_identify(src/ackermann-odometry/src/ackermann_interfaces) by extensions ['colcon_meta']
[0.845s] Level 1:colcon.colcon_core.package_identification:_identify(src/ackermann-odometry/src/ackermann_interfaces) by extension 'colcon_meta'
[0.845s] Level 1:colcon.colcon_core.package_identification:_identify(src/ackermann-odometry/src/ackermann_interfaces) by extensions ['ros']
[0.845s] Level 1:colcon.colcon_core.package_identification:_identify(src/ackermann-odometry/src/ackermann_interfaces) by extension 'ros'
[0.846s] DEBUG:colcon.colcon_core.package_identification:Package 'src/ackermann-odometry/src/ackermann_interfaces' with type 'ros.ament_cmake' and name 'ackermann_interfaces'
[0.846s] Level 1:colcon.colcon_core.package_identification:_identify(src/ackermann-odometry/src/ackermann_odometry) by extensions ['ignore', 'ignore_ament_install']
[0.847s] Level 1:colcon.colcon_core.package_identification:_identify(src/ackermann-odometry/src/ackermann_odometry) by extension 'ignore'
[0.847s] Level 1:colcon.colcon_core.package_identification:_identify(src/ackermann-odometry/src/ackermann_odometry) by extension 'ignore_ament_install'
[0.847s] Level 1:colcon.colcon_core.package_identification:_identify(src/ackermann-odometry/src/ackermann_odometry) by extensions ['colcon_pkg']
[0.847s] Level 1:colcon.colcon_core.package_identification:_identify(src/ackermann-odometry/src/ackermann_odometry) by extension 'colcon_pkg'
[0.847s] Level 1:colcon.colcon_core.package_identification:_identify(src/ackermann-odometry/src/ackermann_odometry) by extensions ['colcon_meta']
[0.847s] Level 1:colcon.colcon_core.package_identification:_identify(src/ackermann-odometry/src/ackermann_odometry) by extension 'colcon_meta'
[0.847s] Level 1:colcon.colcon_core.package_identification:_identify(src/ackermann-odometry/src/ackermann_odometry) by extensions ['ros']
[0.847s] Level 1:colcon.colcon_core.package_identification:_identify(src/ackermann-odometry/src/ackermann_odometry) by extension 'ros'
[0.848s] DEBUG:colcon.colcon_core.package_identification:Package 'src/ackermann-odometry/src/ackermann_odometry' with type 'ros.ament_python' and name 'ackermann_odometry'
[0.848s] Level 1:colcon.colcon_core.package_identification:_identify(src/mina_ugv) by extensions ['ignore', 'ignore_ament_install']
[0.848s] Level 1:colcon.colcon_core.package_identification:_identify(src/mina_ugv) by extension 'ignore'
[0.849s] Level 1:colcon.colcon_core.package_identification:_identify(src/mina_ugv) by extension 'ignore_ament_install'
[0.849s] Level 1:colcon.colcon_core.package_identification:_identify(src/mina_ugv) by extensions ['colcon_pkg']
[0.849s] Level 1:colcon.colcon_core.package_identification:_identify(src/mina_ugv) by extension 'colcon_pkg'
[0.849s] Level 1:colcon.colcon_core.package_identification:_identify(src/mina_ugv) by extensions ['colcon_meta']
[0.849s] Level 1:colcon.colcon_core.package_identification:_identify(src/mina_ugv) by extension 'colcon_meta'
[0.849s] Level 1:colcon.colcon_core.package_identification:_identify(src/mina_ugv) by extensions ['ros']
[0.849s] Level 1:colcon.colcon_core.package_identification:_identify(src/mina_ugv) by extension 'ros'
[0.851s] DEBUG:colcon.colcon_core.package_identification:Package 'src/mina_ugv' with type 'ros.ament_cmake' and name 'mina_ugv'
[0.851s] Level 1:colcon.colcon_core.package_identification:_identify(src/mini_ugv) by extensions ['ignore', 'ignore_ament_install']
[0.851s] Level 1:colcon.colcon_core.package_identification:_identify(src/mini_ugv) by extension 'ignore'
[0.851s] Level 1:colcon.colcon_core.package_identification:_identify(src/mini_ugv) by extension 'ignore_ament_install'
[0.851s] Level 1:colcon.colcon_core.package_identification:_identify(src/mini_ugv) by extensions ['colcon_pkg']
[0.851s] Level 1:colcon.colcon_core.package_identification:_identify(src/mini_ugv) by extension 'colcon_pkg'
[0.851s] Level 1:colcon.colcon_core.package_identification:_identify(src/mini_ugv) by extensions ['colcon_meta']
[0.852s] Level 1:colcon.colcon_core.package_identification:_identify(src/mini_ugv) by extension 'colcon_meta'
[0.852s] Level 1:colcon.colcon_core.package_identification:_identify(src/mini_ugv) by extensions ['ros']
[0.852s] Level 1:colcon.colcon_core.package_identification:_identify(src/mini_ugv) by extension 'ros'
[0.853s] DEBUG:colcon.colcon_core.package_identification:Package 'src/mini_ugv' with type 'ros.ament_cmake' and name 'mini_ugv'
[0.853s] Level 1:colcon.colcon_core.package_identification:_identify(src/ugv_can) by extensions ['ignore', 'ignore_ament_install']
[0.853s] Level 1:colcon.colcon_core.package_identification:_identify(src/ugv_can) by extension 'ignore'
[0.853s] Level 1:colcon.colcon_core.package_identification:_identify(src/ugv_can) by extension 'ignore_ament_install'
[0.853s] Level 1:colcon.colcon_core.package_identification:_identify(src/ugv_can) by extensions ['colcon_pkg']
[0.853s] Level 1:colcon.colcon_core.package_identification:_identify(src/ugv_can) by extension 'colcon_pkg'
[0.853s] Level 1:colcon.colcon_core.package_identification:_identify(src/ugv_can) by extensions ['colcon_meta']
[0.853s] Level 1:colcon.colcon_core.package_identification:_identify(src/ugv_can) by extension 'colcon_meta'
[0.853s] Level 1:colcon.colcon_core.package_identification:_identify(src/ugv_can) by extensions ['ros']
[0.854s] Level 1:colcon.colcon_core.package_identification:_identify(src/ugv_can) by extension 'ros'
[0.854s] DEBUG:colcon.colcon_core.package_identification:Package 'src/ugv_can' with type 'ros.ament_python' and name 'ugv_can'
[0.855s] Level 1:colcon.colcon_core.package_identification:_identify(src/ugv_design) by extensions ['ignore', 'ignore_ament_install']
[0.855s] Level 1:colcon.colcon_core.package_identification:_identify(src/ugv_design) by extension 'ignore'
[0.855s] Level 1:colcon.colcon_core.package_identification:_identify(src/ugv_design) by extension 'ignore_ament_install'
[0.855s] Level 1:colcon.colcon_core.package_identification:_identify(src/ugv_design) by extensions ['colcon_pkg']
[0.855s] Level 1:colcon.colcon_core.package_identification:_identify(src/ugv_design) by extension 'colcon_pkg'
[0.855s] Level 1:colcon.colcon_core.package_identification:_identify(src/ugv_design) by extensions ['colcon_meta']
[0.855s] Level 1:colcon.colcon_core.package_identification:_identify(src/ugv_design) by extension 'colcon_meta'
[0.855s] Level 1:colcon.colcon_core.package_identification:_identify(src/ugv_design) by extensions ['ros']
[0.855s] Level 1:colcon.colcon_core.package_identification:_identify(src/ugv_design) by extension 'ros'
[0.856s] DEBUG:colcon.colcon_core.package_identification:Package 'src/ugv_design' with type 'ros.ament_cmake' and name 'ugv_design'
[0.856s] Level 1:colcon.colcon_core.package_identification:_identify(src/ydlidar_ros2_driver) by extensions ['ignore', 'ignore_ament_install']
[0.856s] Level 1:colcon.colcon_core.package_identification:_identify(src/ydlidar_ros2_driver) by extension 'ignore'
[0.856s] Level 1:colcon.colcon_core.package_identification:_identify(src/ydlidar_ros2_driver) by extension 'ignore_ament_install'
[0.857s] Level 1:colcon.colcon_core.package_identification:_identify(src/ydlidar_ros2_driver) by extensions ['colcon_pkg']
[0.857s] Level 1:colcon.colcon_core.package_identification:_identify(src/ydlidar_ros2_driver) by extension 'colcon_pkg'
[0.857s] Level 1:colcon.colcon_core.package_identification:_identify(src/ydlidar_ros2_driver) by extensions ['colcon_meta']
[0.857s] Level 1:colcon.colcon_core.package_identification:_identify(src/ydlidar_ros2_driver) by extension 'colcon_meta'
[0.857s] Level 1:colcon.colcon_core.package_identification:_identify(src/ydlidar_ros2_driver) by extensions ['ros']
[0.857s] Level 1:colcon.colcon_core.package_identification:_identify(src/ydlidar_ros2_driver) by extension 'ros'
[0.858s] DEBUG:colcon.colcon_core.package_identification:Package 'src/ydlidar_ros2_driver' with type 'ros.ament_cmake' and name 'ydlidar_ros2_driver'
[0.858s] Level 1:colcon.colcon_core.package_discovery:discover_packages(recursive) using defaults
[0.858s] Level 1:colcon.colcon_core.package_discovery:discover_packages(ignore) discover
[0.858s] Level 1:colcon.colcon_core.package_discovery:discover_packages(ignore) using defaults
[0.858s] Level 1:colcon.colcon_core.package_discovery:discover_packages(path) discover
[0.858s] Level 1:colcon.colcon_core.package_discovery:discover_packages(path) using defaults
[0.918s] Level 1:colcon.colcon_core.package_discovery:discover_packages(prefix_path) check parameters
[0.918s] Level 1:colcon.colcon_core.package_discovery:discover_packages(prefix_path) discover
[0.922s] DEBUG:colcon.colcon_installed_package_information.package_discovery:Found 8 installed packages in /home/navcon/ws/mina_ws/install
[0.925s] DEBUG:colcon.colcon_installed_package_information.package_discovery:Found 400 installed packages in /opt/ros/humble
[0.929s] Level 1:colcon.colcon_core.package_discovery:discover_packages(prefix_path) using defaults
[1.090s] Level 5:colcon.colcon_core.verb:set package 'ackermann_controller' build argument 'cmake_args' from command line to 'None'
[1.090s] Level 5:colcon.colcon_core.verb:set package 'ackermann_controller' build argument 'cmake_target' from command line to 'None'
[1.090s] Level 5:colcon.colcon_core.verb:set package 'ackermann_controller' build argument 'cmake_target_skip_unavailable' from command line to 'False'
[1.090s] Level 5:colcon.colcon_core.verb:set package 'ackermann_controller' build argument 'cmake_clean_cache' from command line to 'False'
[1.090s] Level 5:colcon.colcon_core.verb:set package 'ackermann_controller' build argument 'cmake_clean_first' from command line to 'False'
[1.090s] Level 5:colcon.colcon_core.verb:set package 'ackermann_controller' build argument 'cmake_force_configure' from command line to 'False'
[1.090s] Level 5:colcon.colcon_core.verb:set package 'ackermann_controller' build argument 'ament_cmake_args' from command line to 'None'
[1.090s] Level 5:colcon.colcon_core.verb:set package 'ackermann_controller' build argument 'catkin_cmake_args' from command line to 'None'
[1.090s] Level 5:colcon.colcon_core.verb:set package 'ackermann_controller' build argument 'catkin_skip_building_tests' from command line to 'False'
[1.090s] DEBUG:colcon.colcon_core.verb:Building package 'ackermann_controller' with the following arguments: {'ament_cmake_args': None, 'build_base': '/home/navcon/ws/mina_ws/build/ackermann_controller', 'catkin_cmake_args': None, 'catkin_skip_building_tests': False, 'cmake_args': None, 'cmake_clean_cache': False, 'cmake_clean_first': False, 'cmake_force_configure': False, 'cmake_target': None, 'cmake_target_skip_unavailable': False, 'install_base': '/home/navcon/ws/mina_ws/install/ackermann_controller', 'merge_install': False, 'path': '/home/navcon/ws/mina_ws/src/ackermann-odometry/src/ackermann_controller', 'symlink_install': False, 'test_result_base': None}
[1.091s] Level 5:colcon.colcon_core.verb:set package 'ackermann_interfaces' build argument 'cmake_args' from command line to 'None'
[1.091s] Level 5:colcon.colcon_core.verb:set package 'ackermann_interfaces' build argument 'cmake_target' from command line to 'None'
[1.091s] Level 5:colcon.colcon_core.verb:set package 'ackermann_interfaces' build argument 'cmake_target_skip_unavailable' from command line to 'False'
[1.091s] Level 5:colcon.colcon_core.verb:set package 'ackermann_interfaces' build argument 'cmake_clean_cache' from command line to 'False'
[1.091s] Level 5:colcon.colcon_core.verb:set package 'ackermann_interfaces' build argument 'cmake_clean_first' from command line to 'False'
[1.091s] Level 5:colcon.colcon_core.verb:set package 'ackermann_interfaces' build argument 'cmake_force_configure' from command line to 'False'
[1.091s] Level 5:colcon.colcon_core.verb:set package 'ackermann_interfaces' build argument 'ament_cmake_args' from command line to 'None'
[1.091s] Level 5:colcon.colcon_core.verb:set package 'ackermann_interfaces' build argument 'catkin_cmake_args' from command line to 'None'
[1.091s] Level 5:colcon.colcon_core.verb:set package 'ackermann_interfaces' build argument 'catkin_skip_building_tests' from command line to 'False'
[1.092s] DEBUG:colcon.colcon_core.verb:Building package 'ackermann_interfaces' with the following arguments: {'ament_cmake_args': None, 'build_base': '/home/navcon/ws/mina_ws/build/ackermann_interfaces', 'catkin_cmake_args': None, 'catkin_skip_building_tests': False, 'cmake_args': None, 'cmake_clean_cache': False, 'cmake_clean_first': False, 'cmake_force_configure': False, 'cmake_target': None, 'cmake_target_skip_unavailable': False, 'install_base': '/home/navcon/ws/mina_ws/install/ackermann_interfaces', 'merge_install': False, 'path': '/home/navcon/ws/mina_ws/src/ackermann-odometry/src/ackermann_interfaces', 'symlink_install': False, 'test_result_base': None}
[1.092s] Level 5:colcon.colcon_core.verb:set package 'mina_ugv' build argument 'cmake_args' from command line to 'None'
[1.092s] Level 5:colcon.colcon_core.verb:set package 'mina_ugv' build argument 'cmake_target' from command line to 'None'
[1.092s] Level 5:colcon.colcon_core.verb:set package 'mina_ugv' build argument 'cmake_target_skip_unavailable' from command line to 'False'
[1.092s] Level 5:colcon.colcon_core.verb:set package 'mina_ugv' build argument 'cmake_clean_cache' from command line to 'False'
[1.092s] Level 5:colcon.colcon_core.verb:set package 'mina_ugv' build argument 'cmake_clean_first' from command line to 'False'
[1.092s] Level 5:colcon.colcon_core.verb:set package 'mina_ugv' build argument 'cmake_force_configure' from command line to 'False'
[1.092s] Level 5:colcon.colcon_core.verb:set package 'mina_ugv' build argument 'ament_cmake_args' from command line to 'None'
[1.093s] Level 5:colcon.colcon_core.verb:set package 'mina_ugv' build argument 'catkin_cmake_args' from command line to 'None'
[1.093s] Level 5:colcon.colcon_core.verb:set package 'mina_ugv' build argument 'catkin_skip_building_tests' from command line to 'False'
[1.093s] DEBUG:colcon.colcon_core.verb:Building package 'mina_ugv' with the following arguments: {'ament_cmake_args': None, 'build_base': '/home/navcon/ws/mina_ws/build/mina_ugv', 'catkin_cmake_args': None, 'catkin_skip_building_tests': False, 'cmake_args': None, 'cmake_clean_cache': False, 'cmake_clean_first': False, 'cmake_force_configure': False, 'cmake_target': None, 'cmake_target_skip_unavailable': False, 'install_base': '/home/navcon/ws/mina_ws/install/mina_ugv', 'merge_install': False, 'path': '/home/navcon/ws/mina_ws/src/mina_ugv', 'symlink_install': False, 'test_result_base': None}
[1.093s] Level 5:colcon.colcon_core.verb:set package 'mini_ugv' build argument 'cmake_args' from command line to 'None'
[1.093s] Level 5:colcon.colcon_core.verb:set package 'mini_ugv' build argument 'cmake_target' from command line to 'None'
[1.093s] Level 5:colcon.colcon_core.verb:set package 'mini_ugv' build argument 'cmake_target_skip_unavailable' from command line to 'False'
[1.093s] Level 5:colcon.colcon_core.verb:set package 'mini_ugv' build argument 'cmake_clean_cache' from command line to 'False'
[1.093s] Level 5:colcon.colcon_core.verb:set package 'mini_ugv' build argument 'cmake_clean_first' from command line to 'False'
[1.094s] Level 5:colcon.colcon_core.verb:set package 'mini_ugv' build argument 'cmake_force_configure' from command line to 'False'
[1.094s] Level 5:colcon.colcon_core.verb:set package 'mini_ugv' build argument 'ament_cmake_args' from command line to 'None'
[1.094s] Level 5:colcon.colcon_core.verb:set package 'mini_ugv' build argument 'catkin_cmake_args' from command line to 'None'
[1.094s] Level 5:colcon.colcon_core.verb:set package 'mini_ugv' build argument 'catkin_skip_building_tests' from command line to 'False'
[1.094s] DEBUG:colcon.colcon_core.verb:Building package 'mini_ugv' with the following arguments: {'ament_cmake_args': None, 'build_base': '/home/navcon/ws/mina_ws/build/mini_ugv', 'catkin_cmake_args': None, 'catkin_skip_building_tests': False, 'cmake_args': None, 'cmake_clean_cache': False, 'cmake_clean_first': False, 'cmake_force_configure': False, 'cmake_target': None, 'cmake_target_skip_unavailable': False, 'install_base': '/home/navcon/ws/mina_ws/install/mini_ugv', 'merge_install': False, 'path': '/home/navcon/ws/mina_ws/src/mini_ugv', 'symlink_install': False, 'test_result_base': None}
[1.094s] Level 5:colcon.colcon_core.verb:set package 'ugv_can' build argument 'cmake_args' from command line to 'None'
[1.094s] Level 5:colcon.colcon_core.verb:set package 'ugv_can' build argument 'cmake_target' from command line to 'None'
[1.095s] Level 5:colcon.colcon_core.verb:set package 'ugv_can' build argument 'cmake_target_skip_unavailable' from command line to 'False'
[1.095s] Level 5:colcon.colcon_core.verb:set package 'ugv_can' build argument 'cmake_clean_cache' from command line to 'False'
[1.095s] Level 5:colcon.colcon_core.verb:set package 'ugv_can' build argument 'cmake_clean_first' from command line to 'False'
[1.095s] Level 5:colcon.colcon_core.verb:set package 'ugv_can' build argument 'cmake_force_configure' from command line to 'False'
[1.095s] Level 5:colcon.colcon_core.verb:set package 'ugv_can' build argument 'ament_cmake_args' from command line to 'None'
[1.095s] Level 5:colcon.colcon_core.verb:set package 'ugv_can' build argument 'catkin_cmake_args' from command line to 'None'
[1.095s] Level 5:colcon.colcon_core.verb:set package 'ugv_can' build argument 'catkin_skip_building_tests' from command line to 'False'
[1.095s] DEBUG:colcon.colcon_core.verb:Building package 'ugv_can' with the following arguments: {'ament_cmake_args': None, 'build_base': '/home/navcon/ws/mina_ws/build/ugv_can', 'catkin_cmake_args': None, 'catkin_skip_building_tests': False, 'cmake_args': None, 'cmake_clean_cache': False, 'cmake_clean_first': False, 'cmake_force_configure': False, 'cmake_target': None, 'cmake_target_skip_unavailable': False, 'install_base': '/home/navcon/ws/mina_ws/install/ugv_can', 'merge_install': False, 'path': '/home/navcon/ws/mina_ws/src/ugv_can', 'symlink_install': False, 'test_result_base': None}
[1.096s] Level 5:colcon.colcon_core.verb:set package 'ugv_design' build argument 'cmake_args' from command line to 'None'
[1.096s] Level 5:colcon.colcon_core.verb:set package 'ugv_design' build argument 'cmake_target' from command line to 'None'
[1.096s] Level 5:colcon.colcon_core.verb:set package 'ugv_design' build argument 'cmake_target_skip_unavailable' from command line to 'False'
[1.096s] Level 5:colcon.colcon_core.verb:set package 'ugv_design' build argument 'cmake_clean_cache' from command line to 'False'
[1.096s] Level 5:colcon.colcon_core.verb:set package 'ugv_design' build argument 'cmake_clean_first' from command line to 'False'
[1.096s] Level 5:colcon.colcon_core.verb:set package 'ugv_design' build argument 'cmake_force_configure' from command line to 'False'
[1.096s] Level 5:colcon.colcon_core.verb:set package 'ugv_design' build argument 'ament_cmake_args' from command line to 'None'
[1.096s] Level 5:colcon.colcon_core.verb:set package 'ugv_design' build argument 'catkin_cmake_args' from command line to 'None'
[1.096s] Level 5:colcon.colcon_core.verb:set package 'ugv_design' build argument 'catkin_skip_building_tests' from command line to 'False'
[1.096s] DEBUG:colcon.colcon_core.verb:Building package 'ugv_design' with the following arguments: {'ament_cmake_args': None, 'build_base': '/home/navcon/ws/mina_ws/build/ugv_design', 'catkin_cmake_args': None, 'catkin_skip_building_tests': False, 'cmake_args': None, 'cmake_clean_cache': False, 'cmake_clean_first': False, 'cmake_force_configure': False, 'cmake_target': None, 'cmake_target_skip_unavailable': False, 'install_base': '/home/navcon/ws/mina_ws/install/ugv_design', 'merge_install': False, 'path': '/home/navcon/ws/mina_ws/src/ugv_design', 'symlink_install': False, 'test_result_base': None}
[1.097s] Level 5:colcon.colcon_core.verb:set package 'ydlidar_ros2_driver' build argument 'cmake_args' from command line to 'None'
[1.097s] Level 5:colcon.colcon_core.verb:set package 'ydlidar_ros2_driver' build argument 'cmake_target' from command line to 'None'
[1.097s] Level 5:colcon.colcon_core.verb:set package 'ydlidar_ros2_driver' build argument 'cmake_target_skip_unavailable' from command line to 'False'
[1.097s] Level 5:colcon.colcon_core.verb:set package 'ydlidar_ros2_driver' build argument 'cmake_clean_cache' from command line to 'False'
[1.097s] Level 5:colcon.colcon_core.verb:set package 'ydlidar_ros2_driver' build argument 'cmake_clean_first' from command line to 'False'
[1.097s] Level 5:colcon.colcon_core.verb:set package 'ydlidar_ros2_driver' build argument 'cmake_force_configure' from command line to 'False'
[1.097s] Level 5:colcon.colcon_core.verb:set package 'ydlidar_ros2_driver' build argument 'ament_cmake_args' from command line to 'None'
[1.097s] Level 5:colcon.colcon_core.verb:set package 'ydlidar_ros2_driver' build argument 'catkin_cmake_args' from command line to 'None'
[1.097s] Level 5:colcon.colcon_core.verb:set package 'ydlidar_ros2_driver' build argument 'catkin_skip_building_tests' from command line to 'False'
[1.097s] DEBUG:colcon.colcon_core.verb:Building package 'ydlidar_ros2_driver' with the following arguments: {'ament_cmake_args': None, 'build_base': '/home/navcon/ws/mina_ws/build/ydlidar_ros2_driver', 'catkin_cmake_args': None, 'catkin_skip_building_tests': False, 'cmake_args': None, 'cmake_clean_cache': False, 'cmake_clean_first': False, 'cmake_force_configure': False, 'cmake_target': None, 'cmake_target_skip_unavailable': False, 'install_base': '/home/navcon/ws/mina_ws/install/ydlidar_ros2_driver', 'merge_install': False, 'path': '/home/navcon/ws/mina_ws/src/ydlidar_ros2_driver', 'symlink_install': False, 'test_result_base': None}
[1.098s] Level 5:colcon.colcon_core.verb:set package 'ackermann_odometry' build argument 'cmake_args' from command line to 'None'
[1.098s] Level 5:colcon.colcon_core.verb:set package 'ackermann_odometry' build argument 'cmake_target' from command line to 'None'
[1.098s] Level 5:colcon.colcon_core.verb:set package 'ackermann_odometry' build argument 'cmake_target_skip_unavailable' from command line to 'False'
[1.098s] Level 5:colcon.colcon_core.verb:set package 'ackermann_odometry' build argument 'cmake_clean_cache' from command line to 'False'
[1.098s] Level 5:colcon.colcon_core.verb:set package 'ackermann_odometry' build argument 'cmake_clean_first' from command line to 'False'
[1.098s] Level 5:colcon.colcon_core.verb:set package 'ackermann_odometry' build argument 'cmake_force_configure' from command line to 'False'
[1.098s] Level 5:colcon.colcon_core.verb:set package 'ackermann_odometry' build argument 'ament_cmake_args' from command line to 'None'
[1.098s] Level 5:colcon.colcon_core.verb:set package 'ackermann_odometry' build argument 'catkin_cmake_args' from command line to 'None'
[1.098s] Level 5:colcon.colcon_core.verb:set package 'ackermann_odometry' build argument 'catkin_skip_building_tests' from command line to 'False'
[1.098s] DEBUG:colcon.colcon_core.verb:Building package 'ackermann_odometry' with the following arguments: {'ament_cmake_args': None, 'build_base': '/home/navcon/ws/mina_ws/build/ackermann_odometry', 'catkin_cmake_args': None, 'catkin_skip_building_tests': False, 'cmake_args': None, 'cmake_clean_cache': False, 'cmake_clean_first': False, 'cmake_force_configure': False, 'cmake_target': None, 'cmake_target_skip_unavailable': False, 'install_base': '/home/navcon/ws/mina_ws/install/ackermann_odometry', 'merge_install': False, 'path': '/home/navcon/ws/mina_ws/src/ackermann-odometry/src/ackermann_odometry', 'symlink_install': False, 'test_result_base': None}
[1.098s] INFO:colcon.colcon_core.executor:Executing jobs using 'parallel' executor
[1.101s] DEBUG:colcon.colcon_parallel_executor.executor.parallel:run_until_complete
[1.101s] INFO:colcon.colcon_ros.task.ament_cmake.build:Building ROS package in '/home/navcon/ws/mina_ws/src/ackermann-odometry/src/ackermann_interfaces' with build type 'ament_cmake'
[1.102s] INFO:colcon.colcon_cmake.task.cmake.build:Building CMake package in '/home/navcon/ws/mina_ws/src/ackermann-odometry/src/ackermann_interfaces'
[1.106s] INFO:colcon.colcon_core.plugin_system:Skipping extension 'colcon_core.shell.bat': Not used on non-Windows systems
[1.106s] INFO:colcon.colcon_core.shell:Skip shell extension 'powershell' for command environment: Not usable outside of PowerShell
[1.106s] DEBUG:colcon.colcon_core.shell:Skip shell extension 'dsv' for command environment
[1.120s] INFO:colcon.colcon_ros.task.ament_python.build:Building ROS package in '/home/navcon/ws/mina_ws/src/ackermann-odometry/src/ackermann_controller' with build type 'ament_python'
[1.121s] Level 1:colcon.colcon_core.shell:create_environment_hook('ackermann_controller', 'ament_prefix_path')
[1.122s] INFO:colcon.colcon_core.shell:Creating environment hook '/home/navcon/ws/mina_ws/install/ackermann_controller/share/ackermann_controller/hook/ament_prefix_path.ps1'
[1.124s] INFO:colcon.colcon_core.shell:Creating environment descriptor '/home/navcon/ws/mina_ws/install/ackermann_controller/share/ackermann_controller/hook/ament_prefix_path.dsv'
[1.125s] INFO:colcon.colcon_core.shell:Creating environment hook '/home/navcon/ws/mina_ws/install/ackermann_controller/share/ackermann_controller/hook/ament_prefix_path.sh'
[1.126s] INFO:colcon.colcon_core.shell:Skip shell extension 'powershell' for command environment: Not usable outside of PowerShell
[1.127s] DEBUG:colcon.colcon_core.shell:Skip shell extension 'dsv' for command environment
[1.139s] INFO:colcon.colcon_ros.task.ament_cmake.build:Building ROS package in '/home/navcon/ws/mina_ws/src/mina_ugv' with build type 'ament_cmake'
[1.140s] INFO:colcon.colcon_cmake.task.cmake.build:Building CMake package in '/home/navcon/ws/mina_ws/src/mina_ugv'
[1.140s] INFO:colcon.colcon_core.shell:Skip shell extension 'powershell' for command environment: Not usable outside of PowerShell
[1.141s] DEBUG:colcon.colcon_core.shell:Skip shell extension 'dsv' for command environment
[1.154s] INFO:colcon.colcon_ros.task.ament_cmake.build:Building ROS package in '/home/navcon/ws/mina_ws/src/mini_ugv' with build type 'ament_cmake'
[1.155s] INFO:colcon.colcon_cmake.task.cmake.build:Building CMake package in '/home/navcon/ws/mina_ws/src/mini_ugv'
[1.156s] INFO:colcon.colcon_core.shell:Skip shell extension 'powershell' for command environment: Not usable outside of PowerShell
[1.157s] DEBUG:colcon.colcon_core.shell:Skip shell extension 'dsv' for command environment
[1.169s] INFO:colcon.colcon_ros.task.ament_python.build:Building ROS package in '/home/navcon/ws/mina_ws/src/ugv_can' with build type 'ament_python'
[1.170s] Level 1:colcon.colcon_core.shell:create_environment_hook('ugv_can', 'ament_prefix_path')
[1.171s] INFO:colcon.colcon_core.shell:Creating environment hook '/home/navcon/ws/mina_ws/install/ugv_can/share/ugv_can/hook/ament_prefix_path.ps1'
[1.173s] INFO:colcon.colcon_core.shell:Creating environment descriptor '/home/navcon/ws/mina_ws/install/ugv_can/share/ugv_can/hook/ament_prefix_path.dsv'
[1.174s] INFO:colcon.colcon_core.shell:Creating environment hook '/home/navcon/ws/mina_ws/install/ugv_can/share/ugv_can/hook/ament_prefix_path.sh'
[1.175s] INFO:colcon.colcon_core.shell:Skip shell extension 'powershell' for command environment: Not usable outside of PowerShell
[1.175s] DEBUG:colcon.colcon_core.shell:Skip shell extension 'dsv' for command environment
[1.187s] INFO:colcon.colcon_ros.task.ament_cmake.build:Building ROS package in '/home/navcon/ws/mina_ws/src/ugv_design' with build type 'ament_cmake'
[1.188s] INFO:colcon.colcon_cmake.task.cmake.build:Building CMake package in '/home/navcon/ws/mina_ws/src/ugv_design'
[1.189s] INFO:colcon.colcon_core.shell:Skip shell extension 'powershell' for command environment: Not usable outside of PowerShell
[1.189s] DEBUG:colcon.colcon_core.shell:Skip shell extension 'dsv' for command environment
[1.203s] INFO:colcon.colcon_ros.task.ament_cmake.build:Building ROS package in '/home/navcon/ws/mina_ws/src/ydlidar_ros2_driver' with build type 'ament_cmake'
[1.203s] INFO:colcon.colcon_cmake.task.cmake.build:Building CMake package in '/home/navcon/ws/mina_ws/src/ydlidar_ros2_driver'
[1.204s] INFO:colcon.colcon_core.shell:Skip shell extension 'powershell' for command environment: Not usable outside of PowerShell
[1.204s] DEBUG:colcon.colcon_core.shell:Skip shell extension 'dsv' for command environment
[1.231s] DEBUG:colcon.colcon_core.event_handler.log_command:Invoking command in '/home/navcon/ws/mina_ws/build/ackermann_interfaces': CMAKE_PREFIX_PATH=${CMAKE_PREFIX_PATH}:/home/navcon/ws/mina_ws/install/ugv_can:/home/navcon/ws/mina_ws/install/ackermann_odometry:/home/navcon/ws/mina_ws/install/ackermann_controller:/opt/ros/humble /usr/bin/cmake --build /home/navcon/ws/mina_ws/build/ackermann_interfaces -- -j8 -l8
[1.819s] INFO:colcon.colcon_core.task.python.build:Building Python package in '/home/navcon/ws/mina_ws/src/ackermann-odometry/src/ackermann_controller'
[1.820s] INFO:colcon.colcon_core.shell:Skip shell extension 'powershell' for command environment: Not usable outside of PowerShell
[1.820s] DEBUG:colcon.colcon_core.shell:Skip shell extension 'dsv' for command environment
[1.844s] DEBUG:colcon.colcon_core.event_handler.log_command:Invoking command in '/home/navcon/ws/mina_ws/build/mina_ugv': CMAKE_PREFIX_PATH=${CMAKE_PREFIX_PATH}:/home/navcon/ws/mina_ws/install/ugv_can:/home/navcon/ws/mina_ws/install/ackermann_odometry:/home/navcon/ws/mina_ws/install/ackermann_controller:/opt/ros/humble /usr/bin/cmake --build /home/navcon/ws/mina_ws/build/mina_ugv -- -j8 -l8
[1.853s] DEBUG:colcon.colcon_core.event_handler.log_command:Invoking command in '/home/navcon/ws/mina_ws/build/mini_ugv': CMAKE_PREFIX_PATH=${CMAKE_PREFIX_PATH}:/home/navcon/ws/mina_ws/install/ugv_can:/home/navcon/ws/mina_ws/install/ackermann_odometry:/home/navcon/ws/mina_ws/install/ackermann_controller:/opt/ros/humble /usr/bin/cmake --build /home/navcon/ws/mina_ws/build/mini_ugv -- -j8 -l8
[2.378s] INFO:colcon.colcon_core.task.python.build:Building Python package in '/home/navcon/ws/mina_ws/src/ugv_can'
[2.379s] INFO:colcon.colcon_core.shell:Skip shell extension 'powershell' for command environment: Not usable outside of PowerShell
[2.379s] DEBUG:colcon.colcon_core.shell:Skip shell extension 'dsv' for command environment
[2.405s] DEBUG:colcon.colcon_core.event_handler.log_command:Invoking command in '/home/navcon/ws/mina_ws/build/ugv_design': CMAKE_PREFIX_PATH=${CMAKE_PREFIX_PATH}:/home/navcon/ws/mina_ws/install/ugv_can:/home/navcon/ws/mina_ws/install/ackermann_odometry:/home/navcon/ws/mina_ws/install/ackermann_controller:/opt/ros/humble /usr/bin/cmake --build /home/navcon/ws/mina_ws/build/ugv_design -- -j8 -l8
[2.415s] DEBUG:colcon.colcon_core.event_handler.log_command:Invoking command in '/home/navcon/ws/mina_ws/build/ydlidar_ros2_driver': CMAKE_PREFIX_PATH=${CMAKE_PREFIX_PATH}:/home/navcon/ws/mina_ws/install/ugv_can:/home/navcon/ws/mina_ws/install/ackermann_odometry:/home/navcon/ws/mina_ws/install/ackermann_controller:/opt/ros/humble /usr/bin/cmake --build /home/navcon/ws/mina_ws/build/ydlidar_ros2_driver -- -j8 -l8
[2.444s] DEBUG:colcon.colcon_core.event_handler.log_command:Invoked command in '/home/navcon/ws/mina_ws/build/ackermann_interfaces' returned '0': CMAKE_PREFIX_PATH=${CMAKE_PREFIX_PATH}:/home/navcon/ws/mina_ws/install/ugv_can:/home/navcon/ws/mina_ws/install/ackermann_odometry:/home/navcon/ws/mina_ws/install/ackermann_controller:/opt/ros/humble /usr/bin/cmake --build /home/navcon/ws/mina_ws/build/ackermann_interfaces -- -j8 -l8
[2.454s] DEBUG:colcon.colcon_core.event_handler.log_command:Invoked command in '/home/navcon/ws/mina_ws/build/mini_ugv' returned '0': CMAKE_PREFIX_PATH=${CMAKE_PREFIX_PATH}:/home/navcon/ws/mina_ws/install/ugv_can:/home/navcon/ws/mina_ws/install/ackermann_odometry:/home/navcon/ws/mina_ws/install/ackermann_controller:/opt/ros/humble /usr/bin/cmake --build /home/navcon/ws/mina_ws/build/mini_ugv -- -j8 -l8
[2.506s] DEBUG:colcon.colcon_core.event_handler.log_command:Invoked command in '/home/navcon/ws/mina_ws/build/ugv_design' returned '0': CMAKE_PREFIX_PATH=${CMAKE_PREFIX_PATH}:/home/navcon/ws/mina_ws/install/ugv_can:/home/navcon/ws/mina_ws/install/ackermann_odometry:/home/navcon/ws/mina_ws/install/ackermann_controller:/opt/ros/humble /usr/bin/cmake --build /home/navcon/ws/mina_ws/build/ugv_design -- -j8 -l8
[2.575s] DEBUG:colcon.colcon_core.event_handler.log_command:Invoking command in '/home/navcon/ws/mina_ws/build/mini_ugv': CMAKE_PREFIX_PATH=${CMAKE_PREFIX_PATH}:/home/navcon/ws/mina_ws/install/ugv_can:/home/navcon/ws/mina_ws/install/ackermann_odometry:/home/navcon/ws/mina_ws/install/ackermann_controller:/opt/ros/humble /usr/bin/cmake --install /home/navcon/ws/mina_ws/build/mini_ugv
[2.586s] DEBUG:colcon.colcon_core.event_handler.log_command:Invoking command in '/home/navcon/ws/mina_ws/build/ugv_design': CMAKE_PREFIX_PATH=${CMAKE_PREFIX_PATH}:/home/navcon/ws/mina_ws/install/ugv_can:/home/navcon/ws/mina_ws/install/ackermann_odometry:/home/navcon/ws/mina_ws/install/ackermann_controller:/opt/ros/humble /usr/bin/cmake --install /home/navcon/ws/mina_ws/build/ugv_design
[2.602s] DEBUG:colcon.colcon_core.event_handler.log_command:Invoked command in '/home/navcon/ws/mina_ws/build/ydlidar_ros2_driver' returned '0': CMAKE_PREFIX_PATH=${CMAKE_PREFIX_PATH}:/home/navcon/ws/mina_ws/install/ugv_can:/home/navcon/ws/mina_ws/install/ackermann_odometry:/home/navcon/ws/mina_ws/install/ackermann_controller:/opt/ros/humble /usr/bin/cmake --build /home/navcon/ws/mina_ws/build/ydlidar_ros2_driver -- -j8 -l8
[2.681s] DEBUG:colcon.colcon_core.event_handler.log_command:Invoked command in '/home/navcon/ws/mina_ws/build/mina_ugv' returned '0': CMAKE_PREFIX_PATH=${CMAKE_PREFIX_PATH}:/home/navcon/ws/mina_ws/install/ugv_can:/home/navcon/ws/mina_ws/install/ackermann_odometry:/home/navcon/ws/mina_ws/install/ackermann_controller:/opt/ros/humble /usr/bin/cmake --build /home/navcon/ws/mina_ws/build/mina_ugv -- -j8 -l8
[2.693s] DEBUG:colcon.colcon_core.event_handler.log_command:Invoking command in '/home/navcon/ws/mina_ws/build/ackermann_interfaces': CMAKE_PREFIX_PATH=${CMAKE_PREFIX_PATH}:/home/navcon/ws/mina_ws/install/ugv_can:/home/navcon/ws/mina_ws/install/ackermann_odometry:/home/navcon/ws/mina_ws/install/ackermann_controller:/opt/ros/humble /usr/bin/cmake --install /home/navcon/ws/mina_ws/build/ackermann_interfaces
[2.698s] Level 1:colcon.colcon_core.environment:create_environment_scripts_only(ugv_design)
[2.703s] DEBUG:colcon.colcon_core.event_handler.log_command:Invoked command in '/home/navcon/ws/mina_ws/build/ugv_design' returned '0': CMAKE_PREFIX_PATH=${CMAKE_PREFIX_PATH}:/home/navcon/ws/mina_ws/install/ugv_can:/home/navcon/ws/mina_ws/install/ackermann_odometry:/home/navcon/ws/mina_ws/install/ackermann_controller:/opt/ros/humble /usr/bin/cmake --install /home/navcon/ws/mina_ws/build/ugv_design
[2.706s] Level 1:colcon.colcon_core.environment:checking '/home/navcon/ws/mina_ws/install/ugv_design' for CMake module files
[2.707s] Level 1:colcon.colcon_core.environment:checking '/home/navcon/ws/mina_ws/install/ugv_design' for CMake config files
[2.709s] Level 1:colcon.colcon_core.shell:create_environment_hook('ugv_design', 'cmake_prefix_path')
[2.709s] INFO:colcon.colcon_core.shell:Creating environment hook '/home/navcon/ws/mina_ws/install/ugv_design/share/ugv_design/hook/cmake_prefix_path.ps1'
[2.711s] INFO:colcon.colcon_core.shell:Creating environment descriptor '/home/navcon/ws/mina_ws/install/ugv_design/share/ugv_design/hook/cmake_prefix_path.dsv'
[2.714s] INFO:colcon.colcon_core.shell:Creating environment hook '/home/navcon/ws/mina_ws/install/ugv_design/share/ugv_design/hook/cmake_prefix_path.sh'
[2.718s] Level 1:colcon.colcon_core.environment:checking '/home/navcon/ws/mina_ws/install/ugv_design/bin'
[2.719s] Level 1:colcon.colcon_core.environment:checking '/home/navcon/ws/mina_ws/install/ugv_design/lib/pkgconfig/ugv_design.pc'
[2.720s] Level 1:colcon.colcon_core.environment:checking '/home/navcon/ws/mina_ws/install/ugv_design/lib/python3.8/site-packages'
[2.721s] Level 1:colcon.colcon_core.environment:checking '/home/navcon/ws/mina_ws/install/ugv_design/bin'
[2.721s] INFO:colcon.colcon_core.shell:Creating package script '/home/navcon/ws/mina_ws/install/ugv_design/share/ugv_design/package.ps1'
[2.725s] INFO:colcon.colcon_core.shell:Creating package descriptor '/home/navcon/ws/mina_ws/install/ugv_design/share/ugv_design/package.dsv'
[2.727s] INFO:colcon.colcon_core.shell:Creating package script '/home/navcon/ws/mina_ws/install/ugv_design/share/ugv_design/package.sh'
[2.729s] INFO:colcon.colcon_core.shell:Creating package script '/home/navcon/ws/mina_ws/install/ugv_design/share/ugv_design/package.bash'
[2.734s] INFO:colcon.colcon_core.shell:Creating package script '/home/navcon/ws/mina_ws/install/ugv_design/share/ugv_design/package.zsh'
[2.737s] Level 1:colcon.colcon_core.environment:create_file_with_runtime_dependencies(/home/navcon/ws/mina_ws/install/ugv_design/share/colcon-core/packages/ugv_design)
[2.750s] Level 1:colcon.colcon_core.environment:create_environment_scripts_only(mini_ugv)
[2.751s] Level 1:colcon.colcon_core.environment:checking '/home/navcon/ws/mina_ws/install/mini_ugv' for CMake module files
[2.752s] Level 1:colcon.colcon_core.environment:checking '/home/navcon/ws/mina_ws/install/mini_ugv' for CMake config files
[2.754s] Level 1:colcon.colcon_core.shell:create_environment_hook('mini_ugv', 'cmake_prefix_path')
[2.755s] INFO:colcon.colcon_core.shell:Creating environment hook '/home/navcon/ws/mina_ws/install/mini_ugv/share/mini_ugv/hook/cmake_prefix_path.ps1'
[2.762s] INFO:colcon.colcon_core.shell:Creating environment descriptor '/home/navcon/ws/mina_ws/install/mini_ugv/share/mini_ugv/hook/cmake_prefix_path.dsv'
[2.763s] DEBUG:colcon.colcon_core.event_handler.log_command:Invoked command in '/home/navcon/ws/mina_ws/build/mini_ugv' returned '0': CMAKE_PREFIX_PATH=${CMAKE_PREFIX_PATH}:/home/navcon/ws/mina_ws/install/ugv_can:/home/navcon/ws/mina_ws/install/ackermann_odometry:/home/navcon/ws/mina_ws/install/ackermann_controller:/opt/ros/humble /usr/bin/cmake --install /home/navcon/ws/mina_ws/build/mini_ugv
[2.765s] INFO:colcon.colcon_core.shell:Creating environment hook '/home/navcon/ws/mina_ws/install/mini_ugv/share/mini_ugv/hook/cmake_prefix_path.sh'
[2.767s] Level 1:colcon.colcon_core.environment:checking '/home/navcon/ws/mina_ws/install/mini_ugv/bin'
[2.767s] Level 1:colcon.colcon_core.environment:checking '/home/navcon/ws/mina_ws/install/mini_ugv/lib/pkgconfig/mini_ugv.pc'
[2.767s] Level 1:colcon.colcon_core.environment:checking '/home/navcon/ws/mina_ws/install/mini_ugv/lib/python3.8/site-packages'
[2.768s] Level 1:colcon.colcon_core.environment:checking '/home/navcon/ws/mina_ws/install/mini_ugv/bin'
[2.768s] INFO:colcon.colcon_core.shell:Creating package script '/home/navcon/ws/mina_ws/install/mini_ugv/share/mini_ugv/package.ps1'
[2.769s] INFO:colcon.colcon_core.shell:Creating package descriptor '/home/navcon/ws/mina_ws/install/mini_ugv/share/mini_ugv/package.dsv'
[2.774s] INFO:colcon.colcon_core.shell:Creating package script '/home/navcon/ws/mina_ws/install/mini_ugv/share/mini_ugv/package.sh'
[2.776s] INFO:colcon.colcon_core.shell:Creating package script '/home/navcon/ws/mina_ws/install/mini_ugv/share/mini_ugv/package.bash'
[2.778s] INFO:colcon.colcon_core.shell:Creating package script '/home/navcon/ws/mina_ws/install/mini_ugv/share/mini_ugv/package.zsh'
[2.779s] Level 1:colcon.colcon_core.environment:create_file_with_runtime_dependencies(/home/navcon/ws/mina_ws/install/mini_ugv/share/colcon-core/packages/mini_ugv)
[2.799s] DEBUG:colcon.colcon_core.event_handler.log_command:Invoking command in '/home/navcon/ws/mina_ws/build/mina_ugv': CMAKE_PREFIX_PATH=${CMAKE_PREFIX_PATH}:/home/navcon/ws/mina_ws/install/ugv_can:/home/navcon/ws/mina_ws/install/ackermann_odometry:/home/navcon/ws/mina_ws/install/ackermann_controller:/opt/ros/humble /usr/bin/cmake --install /home/navcon/ws/mina_ws/build/mina_ugv
[2.808s] DEBUG:colcon.colcon_core.event_handler.log_command:Invoking command in '/home/navcon/ws/mina_ws/build/ydlidar_ros2_driver': CMAKE_PREFIX_PATH=${CMAKE_PREFIX_PATH}:/home/navcon/ws/mina_ws/install/ugv_can:/home/navcon/ws/mina_ws/install/ackermann_odometry:/home/navcon/ws/mina_ws/install/ackermann_controller:/opt/ros/humble /usr/bin/cmake --install /home/navcon/ws/mina_ws/build/ydlidar_ros2_driver
[2.840s] Level 1:colcon.colcon_core.environment:create_environment_scripts_only(ugv_design)
[2.841s] Level 1:colcon.colcon_core.environment:checking '/home/navcon/ws/mina_ws/install/ugv_design' for CMake module files
[2.842s] Level 1:colcon.colcon_core.environment:checking '/home/navcon/ws/mina_ws/install/ugv_design' for CMake config files
[2.843s] Level 1:colcon.colcon_core.shell:create_environment_hook('ugv_design', 'cmake_prefix_path')
[2.844s] INFO:colcon.colcon_core.shell:Creating environment hook '/home/navcon/ws/mina_ws/install/ugv_design/share/ugv_design/hook/cmake_prefix_path.ps1'
[2.866s] INFO:colcon.colcon_core.shell:Creating environment descriptor '/home/navcon/ws/mina_ws/install/ugv_design/share/ugv_design/hook/cmake_prefix_path.dsv'
[2.871s] INFO:colcon.colcon_core.shell:Creating environment hook '/home/navcon/ws/mina_ws/install/ugv_design/share/ugv_design/hook/cmake_prefix_path.sh'
[2.876s] Level 1:colcon.colcon_core.environment:checking '/home/navcon/ws/mina_ws/install/ugv_design/bin'
[2.877s] Level 1:colcon.colcon_core.environment:checking '/home/navcon/ws/mina_ws/install/ugv_design/lib/pkgconfig/ugv_design.pc'
[2.877s] Level 1:colcon.colcon_core.environment:checking '/home/navcon/ws/mina_ws/install/ugv_design/lib/python3.8/site-packages'
[2.877s] Level 1:colcon.colcon_core.environment:checking '/home/navcon/ws/mina_ws/install/ugv_design/bin'
[2.878s] INFO:colcon.colcon_core.shell:Creating package script '/home/navcon/ws/mina_ws/install/ugv_design/share/ugv_design/package.ps1'
[2.883s] INFO:colcon.colcon_core.shell:Creating package descriptor '/home/navcon/ws/mina_ws/install/ugv_design/share/ugv_design/package.dsv'
[2.895s] INFO:colcon.colcon_core.shell:Creating package script '/home/navcon/ws/mina_ws/install/ugv_design/share/ugv_design/package.sh'
[2.902s] INFO:colcon.colcon_core.shell:Creating package script '/home/navcon/ws/mina_ws/install/ugv_design/share/ugv_design/package.bash'
[2.903s] INFO:colcon.colcon_core.shell:Creating package script '/home/navcon/ws/mina_ws/install/ugv_design/share/ugv_design/package.zsh'
[2.904s] Level 1:colcon.colcon_core.environment:create_file_with_runtime_dependencies(/home/navcon/ws/mina_ws/install/ugv_design/share/colcon-core/packages/ugv_design)
[2.907s] Level 1:colcon.colcon_core.environment:create_environment_scripts_only(ackermann_interfaces)
[2.908s] Level 1:colcon.colcon_core.environment:checking '/home/navcon/ws/mina_ws/install/ackermann_interfaces' for CMake module files
[2.909s] Level 1:colcon.colcon_core.environment:checking '/home/navcon/ws/mina_ws/install/ackermann_interfaces' for CMake config files
[2.909s] Level 1:colcon.colcon_core.shell:create_environment_hook('ackermann_interfaces', 'cmake_prefix_path')
[2.910s] INFO:colcon.colcon_core.shell:Creating environment hook '/home/navcon/ws/mina_ws/install/ackermann_interfaces/share/ackermann_interfaces/hook/cmake_prefix_path.ps1'
[2.911s] INFO:colcon.colcon_core.shell:Creating environment descriptor '/home/navcon/ws/mina_ws/install/ackermann_interfaces/share/ackermann_interfaces/hook/cmake_prefix_path.dsv'
[2.913s] INFO:colcon.colcon_core.shell:Creating environment hook '/home/navcon/ws/mina_ws/install/ackermann_interfaces/share/ackermann_interfaces/hook/cmake_prefix_path.sh'
[2.914s] DEBUG:colcon.colcon_core.event_handler.log_command:Invoked command in '/home/navcon/ws/mina_ws/build/ackermann_interfaces' returned '0': CMAKE_PREFIX_PATH=${CMAKE_PREFIX_PATH}:/home/navcon/ws/mina_ws/install/ugv_can:/home/navcon/ws/mina_ws/install/ackermann_odometry:/home/navcon/ws/mina_ws/install/ackermann_controller:/opt/ros/humble /usr/bin/cmake --install /home/navcon/ws/mina_ws/build/ackermann_interfaces
[2.915s] Level 1:colcon.colcon_core.environment:checking '/home/navcon/ws/mina_ws/install/ackermann_interfaces/lib'
[2.916s] Level 1:colcon.colcon_core.shell:create_environment_hook('ackermann_interfaces', 'ld_library_path_lib')
[2.916s] INFO:colcon.colcon_core.shell:Creating environment hook '/home/navcon/ws/mina_ws/install/ackermann_interfaces/share/ackermann_interfaces/hook/ld_library_path_lib.ps1'
[2.917s] INFO:colcon.colcon_core.shell:Creating environment descriptor '/home/navcon/ws/mina_ws/install/ackermann_interfaces/share/ackermann_interfaces/hook/ld_library_path_lib.dsv'
[2.918s] INFO:colcon.colcon_core.shell:Creating environment hook '/home/navcon/ws/mina_ws/install/ackermann_interfaces/share/ackermann_interfaces/hook/ld_library_path_lib.sh'
[2.919s] Level 1:colcon.colcon_core.environment:checking '/home/navcon/ws/mina_ws/install/ackermann_interfaces/bin'
[2.919s] Level 1:colcon.colcon_core.environment:checking '/home/navcon/ws/mina_ws/install/ackermann_interfaces/lib/pkgconfig/ackermann_interfaces.pc'
[2.919s] Level 1:colcon.colcon_core.environment:checking '/home/navcon/ws/mina_ws/install/ackermann_interfaces/lib/python3.8/site-packages'
[2.920s] Level 1:colcon.colcon_core.shell:create_environment_hook('ackermann_interfaces', 'pythonpath')
[2.920s] INFO:colcon.colcon_core.shell:Creating environment hook '/home/navcon/ws/mina_ws/install/ackermann_interfaces/share/ackermann_interfaces/hook/pythonpath.ps1'
[2.921s] INFO:colcon.colcon_core.shell:Creating environment descriptor '/home/navcon/ws/mina_ws/install/ackermann_interfaces/share/ackermann_interfaces/hook/pythonpath.dsv'
[2.922s] INFO:colcon.colcon_core.shell:Creating environment hook '/home/navcon/ws/mina_ws/install/ackermann_interfaces/share/ackermann_interfaces/hook/pythonpath.sh'
[2.923s] Level 1:colcon.colcon_core.environment:checking '/home/navcon/ws/mina_ws/install/ackermann_interfaces/bin'
[2.924s] INFO:colcon.colcon_core.shell:Creating package script '/home/navcon/ws/mina_ws/install/ackermann_interfaces/share/ackermann_interfaces/package.ps1'
[2.925s] INFO:colcon.colcon_core.shell:Creating package descriptor '/home/navcon/ws/mina_ws/install/ackermann_interfaces/share/ackermann_interfaces/package.dsv'
[2.926s] INFO:colcon.colcon_core.shell:Creating package script '/home/navcon/ws/mina_ws/install/ackermann_interfaces/share/ackermann_interfaces/package.sh'
[2.927s] INFO:colcon.colcon_core.shell:Creating package script '/home/navcon/ws/mina_ws/install/ackermann_interfaces/share/ackermann_interfaces/package.bash'
[2.928s] INFO:colcon.colcon_core.shell:Creating package script '/home/navcon/ws/mina_ws/install/ackermann_interfaces/share/ackermann_interfaces/package.zsh'
[2.928s] Level 1:colcon.colcon_core.environment:create_file_with_runtime_dependencies(/home/navcon/ws/mina_ws/install/ackermann_interfaces/share/colcon-core/packages/ackermann_interfaces)
[2.952s] Level 1:colcon.colcon_core.environment:create_environment_scripts_only(ydlidar_ros2_driver)
[2.954s] DEBUG:colcon.colcon_core.event_handler.log_command:Invoked command in '/home/navcon/ws/mina_ws/build/ydlidar_ros2_driver' returned '0': CMAKE_PREFIX_PATH=${CMAKE_PREFIX_PATH}:/home/navcon/ws/mina_ws/install/ugv_can:/home/navcon/ws/mina_ws/install/ackermann_odometry:/home/navcon/ws/mina_ws/install/ackermann_controller:/opt/ros/humble /usr/bin/cmake --install /home/navcon/ws/mina_ws/build/ydlidar_ros2_driver
[2.957s] Level 1:colcon.colcon_core.environment:checking '/home/navcon/ws/mina_ws/install/ydlidar_ros2_driver' for CMake module files
[2.962s] Level 1:colcon.colcon_core.environment:checking '/home/navcon/ws/mina_ws/install/ydlidar_ros2_driver' for CMake config files
[2.963s] Level 1:colcon.colcon_core.shell:create_environment_hook('ydlidar_ros2_driver', 'cmake_prefix_path')
[2.964s] INFO:colcon.colcon_core.shell:Creating environment hook '/home/navcon/ws/mina_ws/install/ydlidar_ros2_driver/share/ydlidar_ros2_driver/hook/cmake_prefix_path.ps1'
[2.966s] INFO:colcon.colcon_core.shell:Creating environment descriptor '/home/navcon/ws/mina_ws/install/ydlidar_ros2_driver/share/ydlidar_ros2_driver/hook/cmake_prefix_path.dsv'
[2.969s] INFO:colcon.colcon_core.shell:Creating environment hook '/home/navcon/ws/mina_ws/install/ydlidar_ros2_driver/share/ydlidar_ros2_driver/hook/cmake_prefix_path.sh'
[2.976s] Level 1:colcon.colcon_core.environment:checking '/home/navcon/ws/mina_ws/install/ydlidar_ros2_driver/lib'
[2.976s] Level 1:colcon.colcon_core.environment:checking '/home/navcon/ws/mina_ws/install/ydlidar_ros2_driver/bin'
[2.976s] Level 1:colcon.colcon_core.environment:checking '/home/navcon/ws/mina_ws/install/ydlidar_ros2_driver/lib/pkgconfig/ydlidar_ros2_driver.pc'
[2.977s] Level 1:colcon.colcon_core.environment:checking '/home/navcon/ws/mina_ws/install/ydlidar_ros2_driver/lib/python3.8/site-packages'
[2.977s] Level 1:colcon.colcon_core.environment:checking '/home/navcon/ws/mina_ws/install/ydlidar_ros2_driver/bin'
[2.978s] INFO:colcon.colcon_core.shell:Creating package script '/home/navcon/ws/mina_ws/install/ydlidar_ros2_driver/share/ydlidar_ros2_driver/package.ps1'
[2.979s] INFO:colcon.colcon_core.shell:Creating package descriptor '/home/navcon/ws/mina_ws/install/ydlidar_ros2_driver/share/ydlidar_ros2_driver/package.dsv'
[2.980s] INFO:colcon.colcon_core.shell:Creating package script '/home/navcon/ws/mina_ws/install/ydlidar_ros2_driver/share/ydlidar_ros2_driver/package.sh'
[2.981s] INFO:colcon.colcon_core.shell:Creating package script '/home/navcon/ws/mina_ws/install/ydlidar_ros2_driver/share/ydlidar_ros2_driver/package.bash'
[2.982s] INFO:colcon.colcon_core.shell:Creating package script '/home/navcon/ws/mina_ws/install/ydlidar_ros2_driver/share/ydlidar_ros2_driver/package.zsh'
[2.982s] Level 1:colcon.colcon_core.environment:create_file_with_runtime_dependencies(/home/navcon/ws/mina_ws/install/ydlidar_ros2_driver/share/colcon-core/packages/ydlidar_ros2_driver)
[3.014s] Level 1:colcon.colcon_core.environment:create_environment_scripts_only(mini_ugv)
[3.014s] Level 1:colcon.colcon_core.environment:checking '/home/navcon/ws/mina_ws/install/mini_ugv' for CMake module files
[3.015s] Level 1:colcon.colcon_core.environment:checking '/home/navcon/ws/mina_ws/install/mini_ugv' for CMake config files
[3.017s] Level 1:colcon.colcon_core.shell:create_environment_hook('mini_ugv', 'cmake_prefix_path')
[3.017s] INFO:colcon.colcon_core.shell:Creating environment hook '/home/navcon/ws/mina_ws/install/mini_ugv/share/mini_ugv/hook/cmake_prefix_path.ps1'
[3.025s] INFO:colcon.colcon_core.shell:Creating environment descriptor '/home/navcon/ws/mina_ws/install/mini_ugv/share/mini_ugv/hook/cmake_prefix_path.dsv'
[3.027s] INFO:colcon.colcon_core.shell:Creating environment hook '/home/navcon/ws/mina_ws/install/mini_ugv/share/mini_ugv/hook/cmake_prefix_path.sh'
[3.029s] Level 1:colcon.colcon_core.environment:checking '/home/navcon/ws/mina_ws/install/mini_ugv/bin'
[3.029s] Level 1:colcon.colcon_core.environment:checking '/home/navcon/ws/mina_ws/install/mini_ugv/lib/pkgconfig/mini_ugv.pc'
[3.030s] Level 1:colcon.colcon_core.environment:checking '/home/navcon/ws/mina_ws/install/mini_ugv/lib/python3.8/site-packages'
[3.031s] Level 1:colcon.colcon_core.environment:checking '/home/navcon/ws/mina_ws/install/mini_ugv/bin'
[3.032s] INFO:colcon.colcon_core.shell:Creating package script '/home/navcon/ws/mina_ws/install/mini_ugv/share/mini_ugv/package.ps1'
[3.034s] INFO:colcon.colcon_core.shell:Creating package descriptor '/home/navcon/ws/mina_ws/install/mini_ugv/share/mini_ugv/package.dsv'
[3.036s] INFO:colcon.colcon_core.shell:Creating package script '/home/navcon/ws/mina_ws/install/mini_ugv/share/mini_ugv/package.sh'
[3.038s] INFO:colcon.colcon_core.shell:Creating package script '/home/navcon/ws/mina_ws/install/mini_ugv/share/mini_ugv/package.bash'
[3.039s] INFO:colcon.colcon_core.shell:Creating package script '/home/navcon/ws/mina_ws/install/mini_ugv/share/mini_ugv/package.zsh'
[3.041s] Level 1:colcon.colcon_core.environment:create_file_with_runtime_dependencies(/home/navcon/ws/mina_ws/install/mini_ugv/share/colcon-core/packages/mini_ugv)
[3.051s] Level 1:colcon.colcon_core.environment:create_environment_scripts_only(mina_ugv)
[3.052s] DEBUG:colcon.colcon_core.event_handler.log_command:Invoked command in '/home/navcon/ws/mina_ws/build/mina_ugv' returned '0': CMAKE_PREFIX_PATH=${CMAKE_PREFIX_PATH}:/home/navcon/ws/mina_ws/install/ugv_can:/home/navcon/ws/mina_ws/install/ackermann_odometry:/home/navcon/ws/mina_ws/install/ackermann_controller:/opt/ros/humble /usr/bin/cmake --install /home/navcon/ws/mina_ws/build/mina_ugv
[3.053s] Level 1:colcon.colcon_core.environment:checking '/home/navcon/ws/mina_ws/install/mina_ugv' for CMake module files
[3.054s] Level 1:colcon.colcon_core.environment:checking '/home/navcon/ws/mina_ws/install/mina_ugv' for CMake config files
[3.056s] Level 1:colcon.colcon_core.shell:create_environment_hook('mina_ugv', 'cmake_prefix_path')
[3.057s] INFO:colcon.colcon_core.shell:Creating environment hook '/home/navcon/ws/mina_ws/install/mina_ugv/share/mina_ugv/hook/cmake_prefix_path.ps1'
[3.059s] INFO:colcon.colcon_core.shell:Creating environment descriptor '/home/navcon/ws/mina_ws/install/mina_ugv/share/mina_ugv/hook/cmake_prefix_path.dsv'
[3.065s] INFO:colcon.colcon_core.shell:Creating environment hook '/home/navcon/ws/mina_ws/install/mina_ugv/share/mina_ugv/hook/cmake_prefix_path.sh'
[3.066s] Level 1:colcon.colcon_core.environment:checking '/home/navcon/ws/mina_ws/install/mina_ugv/lib'
[3.067s] Level 1:colcon.colcon_core.environment:checking '/home/navcon/ws/mina_ws/install/mina_ugv/bin'
[3.067s] Level 1:colcon.colcon_core.environment:checking '/home/navcon/ws/mina_ws/install/mina_ugv/lib/pkgconfig/mina_ugv.pc'
[3.067s] Level 1:colcon.colcon_core.environment:checking '/home/navcon/ws/mina_ws/install/mina_ugv/lib/python3.8/site-packages'
[3.067s] Level 1:colcon.colcon_core.shell:create_environment_hook('mina_ugv', 'pythonpath')
[3.068s] INFO:colcon.colcon_core.shell:Creating environment hook '/home/navcon/ws/mina_ws/install/mina_ugv/share/mina_ugv/hook/pythonpath.ps1'
[3.069s] INFO:colcon.colcon_core.shell:Creating environment descriptor '/home/navcon/ws/mina_ws/install/mina_ugv/share/mina_ugv/hook/pythonpath.dsv'
[3.069s] INFO:colcon.colcon_core.shell:Creating environment hook '/home/navcon/ws/mina_ws/install/mina_ugv/share/mina_ugv/hook/pythonpath.sh'
[3.070s] Level 1:colcon.colcon_core.environment:checking '/home/navcon/ws/mina_ws/install/mina_ugv/bin'
[3.071s] INFO:colcon.colcon_core.shell:Creating package script '/home/navcon/ws/mina_ws/install/mina_ugv/share/mina_ugv/package.ps1'
[3.072s] INFO:colcon.colcon_core.shell:Creating package descriptor '/home/navcon/ws/mina_ws/install/mina_ugv/share/mina_ugv/package.dsv'
[3.073s] INFO:colcon.colcon_core.shell:Creating package script '/home/navcon/ws/mina_ws/install/mina_ugv/share/mina_ugv/package.sh'
[3.074s] INFO:colcon.colcon_core.shell:Creating package script '/home/navcon/ws/mina_ws/install/mina_ugv/share/mina_ugv/package.bash'
[3.075s] INFO:colcon.colcon_core.shell:Creating package script '/home/navcon/ws/mina_ws/install/mina_ugv/share/mina_ugv/package.zsh'
[3.075s] Level 1:colcon.colcon_core.environment:create_file_with_runtime_dependencies(/home/navcon/ws/mina_ws/install/mina_ugv/share/colcon-core/packages/mina_ugv)
[3.101s] Level 1:colcon.colcon_core.environment:create_environment_scripts_only(ackermann_interfaces)
[3.103s] Level 1:colcon.colcon_core.environment:checking '/home/navcon/ws/mina_ws/install/ackermann_interfaces' for CMake module files
[3.105s] Level 1:colcon.colcon_core.environment:checking '/home/navcon/ws/mina_ws/install/ackermann_interfaces' for CMake config files
[3.106s] Level 1:colcon.colcon_core.shell:create_environment_hook('ackermann_interfaces', 'cmake_prefix_path')
[3.106s] INFO:colcon.colcon_core.shell:Creating environment hook '/home/navcon/ws/mina_ws/install/ackermann_interfaces/share/ackermann_interfaces/hook/cmake_prefix_path.ps1'
[3.108s] INFO:colcon.colcon_core.shell:Creating environment descriptor '/home/navcon/ws/mina_ws/install/ackermann_interfaces/share/ackermann_interfaces/hook/cmake_prefix_path.dsv'
[3.113s] INFO:colcon.colcon_core.shell:Creating environment hook '/home/navcon/ws/mina_ws/install/ackermann_interfaces/share/ackermann_interfaces/hook/cmake_prefix_path.sh'
[3.115s] Level 1:colcon.colcon_core.environment:checking '/home/navcon/ws/mina_ws/install/ackermann_interfaces/lib'
[3.115s] Level 1:colcon.colcon_core.shell:create_environment_hook('ackermann_interfaces', 'ld_library_path_lib')
[3.116s] INFO:colcon.colcon_core.shell:Creating environment hook '/home/navcon/ws/mina_ws/install/ackermann_interfaces/share/ackermann_interfaces/hook/ld_library_path_lib.ps1'
[3.116s] INFO:colcon.colcon_core.shell:Creating environment descriptor '/home/navcon/ws/mina_ws/install/ackermann_interfaces/share/ackermann_interfaces/hook/ld_library_path_lib.dsv'
[3.117s] INFO:colcon.colcon_core.shell:Creating environment hook '/home/navcon/ws/mina_ws/install/ackermann_interfaces/share/ackermann_interfaces/hook/ld_library_path_lib.sh'
[3.118s] Level 1:colcon.colcon_core.environment:checking '/home/navcon/ws/mina_ws/install/ackermann_interfaces/bin'
[3.118s] Level 1:colcon.colcon_core.environment:checking '/home/navcon/ws/mina_ws/install/ackermann_interfaces/lib/pkgconfig/ackermann_interfaces.pc'
[3.119s] Level 1:colcon.colcon_core.environment:checking '/home/navcon/ws/mina_ws/install/ackermann_interfaces/lib/python3.8/site-packages'
[3.119s] Level 1:colcon.colcon_core.shell:create_environment_hook('ackermann_interfaces', 'pythonpath')
[3.119s] INFO:colcon.colcon_core.shell:Creating environment hook '/home/navcon/ws/mina_ws/install/ackermann_interfaces/share/ackermann_interfaces/hook/pythonpath.ps1'
[3.121s] INFO:colcon.colcon_core.shell:Creating environment descriptor '/home/navcon/ws/mina_ws/install/ackermann_interfaces/share/ackermann_interfaces/hook/pythonpath.dsv'
[3.122s] INFO:colcon.colcon_core.shell:Creating environment hook '/home/navcon/ws/mina_ws/install/ackermann_interfaces/share/ackermann_interfaces/hook/pythonpath.sh'
[3.123s] Level 1:colcon.colcon_core.environment:checking '/home/navcon/ws/mina_ws/install/ackermann_interfaces/bin'
[3.124s] INFO:colcon.colcon_core.shell:Creating package script '/home/navcon/ws/mina_ws/install/ackermann_interfaces/share/ackermann_interfaces/package.ps1'
[3.127s] INFO:colcon.colcon_core.shell:Creating package descriptor '/home/navcon/ws/mina_ws/install/ackermann_interfaces/share/ackermann_interfaces/package.dsv'
[3.129s] INFO:colcon.colcon_core.shell:Creating package script '/home/navcon/ws/mina_ws/install/ackermann_interfaces/share/ackermann_interfaces/package.sh'
[3.130s] INFO:colcon.colcon_core.shell:Creating package script '/home/navcon/ws/mina_ws/install/ackermann_interfaces/share/ackermann_interfaces/package.bash'
[3.132s] INFO:colcon.colcon_core.shell:Creating package script '/home/navcon/ws/mina_ws/install/ackermann_interfaces/share/ackermann_interfaces/package.zsh'
[3.134s] Level 1:colcon.colcon_core.environment:create_file_with_runtime_dependencies(/home/navcon/ws/mina_ws/install/ackermann_interfaces/share/colcon-core/packages/ackermann_interfaces)
[3.138s] Level 1:colcon.colcon_core.environment:create_environment_scripts_only(ydlidar_ros2_driver)
[3.139s] Level 1:colcon.colcon_core.environment:checking '/home/navcon/ws/mina_ws/install/ydlidar_ros2_driver' for CMake module files
[3.140s] Level 1:colcon.colcon_core.environment:checking '/home/navcon/ws/mina_ws/install/ydlidar_ros2_driver' for CMake config files
[3.141s] Level 1:colcon.colcon_core.shell:create_environment_hook('ydlidar_ros2_driver', 'cmake_prefix_path')
[3.142s] INFO:colcon.colcon_core.shell:Creating environment hook '/home/navcon/ws/mina_ws/install/ydlidar_ros2_driver/share/ydlidar_ros2_driver/hook/cmake_prefix_path.ps1'
[3.145s] INFO:colcon.colcon_core.shell:Creating environment descriptor '/home/navcon/ws/mina_ws/install/ydlidar_ros2_driver/share/ydlidar_ros2_driver/hook/cmake_prefix_path.dsv'
[3.146s] INFO:colcon.colcon_core.shell:Creating environment hook '/home/navcon/ws/mina_ws/install/ydlidar_ros2_driver/share/ydlidar_ros2_driver/hook/cmake_prefix_path.sh'
[3.149s] Level 1:colcon.colcon_core.environment:checking '/home/navcon/ws/mina_ws/install/ydlidar_ros2_driver/lib'
[3.149s] Level 1:colcon.colcon_core.environment:checking '/home/navcon/ws/mina_ws/install/ydlidar_ros2_driver/bin'
[3.149s] Level 1:colcon.colcon_core.environment:checking '/home/navcon/ws/mina_ws/install/ydlidar_ros2_driver/lib/pkgconfig/ydlidar_ros2_driver.pc'
[3.150s] Level 1:colcon.colcon_core.environment:checking '/home/navcon/ws/mina_ws/install/ydlidar_ros2_driver/lib/python3.8/site-packages'
[3.151s] Level 1:colcon.colcon_core.environment:checking '/home/navcon/ws/mina_ws/install/ydlidar_ros2_driver/bin'
[3.151s] INFO:colcon.colcon_core.shell:Creating package script '/home/navcon/ws/mina_ws/install/ydlidar_ros2_driver/share/ydlidar_ros2_driver/package.ps1'
[3.153s] INFO:colcon.colcon_core.shell:Creating package descriptor '/home/navcon/ws/mina_ws/install/ydlidar_ros2_driver/share/ydlidar_ros2_driver/package.dsv'
[3.154s] INFO:colcon.colcon_core.shell:Creating package script '/home/navcon/ws/mina_ws/install/ydlidar_ros2_driver/share/ydlidar_ros2_driver/package.sh'
[3.155s] INFO:colcon.colcon_core.shell:Creating package script '/home/navcon/ws/mina_ws/install/ydlidar_ros2_driver/share/ydlidar_ros2_driver/package.bash'
[3.156s] INFO:colcon.colcon_core.shell:Creating package script '/home/navcon/ws/mina_ws/install/ydlidar_ros2_driver/share/ydlidar_ros2_driver/package.zsh'
[3.157s] Level 1:colcon.colcon_core.environment:create_file_with_runtime_dependencies(/home/navcon/ws/mina_ws/install/ydlidar_ros2_driver/share/colcon-core/packages/ydlidar_ros2_driver)
[3.159s] INFO:colcon.colcon_ros.task.ament_python.build:Building ROS package in '/home/navcon/ws/mina_ws/src/ackermann-odometry/src/ackermann_odometry' with build type 'ament_python'
[3.160s] Level 1:colcon.colcon_core.shell:create_environment_hook('ackermann_odometry', 'ament_prefix_path')
[3.161s] INFO:colcon.colcon_core.shell:Creating environment hook '/home/navcon/ws/mina_ws/install/ackermann_odometry/share/ackermann_odometry/hook/ament_prefix_path.ps1'
[3.162s] INFO:colcon.colcon_core.shell:Creating environment descriptor '/home/navcon/ws/mina_ws/install/ackermann_odometry/share/ackermann_odometry/hook/ament_prefix_path.dsv'
[3.163s] INFO:colcon.colcon_core.shell:Creating environment hook '/home/navcon/ws/mina_ws/install/ackermann_odometry/share/ackermann_odometry/hook/ament_prefix_path.sh'
[3.164s] INFO:colcon.colcon_core.shell:Skip shell extension 'powershell' for command environment: Not usable outside of PowerShell
[3.164s] DEBUG:colcon.colcon_core.shell:Skip shell extension 'dsv' for command environment
[3.181s] Level 1:colcon.colcon_core.environment:create_environment_scripts_only(mina_ugv)
[3.182s] Level 1:colcon.colcon_core.environment:checking '/home/navcon/ws/mina_ws/install/mina_ugv' for CMake module files
[3.183s] Level 1:colcon.colcon_core.environment:checking '/home/navcon/ws/mina_ws/install/mina_ugv' for CMake config files
[3.185s] Level 1:colcon.colcon_core.shell:create_environment_hook('mina_ugv', 'cmake_prefix_path')
[3.186s] INFO:colcon.colcon_core.shell:Creating environment hook '/home/navcon/ws/mina_ws/install/mina_ugv/share/mina_ugv/hook/cmake_prefix_path.ps1'
[3.187s] INFO:colcon.colcon_core.shell:Creating environment descriptor '/home/navcon/ws/mina_ws/install/mina_ugv/share/mina_ugv/hook/cmake_prefix_path.dsv'
[3.188s] INFO:colcon.colcon_core.shell:Creating environment hook '/home/navcon/ws/mina_ws/install/mina_ugv/share/mina_ugv/hook/cmake_prefix_path.sh'
[3.189s] Level 1:colcon.colcon_core.environment:checking '/home/navcon/ws/mina_ws/install/mina_ugv/lib'
[3.190s] Level 1:colcon.colcon_core.environment:checking '/home/navcon/ws/mina_ws/install/mina_ugv/bin'
[3.190s] Level 1:colcon.colcon_core.environment:checking '/home/navcon/ws/mina_ws/install/mina_ugv/lib/pkgconfig/mina_ugv.pc'
[3.190s] Level 1:colcon.colcon_core.environment:checking '/home/navcon/ws/mina_ws/install/mina_ugv/lib/python3.8/site-packages'
[3.190s] Level 1:colcon.colcon_core.shell:create_environment_hook('mina_ugv', 'pythonpath')
[3.191s] INFO:colcon.colcon_core.shell:Creating environment hook '/home/navcon/ws/mina_ws/install/mina_ugv/share/mina_ugv/hook/pythonpath.ps1'
[3.192s] INFO:colcon.colcon_core.shell:Creating environment descriptor '/home/navcon/ws/mina_ws/install/mina_ugv/share/mina_ugv/hook/pythonpath.dsv'
[3.193s] INFO:colcon.colcon_core.shell:Creating environment hook '/home/navcon/ws/mina_ws/install/mina_ugv/share/mina_ugv/hook/pythonpath.sh'
[3.194s] Level 1:colcon.colcon_core.environment:checking '/home/navcon/ws/mina_ws/install/mina_ugv/bin'
[3.195s] INFO:colcon.colcon_core.shell:Creating package script '/home/navcon/ws/mina_ws/install/mina_ugv/share/mina_ugv/package.ps1'
[3.196s] INFO:colcon.colcon_core.shell:Creating package descriptor '/home/navcon/ws/mina_ws/install/mina_ugv/share/mina_ugv/package.dsv'
[3.197s] INFO:colcon.colcon_core.shell:Creating package script '/home/navcon/ws/mina_ws/install/mina_ugv/share/mina_ugv/package.sh'
[3.198s] INFO:colcon.colcon_core.shell:Creating package script '/home/navcon/ws/mina_ws/install/mina_ugv/share/mina_ugv/package.bash'
[3.199s] INFO:colcon.colcon_core.shell:Creating package script '/home/navcon/ws/mina_ws/install/mina_ugv/share/mina_ugv/package.zsh'
[3.200s] Level 1:colcon.colcon_core.environment:create_file_with_runtime_dependencies(/home/navcon/ws/mina_ws/install/mina_ugv/share/colcon-core/packages/mina_ugv)
[3.733s] INFO:colcon.colcon_core.task.python.build:Building Python package in '/home/navcon/ws/mina_ws/src/ackermann-odometry/src/ackermann_odometry'
[3.734s] INFO:colcon.colcon_core.shell:Skip shell extension 'powershell' for command environment: Not usable outside of PowerShell
[3.734s] DEBUG:colcon.colcon_core.shell:Skip shell extension 'dsv' for command environment
[3.760s] DEBUG:colcon.colcon_core.event_handler.log_command:Invoking command in '/home/navcon/ws/mina_ws/src/ackermann-odometry/src/ackermann_controller': PYTHONPATH=/home/navcon/ws/mina_ws/build/ackermann_controller/prefix_override:/home/navcon/ws/mina_ws/install/ackermann_controller/lib/python3.8/site-packages:${PYTHONPATH} /usr/bin/python3 -W ignore:setup.py install is deprecated setup.py egg_info --egg-base ../../../../build/ackermann_controller build --build-base /home/navcon/ws/mina_ws/build/ackermann_controller/build install --record /home/navcon/ws/mina_ws/build/ackermann_controller/install.log --install-scripts $base/lib/ackermann_controller --single-version-externally-managed install_data
[3.767s] DEBUG:colcon.colcon_core.event_handler.log_command:Invoking command in '/home/navcon/ws/mina_ws/src/ugv_can': PYTHONPATH=/home/navcon/ws/mina_ws/build/ugv_can/prefix_override:/home/navcon/ws/mina_ws/install/ugv_can/lib/python3.8/site-packages:${PYTHONPATH} /usr/bin/python3 -W ignore:setup.py install is deprecated setup.py egg_info --egg-base ../../build/ugv_can build --build-base /home/navcon/ws/mina_ws/build/ugv_can/build install --record /home/navcon/ws/mina_ws/build/ugv_can/install.log --single-version-externally-managed install_data
[4.406s] Level 1:colcon.colcon_core.environment:checking '/home/navcon/ws/mina_ws/install/ackermann_controller' for CMake module files
[4.407s] DEBUG:colcon.colcon_core.event_handler.log_command:Invoked command in '/home/navcon/ws/mina_ws/src/ackermann-odometry/src/ackermann_controller' returned '0': PYTHONPATH=/home/navcon/ws/mina_ws/build/ackermann_controller/prefix_override:/home/navcon/ws/mina_ws/install/ackermann_controller/lib/python3.8/site-packages:${PYTHONPATH} /usr/bin/python3 -W ignore:setup.py install is deprecated setup.py egg_info --egg-base ../../../../build/ackermann_controller build --build-base /home/navcon/ws/mina_ws/build/ackermann_controller/build install --record /home/navcon/ws/mina_ws/build/ackermann_controller/install.log --install-scripts $base/lib/ackermann_controller --single-version-externally-managed install_data
[4.408s] Level 1:colcon.colcon_core.environment:checking '/home/navcon/ws/mina_ws/install/ackermann_controller' for CMake config files
[4.409s] Level 1:colcon.colcon_core.environment:checking '/home/navcon/ws/mina_ws/install/ackermann_controller/lib'
[4.410s] Level 1:colcon.colcon_core.environment:checking '/home/navcon/ws/mina_ws/install/ackermann_controller/bin'
[4.410s] Level 1:colcon.colcon_core.environment:checking '/home/navcon/ws/mina_ws/install/ackermann_controller/lib/pkgconfig/ackermann_controller.pc'
[4.410s] Level 1:colcon.colcon_core.environment:checking '/home/navcon/ws/mina_ws/install/ackermann_controller/lib/python3.8/site-packages'
[4.410s] Level 1:colcon.colcon_core.shell:create_environment_hook('ackermann_controller', 'pythonpath')
[4.411s] INFO:colcon.colcon_core.shell:Creating environment hook '/home/navcon/ws/mina_ws/install/ackermann_controller/share/ackermann_controller/hook/pythonpath.ps1'
[4.412s] INFO:colcon.colcon_core.shell:Creating environment descriptor '/home/navcon/ws/mina_ws/install/ackermann_controller/share/ackermann_controller/hook/pythonpath.dsv'
[4.415s] INFO:colcon.colcon_core.shell:Creating environment hook '/home/navcon/ws/mina_ws/install/ackermann_controller/share/ackermann_controller/hook/pythonpath.sh'
[4.416s] Level 1:colcon.colcon_core.environment:checking '/home/navcon/ws/mina_ws/install/ackermann_controller/bin'
[4.416s] Level 1:colcon.colcon_core.environment:create_environment_scripts_only(ackermann_controller)
[4.417s] INFO:colcon.colcon_core.shell:Creating package script '/home/navcon/ws/mina_ws/install/ackermann_controller/share/ackermann_controller/package.ps1'
[4.419s] INFO:colcon.colcon_core.shell:Creating package descriptor '/home/navcon/ws/mina_ws/install/ackermann_controller/share/ackermann_controller/package.dsv'
[4.420s] INFO:colcon.colcon_core.shell:Creating package script '/home/navcon/ws/mina_ws/install/ackermann_controller/share/ackermann_controller/package.sh'
[4.420s] INFO:colcon.colcon_core.shell:Creating package script '/home/navcon/ws/mina_ws/install/ackermann_controller/share/ackermann_controller/package.bash'
[4.421s] INFO:colcon.colcon_core.shell:Creating package script '/home/navcon/ws/mina_ws/install/ackermann_controller/share/ackermann_controller/package.zsh'
[4.422s] Level 1:colcon.colcon_core.environment:create_file_with_runtime_dependencies(/home/navcon/ws/mina_ws/install/ackermann_controller/share/colcon-core/packages/ackermann_controller)
[4.433s] Level 1:colcon.colcon_core.environment:checking '/home/navcon/ws/mina_ws/install/ugv_can' for CMake module files
[4.434s] DEBUG:colcon.colcon_core.event_handler.log_command:Invoked command in '/home/navcon/ws/mina_ws/src/ugv_can' returned '0': PYTHONPATH=/home/navcon/ws/mina_ws/build/ugv_can/prefix_override:/home/navcon/ws/mina_ws/install/ugv_can/lib/python3.8/site-packages:${PYTHONPATH} /usr/bin/python3 -W ignore:setup.py install is deprecated setup.py egg_info --egg-base ../../build/ugv_can build --build-base /home/navcon/ws/mina_ws/build/ugv_can/build install --record /home/navcon/ws/mina_ws/build/ugv_can/install.log --single-version-externally-managed install_data
[4.435s] Level 1:colcon.colcon_core.environment:checking '/home/navcon/ws/mina_ws/install/ugv_can' for CMake config files
[4.436s] Level 1:colcon.colcon_core.environment:checking '/home/navcon/ws/mina_ws/install/ugv_can/lib'
[4.436s] Level 1:colcon.colcon_core.environment:checking '/home/navcon/ws/mina_ws/install/ugv_can/bin'
[4.436s] Level 1:colcon.colcon_core.environment:checking '/home/navcon/ws/mina_ws/install/ugv_can/lib/pkgconfig/ugv_can.pc'
[4.437s] Level 1:colcon.colcon_core.environment:checking '/home/navcon/ws/mina_ws/install/ugv_can/lib/python3.8/site-packages'
[4.437s] Level 1:colcon.colcon_core.shell:create_environment_hook('ugv_can', 'pythonpath')
[4.437s] INFO:colcon.colcon_core.shell:Creating environment hook '/home/navcon/ws/mina_ws/install/ugv_can/share/ugv_can/hook/pythonpath.ps1'
[4.439s] INFO:colcon.colcon_core.shell:Creating environment descriptor '/home/navcon/ws/mina_ws/install/ugv_can/share/ugv_can/hook/pythonpath.dsv'
[4.442s] INFO:colcon.colcon_core.shell:Creating environment hook '/home/navcon/ws/mina_ws/install/ugv_can/share/ugv_can/hook/pythonpath.sh'
[4.445s] Level 1:colcon.colcon_core.environment:checking '/home/navcon/ws/mina_ws/install/ugv_can/bin'
[4.445s] Level 1:colcon.colcon_core.environment:create_environment_scripts_only(ugv_can)
[4.446s] INFO:colcon.colcon_core.shell:Creating package script '/home/navcon/ws/mina_ws/install/ugv_can/share/ugv_can/package.ps1'
[4.447s] INFO:colcon.colcon_core.shell:Creating package descriptor '/home/navcon/ws/mina_ws/install/ugv_can/share/ugv_can/package.dsv'
[4.448s] INFO:colcon.colcon_core.shell:Creating package script '/home/navcon/ws/mina_ws/install/ugv_can/share/ugv_can/package.sh'
[4.449s] INFO:colcon.colcon_core.shell:Creating package script '/home/navcon/ws/mina_ws/install/ugv_can/share/ugv_can/package.bash'
[4.449s] INFO:colcon.colcon_core.shell:Creating package script '/home/navcon/ws/mina_ws/install/ugv_can/share/ugv_can/package.zsh'
[4.450s] Level 1:colcon.colcon_core.environment:create_file_with_runtime_dependencies(/home/navcon/ws/mina_ws/install/ugv_can/share/colcon-core/packages/ugv_can)
[4.611s] DEBUG:colcon.colcon_core.event_handler.log_command:Invoking command in '/home/navcon/ws/mina_ws/src/ackermann-odometry/src/ackermann_odometry': CMAKE_PREFIX_PATH=/home/navcon/ws/mina_ws/install/ackermann_interfaces:/home/navcon/ws/mina_ws/install/ydlidar_ros2_driver:/home/navcon/ws/mina_ws/install/ugv_design:/home/navcon/ws/mina_ws/install/mini_ugv:/home/navcon/ws/mina_ws/install/mina_ugv PYTHONPATH=/home/navcon/ws/mina_ws/build/ackermann_odometry/prefix_override:/home/navcon/ws/mina_ws/install/ackermann_odometry/lib/python3.8/site-packages:/home/navcon/ws/mina_ws/install/ackermann_interfaces/lib/python3.8/site-packages:/home/navcon/ws/mina_ws/install/ugv_can/lib/python3.8/site-packages:/home/navcon/ws/mina_ws/install/mina_ugv/lib/python3.8/site-packages:/home/navcon/ws/mina_ws/install/ackermann_odometry/lib/python3.8/site-packages:/home/navcon/ws/mina_ws/install/ackermann_controller/lib/python3.8/site-packages:/opt/ros/humble/lib/python3.8/site-packages /usr/bin/python3 -W ignore:setup.py install is deprecated setup.py egg_info --egg-base ../../../../build/ackermann_odometry build --build-base /home/navcon/ws/mina_ws/build/ackermann_odometry/build install --record /home/navcon/ws/mina_ws/build/ackermann_odometry/install.log --install-scripts $base/lib/ackermann_odometry --single-version-externally-managed install_data
[5.249s] Level 1:colcon.colcon_core.environment:checking '/home/navcon/ws/mina_ws/install/ackermann_odometry' for CMake module files
[5.251s] Level 1:colcon.colcon_core.environment:checking '/home/navcon/ws/mina_ws/install/ackermann_odometry' for CMake config files
[5.252s] Level 1:colcon.colcon_core.environment:checking '/home/navcon/ws/mina_ws/install/ackermann_odometry/lib'
[5.253s] DEBUG:colcon.colcon_core.event_handler.log_command:Invoked command in '/home/navcon/ws/mina_ws/src/ackermann-odometry/src/ackermann_odometry' returned '0': CMAKE_PREFIX_PATH=/home/navcon/ws/mina_ws/install/ackermann_interfaces:/home/navcon/ws/mina_ws/install/ydlidar_ros2_driver:/home/navcon/ws/mina_ws/install/ugv_design:/home/navcon/ws/mina_ws/install/mini_ugv:/home/navcon/ws/mina_ws/install/mina_ugv PYTHONPATH=/home/navcon/ws/mina_ws/build/ackermann_odometry/prefix_override:/home/navcon/ws/mina_ws/install/ackermann_odometry/lib/python3.8/site-packages:/home/navcon/ws/mina_ws/install/ackermann_interfaces/lib/python3.8/site-packages:/home/navcon/ws/mina_ws/install/ugv_can/lib/python3.8/site-packages:/home/navcon/ws/mina_ws/install/mina_ugv/lib/python3.8/site-packages:/home/navcon/ws/mina_ws/install/ackermann_odometry/lib/python3.8/site-packages:/home/navcon/ws/mina_ws/install/ackermann_controller/lib/python3.8/site-packages:/opt/ros/humble/lib/python3.8/site-packages /usr/bin/python3 -W ignore:setup.py install is deprecated setup.py egg_info --egg-base ../../../../build/ackermann_odometry build --build-base /home/navcon/ws/mina_ws/build/ackermann_odometry/build install --record /home/navcon/ws/mina_ws/build/ackermann_odometry/install.log --install-scripts $base/lib/ackermann_odometry --single-version-externally-managed install_data
[5.253s] Level 1:colcon.colcon_core.environment:checking '/home/navcon/ws/mina_ws/install/ackermann_odometry/bin'
[5.254s] Level 1:colcon.colcon_core.environment:checking '/home/navcon/ws/mina_ws/install/ackermann_odometry/lib/pkgconfig/ackermann_odometry.pc'
[5.254s] Level 1:colcon.colcon_core.environment:checking '/home/navcon/ws/mina_ws/install/ackermann_odometry/lib/python3.8/site-packages'
[5.255s] Level 1:colcon.colcon_core.shell:create_environment_hook('ackermann_odometry', 'pythonpath')
[5.256s] INFO:colcon.colcon_core.shell:Creating environment hook '/home/navcon/ws/mina_ws/install/ackermann_odometry/share/ackermann_odometry/hook/pythonpath.ps1'
[5.257s] INFO:colcon.colcon_core.shell:Creating environment descriptor '/home/navcon/ws/mina_ws/install/ackermann_odometry/share/ackermann_odometry/hook/pythonpath.dsv'
[5.259s] INFO:colcon.colcon_core.shell:Creating environment hook '/home/navcon/ws/mina_ws/install/ackermann_odometry/share/ackermann_odometry/hook/pythonpath.sh'
[5.261s] Level 1:colcon.colcon_core.environment:checking '/home/navcon/ws/mina_ws/install/ackermann_odometry/bin'
[5.261s] Level 1:colcon.colcon_core.environment:create_environment_scripts_only(ackermann_odometry)
[5.261s] INFO:colcon.colcon_core.shell:Creating package script '/home/navcon/ws/mina_ws/install/ackermann_odometry/share/ackermann_odometry/package.ps1'
[5.262s] INFO:colcon.colcon_core.shell:Creating package descriptor '/home/navcon/ws/mina_ws/install/ackermann_odometry/share/ackermann_odometry/package.dsv'
[5.263s] INFO:colcon.colcon_core.shell:Creating package script '/home/navcon/ws/mina_ws/install/ackermann_odometry/share/ackermann_odometry/package.sh'
[5.264s] INFO:colcon.colcon_core.shell:Creating package script '/home/navcon/ws/mina_ws/install/ackermann_odometry/share/ackermann_odometry/package.bash'
[5.265s] INFO:colcon.colcon_core.shell:Creating package script '/home/navcon/ws/mina_ws/install/ackermann_odometry/share/ackermann_odometry/package.zsh'
[5.265s] Level 1:colcon.colcon_core.environment:create_file_with_runtime_dependencies(/home/navcon/ws/mina_ws/install/ackermann_odometry/share/colcon-core/packages/ackermann_odometry)
[5.266s] DEBUG:colcon.colcon_parallel_executor.executor.parallel:closing loop
[5.267s] DEBUG:colcon.colcon_parallel_executor.executor.parallel:loop closed
[5.267s] DEBUG:colcon.colcon_parallel_executor.executor.parallel:run_until_complete finished with '0'
[5.268s] DEBUG:colcon.colcon_core.event_reactor:joining thread
[5.281s] INFO:colcon.colcon_core.plugin_system:Skipping extension 'colcon_notification.desktop_notification.terminal_notifier': Not used on non-Darwin systems
[5.281s] INFO:colcon.colcon_core.plugin_system:Skipping extension 'colcon_notification.desktop_notification.win32': Not used on non-Windows systems
[5.281s] INFO:colcon.colcon_notification.desktop_notification:Sending desktop notification using 'notify2'
[5.318s] DEBUG:colcon.colcon_core.event_reactor:joined thread
[5.319s] INFO:colcon.colcon_core.shell:Creating prefix script '/home/navcon/ws/mina_ws/install/local_setup.ps1'
[5.321s] INFO:colcon.colcon_core.shell:Creating prefix util module '/home/navcon/ws/mina_ws/install/_local_setup_util_ps1.py'
[5.325s] INFO:colcon.colcon_core.shell:Creating prefix chain script '/home/navcon/ws/mina_ws/install/setup.ps1'
[5.328s] INFO:colcon.colcon_core.shell:Creating prefix script '/home/navcon/ws/mina_ws/install/local_setup.sh'
[5.329s] INFO:colcon.colcon_core.shell:Creating prefix util module '/home/navcon/ws/mina_ws/install/_local_setup_util_sh.py'
[5.330s] INFO:colcon.colcon_core.shell:Creating prefix chain script '/home/navcon/ws/mina_ws/install/setup.sh'
[5.332s] INFO:colcon.colcon_core.shell:Creating prefix script '/home/navcon/ws/mina_ws/install/local_setup.bash'
[5.333s] INFO:colcon.colcon_core.shell:Creating prefix chain script '/home/navcon/ws/mina_ws/install/setup.bash'
[5.335s] INFO:colcon.colcon_core.shell:Creating prefix script '/home/navcon/ws/mina_ws/install/local_setup.zsh'
[5.336s] INFO:colcon.colcon_core.shell:Creating prefix chain script '/home/navcon/ws/mina_ws/install/setup.zsh'
