[2.446s] Invoking command in '/home/navcon/ws/mina_ws/src/ugv_can': PYTHONPATH=/home/navcon/ws/mina_ws/build/ugv_can/prefix_override:/home/navcon/ws/mina_ws/install/ugv_can/lib/python3.8/site-packages:${PYTHONPATH} /usr/bin/python3 -W ignore:setup.py install is deprecated setup.py egg_info --egg-base ../../build/ugv_can build --build-base /home/navcon/ws/mina_ws/build/ugv_can/build install --record /home/navcon/ws/mina_ws/build/ugv_can/install.log --single-version-externally-managed install_data
[2.921s] running egg_info
[2.922s] writing ../../build/ugv_can/ugv_can.egg-info/PKG-INFO
[2.922s] writing dependency_links to ../../build/ugv_can/ugv_can.egg-info/dependency_links.txt
[2.923s] writing entry points to ../../build/ugv_can/ugv_can.egg-info/entry_points.txt
[2.924s] writing requirements to ../../build/ugv_can/ugv_can.egg-info/requires.txt
[2.924s] writing top-level names to ../../build/ugv_can/ugv_can.egg-info/top_level.txt
[2.984s] reading manifest file '../../build/ugv_can/ugv_can.egg-info/SOURCES.txt'
[2.986s] writing manifest file '../../build/ugv_can/ugv_can.egg-info/SOURCES.txt'
[2.986s] running build
[2.986s] running build_py
[2.992s] running install
[2.994s] running install_lib
[2.999s] running install_data
[3.000s] running install_egg_info
[3.003s] removing '/home/navcon/ws/mina_ws/install/ugv_can/lib/python3.8/site-packages/ugv_can-0.0.0-py3.8.egg-info' (and everything under it)
[3.004s] Copying ../../build/ugv_can/ugv_can.egg-info to /home/navcon/ws/mina_ws/install/ugv_can/lib/python3.8/site-packages/ugv_can-0.0.0-py3.8.egg-info
[3.005s] running install_scripts
[3.042s] Installing converter script to /home/navcon/ws/mina_ws/install/ugv_can/lib/ugv_can
[3.042s] Installing first_odom_publisher script to /home/navcon/ws/mina_ws/install/ugv_can/lib/ugv_can
[3.043s] Installing first_odom_while_pub script to /home/navcon/ws/mina_ws/install/ugv_can/lib/ugv_can
[3.043s] Installing imu_mad script to /home/navcon/ws/mina_ws/install/ugv_can/lib/ugv_can
[3.045s] Installing imu_node script to /home/navcon/ws/mina_ws/install/ugv_can/lib/ugv_can
[3.048s] Installing odom_final script to /home/navcon/ws/mina_ws/install/ugv_can/lib/ugv_can
[3.048s] Installing odom_pub script to /home/navcon/ws/mina_ws/install/ugv_can/lib/ugv_can
[3.048s] Installing odom_publisher script to /home/navcon/ws/mina_ws/install/ugv_can/lib/ugv_can
[3.049s] Installing odom_while_pub script to /home/navcon/ws/mina_ws/install/ugv_can/lib/ugv_can
[3.049s] Installing ps_node script to /home/navcon/ws/mina_ws/install/ugv_can/lib/ugv_can
[3.049s] Installing pub script to /home/navcon/ws/mina_ws/install/ugv_can/lib/ugv_can
[3.049s] Installing sample script to /home/navcon/ws/mina_ws/install/ugv_can/lib/ugv_can
[3.049s] Installing sender script to /home/navcon/ws/mina_ws/install/ugv_can/lib/ugv_can
[3.051s] writing list of installed files to '/home/navcon/ws/mina_ws/build/ugv_can/install.log'
[3.138s] Invoked command in '/home/navcon/ws/mina_ws/src/ugv_can' returned '0': PYTHONPATH=/home/navcon/ws/mina_ws/build/ugv_can/prefix_override:/home/navcon/ws/mina_ws/install/ugv_can/lib/python3.8/site-packages:${PYTHONPATH} /usr/bin/python3 -W ignore:setup.py install is deprecated setup.py egg_info --egg-base ../../build/ugv_can build --build-base /home/navcon/ws/mina_ws/build/ugv_can/build install --record /home/navcon/ws/mina_ws/build/ugv_can/install.log --single-version-externally-managed install_data
