[2.891s] Invoking command in '/home/navcon/ws/mina_ws/src/ugv_can': PYTHONPATH=/home/navcon/ws/mina_ws/build/ugv_can/prefix_override:/home/navcon/ws/mina_ws/install/ugv_can/lib/python3.8/site-packages:${PYTHONPATH} /usr/bin/python3 -W ignore:setup.py install is deprecated setup.py egg_info --egg-base ../../build/ugv_can build --build-base /home/navcon/ws/mina_ws/build/ugv_can/build install --record /home/navcon/ws/mina_ws/build/ugv_can/install.log --single-version-externally-managed install_data
[3.404s] running egg_info
[3.404s] writing ../../build/ugv_can/ugv_can.egg-info/PKG-INFO
[3.404s] writing dependency_links to ../../build/ugv_can/ugv_can.egg-info/dependency_links.txt
[3.405s] writing entry points to ../../build/ugv_can/ugv_can.egg-info/entry_points.txt
[3.406s] writing requirements to ../../build/ugv_can/ugv_can.egg-info/requires.txt
[3.406s] writing top-level names to ../../build/ugv_can/ugv_can.egg-info/top_level.txt
[3.466s] reading manifest file '../../build/ugv_can/ugv_can.egg-info/SOURCES.txt'
[3.468s] writing manifest file '../../build/ugv_can/ugv_can.egg-info/SOURCES.txt'
[3.470s] running build
[3.470s] running build_py
[3.471s] copying ugv_can/first_odom_while_pub.py -> /home/navcon/ws/mina_ws/build/ugv_can/build/lib/ugv_can
[3.475s] running install
[3.477s] running install_lib
[3.480s] copying /home/navcon/ws/mina_ws/build/ugv_can/build/lib/ugv_can/first_odom_while_pub.py -> /home/navcon/ws/mina_ws/install/ugv_can/lib/python3.8/site-packages/ugv_can
[3.483s] byte-compiling /home/navcon/ws/mina_ws/install/ugv_can/lib/python3.8/site-packages/ugv_can/first_odom_while_pub.py to first_odom_while_pub.cpython-38.pyc
[3.486s] running install_data
[3.486s] running install_egg_info
[3.492s] removing '/home/navcon/ws/mina_ws/install/ugv_can/lib/python3.8/site-packages/ugv_can-0.0.0-py3.8.egg-info' (and everything under it)
[3.494s] Copying ../../build/ugv_can/ugv_can.egg-info to /home/navcon/ws/mina_ws/install/ugv_can/lib/python3.8/site-packages/ugv_can-0.0.0-py3.8.egg-info
[3.494s] running install_scripts
[3.529s] Installing converter script to /home/navcon/ws/mina_ws/install/ugv_can/lib/ugv_can
[3.530s] Installing first_odom_publisher script to /home/navcon/ws/mina_ws/install/ugv_can/lib/ugv_can
[3.531s] Installing first_odom_while_pub script to /home/navcon/ws/mina_ws/install/ugv_can/lib/ugv_can
[3.532s] Installing imu_mad script to /home/navcon/ws/mina_ws/install/ugv_can/lib/ugv_can
[3.532s] Installing imu_node script to /home/navcon/ws/mina_ws/install/ugv_can/lib/ugv_can
[3.533s] Installing odom_final script to /home/navcon/ws/mina_ws/install/ugv_can/lib/ugv_can
[3.533s] Installing odom_pub script to /home/navcon/ws/mina_ws/install/ugv_can/lib/ugv_can
[3.533s] Installing odom_publisher script to /home/navcon/ws/mina_ws/install/ugv_can/lib/ugv_can
[3.533s] Installing odom_while_pub script to /home/navcon/ws/mina_ws/install/ugv_can/lib/ugv_can
[3.533s] Installing ps_node script to /home/navcon/ws/mina_ws/install/ugv_can/lib/ugv_can
[3.533s] Installing pub script to /home/navcon/ws/mina_ws/install/ugv_can/lib/ugv_can
[3.534s] Installing sample script to /home/navcon/ws/mina_ws/install/ugv_can/lib/ugv_can
[3.534s] Installing sender script to /home/navcon/ws/mina_ws/install/ugv_can/lib/ugv_can
[3.534s] writing list of installed files to '/home/navcon/ws/mina_ws/build/ugv_can/install.log'
[3.608s] Invoked command in '/home/navcon/ws/mina_ws/src/ugv_can' returned '0': PYTHONPATH=/home/navcon/ws/mina_ws/build/ugv_can/prefix_override:/home/navcon/ws/mina_ws/install/ugv_can/lib/python3.8/site-packages:${PYTHONPATH} /usr/bin/python3 -W ignore:setup.py install is deprecated setup.py egg_info --egg-base ../../build/ugv_can build --build-base /home/navcon/ws/mina_ws/build/ugv_can/build install --record /home/navcon/ws/mina_ws/build/ugv_can/install.log --single-version-externally-managed install_data
