/home/navcon/ws/mina_ws/install/ugv_can/lib/python3.8/site-packages/ugv_can/navrover_ps4_ctrl.py
/home/navcon/ws/mina_ws/install/ugv_can/lib/python3.8/site-packages/ugv_can/publish_odom.py
/home/navcon/ws/mina_ws/install/ugv_can/lib/python3.8/site-packages/ugv_can/ackermann_odom_publisher.py
/home/navcon/ws/mina_ws/install/ugv_can/lib/python3.8/site-packages/ugv_can/can_sample.py
/home/navcon/ws/mina_ws/install/ugv_can/lib/python3.8/site-packages/ugv_can/custom_odom_from_cmd.py
/home/navcon/ws/mina_ws/install/ugv_can/lib/python3.8/site-packages/ugv_can/base_odom.py
/home/navcon/ws/mina_ws/install/ugv_can/lib/python3.8/site-packages/ugv_can/new_odom_publisher.py
/home/navcon/ws/mina_ws/install/ugv_can/lib/python3.8/site-packages/ugv_can/first_odom_publisher.py
/home/navcon/ws/mina_ws/install/ugv_can/lib/python3.8/site-packages/ugv_can/new_publisher.py
/home/navcon/ws/mina_ws/install/ugv_can/lib/python3.8/site-packages/ugv_can/can2_sample.py
/home/navcon/ws/mina_ws/install/ugv_can/lib/python3.8/site-packages/ugv_can/odom_while_pub.py
/home/navcon/ws/mina_ws/install/ugv_can/lib/python3.8/site-packages/ugv_can/odom_publisher.py
/home/navcon/ws/mina_ws/install/ugv_can/lib/python3.8/site-packages/ugv_can/first_odom_while_pub.py
/home/navcon/ws/mina_ws/install/ugv_can/lib/python3.8/site-packages/ugv_can/__init__.py
/home/navcon/ws/mina_ws/install/ugv_can/lib/python3.8/site-packages/ugv_can/imu_mad.py
/home/navcon/ws/mina_ws/install/ugv_can/lib/python3.8/site-packages/ugv_can/publish_odom2.py
/home/navcon/ws/mina_ws/install/ugv_can/lib/python3.8/site-packages/ugv_can/manual_odom_publisher.py
/home/navcon/ws/mina_ws/install/ugv_can/lib/python3.8/site-packages/ugv_can/scaled_offset.py
/home/navcon/ws/mina_ws/install/ugv_can/lib/python3.8/site-packages/ugv_can/ackermann_velocity_publisher.py
/home/navcon/ws/mina_ws/install/ugv_can/lib/python3.8/site-packages/ugv_can/__pycache__/navrover_ps4_ctrl.cpython-38.pyc
/home/navcon/ws/mina_ws/install/ugv_can/lib/python3.8/site-packages/ugv_can/__pycache__/publish_odom.cpython-38.pyc
/home/navcon/ws/mina_ws/install/ugv_can/lib/python3.8/site-packages/ugv_can/__pycache__/ackermann_odom_publisher.cpython-38.pyc
/home/navcon/ws/mina_ws/install/ugv_can/lib/python3.8/site-packages/ugv_can/__pycache__/can_sample.cpython-38.pyc
/home/navcon/ws/mina_ws/install/ugv_can/lib/python3.8/site-packages/ugv_can/__pycache__/custom_odom_from_cmd.cpython-38.pyc
/home/navcon/ws/mina_ws/install/ugv_can/lib/python3.8/site-packages/ugv_can/__pycache__/base_odom.cpython-38.pyc
/home/navcon/ws/mina_ws/install/ugv_can/lib/python3.8/site-packages/ugv_can/__pycache__/new_odom_publisher.cpython-38.pyc
/home/navcon/ws/mina_ws/install/ugv_can/lib/python3.8/site-packages/ugv_can/__pycache__/first_odom_publisher.cpython-38.pyc
/home/navcon/ws/mina_ws/install/ugv_can/lib/python3.8/site-packages/ugv_can/__pycache__/new_publisher.cpython-38.pyc
/home/navcon/ws/mina_ws/install/ugv_can/lib/python3.8/site-packages/ugv_can/__pycache__/can2_sample.cpython-38.pyc
/home/navcon/ws/mina_ws/install/ugv_can/lib/python3.8/site-packages/ugv_can/__pycache__/odom_while_pub.cpython-38.pyc
/home/navcon/ws/mina_ws/install/ugv_can/lib/python3.8/site-packages/ugv_can/__pycache__/odom_publisher.cpython-38.pyc
/home/navcon/ws/mina_ws/install/ugv_can/lib/python3.8/site-packages/ugv_can/__pycache__/first_odom_while_pub.cpython-38.pyc
/home/navcon/ws/mina_ws/install/ugv_can/lib/python3.8/site-packages/ugv_can/__pycache__/__init__.cpython-38.pyc
/home/navcon/ws/mina_ws/install/ugv_can/lib/python3.8/site-packages/ugv_can/__pycache__/imu_mad.cpython-38.pyc
/home/navcon/ws/mina_ws/install/ugv_can/lib/python3.8/site-packages/ugv_can/__pycache__/publish_odom2.cpython-38.pyc
/home/navcon/ws/mina_ws/install/ugv_can/lib/python3.8/site-packages/ugv_can/__pycache__/manual_odom_publisher.cpython-38.pyc
/home/navcon/ws/mina_ws/install/ugv_can/lib/python3.8/site-packages/ugv_can/__pycache__/scaled_offset.cpython-38.pyc
/home/navcon/ws/mina_ws/install/ugv_can/lib/python3.8/site-packages/ugv_can/__pycache__/ackermann_velocity_publisher.cpython-38.pyc
/home/navcon/ws/mina_ws/install/ugv_can/share/ament_index/resource_index/packages/ugv_can
/home/navcon/ws/mina_ws/install/ugv_can/share/ugv_can/package.xml
/home/navcon/ws/mina_ws/install/ugv_can/lib/python3.8/site-packages/ugv_can-0.0.0-py3.8.egg-info/requires.txt
/home/navcon/ws/mina_ws/install/ugv_can/lib/python3.8/site-packages/ugv_can-0.0.0-py3.8.egg-info/SOURCES.txt
/home/navcon/ws/mina_ws/install/ugv_can/lib/python3.8/site-packages/ugv_can-0.0.0-py3.8.egg-info/top_level.txt
/home/navcon/ws/mina_ws/install/ugv_can/lib/python3.8/site-packages/ugv_can-0.0.0-py3.8.egg-info/dependency_links.txt
/home/navcon/ws/mina_ws/install/ugv_can/lib/python3.8/site-packages/ugv_can-0.0.0-py3.8.egg-info/entry_points.txt
/home/navcon/ws/mina_ws/install/ugv_can/lib/python3.8/site-packages/ugv_can-0.0.0-py3.8.egg-info/PKG-INFO
/home/navcon/ws/mina_ws/install/ugv_can/lib/python3.8/site-packages/ugv_can-0.0.0-py3.8.egg-info/zip-safe
/home/navcon/ws/mina_ws/install/ugv_can/lib/ugv_can/converter
/home/navcon/ws/mina_ws/install/ugv_can/lib/ugv_can/first_odom_publisher
/home/navcon/ws/mina_ws/install/ugv_can/lib/ugv_can/first_odom_while_pub
/home/navcon/ws/mina_ws/install/ugv_can/lib/ugv_can/imu_mad
/home/navcon/ws/mina_ws/install/ugv_can/lib/ugv_can/imu_node
/home/navcon/ws/mina_ws/install/ugv_can/lib/ugv_can/odom_final
/home/navcon/ws/mina_ws/install/ugv_can/lib/ugv_can/odom_pub
/home/navcon/ws/mina_ws/install/ugv_can/lib/ugv_can/odom_publisher
/home/navcon/ws/mina_ws/install/ugv_can/lib/ugv_can/odom_while_pub
/home/navcon/ws/mina_ws/install/ugv_can/lib/ugv_can/ps_node
/home/navcon/ws/mina_ws/install/ugv_can/lib/ugv_can/pub
/home/navcon/ws/mina_ws/install/ugv_can/lib/ugv_can/sample
/home/navcon/ws/mina_ws/install/ugv_can/lib/ugv_can/sender
