[0.416s] DEBUG:colcon:Command line arguments: ['/usr/bin/colcon', 'build']
[0.416s] DEBUG:colcon:Parsed command line arguments: Namespace(allow_overriding=[], ament_cmake_args=None, base_paths=['.'], build_base='build', catkin_cmake_args=None, catkin_skip_building_tests=False, cmake_args=None, cmake_clean_cache=False, cmake_clean_first=False, cmake_force_configure=False, cmake_target=None, cmake_target_skip_unavailable=False, continue_on_error=False, event_handlers=None, executor='parallel', ignore_user_meta=False, install_base='install', log_base=None, log_level=None, main=<bound method BuildVerb.main of <colcon_core.verb.build.BuildVerb object at 0xffffab15f6a0>>, merge_install=False, metas=['./colcon.meta'], mixin=None, mixin_files=None, mixin_verb=('build',), packages_above=None, packages_above_and_dependencies=None, packages_above_depth=None, packages_end=None, packages_ignore=None, packages_ignore_regex=None, packages_select=None, packages_select_build_failed=False, packages_select_by_dep=None, packages_select_regex=None, packages_select_test_failures=False, packages_skip=None, packages_skip_build_finished=False, packages_skip_by_dep=None, packages_skip_regex=None, packages_skip_test_passed=False, packages_skip_up_to=None, packages_start=None, packages_up_to=None, packages_up_to_regex=None, parallel_workers=8, paths=None, symlink_install=False, test_result_base=None, verb_extension=<colcon_core.verb.build.BuildVerb object at 0xffffab15f6a0>, verb_name='build', verb_parser=<colcon_mixin.mixin.mixin_argument.MixinArgumentDecorator object at 0xffffab15fca0>)
[0.770s] Level 1:colcon.colcon_core.package_discovery:discover_packages(colcon_meta) check parameters
[0.770s] Level 1:colcon.colcon_core.package_discovery:discover_packages(recursive) check parameters
[0.770s] Level 1:colcon.colcon_core.package_discovery:discover_packages(ignore) check parameters
[0.771s] Level 1:colcon.colcon_core.package_discovery:discover_packages(path) check parameters
[0.771s] Level 1:colcon.colcon_core.package_discovery:discover_packages(colcon_meta) discover
[0.771s] Level 1:colcon.colcon_core.package_discovery:discover_packages(recursive) discover
[0.771s] INFO:colcon.colcon_core.package_discovery:Crawling recursively for packages in '/home/navcon/ws/mina_ws'
[0.771s] Level 1:colcon.colcon_core.package_identification:_identify(.) by extensions ['ignore', 'ignore_ament_install']
[0.772s] Level 1:colcon.colcon_core.package_identification:_identify(.) by extension 'ignore'
[0.772s] Level 1:colcon.colcon_core.package_identification:_identify(.) by extension 'ignore_ament_install'
[0.772s] Level 1:colcon.colcon_core.package_identification:_identify(.) by extensions ['colcon_pkg']
[0.772s] Level 1:colcon.colcon_core.package_identification:_identify(.) by extension 'colcon_pkg'
[0.772s] Level 1:colcon.colcon_core.package_identification:_identify(.) by extensions ['colcon_meta']
[0.772s] Level 1:colcon.colcon_core.package_identification:_identify(.) by extension 'colcon_meta'
[0.772s] Level 1:colcon.colcon_core.package_identification:_identify(.) by extensions ['ros']
[0.772s] Level 1:colcon.colcon_core.package_identification:_identify(.) by extension 'ros'
[0.798s] Level 1:colcon.colcon_core.package_identification:_identify(.) by extensions ['cmake', 'python']
[0.799s] Level 1:colcon.colcon_core.package_identification:_identify(.) by extension 'cmake'
[0.799s] Level 1:colcon.colcon_core.package_identification:_identify(.) by extension 'python'
[0.799s] Level 1:colcon.colcon_core.package_identification:_identify(.) by extensions ['python_setup_py']
[0.799s] Level 1:colcon.colcon_core.package_identification:_identify(.) by extension 'python_setup_py'
[0.799s] Level 1:colcon.colcon_core.package_identification:_identify(build) by extensions ['ignore', 'ignore_ament_install']
[0.800s] Level 1:colcon.colcon_core.package_identification:_identify(build) by extension 'ignore'
[0.800s] Level 1:colcon.colcon_core.package_identification:_identify(build) ignored
[0.800s] Level 1:colcon.colcon_core.package_identification:_identify(install) by extensions ['ignore', 'ignore_ament_install']
[0.800s] Level 1:colcon.colcon_core.package_identification:_identify(install) by extension 'ignore'
[0.800s] Level 1:colcon.colcon_core.package_identification:_identify(install) ignored
[0.801s] Level 1:colcon.colcon_core.package_identification:_identify(log) by extensions ['ignore', 'ignore_ament_install']
[0.801s] Level 1:colcon.colcon_core.package_identification:_identify(log) by extension 'ignore'
[0.801s] Level 1:colcon.colcon_core.package_identification:_identify(log) ignored
[0.801s] Level 1:colcon.colcon_core.package_identification:_identify(src) by extensions ['ignore', 'ignore_ament_install']
[0.801s] Level 1:colcon.colcon_core.package_identification:_identify(src) by extension 'ignore'
[0.802s] Level 1:colcon.colcon_core.package_identification:_identify(src) by extension 'ignore_ament_install'
[0.802s] Level 1:colcon.colcon_core.package_identification:_identify(src) by extensions ['colcon_pkg']
[0.802s] Level 1:colcon.colcon_core.package_identification:_identify(src) by extension 'colcon_pkg'
[0.802s] Level 1:colcon.colcon_core.package_identification:_identify(src) by extensions ['colcon_meta']
[0.802s] Level 1:colcon.colcon_core.package_identification:_identify(src) by extension 'colcon_meta'
[0.802s] Level 1:colcon.colcon_core.package_identification:_identify(src) by extensions ['ros']
[0.802s] Level 1:colcon.colcon_core.package_identification:_identify(src) by extension 'ros'
[0.802s] Level 1:colcon.colcon_core.package_identification:_identify(src) by extensions ['cmake', 'python']
[0.802s] Level 1:colcon.colcon_core.package_identification:_identify(src) by extension 'cmake'
[0.803s] Level 1:colcon.colcon_core.package_identification:_identify(src) by extension 'python'
[0.803s] Level 1:colcon.colcon_core.package_identification:_identify(src) by extensions ['python_setup_py']
[0.803s] Level 1:colcon.colcon_core.package_identification:_identify(src) by extension 'python_setup_py'
[0.803s] Level 1:colcon.colcon_core.package_identification:_identify(src/ackermann-odometry) by extensions ['ignore', 'ignore_ament_install']
[0.803s] Level 1:colcon.colcon_core.package_identification:_identify(src/ackermann-odometry) by extension 'ignore'
[0.803s] Level 1:colcon.colcon_core.package_identification:_identify(src/ackermann-odometry) by extension 'ignore_ament_install'
[0.804s] Level 1:colcon.colcon_core.package_identification:_identify(src/ackermann-odometry) by extensions ['colcon_pkg']
[0.804s] Level 1:colcon.colcon_core.package_identification:_identify(src/ackermann-odometry) by extension 'colcon_pkg'
[0.804s] Level 1:colcon.colcon_core.package_identification:_identify(src/ackermann-odometry) by extensions ['colcon_meta']
[0.804s] Level 1:colcon.colcon_core.package_identification:_identify(src/ackermann-odometry) by extension 'colcon_meta'
[0.804s] Level 1:colcon.colcon_core.package_identification:_identify(src/ackermann-odometry) by extensions ['ros']
[0.804s] Level 1:colcon.colcon_core.package_identification:_identify(src/ackermann-odometry) by extension 'ros'
[0.804s] Level 1:colcon.colcon_core.package_identification:_identify(src/ackermann-odometry) by extensions ['cmake', 'python']
[0.804s] Level 1:colcon.colcon_core.package_identification:_identify(src/ackermann-odometry) by extension 'cmake'
[0.804s] Level 1:colcon.colcon_core.package_identification:_identify(src/ackermann-odometry) by extension 'python'
[0.804s] Level 1:colcon.colcon_core.package_identification:_identify(src/ackermann-odometry) by extensions ['python_setup_py']
[0.804s] Level 1:colcon.colcon_core.package_identification:_identify(src/ackermann-odometry) by extension 'python_setup_py'
[0.805s] Level 1:colcon.colcon_core.package_identification:_identify(src/ackermann-odometry/docker) by extensions ['ignore', 'ignore_ament_install']
[0.805s] Level 1:colcon.colcon_core.package_identification:_identify(src/ackermann-odometry/docker) by extension 'ignore'
[0.805s] Level 1:colcon.colcon_core.package_identification:_identify(src/ackermann-odometry/docker) by extension 'ignore_ament_install'
[0.805s] Level 1:colcon.colcon_core.package_identification:_identify(src/ackermann-odometry/docker) by extensions ['colcon_pkg']
[0.805s] Level 1:colcon.colcon_core.package_identification:_identify(src/ackermann-odometry/docker) by extension 'colcon_pkg'
[0.805s] Level 1:colcon.colcon_core.package_identification:_identify(src/ackermann-odometry/docker) by extensions ['colcon_meta']
[0.805s] Level 1:colcon.colcon_core.package_identification:_identify(src/ackermann-odometry/docker) by extension 'colcon_meta'
[0.806s] Level 1:colcon.colcon_core.package_identification:_identify(src/ackermann-odometry/docker) by extensions ['ros']
[0.806s] Level 1:colcon.colcon_core.package_identification:_identify(src/ackermann-odometry/docker) by extension 'ros'
[0.806s] Level 1:colcon.colcon_core.package_identification:_identify(src/ackermann-odometry/docker) by extensions ['cmake', 'python']
[0.806s] Level 1:colcon.colcon_core.package_identification:_identify(src/ackermann-odometry/docker) by extension 'cmake'
[0.806s] Level 1:colcon.colcon_core.package_identification:_identify(src/ackermann-odometry/docker) by extension 'python'
[0.806s] Level 1:colcon.colcon_core.package_identification:_identify(src/ackermann-odometry/docker) by extensions ['python_setup_py']
[0.806s] Level 1:colcon.colcon_core.package_identification:_identify(src/ackermann-odometry/docker) by extension 'python_setup_py'
[0.806s] Level 1:colcon.colcon_core.package_identification:_identify(src/ackermann-odometry/private) by extensions ['ignore', 'ignore_ament_install']
[0.807s] Level 1:colcon.colcon_core.package_identification:_identify(src/ackermann-odometry/private) by extension 'ignore'
[0.807s] Level 1:colcon.colcon_core.package_identification:_identify(src/ackermann-odometry/private) by extension 'ignore_ament_install'
[0.807s] Level 1:colcon.colcon_core.package_identification:_identify(src/ackermann-odometry/private) by extensions ['colcon_pkg']
[0.807s] Level 1:colcon.colcon_core.package_identification:_identify(src/ackermann-odometry/private) by extension 'colcon_pkg'
[0.807s] Level 1:colcon.colcon_core.package_identification:_identify(src/ackermann-odometry/private) by extensions ['colcon_meta']
[0.807s] Level 1:colcon.colcon_core.package_identification:_identify(src/ackermann-odometry/private) by extension 'colcon_meta'
[0.807s] Level 1:colcon.colcon_core.package_identification:_identify(src/ackermann-odometry/private) by extensions ['ros']
[0.807s] Level 1:colcon.colcon_core.package_identification:_identify(src/ackermann-odometry/private) by extension 'ros'
[0.807s] Level 1:colcon.colcon_core.package_identification:_identify(src/ackermann-odometry/private) by extensions ['cmake', 'python']
[0.807s] Level 1:colcon.colcon_core.package_identification:_identify(src/ackermann-odometry/private) by extension 'cmake'
[0.808s] Level 1:colcon.colcon_core.package_identification:_identify(src/ackermann-odometry/private) by extension 'python'
[0.808s] Level 1:colcon.colcon_core.package_identification:_identify(src/ackermann-odometry/private) by extensions ['python_setup_py']
[0.808s] Level 1:colcon.colcon_core.package_identification:_identify(src/ackermann-odometry/private) by extension 'python_setup_py'
[0.808s] Level 1:colcon.colcon_core.package_identification:_identify(src/ackermann-odometry/scripts) by extensions ['ignore', 'ignore_ament_install']
[0.808s] Level 1:colcon.colcon_core.package_identification:_identify(src/ackermann-odometry/scripts) by extension 'ignore'
[0.808s] Level 1:colcon.colcon_core.package_identification:_identify(src/ackermann-odometry/scripts) by extension 'ignore_ament_install'
[0.808s] Level 1:colcon.colcon_core.package_identification:_identify(src/ackermann-odometry/scripts) by extensions ['colcon_pkg']
[0.809s] Level 1:colcon.colcon_core.package_identification:_identify(src/ackermann-odometry/scripts) by extension 'colcon_pkg'
[0.809s] Level 1:colcon.colcon_core.package_identification:_identify(src/ackermann-odometry/scripts) by extensions ['colcon_meta']
[0.809s] Level 1:colcon.colcon_core.package_identification:_identify(src/ackermann-odometry/scripts) by extension 'colcon_meta'
[0.809s] Level 1:colcon.colcon_core.package_identification:_identify(src/ackermann-odometry/scripts) by extensions ['ros']
[0.809s] Level 1:colcon.colcon_core.package_identification:_identify(src/ackermann-odometry/scripts) by extension 'ros'
[0.809s] Level 1:colcon.colcon_core.package_identification:_identify(src/ackermann-odometry/scripts) by extensions ['cmake', 'python']
[0.809s] Level 1:colcon.colcon_core.package_identification:_identify(src/ackermann-odometry/scripts) by extension 'cmake'
[0.809s] Level 1:colcon.colcon_core.package_identification:_identify(src/ackermann-odometry/scripts) by extension 'python'
[0.809s] Level 1:colcon.colcon_core.package_identification:_identify(src/ackermann-odometry/scripts) by extensions ['python_setup_py']
[0.809s] Level 1:colcon.colcon_core.package_identification:_identify(src/ackermann-odometry/scripts) by extension 'python_setup_py'
[0.810s] Level 1:colcon.colcon_core.package_identification:_identify(src/ackermann-odometry/src) by extensions ['ignore', 'ignore_ament_install']
[0.810s] Level 1:colcon.colcon_core.package_identification:_identify(src/ackermann-odometry/src) by extension 'ignore'
[0.810s] Level 1:colcon.colcon_core.package_identification:_identify(src/ackermann-odometry/src) by extension 'ignore_ament_install'
[0.810s] Level 1:colcon.colcon_core.package_identification:_identify(src/ackermann-odometry/src) by extensions ['colcon_pkg']
[0.810s] Level 1:colcon.colcon_core.package_identification:_identify(src/ackermann-odometry/src) by extension 'colcon_pkg'
[0.810s] Level 1:colcon.colcon_core.package_identification:_identify(src/ackermann-odometry/src) by extensions ['colcon_meta']
[0.810s] Level 1:colcon.colcon_core.package_identification:_identify(src/ackermann-odometry/src) by extension 'colcon_meta'
[0.810s] Level 1:colcon.colcon_core.package_identification:_identify(src/ackermann-odometry/src) by extensions ['ros']
[0.811s] Level 1:colcon.colcon_core.package_identification:_identify(src/ackermann-odometry/src) by extension 'ros'
[0.811s] Level 1:colcon.colcon_core.package_identification:_identify(src/ackermann-odometry/src) by extensions ['cmake', 'python']
[0.811s] Level 1:colcon.colcon_core.package_identification:_identify(src/ackermann-odometry/src) by extension 'cmake'
[0.811s] Level 1:colcon.colcon_core.package_identification:_identify(src/ackermann-odometry/src) by extension 'python'
[0.811s] Level 1:colcon.colcon_core.package_identification:_identify(src/ackermann-odometry/src) by extensions ['python_setup_py']
[0.811s] Level 1:colcon.colcon_core.package_identification:_identify(src/ackermann-odometry/src) by extension 'python_setup_py'
[0.811s] Level 1:colcon.colcon_core.package_identification:_identify(src/ackermann-odometry/src/ackermann_controller) by extensions ['ignore', 'ignore_ament_install']
[0.811s] Level 1:colcon.colcon_core.package_identification:_identify(src/ackermann-odometry/src/ackermann_controller) by extension 'ignore'
[0.812s] Level 1:colcon.colcon_core.package_identification:_identify(src/ackermann-odometry/src/ackermann_controller) by extension 'ignore_ament_install'
[0.812s] Level 1:colcon.colcon_core.package_identification:_identify(src/ackermann-odometry/src/ackermann_controller) by extensions ['colcon_pkg']
[0.812s] Level 1:colcon.colcon_core.package_identification:_identify(src/ackermann-odometry/src/ackermann_controller) by extension 'colcon_pkg'
[0.812s] Level 1:colcon.colcon_core.package_identification:_identify(src/ackermann-odometry/src/ackermann_controller) by extensions ['colcon_meta']
[0.812s] Level 1:colcon.colcon_core.package_identification:_identify(src/ackermann-odometry/src/ackermann_controller) by extension 'colcon_meta'
[0.812s] Level 1:colcon.colcon_core.package_identification:_identify(src/ackermann-odometry/src/ackermann_controller) by extensions ['ros']
[0.812s] Level 1:colcon.colcon_core.package_identification:_identify(src/ackermann-odometry/src/ackermann_controller) by extension 'ros'
[0.818s] DEBUG:colcon.colcon_core.package_identification:Package 'src/ackermann-odometry/src/ackermann_controller' with type 'ros.ament_python' and name 'ackermann_controller'
[0.819s] Level 1:colcon.colcon_core.package_identification:_identify(src/ackermann-odometry/src/ackermann_interfaces) by extensions ['ignore', 'ignore_ament_install']
[0.819s] Level 1:colcon.colcon_core.package_identification:_identify(src/ackermann-odometry/src/ackermann_interfaces) by extension 'ignore'
[0.819s] Level 1:colcon.colcon_core.package_identification:_identify(src/ackermann-odometry/src/ackermann_interfaces) by extension 'ignore_ament_install'
[0.820s] Level 1:colcon.colcon_core.package_identification:_identify(src/ackermann-odometry/src/ackermann_interfaces) by extensions ['colcon_pkg']
[0.820s] Level 1:colcon.colcon_core.package_identification:_identify(src/ackermann-odometry/src/ackermann_interfaces) by extension 'colcon_pkg'
[0.820s] Level 1:colcon.colcon_core.package_identification:_identify(src/ackermann-odometry/src/ackermann_interfaces) by extensions ['colcon_meta']
[0.820s] Level 1:colcon.colcon_core.package_identification:_identify(src/ackermann-odometry/src/ackermann_interfaces) by extension 'colcon_meta'
[0.820s] Level 1:colcon.colcon_core.package_identification:_identify(src/ackermann-odometry/src/ackermann_interfaces) by extensions ['ros']
[0.820s] Level 1:colcon.colcon_core.package_identification:_identify(src/ackermann-odometry/src/ackermann_interfaces) by extension 'ros'
[0.821s] DEBUG:colcon.colcon_core.package_identification:Package 'src/ackermann-odometry/src/ackermann_interfaces' with type 'ros.ament_cmake' and name 'ackermann_interfaces'
[0.822s] Level 1:colcon.colcon_core.package_identification:_identify(src/ackermann-odometry/src/ackermann_odometry) by extensions ['ignore', 'ignore_ament_install']
[0.822s] Level 1:colcon.colcon_core.package_identification:_identify(src/ackermann-odometry/src/ackermann_odometry) by extension 'ignore'
[0.822s] Level 1:colcon.colcon_core.package_identification:_identify(src/ackermann-odometry/src/ackermann_odometry) by extension 'ignore_ament_install'
[0.822s] Level 1:colcon.colcon_core.package_identification:_identify(src/ackermann-odometry/src/ackermann_odometry) by extensions ['colcon_pkg']
[0.822s] Level 1:colcon.colcon_core.package_identification:_identify(src/ackermann-odometry/src/ackermann_odometry) by extension 'colcon_pkg'
[0.823s] Level 1:colcon.colcon_core.package_identification:_identify(src/ackermann-odometry/src/ackermann_odometry) by extensions ['colcon_meta']
[0.823s] Level 1:colcon.colcon_core.package_identification:_identify(src/ackermann-odometry/src/ackermann_odometry) by extension 'colcon_meta'
[0.823s] Level 1:colcon.colcon_core.package_identification:_identify(src/ackermann-odometry/src/ackermann_odometry) by extensions ['ros']
[0.823s] Level 1:colcon.colcon_core.package_identification:_identify(src/ackermann-odometry/src/ackermann_odometry) by extension 'ros'
[0.824s] DEBUG:colcon.colcon_core.package_identification:Package 'src/ackermann-odometry/src/ackermann_odometry' with type 'ros.ament_python' and name 'ackermann_odometry'
[0.824s] Level 1:colcon.colcon_core.package_identification:_identify(src/mina_ugv) by extensions ['ignore', 'ignore_ament_install']
[0.825s] Level 1:colcon.colcon_core.package_identification:_identify(src/mina_ugv) by extension 'ignore'
[0.825s] Level 1:colcon.colcon_core.package_identification:_identify(src/mina_ugv) by extension 'ignore_ament_install'
[0.825s] Level 1:colcon.colcon_core.package_identification:_identify(src/mina_ugv) by extensions ['colcon_pkg']
[0.825s] Level 1:colcon.colcon_core.package_identification:_identify(src/mina_ugv) by extension 'colcon_pkg'
[0.825s] Level 1:colcon.colcon_core.package_identification:_identify(src/mina_ugv) by extensions ['colcon_meta']
[0.825s] Level 1:colcon.colcon_core.package_identification:_identify(src/mina_ugv) by extension 'colcon_meta'
[0.825s] Level 1:colcon.colcon_core.package_identification:_identify(src/mina_ugv) by extensions ['ros']
[0.825s] Level 1:colcon.colcon_core.package_identification:_identify(src/mina_ugv) by extension 'ros'
[0.827s] DEBUG:colcon.colcon_core.package_identification:Package 'src/mina_ugv' with type 'ros.ament_cmake' and name 'mina_ugv'
[0.827s] Level 1:colcon.colcon_core.package_identification:_identify(src/mini_ugv) by extensions ['ignore', 'ignore_ament_install']
[0.828s] Level 1:colcon.colcon_core.package_identification:_identify(src/mini_ugv) by extension 'ignore'
[0.828s] Level 1:colcon.colcon_core.package_identification:_identify(src/mini_ugv) by extension 'ignore_ament_install'
[0.828s] Level 1:colcon.colcon_core.package_identification:_identify(src/mini_ugv) by extensions ['colcon_pkg']
[0.828s] Level 1:colcon.colcon_core.package_identification:_identify(src/mini_ugv) by extension 'colcon_pkg'
[0.828s] Level 1:colcon.colcon_core.package_identification:_identify(src/mini_ugv) by extensions ['colcon_meta']
[0.828s] Level 1:colcon.colcon_core.package_identification:_identify(src/mini_ugv) by extension 'colcon_meta'
[0.828s] Level 1:colcon.colcon_core.package_identification:_identify(src/mini_ugv) by extensions ['ros']
[0.828s] Level 1:colcon.colcon_core.package_identification:_identify(src/mini_ugv) by extension 'ros'
[0.830s] DEBUG:colcon.colcon_core.package_identification:Package 'src/mini_ugv' with type 'ros.ament_cmake' and name 'mini_ugv'
[0.830s] Level 1:colcon.colcon_core.package_identification:_identify(src/ugv_can) by extensions ['ignore', 'ignore_ament_install']
[0.830s] Level 1:colcon.colcon_core.package_identification:_identify(src/ugv_can) by extension 'ignore'
[0.830s] Level 1:colcon.colcon_core.package_identification:_identify(src/ugv_can) by extension 'ignore_ament_install'
[0.830s] Level 1:colcon.colcon_core.package_identification:_identify(src/ugv_can) by extensions ['colcon_pkg']
[0.831s] Level 1:colcon.colcon_core.package_identification:_identify(src/ugv_can) by extension 'colcon_pkg'
[0.831s] Level 1:colcon.colcon_core.package_identification:_identify(src/ugv_can) by extensions ['colcon_meta']
[0.831s] Level 1:colcon.colcon_core.package_identification:_identify(src/ugv_can) by extension 'colcon_meta'
[0.831s] Level 1:colcon.colcon_core.package_identification:_identify(src/ugv_can) by extensions ['ros']
[0.831s] Level 1:colcon.colcon_core.package_identification:_identify(src/ugv_can) by extension 'ros'
[0.832s] DEBUG:colcon.colcon_core.package_identification:Package 'src/ugv_can' with type 'ros.ament_python' and name 'ugv_can'
[0.832s] Level 1:colcon.colcon_core.package_identification:_identify(src/ugv_design) by extensions ['ignore', 'ignore_ament_install']
[0.833s] Level 1:colcon.colcon_core.package_identification:_identify(src/ugv_design) by extension 'ignore'
[0.833s] Level 1:colcon.colcon_core.package_identification:_identify(src/ugv_design) by extension 'ignore_ament_install'
[0.833s] Level 1:colcon.colcon_core.package_identification:_identify(src/ugv_design) by extensions ['colcon_pkg']
[0.833s] Level 1:colcon.colcon_core.package_identification:_identify(src/ugv_design) by extension 'colcon_pkg'
[0.833s] Level 1:colcon.colcon_core.package_identification:_identify(src/ugv_design) by extensions ['colcon_meta']
[0.833s] Level 1:colcon.colcon_core.package_identification:_identify(src/ugv_design) by extension 'colcon_meta'
[0.833s] Level 1:colcon.colcon_core.package_identification:_identify(src/ugv_design) by extensions ['ros']
[0.833s] Level 1:colcon.colcon_core.package_identification:_identify(src/ugv_design) by extension 'ros'
[0.834s] DEBUG:colcon.colcon_core.package_identification:Package 'src/ugv_design' with type 'ros.ament_cmake' and name 'ugv_design'
[0.835s] Level 1:colcon.colcon_core.package_identification:_identify(src/ydlidar_ros2_driver) by extensions ['ignore', 'ignore_ament_install']
[0.835s] Level 1:colcon.colcon_core.package_identification:_identify(src/ydlidar_ros2_driver) by extension 'ignore'
[0.835s] Level 1:colcon.colcon_core.package_identification:_identify(src/ydlidar_ros2_driver) by extension 'ignore_ament_install'
[0.835s] Level 1:colcon.colcon_core.package_identification:_identify(src/ydlidar_ros2_driver) by extensions ['colcon_pkg']
[0.835s] Level 1:colcon.colcon_core.package_identification:_identify(src/ydlidar_ros2_driver) by extension 'colcon_pkg'
[0.835s] Level 1:colcon.colcon_core.package_identification:_identify(src/ydlidar_ros2_driver) by extensions ['colcon_meta']
[0.835s] Level 1:colcon.colcon_core.package_identification:_identify(src/ydlidar_ros2_driver) by extension 'colcon_meta'
[0.835s] Level 1:colcon.colcon_core.package_identification:_identify(src/ydlidar_ros2_driver) by extensions ['ros']
[0.836s] Level 1:colcon.colcon_core.package_identification:_identify(src/ydlidar_ros2_driver) by extension 'ros'
[0.837s] DEBUG:colcon.colcon_core.package_identification:Package 'src/ydlidar_ros2_driver' with type 'ros.ament_cmake' and name 'ydlidar_ros2_driver'
[0.837s] Level 1:colcon.colcon_core.package_discovery:discover_packages(recursive) using defaults
[0.837s] Level 1:colcon.colcon_core.package_discovery:discover_packages(ignore) discover
[0.837s] Level 1:colcon.colcon_core.package_discovery:discover_packages(ignore) using defaults
[0.837s] Level 1:colcon.colcon_core.package_discovery:discover_packages(path) discover
[0.837s] Level 1:colcon.colcon_core.package_discovery:discover_packages(path) using defaults
[0.914s] Level 1:colcon.colcon_core.package_discovery:discover_packages(prefix_path) check parameters
[0.914s] Level 1:colcon.colcon_core.package_discovery:discover_packages(prefix_path) discover
[0.920s] DEBUG:colcon.colcon_installed_package_information.package_discovery:Found 8 installed packages in /home/navcon/ws/mina_ws/install
[0.923s] DEBUG:colcon.colcon_installed_package_information.package_discovery:Found 400 installed packages in /opt/ros/humble
[0.927s] Level 1:colcon.colcon_core.package_discovery:discover_packages(prefix_path) using defaults
[1.103s] Level 5:colcon.colcon_core.verb:set package 'ackermann_controller' build argument 'cmake_args' from command line to 'None'
[1.103s] Level 5:colcon.colcon_core.verb:set package 'ackermann_controller' build argument 'cmake_target' from command line to 'None'
[1.103s] Level 5:colcon.colcon_core.verb:set package 'ackermann_controller' build argument 'cmake_target_skip_unavailable' from command line to 'False'
[1.103s] Level 5:colcon.colcon_core.verb:set package 'ackermann_controller' build argument 'cmake_clean_cache' from command line to 'False'
[1.103s] Level 5:colcon.colcon_core.verb:set package 'ackermann_controller' build argument 'cmake_clean_first' from command line to 'False'
[1.103s] Level 5:colcon.colcon_core.verb:set package 'ackermann_controller' build argument 'cmake_force_configure' from command line to 'False'
[1.103s] Level 5:colcon.colcon_core.verb:set package 'ackermann_controller' build argument 'ament_cmake_args' from command line to 'None'
[1.103s] Level 5:colcon.colcon_core.verb:set package 'ackermann_controller' build argument 'catkin_cmake_args' from command line to 'None'
[1.103s] Level 5:colcon.colcon_core.verb:set package 'ackermann_controller' build argument 'catkin_skip_building_tests' from command line to 'False'
[1.103s] DEBUG:colcon.colcon_core.verb:Building package 'ackermann_controller' with the following arguments: {'ament_cmake_args': None, 'build_base': '/home/navcon/ws/mina_ws/build/ackermann_controller', 'catkin_cmake_args': None, 'catkin_skip_building_tests': False, 'cmake_args': None, 'cmake_clean_cache': False, 'cmake_clean_first': False, 'cmake_force_configure': False, 'cmake_target': None, 'cmake_target_skip_unavailable': False, 'install_base': '/home/navcon/ws/mina_ws/install/ackermann_controller', 'merge_install': False, 'path': '/home/navcon/ws/mina_ws/src/ackermann-odometry/src/ackermann_controller', 'symlink_install': False, 'test_result_base': None}
[1.104s] Level 5:colcon.colcon_core.verb:set package 'ackermann_interfaces' build argument 'cmake_args' from command line to 'None'
[1.104s] Level 5:colcon.colcon_core.verb:set package 'ackermann_interfaces' build argument 'cmake_target' from command line to 'None'
[1.104s] Level 5:colcon.colcon_core.verb:set package 'ackermann_interfaces' build argument 'cmake_target_skip_unavailable' from command line to 'False'
[1.104s] Level 5:colcon.colcon_core.verb:set package 'ackermann_interfaces' build argument 'cmake_clean_cache' from command line to 'False'
[1.104s] Level 5:colcon.colcon_core.verb:set package 'ackermann_interfaces' build argument 'cmake_clean_first' from command line to 'False'
[1.105s] Level 5:colcon.colcon_core.verb:set package 'ackermann_interfaces' build argument 'cmake_force_configure' from command line to 'False'
[1.105s] Level 5:colcon.colcon_core.verb:set package 'ackermann_interfaces' build argument 'ament_cmake_args' from command line to 'None'
[1.105s] Level 5:colcon.colcon_core.verb:set package 'ackermann_interfaces' build argument 'catkin_cmake_args' from command line to 'None'
[1.105s] Level 5:colcon.colcon_core.verb:set package 'ackermann_interfaces' build argument 'catkin_skip_building_tests' from command line to 'False'
[1.105s] DEBUG:colcon.colcon_core.verb:Building package 'ackermann_interfaces' with the following arguments: {'ament_cmake_args': None, 'build_base': '/home/navcon/ws/mina_ws/build/ackermann_interfaces', 'catkin_cmake_args': None, 'catkin_skip_building_tests': False, 'cmake_args': None, 'cmake_clean_cache': False, 'cmake_clean_first': False, 'cmake_force_configure': False, 'cmake_target': None, 'cmake_target_skip_unavailable': False, 'install_base': '/home/navcon/ws/mina_ws/install/ackermann_interfaces', 'merge_install': False, 'path': '/home/navcon/ws/mina_ws/src/ackermann-odometry/src/ackermann_interfaces', 'symlink_install': False, 'test_result_base': None}
[1.105s] Level 5:colcon.colcon_core.verb:set package 'mina_ugv' build argument 'cmake_args' from command line to 'None'
[1.105s] Level 5:colcon.colcon_core.verb:set package 'mina_ugv' build argument 'cmake_target' from command line to 'None'
[1.106s] Level 5:colcon.colcon_core.verb:set package 'mina_ugv' build argument 'cmake_target_skip_unavailable' from command line to 'False'
[1.106s] Level 5:colcon.colcon_core.verb:set package 'mina_ugv' build argument 'cmake_clean_cache' from command line to 'False'
[1.106s] Level 5:colcon.colcon_core.verb:set package 'mina_ugv' build argument 'cmake_clean_first' from command line to 'False'
[1.106s] Level 5:colcon.colcon_core.verb:set package 'mina_ugv' build argument 'cmake_force_configure' from command line to 'False'
[1.106s] Level 5:colcon.colcon_core.verb:set package 'mina_ugv' build argument 'ament_cmake_args' from command line to 'None'
[1.106s] Level 5:colcon.colcon_core.verb:set package 'mina_ugv' build argument 'catkin_cmake_args' from command line to 'None'
[1.106s] Level 5:colcon.colcon_core.verb:set package 'mina_ugv' build argument 'catkin_skip_building_tests' from command line to 'False'
[1.106s] DEBUG:colcon.colcon_core.verb:Building package 'mina_ugv' with the following arguments: {'ament_cmake_args': None, 'build_base': '/home/navcon/ws/mina_ws/build/mina_ugv', 'catkin_cmake_args': None, 'catkin_skip_building_tests': False, 'cmake_args': None, 'cmake_clean_cache': False, 'cmake_clean_first': False, 'cmake_force_configure': False, 'cmake_target': None, 'cmake_target_skip_unavailable': False, 'install_base': '/home/navcon/ws/mina_ws/install/mina_ugv', 'merge_install': False, 'path': '/home/navcon/ws/mina_ws/src/mina_ugv', 'symlink_install': False, 'test_result_base': None}
[1.106s] Level 5:colcon.colcon_core.verb:set package 'mini_ugv' build argument 'cmake_args' from command line to 'None'
[1.107s] Level 5:colcon.colcon_core.verb:set package 'mini_ugv' build argument 'cmake_target' from command line to 'None'
[1.107s] Level 5:colcon.colcon_core.verb:set package 'mini_ugv' build argument 'cmake_target_skip_unavailable' from command line to 'False'
[1.107s] Level 5:colcon.colcon_core.verb:set package 'mini_ugv' build argument 'cmake_clean_cache' from command line to 'False'
[1.107s] Level 5:colcon.colcon_core.verb:set package 'mini_ugv' build argument 'cmake_clean_first' from command line to 'False'
[1.107s] Level 5:colcon.colcon_core.verb:set package 'mini_ugv' build argument 'cmake_force_configure' from command line to 'False'
[1.107s] Level 5:colcon.colcon_core.verb:set package 'mini_ugv' build argument 'ament_cmake_args' from command line to 'None'
[1.107s] Level 5:colcon.colcon_core.verb:set package 'mini_ugv' build argument 'catkin_cmake_args' from command line to 'None'
[1.107s] Level 5:colcon.colcon_core.verb:set package 'mini_ugv' build argument 'catkin_skip_building_tests' from command line to 'False'
[1.107s] DEBUG:colcon.colcon_core.verb:Building package 'mini_ugv' with the following arguments: {'ament_cmake_args': None, 'build_base': '/home/navcon/ws/mina_ws/build/mini_ugv', 'catkin_cmake_args': None, 'catkin_skip_building_tests': False, 'cmake_args': None, 'cmake_clean_cache': False, 'cmake_clean_first': False, 'cmake_force_configure': False, 'cmake_target': None, 'cmake_target_skip_unavailable': False, 'install_base': '/home/navcon/ws/mina_ws/install/mini_ugv', 'merge_install': False, 'path': '/home/navcon/ws/mina_ws/src/mini_ugv', 'symlink_install': False, 'test_result_base': None}
[1.108s] Level 5:colcon.colcon_core.verb:set package 'ugv_can' build argument 'cmake_args' from command line to 'None'
[1.108s] Level 5:colcon.colcon_core.verb:set package 'ugv_can' build argument 'cmake_target' from command line to 'None'
[1.108s] Level 5:colcon.colcon_core.verb:set package 'ugv_can' build argument 'cmake_target_skip_unavailable' from command line to 'False'
[1.108s] Level 5:colcon.colcon_core.verb:set package 'ugv_can' build argument 'cmake_clean_cache' from command line to 'False'
[1.108s] Level 5:colcon.colcon_core.verb:set package 'ugv_can' build argument 'cmake_clean_first' from command line to 'False'
[1.108s] Level 5:colcon.colcon_core.verb:set package 'ugv_can' build argument 'cmake_force_configure' from command line to 'False'
[1.108s] Level 5:colcon.colcon_core.verb:set package 'ugv_can' build argument 'ament_cmake_args' from command line to 'None'
[1.108s] Level 5:colcon.colcon_core.verb:set package 'ugv_can' build argument 'catkin_cmake_args' from command line to 'None'
[1.108s] Level 5:colcon.colcon_core.verb:set package 'ugv_can' build argument 'catkin_skip_building_tests' from command line to 'False'
[1.108s] DEBUG:colcon.colcon_core.verb:Building package 'ugv_can' with the following arguments: {'ament_cmake_args': None, 'build_base': '/home/navcon/ws/mina_ws/build/ugv_can', 'catkin_cmake_args': None, 'catkin_skip_building_tests': False, 'cmake_args': None, 'cmake_clean_cache': False, 'cmake_clean_first': False, 'cmake_force_configure': False, 'cmake_target': None, 'cmake_target_skip_unavailable': False, 'install_base': '/home/navcon/ws/mina_ws/install/ugv_can', 'merge_install': False, 'path': '/home/navcon/ws/mina_ws/src/ugv_can', 'symlink_install': False, 'test_result_base': None}
[1.109s] Level 5:colcon.colcon_core.verb:set package 'ugv_design' build argument 'cmake_args' from command line to 'None'
[1.109s] Level 5:colcon.colcon_core.verb:set package 'ugv_design' build argument 'cmake_target' from command line to 'None'
[1.109s] Level 5:colcon.colcon_core.verb:set package 'ugv_design' build argument 'cmake_target_skip_unavailable' from command line to 'False'
[1.109s] Level 5:colcon.colcon_core.verb:set package 'ugv_design' build argument 'cmake_clean_cache' from command line to 'False'
[1.109s] Level 5:colcon.colcon_core.verb:set package 'ugv_design' build argument 'cmake_clean_first' from command line to 'False'
[1.109s] Level 5:colcon.colcon_core.verb:set package 'ugv_design' build argument 'cmake_force_configure' from command line to 'False'
[1.109s] Level 5:colcon.colcon_core.verb:set package 'ugv_design' build argument 'ament_cmake_args' from command line to 'None'
[1.109s] Level 5:colcon.colcon_core.verb:set package 'ugv_design' build argument 'catkin_cmake_args' from command line to 'None'
[1.109s] Level 5:colcon.colcon_core.verb:set package 'ugv_design' build argument 'catkin_skip_building_tests' from command line to 'False'
[1.109s] DEBUG:colcon.colcon_core.verb:Building package 'ugv_design' with the following arguments: {'ament_cmake_args': None, 'build_base': '/home/navcon/ws/mina_ws/build/ugv_design', 'catkin_cmake_args': None, 'catkin_skip_building_tests': False, 'cmake_args': None, 'cmake_clean_cache': False, 'cmake_clean_first': False, 'cmake_force_configure': False, 'cmake_target': None, 'cmake_target_skip_unavailable': False, 'install_base': '/home/navcon/ws/mina_ws/install/ugv_design', 'merge_install': False, 'path': '/home/navcon/ws/mina_ws/src/ugv_design', 'symlink_install': False, 'test_result_base': None}
[1.110s] Level 5:colcon.colcon_core.verb:set package 'ydlidar_ros2_driver' build argument 'cmake_args' from command line to 'None'
[1.110s] Level 5:colcon.colcon_core.verb:set package 'ydlidar_ros2_driver' build argument 'cmake_target' from command line to 'None'
[1.110s] Level 5:colcon.colcon_core.verb:set package 'ydlidar_ros2_driver' build argument 'cmake_target_skip_unavailable' from command line to 'False'
[1.110s] Level 5:colcon.colcon_core.verb:set package 'ydlidar_ros2_driver' build argument 'cmake_clean_cache' from command line to 'False'
[1.110s] Level 5:colcon.colcon_core.verb:set package 'ydlidar_ros2_driver' build argument 'cmake_clean_first' from command line to 'False'
[1.110s] Level 5:colcon.colcon_core.verb:set package 'ydlidar_ros2_driver' build argument 'cmake_force_configure' from command line to 'False'
[1.110s] Level 5:colcon.colcon_core.verb:set package 'ydlidar_ros2_driver' build argument 'ament_cmake_args' from command line to 'None'
[1.110s] Level 5:colcon.colcon_core.verb:set package 'ydlidar_ros2_driver' build argument 'catkin_cmake_args' from command line to 'None'
[1.110s] Level 5:colcon.colcon_core.verb:set package 'ydlidar_ros2_driver' build argument 'catkin_skip_building_tests' from command line to 'False'
[1.110s] DEBUG:colcon.colcon_core.verb:Building package 'ydlidar_ros2_driver' with the following arguments: {'ament_cmake_args': None, 'build_base': '/home/navcon/ws/mina_ws/build/ydlidar_ros2_driver', 'catkin_cmake_args': None, 'catkin_skip_building_tests': False, 'cmake_args': None, 'cmake_clean_cache': False, 'cmake_clean_first': False, 'cmake_force_configure': False, 'cmake_target': None, 'cmake_target_skip_unavailable': False, 'install_base': '/home/navcon/ws/mina_ws/install/ydlidar_ros2_driver', 'merge_install': False, 'path': '/home/navcon/ws/mina_ws/src/ydlidar_ros2_driver', 'symlink_install': False, 'test_result_base': None}
[1.111s] Level 5:colcon.colcon_core.verb:set package 'ackermann_odometry' build argument 'cmake_args' from command line to 'None'
[1.111s] Level 5:colcon.colcon_core.verb:set package 'ackermann_odometry' build argument 'cmake_target' from command line to 'None'
[1.111s] Level 5:colcon.colcon_core.verb:set package 'ackermann_odometry' build argument 'cmake_target_skip_unavailable' from command line to 'False'
[1.111s] Level 5:colcon.colcon_core.verb:set package 'ackermann_odometry' build argument 'cmake_clean_cache' from command line to 'False'
[1.111s] Level 5:colcon.colcon_core.verb:set package 'ackermann_odometry' build argument 'cmake_clean_first' from command line to 'False'
[1.111s] Level 5:colcon.colcon_core.verb:set package 'ackermann_odometry' build argument 'cmake_force_configure' from command line to 'False'
[1.111s] Level 5:colcon.colcon_core.verb:set package 'ackermann_odometry' build argument 'ament_cmake_args' from command line to 'None'
[1.111s] Level 5:colcon.colcon_core.verb:set package 'ackermann_odometry' build argument 'catkin_cmake_args' from command line to 'None'
[1.111s] Level 5:colcon.colcon_core.verb:set package 'ackermann_odometry' build argument 'catkin_skip_building_tests' from command line to 'False'
[1.111s] DEBUG:colcon.colcon_core.verb:Building package 'ackermann_odometry' with the following arguments: {'ament_cmake_args': None, 'build_base': '/home/navcon/ws/mina_ws/build/ackermann_odometry', 'catkin_cmake_args': None, 'catkin_skip_building_tests': False, 'cmake_args': None, 'cmake_clean_cache': False, 'cmake_clean_first': False, 'cmake_force_configure': False, 'cmake_target': None, 'cmake_target_skip_unavailable': False, 'install_base': '/home/navcon/ws/mina_ws/install/ackermann_odometry', 'merge_install': False, 'path': '/home/navcon/ws/mina_ws/src/ackermann-odometry/src/ackermann_odometry', 'symlink_install': False, 'test_result_base': None}
[1.112s] INFO:colcon.colcon_core.executor:Executing jobs using 'parallel' executor
[1.114s] DEBUG:colcon.colcon_parallel_executor.executor.parallel:run_until_complete
[1.115s] INFO:colcon.colcon_ros.task.ament_cmake.build:Building ROS package in '/home/navcon/ws/mina_ws/src/ackermann-odometry/src/ackermann_interfaces' with build type 'ament_cmake'
[1.115s] INFO:colcon.colcon_cmake.task.cmake.build:Building CMake package in '/home/navcon/ws/mina_ws/src/ackermann-odometry/src/ackermann_interfaces'
[1.119s] INFO:colcon.colcon_core.plugin_system:Skipping extension 'colcon_core.shell.bat': Not used on non-Windows systems
[1.119s] INFO:colcon.colcon_core.shell:Skip shell extension 'powershell' for command environment: Not usable outside of PowerShell
[1.119s] DEBUG:colcon.colcon_core.shell:Skip shell extension 'dsv' for command environment
[1.137s] INFO:colcon.colcon_ros.task.ament_python.build:Building ROS package in '/home/navcon/ws/mina_ws/src/ackermann-odometry/src/ackermann_controller' with build type 'ament_python'
[1.138s] Level 1:colcon.colcon_core.shell:create_environment_hook('ackermann_controller', 'ament_prefix_path')
[1.140s] INFO:colcon.colcon_core.shell:Creating environment hook '/home/navcon/ws/mina_ws/install/ackermann_controller/share/ackermann_controller/hook/ament_prefix_path.ps1'
[1.141s] INFO:colcon.colcon_core.shell:Creating environment descriptor '/home/navcon/ws/mina_ws/install/ackermann_controller/share/ackermann_controller/hook/ament_prefix_path.dsv'
[1.142s] INFO:colcon.colcon_core.shell:Creating environment hook '/home/navcon/ws/mina_ws/install/ackermann_controller/share/ackermann_controller/hook/ament_prefix_path.sh'
[1.144s] INFO:colcon.colcon_core.shell:Skip shell extension 'powershell' for command environment: Not usable outside of PowerShell
[1.144s] DEBUG:colcon.colcon_core.shell:Skip shell extension 'dsv' for command environment
[1.158s] INFO:colcon.colcon_ros.task.ament_cmake.build:Building ROS package in '/home/navcon/ws/mina_ws/src/mina_ugv' with build type 'ament_cmake'
[1.159s] INFO:colcon.colcon_cmake.task.cmake.build:Building CMake package in '/home/navcon/ws/mina_ws/src/mina_ugv'
[1.160s] INFO:colcon.colcon_core.shell:Skip shell extension 'powershell' for command environment: Not usable outside of PowerShell
[1.160s] DEBUG:colcon.colcon_core.shell:Skip shell extension 'dsv' for command environment
[1.179s] INFO:colcon.colcon_ros.task.ament_cmake.build:Building ROS package in '/home/navcon/ws/mina_ws/src/mini_ugv' with build type 'ament_cmake'
[1.180s] INFO:colcon.colcon_cmake.task.cmake.build:Building CMake package in '/home/navcon/ws/mina_ws/src/mini_ugv'
[1.181s] INFO:colcon.colcon_core.shell:Skip shell extension 'powershell' for command environment: Not usable outside of PowerShell
[1.181s] DEBUG:colcon.colcon_core.shell:Skip shell extension 'dsv' for command environment
[1.202s] INFO:colcon.colcon_ros.task.ament_python.build:Building ROS package in '/home/navcon/ws/mina_ws/src/ugv_can' with build type 'ament_python'
[1.204s] Level 1:colcon.colcon_core.shell:create_environment_hook('ugv_can', 'ament_prefix_path')
[1.205s] INFO:colcon.colcon_core.shell:Creating environment hook '/home/navcon/ws/mina_ws/install/ugv_can/share/ugv_can/hook/ament_prefix_path.ps1'
[1.206s] INFO:colcon.colcon_core.shell:Creating environment descriptor '/home/navcon/ws/mina_ws/install/ugv_can/share/ugv_can/hook/ament_prefix_path.dsv'
[1.208s] INFO:colcon.colcon_core.shell:Creating environment hook '/home/navcon/ws/mina_ws/install/ugv_can/share/ugv_can/hook/ament_prefix_path.sh'
[1.209s] INFO:colcon.colcon_core.shell:Skip shell extension 'powershell' for command environment: Not usable outside of PowerShell
[1.209s] DEBUG:colcon.colcon_core.shell:Skip shell extension 'dsv' for command environment
[1.223s] INFO:colcon.colcon_ros.task.ament_cmake.build:Building ROS package in '/home/navcon/ws/mina_ws/src/ugv_design' with build type 'ament_cmake'
[1.224s] INFO:colcon.colcon_cmake.task.cmake.build:Building CMake package in '/home/navcon/ws/mina_ws/src/ugv_design'
[1.225s] INFO:colcon.colcon_core.shell:Skip shell extension 'powershell' for command environment: Not usable outside of PowerShell
[1.226s] DEBUG:colcon.colcon_core.shell:Skip shell extension 'dsv' for command environment
[1.243s] INFO:colcon.colcon_ros.task.ament_cmake.build:Building ROS package in '/home/navcon/ws/mina_ws/src/ydlidar_ros2_driver' with build type 'ament_cmake'
[1.243s] INFO:colcon.colcon_cmake.task.cmake.build:Building CMake package in '/home/navcon/ws/mina_ws/src/ydlidar_ros2_driver'
[1.245s] INFO:colcon.colcon_core.shell:Skip shell extension 'powershell' for command environment: Not usable outside of PowerShell
[1.245s] DEBUG:colcon.colcon_core.shell:Skip shell extension 'dsv' for command environment
[1.273s] DEBUG:colcon.colcon_core.event_handler.log_command:Invoking command in '/home/navcon/ws/mina_ws/build/ackermann_interfaces': CMAKE_PREFIX_PATH=${CMAKE_PREFIX_PATH}:/home/navcon/ws/mina_ws/install/ugv_can:/home/navcon/ws/mina_ws/install/ackermann_odometry:/home/navcon/ws/mina_ws/install/ackermann_controller:/opt/ros/humble /usr/bin/cmake --build /home/navcon/ws/mina_ws/build/ackermann_interfaces -- -j8 -l8
[1.981s] INFO:colcon.colcon_core.task.python.build:Building Python package in '/home/navcon/ws/mina_ws/src/ackermann-odometry/src/ackermann_controller'
[1.982s] INFO:colcon.colcon_core.shell:Skip shell extension 'powershell' for command environment: Not usable outside of PowerShell
[1.983s] DEBUG:colcon.colcon_core.shell:Skip shell extension 'dsv' for command environment
[2.006s] DEBUG:colcon.colcon_core.event_handler.log_command:Invoking command in '/home/navcon/ws/mina_ws/build/mina_ugv': CMAKE_PREFIX_PATH=${CMAKE_PREFIX_PATH}:/home/navcon/ws/mina_ws/install/ugv_can:/home/navcon/ws/mina_ws/install/ackermann_odometry:/home/navcon/ws/mina_ws/install/ackermann_controller:/opt/ros/humble /usr/bin/cmake --build /home/navcon/ws/mina_ws/build/mina_ugv -- -j8 -l8
[2.016s] DEBUG:colcon.colcon_core.event_handler.log_command:Invoking command in '/home/navcon/ws/mina_ws/build/mini_ugv': CMAKE_PREFIX_PATH=${CMAKE_PREFIX_PATH}:/home/navcon/ws/mina_ws/install/ugv_can:/home/navcon/ws/mina_ws/install/ackermann_odometry:/home/navcon/ws/mina_ws/install/ackermann_controller:/opt/ros/humble /usr/bin/cmake --build /home/navcon/ws/mina_ws/build/mini_ugv -- -j8 -l8
[2.581s] INFO:colcon.colcon_core.task.python.build:Building Python package in '/home/navcon/ws/mina_ws/src/ugv_can'
[2.583s] INFO:colcon.colcon_core.shell:Skip shell extension 'powershell' for command environment: Not usable outside of PowerShell
[2.583s] DEBUG:colcon.colcon_core.shell:Skip shell extension 'dsv' for command environment
[2.606s] DEBUG:colcon.colcon_core.event_handler.log_command:Invoking command in '/home/navcon/ws/mina_ws/build/ugv_design': CMAKE_PREFIX_PATH=${CMAKE_PREFIX_PATH}:/home/navcon/ws/mina_ws/install/ugv_can:/home/navcon/ws/mina_ws/install/ackermann_odometry:/home/navcon/ws/mina_ws/install/ackermann_controller:/opt/ros/humble /usr/bin/cmake --build /home/navcon/ws/mina_ws/build/ugv_design -- -j8 -l8
[2.617s] DEBUG:colcon.colcon_core.event_handler.log_command:Invoking command in '/home/navcon/ws/mina_ws/build/ydlidar_ros2_driver': CMAKE_PREFIX_PATH=${CMAKE_PREFIX_PATH}:/home/navcon/ws/mina_ws/install/ugv_can:/home/navcon/ws/mina_ws/install/ackermann_odometry:/home/navcon/ws/mina_ws/install/ackermann_controller:/opt/ros/humble /usr/bin/cmake --build /home/navcon/ws/mina_ws/build/ydlidar_ros2_driver -- -j8 -l8
[2.642s] DEBUG:colcon.colcon_core.event_handler.log_command:Invoked command in '/home/navcon/ws/mina_ws/build/ackermann_interfaces' returned '0': CMAKE_PREFIX_PATH=${CMAKE_PREFIX_PATH}:/home/navcon/ws/mina_ws/install/ugv_can:/home/navcon/ws/mina_ws/install/ackermann_odometry:/home/navcon/ws/mina_ws/install/ackermann_controller:/opt/ros/humble /usr/bin/cmake --build /home/navcon/ws/mina_ws/build/ackermann_interfaces -- -j8 -l8
[2.654s] DEBUG:colcon.colcon_core.event_handler.log_command:Invoked command in '/home/navcon/ws/mina_ws/build/mini_ugv' returned '0': CMAKE_PREFIX_PATH=${CMAKE_PREFIX_PATH}:/home/navcon/ws/mina_ws/install/ugv_can:/home/navcon/ws/mina_ws/install/ackermann_odometry:/home/navcon/ws/mina_ws/install/ackermann_controller:/opt/ros/humble /usr/bin/cmake --build /home/navcon/ws/mina_ws/build/mini_ugv -- -j8 -l8
[2.712s] DEBUG:colcon.colcon_core.event_handler.log_command:Invoked command in '/home/navcon/ws/mina_ws/build/ugv_design' returned '0': CMAKE_PREFIX_PATH=${CMAKE_PREFIX_PATH}:/home/navcon/ws/mina_ws/install/ugv_can:/home/navcon/ws/mina_ws/install/ackermann_odometry:/home/navcon/ws/mina_ws/install/ackermann_controller:/opt/ros/humble /usr/bin/cmake --build /home/navcon/ws/mina_ws/build/ugv_design -- -j8 -l8
[2.777s] DEBUG:colcon.colcon_core.event_handler.log_command:Invoking command in '/home/navcon/ws/mina_ws/build/mini_ugv': CMAKE_PREFIX_PATH=${CMAKE_PREFIX_PATH}:/home/navcon/ws/mina_ws/install/ugv_can:/home/navcon/ws/mina_ws/install/ackermann_odometry:/home/navcon/ws/mina_ws/install/ackermann_controller:/opt/ros/humble /usr/bin/cmake --install /home/navcon/ws/mina_ws/build/mini_ugv
[2.801s] DEBUG:colcon.colcon_core.event_handler.log_command:Invoking command in '/home/navcon/ws/mina_ws/build/ugv_design': CMAKE_PREFIX_PATH=${CMAKE_PREFIX_PATH}:/home/navcon/ws/mina_ws/install/ugv_can:/home/navcon/ws/mina_ws/install/ackermann_odometry:/home/navcon/ws/mina_ws/install/ackermann_controller:/opt/ros/humble /usr/bin/cmake --install /home/navcon/ws/mina_ws/build/ugv_design
[2.807s] DEBUG:colcon.colcon_core.event_handler.log_command:Invoked command in '/home/navcon/ws/mina_ws/build/ydlidar_ros2_driver' returned '0': CMAKE_PREFIX_PATH=${CMAKE_PREFIX_PATH}:/home/navcon/ws/mina_ws/install/ugv_can:/home/navcon/ws/mina_ws/install/ackermann_odometry:/home/navcon/ws/mina_ws/install/ackermann_controller:/opt/ros/humble /usr/bin/cmake --build /home/navcon/ws/mina_ws/build/ydlidar_ros2_driver -- -j8 -l8
[2.844s] DEBUG:colcon.colcon_core.event_handler.log_command:Invoked command in '/home/navcon/ws/mina_ws/build/mina_ugv' returned '0': CMAKE_PREFIX_PATH=${CMAKE_PREFIX_PATH}:/home/navcon/ws/mina_ws/install/ugv_can:/home/navcon/ws/mina_ws/install/ackermann_odometry:/home/navcon/ws/mina_ws/install/ackermann_controller:/opt/ros/humble /usr/bin/cmake --build /home/navcon/ws/mina_ws/build/mina_ugv -- -j8 -l8
[2.880s] DEBUG:colcon.colcon_core.event_handler.log_command:Invoking command in '/home/navcon/ws/mina_ws/build/ackermann_interfaces': CMAKE_PREFIX_PATH=${CMAKE_PREFIX_PATH}:/home/navcon/ws/mina_ws/install/ugv_can:/home/navcon/ws/mina_ws/install/ackermann_odometry:/home/navcon/ws/mina_ws/install/ackermann_controller:/opt/ros/humble /usr/bin/cmake --install /home/navcon/ws/mina_ws/build/ackermann_interfaces
[2.888s] Level 1:colcon.colcon_core.environment:create_environment_scripts_only(ugv_design)
[2.893s] DEBUG:colcon.colcon_core.event_handler.log_command:Invoked command in '/home/navcon/ws/mina_ws/build/ugv_design' returned '0': CMAKE_PREFIX_PATH=${CMAKE_PREFIX_PATH}:/home/navcon/ws/mina_ws/install/ugv_can:/home/navcon/ws/mina_ws/install/ackermann_odometry:/home/navcon/ws/mina_ws/install/ackermann_controller:/opt/ros/humble /usr/bin/cmake --install /home/navcon/ws/mina_ws/build/ugv_design
[2.899s] Level 1:colcon.colcon_core.environment:checking '/home/navcon/ws/mina_ws/install/ugv_design' for CMake module files
[2.900s] Level 1:colcon.colcon_core.environment:checking '/home/navcon/ws/mina_ws/install/ugv_design' for CMake config files
[2.902s] Level 1:colcon.colcon_core.shell:create_environment_hook('ugv_design', 'cmake_prefix_path')
[2.904s] INFO:colcon.colcon_core.shell:Creating environment hook '/home/navcon/ws/mina_ws/install/ugv_design/share/ugv_design/hook/cmake_prefix_path.ps1'
[2.911s] INFO:colcon.colcon_core.shell:Creating environment descriptor '/home/navcon/ws/mina_ws/install/ugv_design/share/ugv_design/hook/cmake_prefix_path.dsv'
[2.917s] INFO:colcon.colcon_core.shell:Creating environment hook '/home/navcon/ws/mina_ws/install/ugv_design/share/ugv_design/hook/cmake_prefix_path.sh'
[2.923s] Level 1:colcon.colcon_core.environment:checking '/home/navcon/ws/mina_ws/install/ugv_design/bin'
[2.924s] Level 1:colcon.colcon_core.environment:checking '/home/navcon/ws/mina_ws/install/ugv_design/lib/pkgconfig/ugv_design.pc'
[2.924s] Level 1:colcon.colcon_core.environment:checking '/home/navcon/ws/mina_ws/install/ugv_design/lib/python3.8/site-packages'
[2.928s] Level 1:colcon.colcon_core.environment:checking '/home/navcon/ws/mina_ws/install/ugv_design/bin'
[2.929s] INFO:colcon.colcon_core.shell:Creating package script '/home/navcon/ws/mina_ws/install/ugv_design/share/ugv_design/package.ps1'
[2.934s] INFO:colcon.colcon_core.shell:Creating package descriptor '/home/navcon/ws/mina_ws/install/ugv_design/share/ugv_design/package.dsv'
[2.938s] INFO:colcon.colcon_core.shell:Creating package script '/home/navcon/ws/mina_ws/install/ugv_design/share/ugv_design/package.sh'
[2.940s] INFO:colcon.colcon_core.shell:Creating package script '/home/navcon/ws/mina_ws/install/ugv_design/share/ugv_design/package.bash'
[2.941s] INFO:colcon.colcon_core.shell:Creating package script '/home/navcon/ws/mina_ws/install/ugv_design/share/ugv_design/package.zsh'
[2.943s] Level 1:colcon.colcon_core.environment:create_file_with_runtime_dependencies(/home/navcon/ws/mina_ws/install/ugv_design/share/colcon-core/packages/ugv_design)
[2.961s] Level 1:colcon.colcon_core.environment:create_environment_scripts_only(mini_ugv)
[2.962s] Level 1:colcon.colcon_core.environment:checking '/home/navcon/ws/mina_ws/install/mini_ugv' for CMake module files
[2.963s] Level 1:colcon.colcon_core.environment:checking '/home/navcon/ws/mina_ws/install/mini_ugv' for CMake config files
[2.964s] DEBUG:colcon.colcon_core.event_handler.log_command:Invoked command in '/home/navcon/ws/mina_ws/build/mini_ugv' returned '0': CMAKE_PREFIX_PATH=${CMAKE_PREFIX_PATH}:/home/navcon/ws/mina_ws/install/ugv_can:/home/navcon/ws/mina_ws/install/ackermann_odometry:/home/navcon/ws/mina_ws/install/ackermann_controller:/opt/ros/humble /usr/bin/cmake --install /home/navcon/ws/mina_ws/build/mini_ugv
[2.969s] Level 1:colcon.colcon_core.shell:create_environment_hook('mini_ugv', 'cmake_prefix_path')
[2.970s] INFO:colcon.colcon_core.shell:Creating environment hook '/home/navcon/ws/mina_ws/install/mini_ugv/share/mini_ugv/hook/cmake_prefix_path.ps1'
[2.971s] INFO:colcon.colcon_core.shell:Creating environment descriptor '/home/navcon/ws/mina_ws/install/mini_ugv/share/mini_ugv/hook/cmake_prefix_path.dsv'
[2.977s] INFO:colcon.colcon_core.shell:Creating environment hook '/home/navcon/ws/mina_ws/install/mini_ugv/share/mini_ugv/hook/cmake_prefix_path.sh'
[2.983s] Level 1:colcon.colcon_core.environment:checking '/home/navcon/ws/mina_ws/install/mini_ugv/bin'
[2.983s] Level 1:colcon.colcon_core.environment:checking '/home/navcon/ws/mina_ws/install/mini_ugv/lib/pkgconfig/mini_ugv.pc'
[2.984s] Level 1:colcon.colcon_core.environment:checking '/home/navcon/ws/mina_ws/install/mini_ugv/lib/python3.8/site-packages'
[2.984s] Level 1:colcon.colcon_core.environment:checking '/home/navcon/ws/mina_ws/install/mini_ugv/bin'
[2.985s] INFO:colcon.colcon_core.shell:Creating package script '/home/navcon/ws/mina_ws/install/mini_ugv/share/mini_ugv/package.ps1'
[2.987s] INFO:colcon.colcon_core.shell:Creating package descriptor '/home/navcon/ws/mina_ws/install/mini_ugv/share/mini_ugv/package.dsv'
[2.988s] INFO:colcon.colcon_core.shell:Creating package script '/home/navcon/ws/mina_ws/install/mini_ugv/share/mini_ugv/package.sh'
[2.989s] INFO:colcon.colcon_core.shell:Creating package script '/home/navcon/ws/mina_ws/install/mini_ugv/share/mini_ugv/package.bash'
[2.990s] INFO:colcon.colcon_core.shell:Creating package script '/home/navcon/ws/mina_ws/install/mini_ugv/share/mini_ugv/package.zsh'
[2.993s] Level 1:colcon.colcon_core.environment:create_file_with_runtime_dependencies(/home/navcon/ws/mina_ws/install/mini_ugv/share/colcon-core/packages/mini_ugv)
[3.036s] DEBUG:colcon.colcon_core.event_handler.log_command:Invoking command in '/home/navcon/ws/mina_ws/build/ydlidar_ros2_driver': CMAKE_PREFIX_PATH=${CMAKE_PREFIX_PATH}:/home/navcon/ws/mina_ws/install/ugv_can:/home/navcon/ws/mina_ws/install/ackermann_odometry:/home/navcon/ws/mina_ws/install/ackermann_controller:/opt/ros/humble /usr/bin/cmake --install /home/navcon/ws/mina_ws/build/ydlidar_ros2_driver
[3.051s] DEBUG:colcon.colcon_core.event_handler.log_command:Invoking command in '/home/navcon/ws/mina_ws/build/mina_ugv': CMAKE_PREFIX_PATH=${CMAKE_PREFIX_PATH}:/home/navcon/ws/mina_ws/install/ugv_can:/home/navcon/ws/mina_ws/install/ackermann_odometry:/home/navcon/ws/mina_ws/install/ackermann_controller:/opt/ros/humble /usr/bin/cmake --install /home/navcon/ws/mina_ws/build/mina_ugv
[3.092s] Level 1:colcon.colcon_core.environment:create_environment_scripts_only(ugv_design)
[3.093s] Level 1:colcon.colcon_core.environment:checking '/home/navcon/ws/mina_ws/install/ugv_design' for CMake module files
[3.094s] Level 1:colcon.colcon_core.environment:checking '/home/navcon/ws/mina_ws/install/ugv_design' for CMake config files
[3.102s] Level 1:colcon.colcon_core.shell:create_environment_hook('ugv_design', 'cmake_prefix_path')
[3.103s] INFO:colcon.colcon_core.shell:Creating environment hook '/home/navcon/ws/mina_ws/install/ugv_design/share/ugv_design/hook/cmake_prefix_path.ps1'
[3.122s] INFO:colcon.colcon_core.shell:Creating environment descriptor '/home/navcon/ws/mina_ws/install/ugv_design/share/ugv_design/hook/cmake_prefix_path.dsv'
[3.127s] INFO:colcon.colcon_core.shell:Creating environment hook '/home/navcon/ws/mina_ws/install/ugv_design/share/ugv_design/hook/cmake_prefix_path.sh'
[3.138s] Level 1:colcon.colcon_core.environment:checking '/home/navcon/ws/mina_ws/install/ugv_design/bin'
[3.138s] Level 1:colcon.colcon_core.environment:checking '/home/navcon/ws/mina_ws/install/ugv_design/lib/pkgconfig/ugv_design.pc'
[3.139s] Level 1:colcon.colcon_core.environment:checking '/home/navcon/ws/mina_ws/install/ugv_design/lib/python3.8/site-packages'
[3.139s] Level 1:colcon.colcon_core.environment:checking '/home/navcon/ws/mina_ws/install/ugv_design/bin'
[3.140s] INFO:colcon.colcon_core.shell:Creating package script '/home/navcon/ws/mina_ws/install/ugv_design/share/ugv_design/package.ps1'
[3.141s] INFO:colcon.colcon_core.shell:Creating package descriptor '/home/navcon/ws/mina_ws/install/ugv_design/share/ugv_design/package.dsv'
[3.143s] INFO:colcon.colcon_core.shell:Creating package script '/home/navcon/ws/mina_ws/install/ugv_design/share/ugv_design/package.sh'
[3.144s] INFO:colcon.colcon_core.shell:Creating package script '/home/navcon/ws/mina_ws/install/ugv_design/share/ugv_design/package.bash'
[3.150s] INFO:colcon.colcon_core.shell:Creating package script '/home/navcon/ws/mina_ws/install/ugv_design/share/ugv_design/package.zsh'
[3.151s] Level 1:colcon.colcon_core.environment:create_file_with_runtime_dependencies(/home/navcon/ws/mina_ws/install/ugv_design/share/colcon-core/packages/ugv_design)
[3.159s] Level 1:colcon.colcon_core.environment:create_environment_scripts_only(ackermann_interfaces)
[3.160s] Level 1:colcon.colcon_core.environment:checking '/home/navcon/ws/mina_ws/install/ackermann_interfaces' for CMake module files
[3.161s] Level 1:colcon.colcon_core.environment:checking '/home/navcon/ws/mina_ws/install/ackermann_interfaces' for CMake config files
[3.162s] Level 1:colcon.colcon_core.shell:create_environment_hook('ackermann_interfaces', 'cmake_prefix_path')
[3.163s] INFO:colcon.colcon_core.shell:Creating environment hook '/home/navcon/ws/mina_ws/install/ackermann_interfaces/share/ackermann_interfaces/hook/cmake_prefix_path.ps1'
[3.173s] DEBUG:colcon.colcon_core.event_handler.log_command:Invoked command in '/home/navcon/ws/mina_ws/build/ackermann_interfaces' returned '0': CMAKE_PREFIX_PATH=${CMAKE_PREFIX_PATH}:/home/navcon/ws/mina_ws/install/ugv_can:/home/navcon/ws/mina_ws/install/ackermann_odometry:/home/navcon/ws/mina_ws/install/ackermann_controller:/opt/ros/humble /usr/bin/cmake --install /home/navcon/ws/mina_ws/build/ackermann_interfaces
[3.173s] INFO:colcon.colcon_core.shell:Creating environment descriptor '/home/navcon/ws/mina_ws/install/ackermann_interfaces/share/ackermann_interfaces/hook/cmake_prefix_path.dsv'
[3.175s] INFO:colcon.colcon_core.shell:Creating environment hook '/home/navcon/ws/mina_ws/install/ackermann_interfaces/share/ackermann_interfaces/hook/cmake_prefix_path.sh'
[3.177s] Level 1:colcon.colcon_core.environment:checking '/home/navcon/ws/mina_ws/install/ackermann_interfaces/lib'
[3.178s] Level 1:colcon.colcon_core.shell:create_environment_hook('ackermann_interfaces', 'ld_library_path_lib')
[3.178s] INFO:colcon.colcon_core.shell:Creating environment hook '/home/navcon/ws/mina_ws/install/ackermann_interfaces/share/ackermann_interfaces/hook/ld_library_path_lib.ps1'
[3.179s] INFO:colcon.colcon_core.shell:Creating environment descriptor '/home/navcon/ws/mina_ws/install/ackermann_interfaces/share/ackermann_interfaces/hook/ld_library_path_lib.dsv'
[3.180s] INFO:colcon.colcon_core.shell:Creating environment hook '/home/navcon/ws/mina_ws/install/ackermann_interfaces/share/ackermann_interfaces/hook/ld_library_path_lib.sh'
[3.181s] Level 1:colcon.colcon_core.environment:checking '/home/navcon/ws/mina_ws/install/ackermann_interfaces/bin'
[3.181s] Level 1:colcon.colcon_core.environment:checking '/home/navcon/ws/mina_ws/install/ackermann_interfaces/lib/pkgconfig/ackermann_interfaces.pc'
[3.182s] Level 1:colcon.colcon_core.environment:checking '/home/navcon/ws/mina_ws/install/ackermann_interfaces/lib/python3.8/site-packages'
[3.182s] Level 1:colcon.colcon_core.shell:create_environment_hook('ackermann_interfaces', 'pythonpath')
[3.183s] INFO:colcon.colcon_core.shell:Creating environment hook '/home/navcon/ws/mina_ws/install/ackermann_interfaces/share/ackermann_interfaces/hook/pythonpath.ps1'
[3.184s] INFO:colcon.colcon_core.shell:Creating environment descriptor '/home/navcon/ws/mina_ws/install/ackermann_interfaces/share/ackermann_interfaces/hook/pythonpath.dsv'
[3.184s] INFO:colcon.colcon_core.shell:Creating environment hook '/home/navcon/ws/mina_ws/install/ackermann_interfaces/share/ackermann_interfaces/hook/pythonpath.sh'
[3.186s] Level 1:colcon.colcon_core.environment:checking '/home/navcon/ws/mina_ws/install/ackermann_interfaces/bin'
[3.186s] INFO:colcon.colcon_core.shell:Creating package script '/home/navcon/ws/mina_ws/install/ackermann_interfaces/share/ackermann_interfaces/package.ps1'
[3.188s] INFO:colcon.colcon_core.shell:Creating package descriptor '/home/navcon/ws/mina_ws/install/ackermann_interfaces/share/ackermann_interfaces/package.dsv'
[3.189s] INFO:colcon.colcon_core.shell:Creating package script '/home/navcon/ws/mina_ws/install/ackermann_interfaces/share/ackermann_interfaces/package.sh'
[3.190s] INFO:colcon.colcon_core.shell:Creating package script '/home/navcon/ws/mina_ws/install/ackermann_interfaces/share/ackermann_interfaces/package.bash'
[3.190s] INFO:colcon.colcon_core.shell:Creating package script '/home/navcon/ws/mina_ws/install/ackermann_interfaces/share/ackermann_interfaces/package.zsh'
[3.191s] Level 1:colcon.colcon_core.environment:create_file_with_runtime_dependencies(/home/navcon/ws/mina_ws/install/ackermann_interfaces/share/colcon-core/packages/ackermann_interfaces)
[3.209s] Level 1:colcon.colcon_core.environment:create_environment_scripts_only(ydlidar_ros2_driver)
[3.210s] DEBUG:colcon.colcon_core.event_handler.log_command:Invoked command in '/home/navcon/ws/mina_ws/build/ydlidar_ros2_driver' returned '0': CMAKE_PREFIX_PATH=${CMAKE_PREFIX_PATH}:/home/navcon/ws/mina_ws/install/ugv_can:/home/navcon/ws/mina_ws/install/ackermann_odometry:/home/navcon/ws/mina_ws/install/ackermann_controller:/opt/ros/humble /usr/bin/cmake --install /home/navcon/ws/mina_ws/build/ydlidar_ros2_driver
[3.212s] Level 1:colcon.colcon_core.environment:checking '/home/navcon/ws/mina_ws/install/ydlidar_ros2_driver' for CMake module files
[3.214s] Level 1:colcon.colcon_core.environment:checking '/home/navcon/ws/mina_ws/install/ydlidar_ros2_driver' for CMake config files
[3.215s] Level 1:colcon.colcon_core.shell:create_environment_hook('ydlidar_ros2_driver', 'cmake_prefix_path')
[3.217s] INFO:colcon.colcon_core.shell:Creating environment hook '/home/navcon/ws/mina_ws/install/ydlidar_ros2_driver/share/ydlidar_ros2_driver/hook/cmake_prefix_path.ps1'
[3.219s] INFO:colcon.colcon_core.shell:Creating environment descriptor '/home/navcon/ws/mina_ws/install/ydlidar_ros2_driver/share/ydlidar_ros2_driver/hook/cmake_prefix_path.dsv'
[3.225s] INFO:colcon.colcon_core.shell:Creating environment hook '/home/navcon/ws/mina_ws/install/ydlidar_ros2_driver/share/ydlidar_ros2_driver/hook/cmake_prefix_path.sh'
[3.227s] Level 1:colcon.colcon_core.environment:checking '/home/navcon/ws/mina_ws/install/ydlidar_ros2_driver/lib'
[3.227s] Level 1:colcon.colcon_core.environment:checking '/home/navcon/ws/mina_ws/install/ydlidar_ros2_driver/bin'
[3.228s] Level 1:colcon.colcon_core.environment:checking '/home/navcon/ws/mina_ws/install/ydlidar_ros2_driver/lib/pkgconfig/ydlidar_ros2_driver.pc'
[3.228s] Level 1:colcon.colcon_core.environment:checking '/home/navcon/ws/mina_ws/install/ydlidar_ros2_driver/lib/python3.8/site-packages'
[3.228s] Level 1:colcon.colcon_core.environment:checking '/home/navcon/ws/mina_ws/install/ydlidar_ros2_driver/bin'
[3.229s] INFO:colcon.colcon_core.shell:Creating package script '/home/navcon/ws/mina_ws/install/ydlidar_ros2_driver/share/ydlidar_ros2_driver/package.ps1'
[3.234s] INFO:colcon.colcon_core.shell:Creating package descriptor '/home/navcon/ws/mina_ws/install/ydlidar_ros2_driver/share/ydlidar_ros2_driver/package.dsv'
[3.237s] INFO:colcon.colcon_core.shell:Creating package script '/home/navcon/ws/mina_ws/install/ydlidar_ros2_driver/share/ydlidar_ros2_driver/package.sh'
[3.239s] INFO:colcon.colcon_core.shell:Creating package script '/home/navcon/ws/mina_ws/install/ydlidar_ros2_driver/share/ydlidar_ros2_driver/package.bash'
[3.242s] INFO:colcon.colcon_core.shell:Creating package script '/home/navcon/ws/mina_ws/install/ydlidar_ros2_driver/share/ydlidar_ros2_driver/package.zsh'
[3.243s] Level 1:colcon.colcon_core.environment:create_file_with_runtime_dependencies(/home/navcon/ws/mina_ws/install/ydlidar_ros2_driver/share/colcon-core/packages/ydlidar_ros2_driver)
[3.258s] Level 1:colcon.colcon_core.environment:create_environment_scripts_only(mini_ugv)
[3.259s] Level 1:colcon.colcon_core.environment:checking '/home/navcon/ws/mina_ws/install/mini_ugv' for CMake module files
[3.262s] Level 1:colcon.colcon_core.environment:checking '/home/navcon/ws/mina_ws/install/mini_ugv' for CMake config files
[3.264s] Level 1:colcon.colcon_core.shell:create_environment_hook('mini_ugv', 'cmake_prefix_path')
[3.265s] INFO:colcon.colcon_core.shell:Creating environment hook '/home/navcon/ws/mina_ws/install/mini_ugv/share/mini_ugv/hook/cmake_prefix_path.ps1'
[3.268s] INFO:colcon.colcon_core.shell:Creating environment descriptor '/home/navcon/ws/mina_ws/install/mini_ugv/share/mini_ugv/hook/cmake_prefix_path.dsv'
[3.274s] INFO:colcon.colcon_core.shell:Creating environment hook '/home/navcon/ws/mina_ws/install/mini_ugv/share/mini_ugv/hook/cmake_prefix_path.sh'
[3.277s] Level 1:colcon.colcon_core.environment:checking '/home/navcon/ws/mina_ws/install/mini_ugv/bin'
[3.278s] Level 1:colcon.colcon_core.environment:checking '/home/navcon/ws/mina_ws/install/mini_ugv/lib/pkgconfig/mini_ugv.pc'
[3.279s] Level 1:colcon.colcon_core.environment:checking '/home/navcon/ws/mina_ws/install/mini_ugv/lib/python3.8/site-packages'
[3.280s] Level 1:colcon.colcon_core.environment:checking '/home/navcon/ws/mina_ws/install/mini_ugv/bin'
[3.281s] INFO:colcon.colcon_core.shell:Creating package script '/home/navcon/ws/mina_ws/install/mini_ugv/share/mini_ugv/package.ps1'
[3.283s] INFO:colcon.colcon_core.shell:Creating package descriptor '/home/navcon/ws/mina_ws/install/mini_ugv/share/mini_ugv/package.dsv'
[3.284s] INFO:colcon.colcon_core.shell:Creating package script '/home/navcon/ws/mina_ws/install/mini_ugv/share/mini_ugv/package.sh'
[3.285s] INFO:colcon.colcon_core.shell:Creating package script '/home/navcon/ws/mina_ws/install/mini_ugv/share/mini_ugv/package.bash'
[3.286s] INFO:colcon.colcon_core.shell:Creating package script '/home/navcon/ws/mina_ws/install/mini_ugv/share/mini_ugv/package.zsh'
[3.287s] Level 1:colcon.colcon_core.environment:create_file_with_runtime_dependencies(/home/navcon/ws/mina_ws/install/mini_ugv/share/colcon-core/packages/mini_ugv)
[3.297s] Level 1:colcon.colcon_core.environment:create_environment_scripts_only(mina_ugv)
[3.298s] DEBUG:colcon.colcon_core.event_handler.log_command:Invoked command in '/home/navcon/ws/mina_ws/build/mina_ugv' returned '0': CMAKE_PREFIX_PATH=${CMAKE_PREFIX_PATH}:/home/navcon/ws/mina_ws/install/ugv_can:/home/navcon/ws/mina_ws/install/ackermann_odometry:/home/navcon/ws/mina_ws/install/ackermann_controller:/opt/ros/humble /usr/bin/cmake --install /home/navcon/ws/mina_ws/build/mina_ugv
[3.299s] Level 1:colcon.colcon_core.environment:checking '/home/navcon/ws/mina_ws/install/mina_ugv' for CMake module files
[3.300s] Level 1:colcon.colcon_core.environment:checking '/home/navcon/ws/mina_ws/install/mina_ugv' for CMake config files
[3.302s] Level 1:colcon.colcon_core.shell:create_environment_hook('mina_ugv', 'cmake_prefix_path')
[3.303s] INFO:colcon.colcon_core.shell:Creating environment hook '/home/navcon/ws/mina_ws/install/mina_ugv/share/mina_ugv/hook/cmake_prefix_path.ps1'
[3.305s] INFO:colcon.colcon_core.shell:Creating environment descriptor '/home/navcon/ws/mina_ws/install/mina_ugv/share/mina_ugv/hook/cmake_prefix_path.dsv'
[3.308s] INFO:colcon.colcon_core.shell:Creating environment hook '/home/navcon/ws/mina_ws/install/mina_ugv/share/mina_ugv/hook/cmake_prefix_path.sh'
[3.309s] Level 1:colcon.colcon_core.environment:checking '/home/navcon/ws/mina_ws/install/mina_ugv/lib'
[3.309s] Level 1:colcon.colcon_core.environment:checking '/home/navcon/ws/mina_ws/install/mina_ugv/bin'
[3.309s] Level 1:colcon.colcon_core.environment:checking '/home/navcon/ws/mina_ws/install/mina_ugv/lib/pkgconfig/mina_ugv.pc'
[3.310s] Level 1:colcon.colcon_core.environment:checking '/home/navcon/ws/mina_ws/install/mina_ugv/lib/python3.8/site-packages'
[3.310s] Level 1:colcon.colcon_core.shell:create_environment_hook('mina_ugv', 'pythonpath')
[3.311s] INFO:colcon.colcon_core.shell:Creating environment hook '/home/navcon/ws/mina_ws/install/mina_ugv/share/mina_ugv/hook/pythonpath.ps1'
[3.312s] INFO:colcon.colcon_core.shell:Creating environment descriptor '/home/navcon/ws/mina_ws/install/mina_ugv/share/mina_ugv/hook/pythonpath.dsv'
[3.312s] INFO:colcon.colcon_core.shell:Creating environment hook '/home/navcon/ws/mina_ws/install/mina_ugv/share/mina_ugv/hook/pythonpath.sh'
[3.313s] Level 1:colcon.colcon_core.environment:checking '/home/navcon/ws/mina_ws/install/mina_ugv/bin'
[3.314s] INFO:colcon.colcon_core.shell:Creating package script '/home/navcon/ws/mina_ws/install/mina_ugv/share/mina_ugv/package.ps1'
[3.315s] INFO:colcon.colcon_core.shell:Creating package descriptor '/home/navcon/ws/mina_ws/install/mina_ugv/share/mina_ugv/package.dsv'
[3.316s] INFO:colcon.colcon_core.shell:Creating package script '/home/navcon/ws/mina_ws/install/mina_ugv/share/mina_ugv/package.sh'
[3.317s] INFO:colcon.colcon_core.shell:Creating package script '/home/navcon/ws/mina_ws/install/mina_ugv/share/mina_ugv/package.bash'
[3.318s] INFO:colcon.colcon_core.shell:Creating package script '/home/navcon/ws/mina_ws/install/mina_ugv/share/mina_ugv/package.zsh'
[3.319s] Level 1:colcon.colcon_core.environment:create_file_with_runtime_dependencies(/home/navcon/ws/mina_ws/install/mina_ugv/share/colcon-core/packages/mina_ugv)
[3.344s] Level 1:colcon.colcon_core.environment:create_environment_scripts_only(ydlidar_ros2_driver)
[3.345s] Level 1:colcon.colcon_core.environment:checking '/home/navcon/ws/mina_ws/install/ydlidar_ros2_driver' for CMake module files
[3.346s] Level 1:colcon.colcon_core.environment:checking '/home/navcon/ws/mina_ws/install/ydlidar_ros2_driver' for CMake config files
[3.347s] Level 1:colcon.colcon_core.shell:create_environment_hook('ydlidar_ros2_driver', 'cmake_prefix_path')
[3.348s] INFO:colcon.colcon_core.shell:Creating environment hook '/home/navcon/ws/mina_ws/install/ydlidar_ros2_driver/share/ydlidar_ros2_driver/hook/cmake_prefix_path.ps1'
[3.349s] INFO:colcon.colcon_core.shell:Creating environment descriptor '/home/navcon/ws/mina_ws/install/ydlidar_ros2_driver/share/ydlidar_ros2_driver/hook/cmake_prefix_path.dsv'
[3.356s] INFO:colcon.colcon_core.shell:Creating environment hook '/home/navcon/ws/mina_ws/install/ydlidar_ros2_driver/share/ydlidar_ros2_driver/hook/cmake_prefix_path.sh'
[3.360s] Level 1:colcon.colcon_core.environment:checking '/home/navcon/ws/mina_ws/install/ydlidar_ros2_driver/lib'
[3.360s] Level 1:colcon.colcon_core.environment:checking '/home/navcon/ws/mina_ws/install/ydlidar_ros2_driver/bin'
[3.360s] Level 1:colcon.colcon_core.environment:checking '/home/navcon/ws/mina_ws/install/ydlidar_ros2_driver/lib/pkgconfig/ydlidar_ros2_driver.pc'
[3.361s] Level 1:colcon.colcon_core.environment:checking '/home/navcon/ws/mina_ws/install/ydlidar_ros2_driver/lib/python3.8/site-packages'
[3.361s] Level 1:colcon.colcon_core.environment:checking '/home/navcon/ws/mina_ws/install/ydlidar_ros2_driver/bin'
[3.362s] INFO:colcon.colcon_core.shell:Creating package script '/home/navcon/ws/mina_ws/install/ydlidar_ros2_driver/share/ydlidar_ros2_driver/package.ps1'
[3.364s] INFO:colcon.colcon_core.shell:Creating package descriptor '/home/navcon/ws/mina_ws/install/ydlidar_ros2_driver/share/ydlidar_ros2_driver/package.dsv'
[3.365s] INFO:colcon.colcon_core.shell:Creating package script '/home/navcon/ws/mina_ws/install/ydlidar_ros2_driver/share/ydlidar_ros2_driver/package.sh'
[3.366s] INFO:colcon.colcon_core.shell:Creating package script '/home/navcon/ws/mina_ws/install/ydlidar_ros2_driver/share/ydlidar_ros2_driver/package.bash'
[3.367s] INFO:colcon.colcon_core.shell:Creating package script '/home/navcon/ws/mina_ws/install/ydlidar_ros2_driver/share/ydlidar_ros2_driver/package.zsh'
[3.368s] Level 1:colcon.colcon_core.environment:create_file_with_runtime_dependencies(/home/navcon/ws/mina_ws/install/ydlidar_ros2_driver/share/colcon-core/packages/ydlidar_ros2_driver)
[3.372s] Level 1:colcon.colcon_core.environment:create_environment_scripts_only(ackermann_interfaces)
[3.372s] Level 1:colcon.colcon_core.environment:checking '/home/navcon/ws/mina_ws/install/ackermann_interfaces' for CMake module files
[3.374s] Level 1:colcon.colcon_core.environment:checking '/home/navcon/ws/mina_ws/install/ackermann_interfaces' for CMake config files
[3.374s] Level 1:colcon.colcon_core.shell:create_environment_hook('ackermann_interfaces', 'cmake_prefix_path')
[3.375s] INFO:colcon.colcon_core.shell:Creating environment hook '/home/navcon/ws/mina_ws/install/ackermann_interfaces/share/ackermann_interfaces/hook/cmake_prefix_path.ps1'
[3.376s] INFO:colcon.colcon_core.shell:Creating environment descriptor '/home/navcon/ws/mina_ws/install/ackermann_interfaces/share/ackermann_interfaces/hook/cmake_prefix_path.dsv'
[3.377s] INFO:colcon.colcon_core.shell:Creating environment hook '/home/navcon/ws/mina_ws/install/ackermann_interfaces/share/ackermann_interfaces/hook/cmake_prefix_path.sh'
[3.378s] Level 1:colcon.colcon_core.environment:checking '/home/navcon/ws/mina_ws/install/ackermann_interfaces/lib'
[3.378s] Level 1:colcon.colcon_core.shell:create_environment_hook('ackermann_interfaces', 'ld_library_path_lib')
[3.378s] INFO:colcon.colcon_core.shell:Creating environment hook '/home/navcon/ws/mina_ws/install/ackermann_interfaces/share/ackermann_interfaces/hook/ld_library_path_lib.ps1'
[3.379s] INFO:colcon.colcon_core.shell:Creating environment descriptor '/home/navcon/ws/mina_ws/install/ackermann_interfaces/share/ackermann_interfaces/hook/ld_library_path_lib.dsv'
[3.380s] INFO:colcon.colcon_core.shell:Creating environment hook '/home/navcon/ws/mina_ws/install/ackermann_interfaces/share/ackermann_interfaces/hook/ld_library_path_lib.sh'
[3.381s] Level 1:colcon.colcon_core.environment:checking '/home/navcon/ws/mina_ws/install/ackermann_interfaces/bin'
[3.381s] Level 1:colcon.colcon_core.environment:checking '/home/navcon/ws/mina_ws/install/ackermann_interfaces/lib/pkgconfig/ackermann_interfaces.pc'
[3.381s] Level 1:colcon.colcon_core.environment:checking '/home/navcon/ws/mina_ws/install/ackermann_interfaces/lib/python3.8/site-packages'
[3.381s] Level 1:colcon.colcon_core.shell:create_environment_hook('ackermann_interfaces', 'pythonpath')
[3.382s] INFO:colcon.colcon_core.shell:Creating environment hook '/home/navcon/ws/mina_ws/install/ackermann_interfaces/share/ackermann_interfaces/hook/pythonpath.ps1'
[3.384s] INFO:colcon.colcon_core.shell:Creating environment descriptor '/home/navcon/ws/mina_ws/install/ackermann_interfaces/share/ackermann_interfaces/hook/pythonpath.dsv'
[3.385s] INFO:colcon.colcon_core.shell:Creating environment hook '/home/navcon/ws/mina_ws/install/ackermann_interfaces/share/ackermann_interfaces/hook/pythonpath.sh'
[3.386s] Level 1:colcon.colcon_core.environment:checking '/home/navcon/ws/mina_ws/install/ackermann_interfaces/bin'
[3.387s] INFO:colcon.colcon_core.shell:Creating package script '/home/navcon/ws/mina_ws/install/ackermann_interfaces/share/ackermann_interfaces/package.ps1'
[3.388s] INFO:colcon.colcon_core.shell:Creating package descriptor '/home/navcon/ws/mina_ws/install/ackermann_interfaces/share/ackermann_interfaces/package.dsv'
[3.389s] INFO:colcon.colcon_core.shell:Creating package script '/home/navcon/ws/mina_ws/install/ackermann_interfaces/share/ackermann_interfaces/package.sh'
[3.390s] INFO:colcon.colcon_core.shell:Creating package script '/home/navcon/ws/mina_ws/install/ackermann_interfaces/share/ackermann_interfaces/package.bash'
[3.391s] INFO:colcon.colcon_core.shell:Creating package script '/home/navcon/ws/mina_ws/install/ackermann_interfaces/share/ackermann_interfaces/package.zsh'
[3.392s] Level 1:colcon.colcon_core.environment:create_file_with_runtime_dependencies(/home/navcon/ws/mina_ws/install/ackermann_interfaces/share/colcon-core/packages/ackermann_interfaces)
[3.394s] INFO:colcon.colcon_ros.task.ament_python.build:Building ROS package in '/home/navcon/ws/mina_ws/src/ackermann-odometry/src/ackermann_odometry' with build type 'ament_python'
[3.395s] Level 1:colcon.colcon_core.shell:create_environment_hook('ackermann_odometry', 'ament_prefix_path')
[3.396s] INFO:colcon.colcon_core.shell:Creating environment hook '/home/navcon/ws/mina_ws/install/ackermann_odometry/share/ackermann_odometry/hook/ament_prefix_path.ps1'
[3.397s] INFO:colcon.colcon_core.shell:Creating environment descriptor '/home/navcon/ws/mina_ws/install/ackermann_odometry/share/ackermann_odometry/hook/ament_prefix_path.dsv'
[3.398s] INFO:colcon.colcon_core.shell:Creating environment hook '/home/navcon/ws/mina_ws/install/ackermann_odometry/share/ackermann_odometry/hook/ament_prefix_path.sh'
[3.399s] INFO:colcon.colcon_core.shell:Skip shell extension 'powershell' for command environment: Not usable outside of PowerShell
[3.399s] DEBUG:colcon.colcon_core.shell:Skip shell extension 'dsv' for command environment
[3.418s] Level 1:colcon.colcon_core.environment:create_environment_scripts_only(mina_ugv)
[3.419s] Level 1:colcon.colcon_core.environment:checking '/home/navcon/ws/mina_ws/install/mina_ugv' for CMake module files
[3.420s] Level 1:colcon.colcon_core.environment:checking '/home/navcon/ws/mina_ws/install/mina_ugv' for CMake config files
[3.421s] Level 1:colcon.colcon_core.shell:create_environment_hook('mina_ugv', 'cmake_prefix_path')
[3.422s] INFO:colcon.colcon_core.shell:Creating environment hook '/home/navcon/ws/mina_ws/install/mina_ugv/share/mina_ugv/hook/cmake_prefix_path.ps1'
[3.423s] INFO:colcon.colcon_core.shell:Creating environment descriptor '/home/navcon/ws/mina_ws/install/mina_ugv/share/mina_ugv/hook/cmake_prefix_path.dsv'
[3.430s] INFO:colcon.colcon_core.shell:Creating environment hook '/home/navcon/ws/mina_ws/install/mina_ugv/share/mina_ugv/hook/cmake_prefix_path.sh'
[3.432s] Level 1:colcon.colcon_core.environment:checking '/home/navcon/ws/mina_ws/install/mina_ugv/lib'
[3.433s] Level 1:colcon.colcon_core.environment:checking '/home/navcon/ws/mina_ws/install/mina_ugv/bin'
[3.434s] Level 1:colcon.colcon_core.environment:checking '/home/navcon/ws/mina_ws/install/mina_ugv/lib/pkgconfig/mina_ugv.pc'
[3.434s] Level 1:colcon.colcon_core.environment:checking '/home/navcon/ws/mina_ws/install/mina_ugv/lib/python3.8/site-packages'
[3.434s] Level 1:colcon.colcon_core.shell:create_environment_hook('mina_ugv', 'pythonpath')
[3.435s] INFO:colcon.colcon_core.shell:Creating environment hook '/home/navcon/ws/mina_ws/install/mina_ugv/share/mina_ugv/hook/pythonpath.ps1'
[3.436s] INFO:colcon.colcon_core.shell:Creating environment descriptor '/home/navcon/ws/mina_ws/install/mina_ugv/share/mina_ugv/hook/pythonpath.dsv'
[3.437s] INFO:colcon.colcon_core.shell:Creating environment hook '/home/navcon/ws/mina_ws/install/mina_ugv/share/mina_ugv/hook/pythonpath.sh'
[3.439s] Level 1:colcon.colcon_core.environment:checking '/home/navcon/ws/mina_ws/install/mina_ugv/bin'
[3.446s] INFO:colcon.colcon_core.shell:Creating package script '/home/navcon/ws/mina_ws/install/mina_ugv/share/mina_ugv/package.ps1'
[3.448s] INFO:colcon.colcon_core.shell:Creating package descriptor '/home/navcon/ws/mina_ws/install/mina_ugv/share/mina_ugv/package.dsv'
[3.450s] INFO:colcon.colcon_core.shell:Creating package script '/home/navcon/ws/mina_ws/install/mina_ugv/share/mina_ugv/package.sh'
[3.451s] INFO:colcon.colcon_core.shell:Creating package script '/home/navcon/ws/mina_ws/install/mina_ugv/share/mina_ugv/package.bash'
[3.452s] INFO:colcon.colcon_core.shell:Creating package script '/home/navcon/ws/mina_ws/install/mina_ugv/share/mina_ugv/package.zsh'
[3.453s] Level 1:colcon.colcon_core.environment:create_file_with_runtime_dependencies(/home/navcon/ws/mina_ws/install/mina_ugv/share/colcon-core/packages/mina_ugv)
[4.035s] INFO:colcon.colcon_core.task.python.build:Building Python package in '/home/navcon/ws/mina_ws/src/ackermann-odometry/src/ackermann_odometry'
[4.037s] INFO:colcon.colcon_core.shell:Skip shell extension 'powershell' for command environment: Not usable outside of PowerShell
[4.037s] DEBUG:colcon.colcon_core.shell:Skip shell extension 'dsv' for command environment
[4.064s] DEBUG:colcon.colcon_core.event_handler.log_command:Invoking command in '/home/navcon/ws/mina_ws/src/ackermann-odometry/src/ackermann_controller': PYTHONPATH=/home/navcon/ws/mina_ws/build/ackermann_controller/prefix_override:/home/navcon/ws/mina_ws/install/ackermann_controller/lib/python3.8/site-packages:${PYTHONPATH} /usr/bin/python3 -W ignore:setup.py install is deprecated setup.py egg_info --egg-base ../../../../build/ackermann_controller build --build-base /home/navcon/ws/mina_ws/build/ackermann_controller/build install --record /home/navcon/ws/mina_ws/build/ackermann_controller/install.log --install-scripts $base/lib/ackermann_controller --single-version-externally-managed install_data
[4.070s] DEBUG:colcon.colcon_core.event_handler.log_command:Invoking command in '/home/navcon/ws/mina_ws/src/ugv_can': PYTHONPATH=/home/navcon/ws/mina_ws/build/ugv_can/prefix_override:/home/navcon/ws/mina_ws/install/ugv_can/lib/python3.8/site-packages:${PYTHONPATH} /usr/bin/python3 -W ignore:setup.py install is deprecated setup.py egg_info --egg-base ../../build/ugv_can build --build-base /home/navcon/ws/mina_ws/build/ugv_can/build install --record /home/navcon/ws/mina_ws/build/ugv_can/install.log --single-version-externally-managed install_data
[4.778s] Level 1:colcon.colcon_core.environment:checking '/home/navcon/ws/mina_ws/install/ackermann_controller' for CMake module files
[4.780s] DEBUG:colcon.colcon_core.event_handler.log_command:Invoked command in '/home/navcon/ws/mina_ws/src/ackermann-odometry/src/ackermann_controller' returned '0': PYTHONPATH=/home/navcon/ws/mina_ws/build/ackermann_controller/prefix_override:/home/navcon/ws/mina_ws/install/ackermann_controller/lib/python3.8/site-packages:${PYTHONPATH} /usr/bin/python3 -W ignore:setup.py install is deprecated setup.py egg_info --egg-base ../../../../build/ackermann_controller build --build-base /home/navcon/ws/mina_ws/build/ackermann_controller/build install --record /home/navcon/ws/mina_ws/build/ackermann_controller/install.log --install-scripts $base/lib/ackermann_controller --single-version-externally-managed install_data
[4.780s] Level 1:colcon.colcon_core.environment:checking '/home/navcon/ws/mina_ws/install/ackermann_controller' for CMake config files
[4.782s] Level 1:colcon.colcon_core.environment:checking '/home/navcon/ws/mina_ws/install/ackermann_controller/lib'
[4.782s] Level 1:colcon.colcon_core.environment:checking '/home/navcon/ws/mina_ws/install/ackermann_controller/bin'
[4.782s] Level 1:colcon.colcon_core.environment:checking '/home/navcon/ws/mina_ws/install/ackermann_controller/lib/pkgconfig/ackermann_controller.pc'
[4.783s] Level 1:colcon.colcon_core.environment:checking '/home/navcon/ws/mina_ws/install/ackermann_controller/lib/python3.8/site-packages'
[4.783s] Level 1:colcon.colcon_core.shell:create_environment_hook('ackermann_controller', 'pythonpath')
[4.783s] INFO:colcon.colcon_core.shell:Creating environment hook '/home/navcon/ws/mina_ws/install/ackermann_controller/share/ackermann_controller/hook/pythonpath.ps1'
[4.785s] INFO:colcon.colcon_core.shell:Creating environment descriptor '/home/navcon/ws/mina_ws/install/ackermann_controller/share/ackermann_controller/hook/pythonpath.dsv'
[4.788s] INFO:colcon.colcon_core.shell:Creating environment hook '/home/navcon/ws/mina_ws/install/ackermann_controller/share/ackermann_controller/hook/pythonpath.sh'
[4.792s] Level 1:colcon.colcon_core.environment:checking '/home/navcon/ws/mina_ws/install/ackermann_controller/bin'
[4.792s] Level 1:colcon.colcon_core.environment:create_environment_scripts_only(ackermann_controller)
[4.792s] INFO:colcon.colcon_core.shell:Creating package script '/home/navcon/ws/mina_ws/install/ackermann_controller/share/ackermann_controller/package.ps1'
[4.794s] INFO:colcon.colcon_core.shell:Creating package descriptor '/home/navcon/ws/mina_ws/install/ackermann_controller/share/ackermann_controller/package.dsv'
[4.795s] INFO:colcon.colcon_core.shell:Creating package script '/home/navcon/ws/mina_ws/install/ackermann_controller/share/ackermann_controller/package.sh'
[4.796s] INFO:colcon.colcon_core.shell:Creating package script '/home/navcon/ws/mina_ws/install/ackermann_controller/share/ackermann_controller/package.bash'
[4.797s] INFO:colcon.colcon_core.shell:Creating package script '/home/navcon/ws/mina_ws/install/ackermann_controller/share/ackermann_controller/package.zsh'
[4.798s] Level 1:colcon.colcon_core.environment:create_file_with_runtime_dependencies(/home/navcon/ws/mina_ws/install/ackermann_controller/share/colcon-core/packages/ackermann_controller)
[4.801s] Level 1:colcon.colcon_core.environment:checking '/home/navcon/ws/mina_ws/install/ugv_can' for CMake module files
[4.803s] DEBUG:colcon.colcon_core.event_handler.log_command:Invoked command in '/home/navcon/ws/mina_ws/src/ugv_can' returned '0': PYTHONPATH=/home/navcon/ws/mina_ws/build/ugv_can/prefix_override:/home/navcon/ws/mina_ws/install/ugv_can/lib/python3.8/site-packages:${PYTHONPATH} /usr/bin/python3 -W ignore:setup.py install is deprecated setup.py egg_info --egg-base ../../build/ugv_can build --build-base /home/navcon/ws/mina_ws/build/ugv_can/build install --record /home/navcon/ws/mina_ws/build/ugv_can/install.log --single-version-externally-managed install_data
[4.803s] Level 1:colcon.colcon_core.environment:checking '/home/navcon/ws/mina_ws/install/ugv_can' for CMake config files
[4.805s] Level 1:colcon.colcon_core.environment:checking '/home/navcon/ws/mina_ws/install/ugv_can/lib'
[4.805s] Level 1:colcon.colcon_core.environment:checking '/home/navcon/ws/mina_ws/install/ugv_can/bin'
[4.805s] Level 1:colcon.colcon_core.environment:checking '/home/navcon/ws/mina_ws/install/ugv_can/lib/pkgconfig/ugv_can.pc'
[4.805s] Level 1:colcon.colcon_core.environment:checking '/home/navcon/ws/mina_ws/install/ugv_can/lib/python3.8/site-packages'
[4.805s] Level 1:colcon.colcon_core.shell:create_environment_hook('ugv_can', 'pythonpath')
[4.806s] INFO:colcon.colcon_core.shell:Creating environment hook '/home/navcon/ws/mina_ws/install/ugv_can/share/ugv_can/hook/pythonpath.ps1'
[4.807s] INFO:colcon.colcon_core.shell:Creating environment descriptor '/home/navcon/ws/mina_ws/install/ugv_can/share/ugv_can/hook/pythonpath.dsv'
[4.808s] INFO:colcon.colcon_core.shell:Creating environment hook '/home/navcon/ws/mina_ws/install/ugv_can/share/ugv_can/hook/pythonpath.sh'
[4.809s] Level 1:colcon.colcon_core.environment:checking '/home/navcon/ws/mina_ws/install/ugv_can/bin'
[4.809s] Level 1:colcon.colcon_core.environment:create_environment_scripts_only(ugv_can)
[4.810s] INFO:colcon.colcon_core.shell:Creating package script '/home/navcon/ws/mina_ws/install/ugv_can/share/ugv_can/package.ps1'
[4.811s] INFO:colcon.colcon_core.shell:Creating package descriptor '/home/navcon/ws/mina_ws/install/ugv_can/share/ugv_can/package.dsv'
[4.812s] INFO:colcon.colcon_core.shell:Creating package script '/home/navcon/ws/mina_ws/install/ugv_can/share/ugv_can/package.sh'
[4.813s] INFO:colcon.colcon_core.shell:Creating package script '/home/navcon/ws/mina_ws/install/ugv_can/share/ugv_can/package.bash'
[4.814s] INFO:colcon.colcon_core.shell:Creating package script '/home/navcon/ws/mina_ws/install/ugv_can/share/ugv_can/package.zsh'
[4.814s] Level 1:colcon.colcon_core.environment:create_file_with_runtime_dependencies(/home/navcon/ws/mina_ws/install/ugv_can/share/colcon-core/packages/ugv_can)
[5.097s] DEBUG:colcon.colcon_core.event_handler.log_command:Invoking command in '/home/navcon/ws/mina_ws/src/ackermann-odometry/src/ackermann_odometry': CMAKE_PREFIX_PATH=/home/navcon/ws/mina_ws/install/ackermann_interfaces:/home/navcon/ws/mina_ws/install/ydlidar_ros2_driver:/home/navcon/ws/mina_ws/install/ugv_design:/home/navcon/ws/mina_ws/install/mini_ugv:/home/navcon/ws/mina_ws/install/mina_ugv PYTHONPATH=/home/navcon/ws/mina_ws/build/ackermann_odometry/prefix_override:/home/navcon/ws/mina_ws/install/ackermann_odometry/lib/python3.8/site-packages:/home/navcon/ws/mina_ws/install/ackermann_interfaces/lib/python3.8/site-packages:/home/navcon/ws/mina_ws/install/ugv_can/lib/python3.8/site-packages:/home/navcon/ws/mina_ws/install/mina_ugv/lib/python3.8/site-packages:/home/navcon/ws/mina_ws/install/ackermann_odometry/lib/python3.8/site-packages:/home/navcon/ws/mina_ws/install/ackermann_controller/lib/python3.8/site-packages:/opt/ros/humble/lib/python3.8/site-packages /usr/bin/python3 -W ignore:setup.py install is deprecated setup.py egg_info --egg-base ../../../../build/ackermann_odometry build --build-base /home/navcon/ws/mina_ws/build/ackermann_odometry/build install --record /home/navcon/ws/mina_ws/build/ackermann_odometry/install.log --install-scripts $base/lib/ackermann_odometry --single-version-externally-managed install_data
[5.833s] Level 1:colcon.colcon_core.environment:checking '/home/navcon/ws/mina_ws/install/ackermann_odometry' for CMake module files
[5.835s] DEBUG:colcon.colcon_core.event_handler.log_command:Invoked command in '/home/navcon/ws/mina_ws/src/ackermann-odometry/src/ackermann_odometry' returned '0': CMAKE_PREFIX_PATH=/home/navcon/ws/mina_ws/install/ackermann_interfaces:/home/navcon/ws/mina_ws/install/ydlidar_ros2_driver:/home/navcon/ws/mina_ws/install/ugv_design:/home/navcon/ws/mina_ws/install/mini_ugv:/home/navcon/ws/mina_ws/install/mina_ugv PYTHONPATH=/home/navcon/ws/mina_ws/build/ackermann_odometry/prefix_override:/home/navcon/ws/mina_ws/install/ackermann_odometry/lib/python3.8/site-packages:/home/navcon/ws/mina_ws/install/ackermann_interfaces/lib/python3.8/site-packages:/home/navcon/ws/mina_ws/install/ugv_can/lib/python3.8/site-packages:/home/navcon/ws/mina_ws/install/mina_ugv/lib/python3.8/site-packages:/home/navcon/ws/mina_ws/install/ackermann_odometry/lib/python3.8/site-packages:/home/navcon/ws/mina_ws/install/ackermann_controller/lib/python3.8/site-packages:/opt/ros/humble/lib/python3.8/site-packages /usr/bin/python3 -W ignore:setup.py install is deprecated setup.py egg_info --egg-base ../../../../build/ackermann_odometry build --build-base /home/navcon/ws/mina_ws/build/ackermann_odometry/build install --record /home/navcon/ws/mina_ws/build/ackermann_odometry/install.log --install-scripts $base/lib/ackermann_odometry --single-version-externally-managed install_data
[5.835s] Level 1:colcon.colcon_core.environment:checking '/home/navcon/ws/mina_ws/install/ackermann_odometry' for CMake config files
[5.837s] Level 1:colcon.colcon_core.environment:checking '/home/navcon/ws/mina_ws/install/ackermann_odometry/lib'
[5.837s] Level 1:colcon.colcon_core.environment:checking '/home/navcon/ws/mina_ws/install/ackermann_odometry/bin'
[5.837s] Level 1:colcon.colcon_core.environment:checking '/home/navcon/ws/mina_ws/install/ackermann_odometry/lib/pkgconfig/ackermann_odometry.pc'
[5.837s] Level 1:colcon.colcon_core.environment:checking '/home/navcon/ws/mina_ws/install/ackermann_odometry/lib/python3.8/site-packages'
[5.838s] Level 1:colcon.colcon_core.shell:create_environment_hook('ackermann_odometry', 'pythonpath')
[5.838s] INFO:colcon.colcon_core.shell:Creating environment hook '/home/navcon/ws/mina_ws/install/ackermann_odometry/share/ackermann_odometry/hook/pythonpath.ps1'
[5.839s] INFO:colcon.colcon_core.shell:Creating environment descriptor '/home/navcon/ws/mina_ws/install/ackermann_odometry/share/ackermann_odometry/hook/pythonpath.dsv'
[5.842s] INFO:colcon.colcon_core.shell:Creating environment hook '/home/navcon/ws/mina_ws/install/ackermann_odometry/share/ackermann_odometry/hook/pythonpath.sh'
[5.846s] Level 1:colcon.colcon_core.environment:checking '/home/navcon/ws/mina_ws/install/ackermann_odometry/bin'
[5.846s] Level 1:colcon.colcon_core.environment:create_environment_scripts_only(ackermann_odometry)
[5.847s] INFO:colcon.colcon_core.shell:Creating package script '/home/navcon/ws/mina_ws/install/ackermann_odometry/share/ackermann_odometry/package.ps1'
[5.849s] INFO:colcon.colcon_core.shell:Creating package descriptor '/home/navcon/ws/mina_ws/install/ackermann_odometry/share/ackermann_odometry/package.dsv'
[5.849s] INFO:colcon.colcon_core.shell:Creating package script '/home/navcon/ws/mina_ws/install/ackermann_odometry/share/ackermann_odometry/package.sh'
[5.850s] INFO:colcon.colcon_core.shell:Creating package script '/home/navcon/ws/mina_ws/install/ackermann_odometry/share/ackermann_odometry/package.bash'
[5.851s] INFO:colcon.colcon_core.shell:Creating package script '/home/navcon/ws/mina_ws/install/ackermann_odometry/share/ackermann_odometry/package.zsh'
[5.852s] Level 1:colcon.colcon_core.environment:create_file_with_runtime_dependencies(/home/navcon/ws/mina_ws/install/ackermann_odometry/share/colcon-core/packages/ackermann_odometry)
[5.852s] DEBUG:colcon.colcon_parallel_executor.executor.parallel:closing loop
[5.853s] DEBUG:colcon.colcon_parallel_executor.executor.parallel:loop closed
[5.854s] DEBUG:colcon.colcon_parallel_executor.executor.parallel:run_until_complete finished with '0'
[5.854s] DEBUG:colcon.colcon_core.event_reactor:joining thread
[5.866s] INFO:colcon.colcon_core.plugin_system:Skipping extension 'colcon_notification.desktop_notification.terminal_notifier': Not used on non-Darwin systems
[5.866s] INFO:colcon.colcon_core.plugin_system:Skipping extension 'colcon_notification.desktop_notification.win32': Not used on non-Windows systems
[5.866s] INFO:colcon.colcon_notification.desktop_notification:Sending desktop notification using 'notify2'
[5.910s] DEBUG:colcon.colcon_core.event_reactor:joined thread
[5.911s] INFO:colcon.colcon_core.shell:Creating prefix script '/home/navcon/ws/mina_ws/install/local_setup.ps1'
[5.913s] INFO:colcon.colcon_core.shell:Creating prefix util module '/home/navcon/ws/mina_ws/install/_local_setup_util_ps1.py'
[5.917s] INFO:colcon.colcon_core.shell:Creating prefix chain script '/home/navcon/ws/mina_ws/install/setup.ps1'
[5.921s] INFO:colcon.colcon_core.shell:Creating prefix script '/home/navcon/ws/mina_ws/install/local_setup.sh'
[5.922s] INFO:colcon.colcon_core.shell:Creating prefix util module '/home/navcon/ws/mina_ws/install/_local_setup_util_sh.py'
[5.925s] INFO:colcon.colcon_core.shell:Creating prefix chain script '/home/navcon/ws/mina_ws/install/setup.sh'
[5.928s] INFO:colcon.colcon_core.shell:Creating prefix script '/home/navcon/ws/mina_ws/install/local_setup.bash'
[5.929s] INFO:colcon.colcon_core.shell:Creating prefix chain script '/home/navcon/ws/mina_ws/install/setup.bash'
[5.932s] INFO:colcon.colcon_core.shell:Creating prefix script '/home/navcon/ws/mina_ws/install/local_setup.zsh'
[5.933s] INFO:colcon.colcon_core.shell:Creating prefix chain script '/home/navcon/ws/mina_ws/install/setup.zsh'
