[0.411s] DEBUG:colcon:Command line arguments: ['/usr/bin/colcon', 'build']
[0.411s] DEBUG:colcon:Parsed command line arguments: Namespace(allow_overriding=[], ament_cmake_args=None, base_paths=['.'], build_base='build', catkin_cmake_args=None, catkin_skip_building_tests=False, cmake_args=None, cmake_clean_cache=False, cmake_clean_first=False, cmake_force_configure=False, cmake_target=None, cmake_target_skip_unavailable=False, continue_on_error=False, event_handlers=None, executor='parallel', ignore_user_meta=False, install_base='install', log_base=None, log_level=None, main=<bound method BuildVerb.main of <colcon_core.verb.build.BuildVerb object at 0xffff9ec5a6a0>>, merge_install=False, metas=['./colcon.meta'], mixin=None, mixin_files=None, mixin_verb=('build',), packages_above=None, packages_above_and_dependencies=None, packages_above_depth=None, packages_end=None, packages_ignore=None, packages_ignore_regex=None, packages_select=None, packages_select_build_failed=False, packages_select_by_dep=None, packages_select_regex=None, packages_select_test_failures=False, packages_skip=None, packages_skip_build_finished=False, packages_skip_by_dep=None, packages_skip_regex=None, packages_skip_test_passed=False, packages_skip_up_to=None, packages_start=None, packages_up_to=None, packages_up_to_regex=None, parallel_workers=8, paths=None, symlink_install=False, test_result_base=None, verb_extension=<colcon_core.verb.build.BuildVerb object at 0xffff9ec5a6a0>, verb_name='build', verb_parser=<colcon_mixin.mixin.mixin_argument.MixinArgumentDecorator object at 0xffff9ec5aca0>)
[0.758s] Level 1:colcon.colcon_core.package_discovery:discover_packages(colcon_meta) check parameters
[0.759s] Level 1:colcon.colcon_core.package_discovery:discover_packages(recursive) check parameters
[0.759s] Level 1:colcon.colcon_core.package_discovery:discover_packages(ignore) check parameters
[0.759s] Level 1:colcon.colcon_core.package_discovery:discover_packages(path) check parameters
[0.759s] Level 1:colcon.colcon_core.package_discovery:discover_packages(colcon_meta) discover
[0.759s] Level 1:colcon.colcon_core.package_discovery:discover_packages(recursive) discover
[0.759s] INFO:colcon.colcon_core.package_discovery:Crawling recursively for packages in '/home/navcon/ws/mina_ws'
[0.760s] Level 1:colcon.colcon_core.package_identification:_identify(.) by extensions ['ignore', 'ignore_ament_install']
[0.760s] Level 1:colcon.colcon_core.package_identification:_identify(.) by extension 'ignore'
[0.760s] Level 1:colcon.colcon_core.package_identification:_identify(.) by extension 'ignore_ament_install'
[0.760s] Level 1:colcon.colcon_core.package_identification:_identify(.) by extensions ['colcon_pkg']
[0.760s] Level 1:colcon.colcon_core.package_identification:_identify(.) by extension 'colcon_pkg'
[0.760s] Level 1:colcon.colcon_core.package_identification:_identify(.) by extensions ['colcon_meta']
[0.760s] Level 1:colcon.colcon_core.package_identification:_identify(.) by extension 'colcon_meta'
[0.760s] Level 1:colcon.colcon_core.package_identification:_identify(.) by extensions ['ros']
[0.760s] Level 1:colcon.colcon_core.package_identification:_identify(.) by extension 'ros'
[0.781s] Level 1:colcon.colcon_core.package_identification:_identify(.) by extensions ['cmake', 'python']
[0.781s] Level 1:colcon.colcon_core.package_identification:_identify(.) by extension 'cmake'
[0.781s] Level 1:colcon.colcon_core.package_identification:_identify(.) by extension 'python'
[0.782s] Level 1:colcon.colcon_core.package_identification:_identify(.) by extensions ['python_setup_py']
[0.782s] Level 1:colcon.colcon_core.package_identification:_identify(.) by extension 'python_setup_py'
[0.782s] Level 1:colcon.colcon_core.package_identification:_identify(build) by extensions ['ignore', 'ignore_ament_install']
[0.782s] Level 1:colcon.colcon_core.package_identification:_identify(build) by extension 'ignore'
[0.782s] Level 1:colcon.colcon_core.package_identification:_identify(build) ignored
[0.783s] Level 1:colcon.colcon_core.package_identification:_identify(install) by extensions ['ignore', 'ignore_ament_install']
[0.783s] Level 1:colcon.colcon_core.package_identification:_identify(install) by extension 'ignore'
[0.783s] Level 1:colcon.colcon_core.package_identification:_identify(install) ignored
[0.783s] Level 1:colcon.colcon_core.package_identification:_identify(log) by extensions ['ignore', 'ignore_ament_install']
[0.783s] Level 1:colcon.colcon_core.package_identification:_identify(log) by extension 'ignore'
[0.783s] Level 1:colcon.colcon_core.package_identification:_identify(log) ignored
[0.784s] Level 1:colcon.colcon_core.package_identification:_identify(src) by extensions ['ignore', 'ignore_ament_install']
[0.784s] Level 1:colcon.colcon_core.package_identification:_identify(src) by extension 'ignore'
[0.784s] Level 1:colcon.colcon_core.package_identification:_identify(src) by extension 'ignore_ament_install'
[0.784s] Level 1:colcon.colcon_core.package_identification:_identify(src) by extensions ['colcon_pkg']
[0.784s] Level 1:colcon.colcon_core.package_identification:_identify(src) by extension 'colcon_pkg'
[0.784s] Level 1:colcon.colcon_core.package_identification:_identify(src) by extensions ['colcon_meta']
[0.784s] Level 1:colcon.colcon_core.package_identification:_identify(src) by extension 'colcon_meta'
[0.784s] Level 1:colcon.colcon_core.package_identification:_identify(src) by extensions ['ros']
[0.784s] Level 1:colcon.colcon_core.package_identification:_identify(src) by extension 'ros'
[0.785s] Level 1:colcon.colcon_core.package_identification:_identify(src) by extensions ['cmake', 'python']
[0.785s] Level 1:colcon.colcon_core.package_identification:_identify(src) by extension 'cmake'
[0.785s] Level 1:colcon.colcon_core.package_identification:_identify(src) by extension 'python'
[0.785s] Level 1:colcon.colcon_core.package_identification:_identify(src) by extensions ['python_setup_py']
[0.785s] Level 1:colcon.colcon_core.package_identification:_identify(src) by extension 'python_setup_py'
[0.785s] Level 1:colcon.colcon_core.package_identification:_identify(src/ackermann-odometry) by extensions ['ignore', 'ignore_ament_install']
[0.785s] Level 1:colcon.colcon_core.package_identification:_identify(src/ackermann-odometry) by extension 'ignore'
[0.785s] Level 1:colcon.colcon_core.package_identification:_identify(src/ackermann-odometry) by extension 'ignore_ament_install'
[0.785s] Level 1:colcon.colcon_core.package_identification:_identify(src/ackermann-odometry) by extensions ['colcon_pkg']
[0.786s] Level 1:colcon.colcon_core.package_identification:_identify(src/ackermann-odometry) by extension 'colcon_pkg'
[0.786s] Level 1:colcon.colcon_core.package_identification:_identify(src/ackermann-odometry) by extensions ['colcon_meta']
[0.786s] Level 1:colcon.colcon_core.package_identification:_identify(src/ackermann-odometry) by extension 'colcon_meta'
[0.786s] Level 1:colcon.colcon_core.package_identification:_identify(src/ackermann-odometry) by extensions ['ros']
[0.786s] Level 1:colcon.colcon_core.package_identification:_identify(src/ackermann-odometry) by extension 'ros'
[0.786s] Level 1:colcon.colcon_core.package_identification:_identify(src/ackermann-odometry) by extensions ['cmake', 'python']
[0.786s] Level 1:colcon.colcon_core.package_identification:_identify(src/ackermann-odometry) by extension 'cmake'
[0.786s] Level 1:colcon.colcon_core.package_identification:_identify(src/ackermann-odometry) by extension 'python'
[0.786s] Level 1:colcon.colcon_core.package_identification:_identify(src/ackermann-odometry) by extensions ['python_setup_py']
[0.786s] Level 1:colcon.colcon_core.package_identification:_identify(src/ackermann-odometry) by extension 'python_setup_py'
[0.787s] Level 1:colcon.colcon_core.package_identification:_identify(src/ackermann-odometry/docker) by extensions ['ignore', 'ignore_ament_install']
[0.787s] Level 1:colcon.colcon_core.package_identification:_identify(src/ackermann-odometry/docker) by extension 'ignore'
[0.787s] Level 1:colcon.colcon_core.package_identification:_identify(src/ackermann-odometry/docker) by extension 'ignore_ament_install'
[0.787s] Level 1:colcon.colcon_core.package_identification:_identify(src/ackermann-odometry/docker) by extensions ['colcon_pkg']
[0.787s] Level 1:colcon.colcon_core.package_identification:_identify(src/ackermann-odometry/docker) by extension 'colcon_pkg'
[0.787s] Level 1:colcon.colcon_core.package_identification:_identify(src/ackermann-odometry/docker) by extensions ['colcon_meta']
[0.787s] Level 1:colcon.colcon_core.package_identification:_identify(src/ackermann-odometry/docker) by extension 'colcon_meta'
[0.787s] Level 1:colcon.colcon_core.package_identification:_identify(src/ackermann-odometry/docker) by extensions ['ros']
[0.787s] Level 1:colcon.colcon_core.package_identification:_identify(src/ackermann-odometry/docker) by extension 'ros'
[0.787s] Level 1:colcon.colcon_core.package_identification:_identify(src/ackermann-odometry/docker) by extensions ['cmake', 'python']
[0.787s] Level 1:colcon.colcon_core.package_identification:_identify(src/ackermann-odometry/docker) by extension 'cmake'
[0.788s] Level 1:colcon.colcon_core.package_identification:_identify(src/ackermann-odometry/docker) by extension 'python'
[0.788s] Level 1:colcon.colcon_core.package_identification:_identify(src/ackermann-odometry/docker) by extensions ['python_setup_py']
[0.788s] Level 1:colcon.colcon_core.package_identification:_identify(src/ackermann-odometry/docker) by extension 'python_setup_py'
[0.788s] Level 1:colcon.colcon_core.package_identification:_identify(src/ackermann-odometry/private) by extensions ['ignore', 'ignore_ament_install']
[0.788s] Level 1:colcon.colcon_core.package_identification:_identify(src/ackermann-odometry/private) by extension 'ignore'
[0.788s] Level 1:colcon.colcon_core.package_identification:_identify(src/ackermann-odometry/private) by extension 'ignore_ament_install'
[0.788s] Level 1:colcon.colcon_core.package_identification:_identify(src/ackermann-odometry/private) by extensions ['colcon_pkg']
[0.788s] Level 1:colcon.colcon_core.package_identification:_identify(src/ackermann-odometry/private) by extension 'colcon_pkg'
[0.788s] Level 1:colcon.colcon_core.package_identification:_identify(src/ackermann-odometry/private) by extensions ['colcon_meta']
[0.789s] Level 1:colcon.colcon_core.package_identification:_identify(src/ackermann-odometry/private) by extension 'colcon_meta'
[0.789s] Level 1:colcon.colcon_core.package_identification:_identify(src/ackermann-odometry/private) by extensions ['ros']
[0.789s] Level 1:colcon.colcon_core.package_identification:_identify(src/ackermann-odometry/private) by extension 'ros'
[0.789s] Level 1:colcon.colcon_core.package_identification:_identify(src/ackermann-odometry/private) by extensions ['cmake', 'python']
[0.789s] Level 1:colcon.colcon_core.package_identification:_identify(src/ackermann-odometry/private) by extension 'cmake'
[0.789s] Level 1:colcon.colcon_core.package_identification:_identify(src/ackermann-odometry/private) by extension 'python'
[0.789s] Level 1:colcon.colcon_core.package_identification:_identify(src/ackermann-odometry/private) by extensions ['python_setup_py']
[0.789s] Level 1:colcon.colcon_core.package_identification:_identify(src/ackermann-odometry/private) by extension 'python_setup_py'
[0.789s] Level 1:colcon.colcon_core.package_identification:_identify(src/ackermann-odometry/scripts) by extensions ['ignore', 'ignore_ament_install']
[0.789s] Level 1:colcon.colcon_core.package_identification:_identify(src/ackermann-odometry/scripts) by extension 'ignore'
[0.790s] Level 1:colcon.colcon_core.package_identification:_identify(src/ackermann-odometry/scripts) by extension 'ignore_ament_install'
[0.790s] Level 1:colcon.colcon_core.package_identification:_identify(src/ackermann-odometry/scripts) by extensions ['colcon_pkg']
[0.790s] Level 1:colcon.colcon_core.package_identification:_identify(src/ackermann-odometry/scripts) by extension 'colcon_pkg'
[0.790s] Level 1:colcon.colcon_core.package_identification:_identify(src/ackermann-odometry/scripts) by extensions ['colcon_meta']
[0.790s] Level 1:colcon.colcon_core.package_identification:_identify(src/ackermann-odometry/scripts) by extension 'colcon_meta'
[0.790s] Level 1:colcon.colcon_core.package_identification:_identify(src/ackermann-odometry/scripts) by extensions ['ros']
[0.790s] Level 1:colcon.colcon_core.package_identification:_identify(src/ackermann-odometry/scripts) by extension 'ros'
[0.790s] Level 1:colcon.colcon_core.package_identification:_identify(src/ackermann-odometry/scripts) by extensions ['cmake', 'python']
[0.790s] Level 1:colcon.colcon_core.package_identification:_identify(src/ackermann-odometry/scripts) by extension 'cmake'
[0.790s] Level 1:colcon.colcon_core.package_identification:_identify(src/ackermann-odometry/scripts) by extension 'python'
[0.790s] Level 1:colcon.colcon_core.package_identification:_identify(src/ackermann-odometry/scripts) by extensions ['python_setup_py']
[0.790s] Level 1:colcon.colcon_core.package_identification:_identify(src/ackermann-odometry/scripts) by extension 'python_setup_py'
[0.791s] Level 1:colcon.colcon_core.package_identification:_identify(src/ackermann-odometry/src) by extensions ['ignore', 'ignore_ament_install']
[0.791s] Level 1:colcon.colcon_core.package_identification:_identify(src/ackermann-odometry/src) by extension 'ignore'
[0.791s] Level 1:colcon.colcon_core.package_identification:_identify(src/ackermann-odometry/src) by extension 'ignore_ament_install'
[0.791s] Level 1:colcon.colcon_core.package_identification:_identify(src/ackermann-odometry/src) by extensions ['colcon_pkg']
[0.791s] Level 1:colcon.colcon_core.package_identification:_identify(src/ackermann-odometry/src) by extension 'colcon_pkg'
[0.791s] Level 1:colcon.colcon_core.package_identification:_identify(src/ackermann-odometry/src) by extensions ['colcon_meta']
[0.791s] Level 1:colcon.colcon_core.package_identification:_identify(src/ackermann-odometry/src) by extension 'colcon_meta'
[0.791s] Level 1:colcon.colcon_core.package_identification:_identify(src/ackermann-odometry/src) by extensions ['ros']
[0.791s] Level 1:colcon.colcon_core.package_identification:_identify(src/ackermann-odometry/src) by extension 'ros'
[0.792s] Level 1:colcon.colcon_core.package_identification:_identify(src/ackermann-odometry/src) by extensions ['cmake', 'python']
[0.792s] Level 1:colcon.colcon_core.package_identification:_identify(src/ackermann-odometry/src) by extension 'cmake'
[0.792s] Level 1:colcon.colcon_core.package_identification:_identify(src/ackermann-odometry/src) by extension 'python'
[0.792s] Level 1:colcon.colcon_core.package_identification:_identify(src/ackermann-odometry/src) by extensions ['python_setup_py']
[0.792s] Level 1:colcon.colcon_core.package_identification:_identify(src/ackermann-odometry/src) by extension 'python_setup_py'
[0.792s] Level 1:colcon.colcon_core.package_identification:_identify(src/ackermann-odometry/src/ackermann_controller) by extensions ['ignore', 'ignore_ament_install']
[0.792s] Level 1:colcon.colcon_core.package_identification:_identify(src/ackermann-odometry/src/ackermann_controller) by extension 'ignore'
[0.792s] Level 1:colcon.colcon_core.package_identification:_identify(src/ackermann-odometry/src/ackermann_controller) by extension 'ignore_ament_install'
[0.792s] Level 1:colcon.colcon_core.package_identification:_identify(src/ackermann-odometry/src/ackermann_controller) by extensions ['colcon_pkg']
[0.793s] Level 1:colcon.colcon_core.package_identification:_identify(src/ackermann-odometry/src/ackermann_controller) by extension 'colcon_pkg'
[0.793s] Level 1:colcon.colcon_core.package_identification:_identify(src/ackermann-odometry/src/ackermann_controller) by extensions ['colcon_meta']
[0.793s] Level 1:colcon.colcon_core.package_identification:_identify(src/ackermann-odometry/src/ackermann_controller) by extension 'colcon_meta'
[0.793s] Level 1:colcon.colcon_core.package_identification:_identify(src/ackermann-odometry/src/ackermann_controller) by extensions ['ros']
[0.793s] Level 1:colcon.colcon_core.package_identification:_identify(src/ackermann-odometry/src/ackermann_controller) by extension 'ros'
[0.798s] DEBUG:colcon.colcon_core.package_identification:Package 'src/ackermann-odometry/src/ackermann_controller' with type 'ros.ament_python' and name 'ackermann_controller'
[0.798s] Level 1:colcon.colcon_core.package_identification:_identify(src/ackermann-odometry/src/ackermann_interfaces) by extensions ['ignore', 'ignore_ament_install']
[0.799s] Level 1:colcon.colcon_core.package_identification:_identify(src/ackermann-odometry/src/ackermann_interfaces) by extension 'ignore'
[0.799s] Level 1:colcon.colcon_core.package_identification:_identify(src/ackermann-odometry/src/ackermann_interfaces) by extension 'ignore_ament_install'
[0.799s] Level 1:colcon.colcon_core.package_identification:_identify(src/ackermann-odometry/src/ackermann_interfaces) by extensions ['colcon_pkg']
[0.799s] Level 1:colcon.colcon_core.package_identification:_identify(src/ackermann-odometry/src/ackermann_interfaces) by extension 'colcon_pkg'
[0.799s] Level 1:colcon.colcon_core.package_identification:_identify(src/ackermann-odometry/src/ackermann_interfaces) by extensions ['colcon_meta']
[0.799s] Level 1:colcon.colcon_core.package_identification:_identify(src/ackermann-odometry/src/ackermann_interfaces) by extension 'colcon_meta'
[0.799s] Level 1:colcon.colcon_core.package_identification:_identify(src/ackermann-odometry/src/ackermann_interfaces) by extensions ['ros']
[0.799s] Level 1:colcon.colcon_core.package_identification:_identify(src/ackermann-odometry/src/ackermann_interfaces) by extension 'ros'
[0.801s] DEBUG:colcon.colcon_core.package_identification:Package 'src/ackermann-odometry/src/ackermann_interfaces' with type 'ros.ament_cmake' and name 'ackermann_interfaces'
[0.801s] Level 1:colcon.colcon_core.package_identification:_identify(src/ackermann-odometry/src/ackermann_odometry) by extensions ['ignore', 'ignore_ament_install']
[0.801s] Level 1:colcon.colcon_core.package_identification:_identify(src/ackermann-odometry/src/ackermann_odometry) by extension 'ignore'
[0.801s] Level 1:colcon.colcon_core.package_identification:_identify(src/ackermann-odometry/src/ackermann_odometry) by extension 'ignore_ament_install'
[0.801s] Level 1:colcon.colcon_core.package_identification:_identify(src/ackermann-odometry/src/ackermann_odometry) by extensions ['colcon_pkg']
[0.801s] Level 1:colcon.colcon_core.package_identification:_identify(src/ackermann-odometry/src/ackermann_odometry) by extension 'colcon_pkg'
[0.802s] Level 1:colcon.colcon_core.package_identification:_identify(src/ackermann-odometry/src/ackermann_odometry) by extensions ['colcon_meta']
[0.802s] Level 1:colcon.colcon_core.package_identification:_identify(src/ackermann-odometry/src/ackermann_odometry) by extension 'colcon_meta'
[0.802s] Level 1:colcon.colcon_core.package_identification:_identify(src/ackermann-odometry/src/ackermann_odometry) by extensions ['ros']
[0.802s] Level 1:colcon.colcon_core.package_identification:_identify(src/ackermann-odometry/src/ackermann_odometry) by extension 'ros'
[0.803s] DEBUG:colcon.colcon_core.package_identification:Package 'src/ackermann-odometry/src/ackermann_odometry' with type 'ros.ament_python' and name 'ackermann_odometry'
[0.803s] Level 1:colcon.colcon_core.package_identification:_identify(src/mina_ugv) by extensions ['ignore', 'ignore_ament_install']
[0.803s] Level 1:colcon.colcon_core.package_identification:_identify(src/mina_ugv) by extension 'ignore'
[0.803s] Level 1:colcon.colcon_core.package_identification:_identify(src/mina_ugv) by extension 'ignore_ament_install'
[0.803s] Level 1:colcon.colcon_core.package_identification:_identify(src/mina_ugv) by extensions ['colcon_pkg']
[0.803s] Level 1:colcon.colcon_core.package_identification:_identify(src/mina_ugv) by extension 'colcon_pkg'
[0.803s] Level 1:colcon.colcon_core.package_identification:_identify(src/mina_ugv) by extensions ['colcon_meta']
[0.804s] Level 1:colcon.colcon_core.package_identification:_identify(src/mina_ugv) by extension 'colcon_meta'
[0.804s] Level 1:colcon.colcon_core.package_identification:_identify(src/mina_ugv) by extensions ['ros']
[0.804s] Level 1:colcon.colcon_core.package_identification:_identify(src/mina_ugv) by extension 'ros'
[0.805s] DEBUG:colcon.colcon_core.package_identification:Package 'src/mina_ugv' with type 'ros.ament_cmake' and name 'mina_ugv'
[0.806s] Level 1:colcon.colcon_core.package_identification:_identify(src/mini_ugv) by extensions ['ignore', 'ignore_ament_install']
[0.806s] Level 1:colcon.colcon_core.package_identification:_identify(src/mini_ugv) by extension 'ignore'
[0.806s] Level 1:colcon.colcon_core.package_identification:_identify(src/mini_ugv) by extension 'ignore_ament_install'
[0.806s] Level 1:colcon.colcon_core.package_identification:_identify(src/mini_ugv) by extensions ['colcon_pkg']
[0.806s] Level 1:colcon.colcon_core.package_identification:_identify(src/mini_ugv) by extension 'colcon_pkg'
[0.806s] Level 1:colcon.colcon_core.package_identification:_identify(src/mini_ugv) by extensions ['colcon_meta']
[0.806s] Level 1:colcon.colcon_core.package_identification:_identify(src/mini_ugv) by extension 'colcon_meta'
[0.806s] Level 1:colcon.colcon_core.package_identification:_identify(src/mini_ugv) by extensions ['ros']
[0.806s] Level 1:colcon.colcon_core.package_identification:_identify(src/mini_ugv) by extension 'ros'
[0.807s] DEBUG:colcon.colcon_core.package_identification:Package 'src/mini_ugv' with type 'ros.ament_cmake' and name 'mini_ugv'
[0.808s] Level 1:colcon.colcon_core.package_identification:_identify(src/ugv_can) by extensions ['ignore', 'ignore_ament_install']
[0.808s] Level 1:colcon.colcon_core.package_identification:_identify(src/ugv_can) by extension 'ignore'
[0.808s] Level 1:colcon.colcon_core.package_identification:_identify(src/ugv_can) by extension 'ignore_ament_install'
[0.808s] Level 1:colcon.colcon_core.package_identification:_identify(src/ugv_can) by extensions ['colcon_pkg']
[0.808s] Level 1:colcon.colcon_core.package_identification:_identify(src/ugv_can) by extension 'colcon_pkg'
[0.808s] Level 1:colcon.colcon_core.package_identification:_identify(src/ugv_can) by extensions ['colcon_meta']
[0.808s] Level 1:colcon.colcon_core.package_identification:_identify(src/ugv_can) by extension 'colcon_meta'
[0.808s] Level 1:colcon.colcon_core.package_identification:_identify(src/ugv_can) by extensions ['ros']
[0.808s] Level 1:colcon.colcon_core.package_identification:_identify(src/ugv_can) by extension 'ros'
[0.809s] DEBUG:colcon.colcon_core.package_identification:Package 'src/ugv_can' with type 'ros.ament_python' and name 'ugv_can'
[0.809s] Level 1:colcon.colcon_core.package_identification:_identify(src/ugv_design) by extensions ['ignore', 'ignore_ament_install']
[0.810s] Level 1:colcon.colcon_core.package_identification:_identify(src/ugv_design) by extension 'ignore'
[0.810s] Level 1:colcon.colcon_core.package_identification:_identify(src/ugv_design) by extension 'ignore_ament_install'
[0.810s] Level 1:colcon.colcon_core.package_identification:_identify(src/ugv_design) by extensions ['colcon_pkg']
[0.810s] Level 1:colcon.colcon_core.package_identification:_identify(src/ugv_design) by extension 'colcon_pkg'
[0.810s] Level 1:colcon.colcon_core.package_identification:_identify(src/ugv_design) by extensions ['colcon_meta']
[0.810s] Level 1:colcon.colcon_core.package_identification:_identify(src/ugv_design) by extension 'colcon_meta'
[0.810s] Level 1:colcon.colcon_core.package_identification:_identify(src/ugv_design) by extensions ['ros']
[0.810s] Level 1:colcon.colcon_core.package_identification:_identify(src/ugv_design) by extension 'ros'
[0.811s] DEBUG:colcon.colcon_core.package_identification:Package 'src/ugv_design' with type 'ros.ament_cmake' and name 'ugv_design'
[0.811s] Level 1:colcon.colcon_core.package_identification:_identify(src/ydlidar_ros2_driver) by extensions ['ignore', 'ignore_ament_install']
[0.811s] Level 1:colcon.colcon_core.package_identification:_identify(src/ydlidar_ros2_driver) by extension 'ignore'
[0.811s] Level 1:colcon.colcon_core.package_identification:_identify(src/ydlidar_ros2_driver) by extension 'ignore_ament_install'
[0.811s] Level 1:colcon.colcon_core.package_identification:_identify(src/ydlidar_ros2_driver) by extensions ['colcon_pkg']
[0.811s] Level 1:colcon.colcon_core.package_identification:_identify(src/ydlidar_ros2_driver) by extension 'colcon_pkg'
[0.812s] Level 1:colcon.colcon_core.package_identification:_identify(src/ydlidar_ros2_driver) by extensions ['colcon_meta']
[0.812s] Level 1:colcon.colcon_core.package_identification:_identify(src/ydlidar_ros2_driver) by extension 'colcon_meta'
[0.812s] Level 1:colcon.colcon_core.package_identification:_identify(src/ydlidar_ros2_driver) by extensions ['ros']
[0.812s] Level 1:colcon.colcon_core.package_identification:_identify(src/ydlidar_ros2_driver) by extension 'ros'
[0.813s] DEBUG:colcon.colcon_core.package_identification:Package 'src/ydlidar_ros2_driver' with type 'ros.ament_cmake' and name 'ydlidar_ros2_driver'
[0.813s] Level 1:colcon.colcon_core.package_discovery:discover_packages(recursive) using defaults
[0.813s] Level 1:colcon.colcon_core.package_discovery:discover_packages(ignore) discover
[0.813s] Level 1:colcon.colcon_core.package_discovery:discover_packages(ignore) using defaults
[0.813s] Level 1:colcon.colcon_core.package_discovery:discover_packages(path) discover
[0.813s] Level 1:colcon.colcon_core.package_discovery:discover_packages(path) using defaults
[0.884s] Level 1:colcon.colcon_core.package_discovery:discover_packages(prefix_path) check parameters
[0.884s] Level 1:colcon.colcon_core.package_discovery:discover_packages(prefix_path) discover
[0.889s] DEBUG:colcon.colcon_installed_package_information.package_discovery:Found 8 installed packages in /home/navcon/ws/mina_ws/install
[0.891s] DEBUG:colcon.colcon_installed_package_information.package_discovery:Found 400 installed packages in /opt/ros/humble
[0.895s] Level 1:colcon.colcon_core.package_discovery:discover_packages(prefix_path) using defaults
[1.067s] Level 5:colcon.colcon_core.verb:set package 'ackermann_controller' build argument 'cmake_args' from command line to 'None'
[1.068s] Level 5:colcon.colcon_core.verb:set package 'ackermann_controller' build argument 'cmake_target' from command line to 'None'
[1.068s] Level 5:colcon.colcon_core.verb:set package 'ackermann_controller' build argument 'cmake_target_skip_unavailable' from command line to 'False'
[1.068s] Level 5:colcon.colcon_core.verb:set package 'ackermann_controller' build argument 'cmake_clean_cache' from command line to 'False'
[1.068s] Level 5:colcon.colcon_core.verb:set package 'ackermann_controller' build argument 'cmake_clean_first' from command line to 'False'
[1.068s] Level 5:colcon.colcon_core.verb:set package 'ackermann_controller' build argument 'cmake_force_configure' from command line to 'False'
[1.068s] Level 5:colcon.colcon_core.verb:set package 'ackermann_controller' build argument 'ament_cmake_args' from command line to 'None'
[1.068s] Level 5:colcon.colcon_core.verb:set package 'ackermann_controller' build argument 'catkin_cmake_args' from command line to 'None'
[1.068s] Level 5:colcon.colcon_core.verb:set package 'ackermann_controller' build argument 'catkin_skip_building_tests' from command line to 'False'
[1.068s] DEBUG:colcon.colcon_core.verb:Building package 'ackermann_controller' with the following arguments: {'ament_cmake_args': None, 'build_base': '/home/navcon/ws/mina_ws/build/ackermann_controller', 'catkin_cmake_args': None, 'catkin_skip_building_tests': False, 'cmake_args': None, 'cmake_clean_cache': False, 'cmake_clean_first': False, 'cmake_force_configure': False, 'cmake_target': None, 'cmake_target_skip_unavailable': False, 'install_base': '/home/navcon/ws/mina_ws/install/ackermann_controller', 'merge_install': False, 'path': '/home/navcon/ws/mina_ws/src/ackermann-odometry/src/ackermann_controller', 'symlink_install': False, 'test_result_base': None}
[1.069s] Level 5:colcon.colcon_core.verb:set package 'ackermann_interfaces' build argument 'cmake_args' from command line to 'None'
[1.070s] Level 5:colcon.colcon_core.verb:set package 'ackermann_interfaces' build argument 'cmake_target' from command line to 'None'
[1.070s] Level 5:colcon.colcon_core.verb:set package 'ackermann_interfaces' build argument 'cmake_target_skip_unavailable' from command line to 'False'
[1.070s] Level 5:colcon.colcon_core.verb:set package 'ackermann_interfaces' build argument 'cmake_clean_cache' from command line to 'False'
[1.070s] Level 5:colcon.colcon_core.verb:set package 'ackermann_interfaces' build argument 'cmake_clean_first' from command line to 'False'
[1.070s] Level 5:colcon.colcon_core.verb:set package 'ackermann_interfaces' build argument 'cmake_force_configure' from command line to 'False'
[1.070s] Level 5:colcon.colcon_core.verb:set package 'ackermann_interfaces' build argument 'ament_cmake_args' from command line to 'None'
[1.070s] Level 5:colcon.colcon_core.verb:set package 'ackermann_interfaces' build argument 'catkin_cmake_args' from command line to 'None'
[1.070s] Level 5:colcon.colcon_core.verb:set package 'ackermann_interfaces' build argument 'catkin_skip_building_tests' from command line to 'False'
[1.070s] DEBUG:colcon.colcon_core.verb:Building package 'ackermann_interfaces' with the following arguments: {'ament_cmake_args': None, 'build_base': '/home/navcon/ws/mina_ws/build/ackermann_interfaces', 'catkin_cmake_args': None, 'catkin_skip_building_tests': False, 'cmake_args': None, 'cmake_clean_cache': False, 'cmake_clean_first': False, 'cmake_force_configure': False, 'cmake_target': None, 'cmake_target_skip_unavailable': False, 'install_base': '/home/navcon/ws/mina_ws/install/ackermann_interfaces', 'merge_install': False, 'path': '/home/navcon/ws/mina_ws/src/ackermann-odometry/src/ackermann_interfaces', 'symlink_install': False, 'test_result_base': None}
[1.071s] Level 5:colcon.colcon_core.verb:set package 'mina_ugv' build argument 'cmake_args' from command line to 'None'
[1.071s] Level 5:colcon.colcon_core.verb:set package 'mina_ugv' build argument 'cmake_target' from command line to 'None'
[1.071s] Level 5:colcon.colcon_core.verb:set package 'mina_ugv' build argument 'cmake_target_skip_unavailable' from command line to 'False'
[1.071s] Level 5:colcon.colcon_core.verb:set package 'mina_ugv' build argument 'cmake_clean_cache' from command line to 'False'
[1.071s] Level 5:colcon.colcon_core.verb:set package 'mina_ugv' build argument 'cmake_clean_first' from command line to 'False'
[1.071s] Level 5:colcon.colcon_core.verb:set package 'mina_ugv' build argument 'cmake_force_configure' from command line to 'False'
[1.071s] Level 5:colcon.colcon_core.verb:set package 'mina_ugv' build argument 'ament_cmake_args' from command line to 'None'
[1.071s] Level 5:colcon.colcon_core.verb:set package 'mina_ugv' build argument 'catkin_cmake_args' from command line to 'None'
[1.071s] Level 5:colcon.colcon_core.verb:set package 'mina_ugv' build argument 'catkin_skip_building_tests' from command line to 'False'
[1.071s] DEBUG:colcon.colcon_core.verb:Building package 'mina_ugv' with the following arguments: {'ament_cmake_args': None, 'build_base': '/home/navcon/ws/mina_ws/build/mina_ugv', 'catkin_cmake_args': None, 'catkin_skip_building_tests': False, 'cmake_args': None, 'cmake_clean_cache': False, 'cmake_clean_first': False, 'cmake_force_configure': False, 'cmake_target': None, 'cmake_target_skip_unavailable': False, 'install_base': '/home/navcon/ws/mina_ws/install/mina_ugv', 'merge_install': False, 'path': '/home/navcon/ws/mina_ws/src/mina_ugv', 'symlink_install': False, 'test_result_base': None}
[1.072s] Level 5:colcon.colcon_core.verb:set package 'mini_ugv' build argument 'cmake_args' from command line to 'None'
[1.072s] Level 5:colcon.colcon_core.verb:set package 'mini_ugv' build argument 'cmake_target' from command line to 'None'
[1.072s] Level 5:colcon.colcon_core.verb:set package 'mini_ugv' build argument 'cmake_target_skip_unavailable' from command line to 'False'
[1.072s] Level 5:colcon.colcon_core.verb:set package 'mini_ugv' build argument 'cmake_clean_cache' from command line to 'False'
[1.072s] Level 5:colcon.colcon_core.verb:set package 'mini_ugv' build argument 'cmake_clean_first' from command line to 'False'
[1.072s] Level 5:colcon.colcon_core.verb:set package 'mini_ugv' build argument 'cmake_force_configure' from command line to 'False'
[1.072s] Level 5:colcon.colcon_core.verb:set package 'mini_ugv' build argument 'ament_cmake_args' from command line to 'None'
[1.072s] Level 5:colcon.colcon_core.verb:set package 'mini_ugv' build argument 'catkin_cmake_args' from command line to 'None'
[1.072s] Level 5:colcon.colcon_core.verb:set package 'mini_ugv' build argument 'catkin_skip_building_tests' from command line to 'False'
[1.073s] DEBUG:colcon.colcon_core.verb:Building package 'mini_ugv' with the following arguments: {'ament_cmake_args': None, 'build_base': '/home/navcon/ws/mina_ws/build/mini_ugv', 'catkin_cmake_args': None, 'catkin_skip_building_tests': False, 'cmake_args': None, 'cmake_clean_cache': False, 'cmake_clean_first': False, 'cmake_force_configure': False, 'cmake_target': None, 'cmake_target_skip_unavailable': False, 'install_base': '/home/navcon/ws/mina_ws/install/mini_ugv', 'merge_install': False, 'path': '/home/navcon/ws/mina_ws/src/mini_ugv', 'symlink_install': False, 'test_result_base': None}
[1.073s] Level 5:colcon.colcon_core.verb:set package 'ugv_can' build argument 'cmake_args' from command line to 'None'
[1.073s] Level 5:colcon.colcon_core.verb:set package 'ugv_can' build argument 'cmake_target' from command line to 'None'
[1.073s] Level 5:colcon.colcon_core.verb:set package 'ugv_can' build argument 'cmake_target_skip_unavailable' from command line to 'False'
[1.073s] Level 5:colcon.colcon_core.verb:set package 'ugv_can' build argument 'cmake_clean_cache' from command line to 'False'
[1.073s] Level 5:colcon.colcon_core.verb:set package 'ugv_can' build argument 'cmake_clean_first' from command line to 'False'
[1.073s] Level 5:colcon.colcon_core.verb:set package 'ugv_can' build argument 'cmake_force_configure' from command line to 'False'
[1.073s] Level 5:colcon.colcon_core.verb:set package 'ugv_can' build argument 'ament_cmake_args' from command line to 'None'
[1.073s] Level 5:colcon.colcon_core.verb:set package 'ugv_can' build argument 'catkin_cmake_args' from command line to 'None'
[1.074s] Level 5:colcon.colcon_core.verb:set package 'ugv_can' build argument 'catkin_skip_building_tests' from command line to 'False'
[1.074s] DEBUG:colcon.colcon_core.verb:Building package 'ugv_can' with the following arguments: {'ament_cmake_args': None, 'build_base': '/home/navcon/ws/mina_ws/build/ugv_can', 'catkin_cmake_args': None, 'catkin_skip_building_tests': False, 'cmake_args': None, 'cmake_clean_cache': False, 'cmake_clean_first': False, 'cmake_force_configure': False, 'cmake_target': None, 'cmake_target_skip_unavailable': False, 'install_base': '/home/navcon/ws/mina_ws/install/ugv_can', 'merge_install': False, 'path': '/home/navcon/ws/mina_ws/src/ugv_can', 'symlink_install': False, 'test_result_base': None}
[1.074s] Level 5:colcon.colcon_core.verb:set package 'ugv_design' build argument 'cmake_args' from command line to 'None'
[1.074s] Level 5:colcon.colcon_core.verb:set package 'ugv_design' build argument 'cmake_target' from command line to 'None'
[1.074s] Level 5:colcon.colcon_core.verb:set package 'ugv_design' build argument 'cmake_target_skip_unavailable' from command line to 'False'
[1.074s] Level 5:colcon.colcon_core.verb:set package 'ugv_design' build argument 'cmake_clean_cache' from command line to 'False'
[1.074s] Level 5:colcon.colcon_core.verb:set package 'ugv_design' build argument 'cmake_clean_first' from command line to 'False'
[1.074s] Level 5:colcon.colcon_core.verb:set package 'ugv_design' build argument 'cmake_force_configure' from command line to 'False'
[1.074s] Level 5:colcon.colcon_core.verb:set package 'ugv_design' build argument 'ament_cmake_args' from command line to 'None'
[1.074s] Level 5:colcon.colcon_core.verb:set package 'ugv_design' build argument 'catkin_cmake_args' from command line to 'None'
[1.075s] Level 5:colcon.colcon_core.verb:set package 'ugv_design' build argument 'catkin_skip_building_tests' from command line to 'False'
[1.075s] DEBUG:colcon.colcon_core.verb:Building package 'ugv_design' with the following arguments: {'ament_cmake_args': None, 'build_base': '/home/navcon/ws/mina_ws/build/ugv_design', 'catkin_cmake_args': None, 'catkin_skip_building_tests': False, 'cmake_args': None, 'cmake_clean_cache': False, 'cmake_clean_first': False, 'cmake_force_configure': False, 'cmake_target': None, 'cmake_target_skip_unavailable': False, 'install_base': '/home/navcon/ws/mina_ws/install/ugv_design', 'merge_install': False, 'path': '/home/navcon/ws/mina_ws/src/ugv_design', 'symlink_install': False, 'test_result_base': None}
[1.075s] Level 5:colcon.colcon_core.verb:set package 'ydlidar_ros2_driver' build argument 'cmake_args' from command line to 'None'
[1.075s] Level 5:colcon.colcon_core.verb:set package 'ydlidar_ros2_driver' build argument 'cmake_target' from command line to 'None'
[1.075s] Level 5:colcon.colcon_core.verb:set package 'ydlidar_ros2_driver' build argument 'cmake_target_skip_unavailable' from command line to 'False'
[1.075s] Level 5:colcon.colcon_core.verb:set package 'ydlidar_ros2_driver' build argument 'cmake_clean_cache' from command line to 'False'
[1.075s] Level 5:colcon.colcon_core.verb:set package 'ydlidar_ros2_driver' build argument 'cmake_clean_first' from command line to 'False'
[1.075s] Level 5:colcon.colcon_core.verb:set package 'ydlidar_ros2_driver' build argument 'cmake_force_configure' from command line to 'False'
[1.075s] Level 5:colcon.colcon_core.verb:set package 'ydlidar_ros2_driver' build argument 'ament_cmake_args' from command line to 'None'
[1.076s] Level 5:colcon.colcon_core.verb:set package 'ydlidar_ros2_driver' build argument 'catkin_cmake_args' from command line to 'None'
[1.076s] Level 5:colcon.colcon_core.verb:set package 'ydlidar_ros2_driver' build argument 'catkin_skip_building_tests' from command line to 'False'
[1.076s] DEBUG:colcon.colcon_core.verb:Building package 'ydlidar_ros2_driver' with the following arguments: {'ament_cmake_args': None, 'build_base': '/home/navcon/ws/mina_ws/build/ydlidar_ros2_driver', 'catkin_cmake_args': None, 'catkin_skip_building_tests': False, 'cmake_args': None, 'cmake_clean_cache': False, 'cmake_clean_first': False, 'cmake_force_configure': False, 'cmake_target': None, 'cmake_target_skip_unavailable': False, 'install_base': '/home/navcon/ws/mina_ws/install/ydlidar_ros2_driver', 'merge_install': False, 'path': '/home/navcon/ws/mina_ws/src/ydlidar_ros2_driver', 'symlink_install': False, 'test_result_base': None}
[1.076s] Level 5:colcon.colcon_core.verb:set package 'ackermann_odometry' build argument 'cmake_args' from command line to 'None'
[1.076s] Level 5:colcon.colcon_core.verb:set package 'ackermann_odometry' build argument 'cmake_target' from command line to 'None'
[1.076s] Level 5:colcon.colcon_core.verb:set package 'ackermann_odometry' build argument 'cmake_target_skip_unavailable' from command line to 'False'
[1.076s] Level 5:colcon.colcon_core.verb:set package 'ackermann_odometry' build argument 'cmake_clean_cache' from command line to 'False'
[1.076s] Level 5:colcon.colcon_core.verb:set package 'ackermann_odometry' build argument 'cmake_clean_first' from command line to 'False'
[1.077s] Level 5:colcon.colcon_core.verb:set package 'ackermann_odometry' build argument 'cmake_force_configure' from command line to 'False'
[1.077s] Level 5:colcon.colcon_core.verb:set package 'ackermann_odometry' build argument 'ament_cmake_args' from command line to 'None'
[1.077s] Level 5:colcon.colcon_core.verb:set package 'ackermann_odometry' build argument 'catkin_cmake_args' from command line to 'None'
[1.077s] Level 5:colcon.colcon_core.verb:set package 'ackermann_odometry' build argument 'catkin_skip_building_tests' from command line to 'False'
[1.077s] DEBUG:colcon.colcon_core.verb:Building package 'ackermann_odometry' with the following arguments: {'ament_cmake_args': None, 'build_base': '/home/navcon/ws/mina_ws/build/ackermann_odometry', 'catkin_cmake_args': None, 'catkin_skip_building_tests': False, 'cmake_args': None, 'cmake_clean_cache': False, 'cmake_clean_first': False, 'cmake_force_configure': False, 'cmake_target': None, 'cmake_target_skip_unavailable': False, 'install_base': '/home/navcon/ws/mina_ws/install/ackermann_odometry', 'merge_install': False, 'path': '/home/navcon/ws/mina_ws/src/ackermann-odometry/src/ackermann_odometry', 'symlink_install': False, 'test_result_base': None}
[1.077s] INFO:colcon.colcon_core.executor:Executing jobs using 'parallel' executor
[1.079s] DEBUG:colcon.colcon_parallel_executor.executor.parallel:run_until_complete
[1.080s] INFO:colcon.colcon_ros.task.ament_cmake.build:Building ROS package in '/home/navcon/ws/mina_ws/src/ackermann-odometry/src/ackermann_interfaces' with build type 'ament_cmake'
[1.080s] INFO:colcon.colcon_cmake.task.cmake.build:Building CMake package in '/home/navcon/ws/mina_ws/src/ackermann-odometry/src/ackermann_interfaces'
[1.085s] INFO:colcon.colcon_core.plugin_system:Skipping extension 'colcon_core.shell.bat': Not used on non-Windows systems
[1.086s] INFO:colcon.colcon_core.shell:Skip shell extension 'powershell' for command environment: Not usable outside of PowerShell
[1.086s] DEBUG:colcon.colcon_core.shell:Skip shell extension 'dsv' for command environment
[1.101s] INFO:colcon.colcon_ros.task.ament_python.build:Building ROS package in '/home/navcon/ws/mina_ws/src/ackermann-odometry/src/ackermann_controller' with build type 'ament_python'
[1.102s] Level 1:colcon.colcon_core.shell:create_environment_hook('ackermann_controller', 'ament_prefix_path')
[1.103s] INFO:colcon.colcon_core.shell:Creating environment hook '/home/navcon/ws/mina_ws/install/ackermann_controller/share/ackermann_controller/hook/ament_prefix_path.ps1'
[1.105s] INFO:colcon.colcon_core.shell:Creating environment descriptor '/home/navcon/ws/mina_ws/install/ackermann_controller/share/ackermann_controller/hook/ament_prefix_path.dsv'
[1.106s] INFO:colcon.colcon_core.shell:Creating environment hook '/home/navcon/ws/mina_ws/install/ackermann_controller/share/ackermann_controller/hook/ament_prefix_path.sh'
[1.108s] INFO:colcon.colcon_core.shell:Skip shell extension 'powershell' for command environment: Not usable outside of PowerShell
[1.109s] DEBUG:colcon.colcon_core.shell:Skip shell extension 'dsv' for command environment
[1.121s] INFO:colcon.colcon_ros.task.ament_cmake.build:Building ROS package in '/home/navcon/ws/mina_ws/src/mina_ugv' with build type 'ament_cmake'
[1.122s] INFO:colcon.colcon_cmake.task.cmake.build:Building CMake package in '/home/navcon/ws/mina_ws/src/mina_ugv'
[1.124s] INFO:colcon.colcon_core.shell:Skip shell extension 'powershell' for command environment: Not usable outside of PowerShell
[1.124s] DEBUG:colcon.colcon_core.shell:Skip shell extension 'dsv' for command environment
[1.143s] INFO:colcon.colcon_ros.task.ament_cmake.build:Building ROS package in '/home/navcon/ws/mina_ws/src/mini_ugv' with build type 'ament_cmake'
[1.144s] INFO:colcon.colcon_cmake.task.cmake.build:Building CMake package in '/home/navcon/ws/mina_ws/src/mini_ugv'
[1.146s] INFO:colcon.colcon_core.shell:Skip shell extension 'powershell' for command environment: Not usable outside of PowerShell
[1.146s] DEBUG:colcon.colcon_core.shell:Skip shell extension 'dsv' for command environment
[1.161s] INFO:colcon.colcon_ros.task.ament_python.build:Building ROS package in '/home/navcon/ws/mina_ws/src/ugv_can' with build type 'ament_python'
[1.162s] Level 1:colcon.colcon_core.shell:create_environment_hook('ugv_can', 'ament_prefix_path')
[1.163s] INFO:colcon.colcon_core.shell:Creating environment hook '/home/navcon/ws/mina_ws/install/ugv_can/share/ugv_can/hook/ament_prefix_path.ps1'
[1.165s] INFO:colcon.colcon_core.shell:Creating environment descriptor '/home/navcon/ws/mina_ws/install/ugv_can/share/ugv_can/hook/ament_prefix_path.dsv'
[1.166s] INFO:colcon.colcon_core.shell:Creating environment hook '/home/navcon/ws/mina_ws/install/ugv_can/share/ugv_can/hook/ament_prefix_path.sh'
[1.168s] INFO:colcon.colcon_core.shell:Skip shell extension 'powershell' for command environment: Not usable outside of PowerShell
[1.168s] DEBUG:colcon.colcon_core.shell:Skip shell extension 'dsv' for command environment
[1.182s] INFO:colcon.colcon_ros.task.ament_cmake.build:Building ROS package in '/home/navcon/ws/mina_ws/src/ugv_design' with build type 'ament_cmake'
[1.183s] INFO:colcon.colcon_cmake.task.cmake.build:Building CMake package in '/home/navcon/ws/mina_ws/src/ugv_design'
[1.184s] INFO:colcon.colcon_core.shell:Skip shell extension 'powershell' for command environment: Not usable outside of PowerShell
[1.184s] DEBUG:colcon.colcon_core.shell:Skip shell extension 'dsv' for command environment
[1.201s] INFO:colcon.colcon_ros.task.ament_cmake.build:Building ROS package in '/home/navcon/ws/mina_ws/src/ydlidar_ros2_driver' with build type 'ament_cmake'
[1.202s] INFO:colcon.colcon_cmake.task.cmake.build:Building CMake package in '/home/navcon/ws/mina_ws/src/ydlidar_ros2_driver'
[1.203s] INFO:colcon.colcon_core.shell:Skip shell extension 'powershell' for command environment: Not usable outside of PowerShell
[1.204s] DEBUG:colcon.colcon_core.shell:Skip shell extension 'dsv' for command environment
[1.233s] DEBUG:colcon.colcon_core.event_handler.log_command:Invoking command in '/home/navcon/ws/mina_ws/build/ackermann_interfaces': CMAKE_PREFIX_PATH=${CMAKE_PREFIX_PATH}:/home/navcon/ws/mina_ws/install/ugv_can:/home/navcon/ws/mina_ws/install/ackermann_odometry:/home/navcon/ws/mina_ws/install/ackermann_controller:/opt/ros/humble /usr/bin/cmake --build /home/navcon/ws/mina_ws/build/ackermann_interfaces -- -j8 -l8
[1.821s] INFO:colcon.colcon_core.task.python.build:Building Python package in '/home/navcon/ws/mina_ws/src/ackermann-odometry/src/ackermann_controller'
[1.822s] INFO:colcon.colcon_core.shell:Skip shell extension 'powershell' for command environment: Not usable outside of PowerShell
[1.823s] DEBUG:colcon.colcon_core.shell:Skip shell extension 'dsv' for command environment
[1.853s] DEBUG:colcon.colcon_core.event_handler.log_command:Invoking command in '/home/navcon/ws/mina_ws/build/mina_ugv': CMAKE_PREFIX_PATH=${CMAKE_PREFIX_PATH}:/home/navcon/ws/mina_ws/install/ugv_can:/home/navcon/ws/mina_ws/install/ackermann_odometry:/home/navcon/ws/mina_ws/install/ackermann_controller:/opt/ros/humble /usr/bin/cmake --build /home/navcon/ws/mina_ws/build/mina_ugv -- -j8 -l8
[1.860s] DEBUG:colcon.colcon_core.event_handler.log_command:Invoking command in '/home/navcon/ws/mina_ws/build/mini_ugv': CMAKE_PREFIX_PATH=${CMAKE_PREFIX_PATH}:/home/navcon/ws/mina_ws/install/ugv_can:/home/navcon/ws/mina_ws/install/ackermann_odometry:/home/navcon/ws/mina_ws/install/ackermann_controller:/opt/ros/humble /usr/bin/cmake --build /home/navcon/ws/mina_ws/build/mini_ugv -- -j8 -l8
[2.438s] INFO:colcon.colcon_core.task.python.build:Building Python package in '/home/navcon/ws/mina_ws/src/ugv_can'
[2.440s] INFO:colcon.colcon_core.shell:Skip shell extension 'powershell' for command environment: Not usable outside of PowerShell
[2.440s] DEBUG:colcon.colcon_core.shell:Skip shell extension 'dsv' for command environment
[2.470s] DEBUG:colcon.colcon_core.event_handler.log_command:Invoking command in '/home/navcon/ws/mina_ws/build/ugv_design': CMAKE_PREFIX_PATH=${CMAKE_PREFIX_PATH}:/home/navcon/ws/mina_ws/install/ugv_can:/home/navcon/ws/mina_ws/install/ackermann_odometry:/home/navcon/ws/mina_ws/install/ackermann_controller:/opt/ros/humble /usr/bin/cmake --build /home/navcon/ws/mina_ws/build/ugv_design -- -j8 -l8
[2.484s] DEBUG:colcon.colcon_core.event_handler.log_command:Invoking command in '/home/navcon/ws/mina_ws/build/ydlidar_ros2_driver': CMAKE_PREFIX_PATH=${CMAKE_PREFIX_PATH}:/home/navcon/ws/mina_ws/install/ugv_can:/home/navcon/ws/mina_ws/install/ackermann_odometry:/home/navcon/ws/mina_ws/install/ackermann_controller:/opt/ros/humble /usr/bin/cmake --build /home/navcon/ws/mina_ws/build/ydlidar_ros2_driver -- -j8 -l8
[2.508s] DEBUG:colcon.colcon_core.event_handler.log_command:Invoked command in '/home/navcon/ws/mina_ws/build/ackermann_interfaces' returned '0': CMAKE_PREFIX_PATH=${CMAKE_PREFIX_PATH}:/home/navcon/ws/mina_ws/install/ugv_can:/home/navcon/ws/mina_ws/install/ackermann_odometry:/home/navcon/ws/mina_ws/install/ackermann_controller:/opt/ros/humble /usr/bin/cmake --build /home/navcon/ws/mina_ws/build/ackermann_interfaces -- -j8 -l8
[2.526s] DEBUG:colcon.colcon_core.event_handler.log_command:Invoked command in '/home/navcon/ws/mina_ws/build/mini_ugv' returned '0': CMAKE_PREFIX_PATH=${CMAKE_PREFIX_PATH}:/home/navcon/ws/mina_ws/install/ugv_can:/home/navcon/ws/mina_ws/install/ackermann_odometry:/home/navcon/ws/mina_ws/install/ackermann_controller:/opt/ros/humble /usr/bin/cmake --build /home/navcon/ws/mina_ws/build/mini_ugv -- -j8 -l8
[2.583s] DEBUG:colcon.colcon_core.event_handler.log_command:Invoked command in '/home/navcon/ws/mina_ws/build/ugv_design' returned '0': CMAKE_PREFIX_PATH=${CMAKE_PREFIX_PATH}:/home/navcon/ws/mina_ws/install/ugv_can:/home/navcon/ws/mina_ws/install/ackermann_odometry:/home/navcon/ws/mina_ws/install/ackermann_controller:/opt/ros/humble /usr/bin/cmake --build /home/navcon/ws/mina_ws/build/ugv_design -- -j8 -l8
[2.680s] DEBUG:colcon.colcon_core.event_handler.log_command:Invoking command in '/home/navcon/ws/mina_ws/build/mini_ugv': CMAKE_PREFIX_PATH=${CMAKE_PREFIX_PATH}:/home/navcon/ws/mina_ws/install/ugv_can:/home/navcon/ws/mina_ws/install/ackermann_odometry:/home/navcon/ws/mina_ws/install/ackermann_controller:/opt/ros/humble /usr/bin/cmake --install /home/navcon/ws/mina_ws/build/mini_ugv
[2.717s] DEBUG:colcon.colcon_core.event_handler.log_command:Invoking command in '/home/navcon/ws/mina_ws/build/ugv_design': CMAKE_PREFIX_PATH=${CMAKE_PREFIX_PATH}:/home/navcon/ws/mina_ws/install/ugv_can:/home/navcon/ws/mina_ws/install/ackermann_odometry:/home/navcon/ws/mina_ws/install/ackermann_controller:/opt/ros/humble /usr/bin/cmake --install /home/navcon/ws/mina_ws/build/ugv_design
[2.763s] DEBUG:colcon.colcon_core.event_handler.log_command:Invoked command in '/home/navcon/ws/mina_ws/build/mina_ugv' returned '0': CMAKE_PREFIX_PATH=${CMAKE_PREFIX_PATH}:/home/navcon/ws/mina_ws/install/ugv_can:/home/navcon/ws/mina_ws/install/ackermann_odometry:/home/navcon/ws/mina_ws/install/ackermann_controller:/opt/ros/humble /usr/bin/cmake --build /home/navcon/ws/mina_ws/build/mina_ugv -- -j8 -l8
[2.791s] DEBUG:colcon.colcon_core.event_handler.log_command:Invoked command in '/home/navcon/ws/mina_ws/build/ydlidar_ros2_driver' returned '0': CMAKE_PREFIX_PATH=${CMAKE_PREFIX_PATH}:/home/navcon/ws/mina_ws/install/ugv_can:/home/navcon/ws/mina_ws/install/ackermann_odometry:/home/navcon/ws/mina_ws/install/ackermann_controller:/opt/ros/humble /usr/bin/cmake --build /home/navcon/ws/mina_ws/build/ydlidar_ros2_driver -- -j8 -l8
[2.803s] Level 1:colcon.colcon_core.environment:create_environment_scripts_only(mini_ugv)
[2.810s] Level 1:colcon.colcon_core.environment:checking '/home/navcon/ws/mina_ws/install/mini_ugv' for CMake module files
[2.811s] Level 1:colcon.colcon_core.environment:checking '/home/navcon/ws/mina_ws/install/mini_ugv' for CMake config files
[2.813s] DEBUG:colcon.colcon_core.event_handler.log_command:Invoked command in '/home/navcon/ws/mina_ws/build/mini_ugv' returned '0': CMAKE_PREFIX_PATH=${CMAKE_PREFIX_PATH}:/home/navcon/ws/mina_ws/install/ugv_can:/home/navcon/ws/mina_ws/install/ackermann_odometry:/home/navcon/ws/mina_ws/install/ackermann_controller:/opt/ros/humble /usr/bin/cmake --install /home/navcon/ws/mina_ws/build/mini_ugv
[2.814s] Level 1:colcon.colcon_core.shell:create_environment_hook('mini_ugv', 'cmake_prefix_path')
[2.815s] INFO:colcon.colcon_core.shell:Creating environment hook '/home/navcon/ws/mina_ws/install/mini_ugv/share/mini_ugv/hook/cmake_prefix_path.ps1'
[2.816s] INFO:colcon.colcon_core.shell:Creating environment descriptor '/home/navcon/ws/mina_ws/install/mini_ugv/share/mini_ugv/hook/cmake_prefix_path.dsv'
[2.819s] INFO:colcon.colcon_core.shell:Creating environment hook '/home/navcon/ws/mina_ws/install/mini_ugv/share/mini_ugv/hook/cmake_prefix_path.sh'
[2.825s] Level 1:colcon.colcon_core.environment:checking '/home/navcon/ws/mina_ws/install/mini_ugv/bin'
[2.826s] Level 1:colcon.colcon_core.environment:checking '/home/navcon/ws/mina_ws/install/mini_ugv/lib/pkgconfig/mini_ugv.pc'
[2.827s] Level 1:colcon.colcon_core.environment:checking '/home/navcon/ws/mina_ws/install/mini_ugv/lib/python3.8/site-packages'
[2.828s] Level 1:colcon.colcon_core.environment:checking '/home/navcon/ws/mina_ws/install/mini_ugv/bin'
[2.829s] INFO:colcon.colcon_core.shell:Creating package script '/home/navcon/ws/mina_ws/install/mini_ugv/share/mini_ugv/package.ps1'
[2.831s] INFO:colcon.colcon_core.shell:Creating package descriptor '/home/navcon/ws/mina_ws/install/mini_ugv/share/mini_ugv/package.dsv'
[2.833s] INFO:colcon.colcon_core.shell:Creating package script '/home/navcon/ws/mina_ws/install/mini_ugv/share/mini_ugv/package.sh'
[2.835s] INFO:colcon.colcon_core.shell:Creating package script '/home/navcon/ws/mina_ws/install/mini_ugv/share/mini_ugv/package.bash'
[2.836s] INFO:colcon.colcon_core.shell:Creating package script '/home/navcon/ws/mina_ws/install/mini_ugv/share/mini_ugv/package.zsh'
[2.837s] Level 1:colcon.colcon_core.environment:create_file_with_runtime_dependencies(/home/navcon/ws/mina_ws/install/mini_ugv/share/colcon-core/packages/mini_ugv)
[2.849s] Level 1:colcon.colcon_core.environment:create_environment_scripts_only(ugv_design)
[2.850s] Level 1:colcon.colcon_core.environment:checking '/home/navcon/ws/mina_ws/install/ugv_design' for CMake module files
[2.851s] Level 1:colcon.colcon_core.environment:checking '/home/navcon/ws/mina_ws/install/ugv_design' for CMake config files
[2.855s] DEBUG:colcon.colcon_core.event_handler.log_command:Invoked command in '/home/navcon/ws/mina_ws/build/ugv_design' returned '0': CMAKE_PREFIX_PATH=${CMAKE_PREFIX_PATH}:/home/navcon/ws/mina_ws/install/ugv_can:/home/navcon/ws/mina_ws/install/ackermann_odometry:/home/navcon/ws/mina_ws/install/ackermann_controller:/opt/ros/humble /usr/bin/cmake --install /home/navcon/ws/mina_ws/build/ugv_design
[2.855s] Level 1:colcon.colcon_core.shell:create_environment_hook('ugv_design', 'cmake_prefix_path')
[2.856s] INFO:colcon.colcon_core.shell:Creating environment hook '/home/navcon/ws/mina_ws/install/ugv_design/share/ugv_design/hook/cmake_prefix_path.ps1'
[2.858s] INFO:colcon.colcon_core.shell:Creating environment descriptor '/home/navcon/ws/mina_ws/install/ugv_design/share/ugv_design/hook/cmake_prefix_path.dsv'
[2.863s] INFO:colcon.colcon_core.shell:Creating environment hook '/home/navcon/ws/mina_ws/install/ugv_design/share/ugv_design/hook/cmake_prefix_path.sh'
[2.865s] Level 1:colcon.colcon_core.environment:checking '/home/navcon/ws/mina_ws/install/ugv_design/bin'
[2.865s] Level 1:colcon.colcon_core.environment:checking '/home/navcon/ws/mina_ws/install/ugv_design/lib/pkgconfig/ugv_design.pc'
[2.866s] Level 1:colcon.colcon_core.environment:checking '/home/navcon/ws/mina_ws/install/ugv_design/lib/python3.8/site-packages'
[2.866s] Level 1:colcon.colcon_core.environment:checking '/home/navcon/ws/mina_ws/install/ugv_design/bin'
[2.867s] INFO:colcon.colcon_core.shell:Creating package script '/home/navcon/ws/mina_ws/install/ugv_design/share/ugv_design/package.ps1'
[2.869s] INFO:colcon.colcon_core.shell:Creating package descriptor '/home/navcon/ws/mina_ws/install/ugv_design/share/ugv_design/package.dsv'
[2.870s] INFO:colcon.colcon_core.shell:Creating package script '/home/navcon/ws/mina_ws/install/ugv_design/share/ugv_design/package.sh'
[2.871s] INFO:colcon.colcon_core.shell:Creating package script '/home/navcon/ws/mina_ws/install/ugv_design/share/ugv_design/package.bash'
[2.872s] INFO:colcon.colcon_core.shell:Creating package script '/home/navcon/ws/mina_ws/install/ugv_design/share/ugv_design/package.zsh'
[2.873s] Level 1:colcon.colcon_core.environment:create_file_with_runtime_dependencies(/home/navcon/ws/mina_ws/install/ugv_design/share/colcon-core/packages/ugv_design)
[2.903s] DEBUG:colcon.colcon_core.event_handler.log_command:Invoking command in '/home/navcon/ws/mina_ws/build/mina_ugv': CMAKE_PREFIX_PATH=${CMAKE_PREFIX_PATH}:/home/navcon/ws/mina_ws/install/ugv_can:/home/navcon/ws/mina_ws/install/ackermann_odometry:/home/navcon/ws/mina_ws/install/ackermann_controller:/opt/ros/humble /usr/bin/cmake --install /home/navcon/ws/mina_ws/build/mina_ugv
[2.923s] DEBUG:colcon.colcon_core.event_handler.log_command:Invoking command in '/home/navcon/ws/mina_ws/build/ackermann_interfaces': CMAKE_PREFIX_PATH=${CMAKE_PREFIX_PATH}:/home/navcon/ws/mina_ws/install/ugv_can:/home/navcon/ws/mina_ws/install/ackermann_odometry:/home/navcon/ws/mina_ws/install/ackermann_controller:/opt/ros/humble /usr/bin/cmake --install /home/navcon/ws/mina_ws/build/ackermann_interfaces
[2.943s] DEBUG:colcon.colcon_core.event_handler.log_command:Invoking command in '/home/navcon/ws/mina_ws/build/ydlidar_ros2_driver': CMAKE_PREFIX_PATH=${CMAKE_PREFIX_PATH}:/home/navcon/ws/mina_ws/install/ugv_can:/home/navcon/ws/mina_ws/install/ackermann_odometry:/home/navcon/ws/mina_ws/install/ackermann_controller:/opt/ros/humble /usr/bin/cmake --install /home/navcon/ws/mina_ws/build/ydlidar_ros2_driver
[2.952s] Level 1:colcon.colcon_core.environment:create_environment_scripts_only(mini_ugv)
[2.961s] Level 1:colcon.colcon_core.environment:checking '/home/navcon/ws/mina_ws/install/mini_ugv' for CMake module files
[2.965s] Level 1:colcon.colcon_core.environment:checking '/home/navcon/ws/mina_ws/install/mini_ugv' for CMake config files
[2.968s] Level 1:colcon.colcon_core.shell:create_environment_hook('mini_ugv', 'cmake_prefix_path')
[2.969s] INFO:colcon.colcon_core.shell:Creating environment hook '/home/navcon/ws/mina_ws/install/mini_ugv/share/mini_ugv/hook/cmake_prefix_path.ps1'
[2.974s] INFO:colcon.colcon_core.shell:Creating environment descriptor '/home/navcon/ws/mina_ws/install/mini_ugv/share/mini_ugv/hook/cmake_prefix_path.dsv'
[2.986s] INFO:colcon.colcon_core.shell:Creating environment hook '/home/navcon/ws/mina_ws/install/mini_ugv/share/mini_ugv/hook/cmake_prefix_path.sh'
[3.001s] Level 1:colcon.colcon_core.environment:checking '/home/navcon/ws/mina_ws/install/mini_ugv/bin'
[3.001s] Level 1:colcon.colcon_core.environment:checking '/home/navcon/ws/mina_ws/install/mini_ugv/lib/pkgconfig/mini_ugv.pc'
[3.002s] Level 1:colcon.colcon_core.environment:checking '/home/navcon/ws/mina_ws/install/mini_ugv/lib/python3.8/site-packages'
[3.003s] Level 1:colcon.colcon_core.environment:checking '/home/navcon/ws/mina_ws/install/mini_ugv/bin'
[3.004s] INFO:colcon.colcon_core.shell:Creating package script '/home/navcon/ws/mina_ws/install/mini_ugv/share/mini_ugv/package.ps1'
[3.009s] INFO:colcon.colcon_core.shell:Creating package descriptor '/home/navcon/ws/mina_ws/install/mini_ugv/share/mini_ugv/package.dsv'
[3.014s] INFO:colcon.colcon_core.shell:Creating package script '/home/navcon/ws/mina_ws/install/mini_ugv/share/mini_ugv/package.sh'
[3.020s] INFO:colcon.colcon_core.shell:Creating package script '/home/navcon/ws/mina_ws/install/mini_ugv/share/mini_ugv/package.bash'
[3.025s] INFO:colcon.colcon_core.shell:Creating package script '/home/navcon/ws/mina_ws/install/mini_ugv/share/mini_ugv/package.zsh'
[3.026s] Level 1:colcon.colcon_core.environment:create_file_with_runtime_dependencies(/home/navcon/ws/mina_ws/install/mini_ugv/share/colcon-core/packages/mini_ugv)
[3.061s] Level 1:colcon.colcon_core.environment:create_environment_scripts_only(ydlidar_ros2_driver)
[3.062s] Level 1:colcon.colcon_core.environment:checking '/home/navcon/ws/mina_ws/install/ydlidar_ros2_driver' for CMake module files
[3.063s] DEBUG:colcon.colcon_core.event_handler.log_command:Invoked command in '/home/navcon/ws/mina_ws/build/ydlidar_ros2_driver' returned '0': CMAKE_PREFIX_PATH=${CMAKE_PREFIX_PATH}:/home/navcon/ws/mina_ws/install/ugv_can:/home/navcon/ws/mina_ws/install/ackermann_odometry:/home/navcon/ws/mina_ws/install/ackermann_controller:/opt/ros/humble /usr/bin/cmake --install /home/navcon/ws/mina_ws/build/ydlidar_ros2_driver
[3.064s] Level 1:colcon.colcon_core.environment:checking '/home/navcon/ws/mina_ws/install/ydlidar_ros2_driver' for CMake config files
[3.065s] Level 1:colcon.colcon_core.shell:create_environment_hook('ydlidar_ros2_driver', 'cmake_prefix_path')
[3.065s] INFO:colcon.colcon_core.shell:Creating environment hook '/home/navcon/ws/mina_ws/install/ydlidar_ros2_driver/share/ydlidar_ros2_driver/hook/cmake_prefix_path.ps1'
[3.067s] INFO:colcon.colcon_core.shell:Creating environment descriptor '/home/navcon/ws/mina_ws/install/ydlidar_ros2_driver/share/ydlidar_ros2_driver/hook/cmake_prefix_path.dsv'
[3.072s] INFO:colcon.colcon_core.shell:Creating environment hook '/home/navcon/ws/mina_ws/install/ydlidar_ros2_driver/share/ydlidar_ros2_driver/hook/cmake_prefix_path.sh'
[3.074s] Level 1:colcon.colcon_core.environment:checking '/home/navcon/ws/mina_ws/install/ydlidar_ros2_driver/lib'
[3.075s] Level 1:colcon.colcon_core.environment:checking '/home/navcon/ws/mina_ws/install/ydlidar_ros2_driver/bin'
[3.075s] Level 1:colcon.colcon_core.environment:checking '/home/navcon/ws/mina_ws/install/ydlidar_ros2_driver/lib/pkgconfig/ydlidar_ros2_driver.pc'
[3.076s] Level 1:colcon.colcon_core.environment:checking '/home/navcon/ws/mina_ws/install/ydlidar_ros2_driver/lib/python3.8/site-packages'
[3.076s] Level 1:colcon.colcon_core.environment:checking '/home/navcon/ws/mina_ws/install/ydlidar_ros2_driver/bin'
[3.077s] INFO:colcon.colcon_core.shell:Creating package script '/home/navcon/ws/mina_ws/install/ydlidar_ros2_driver/share/ydlidar_ros2_driver/package.ps1'
[3.085s] INFO:colcon.colcon_core.shell:Creating package descriptor '/home/navcon/ws/mina_ws/install/ydlidar_ros2_driver/share/ydlidar_ros2_driver/package.dsv'
[3.091s] INFO:colcon.colcon_core.shell:Creating package script '/home/navcon/ws/mina_ws/install/ydlidar_ros2_driver/share/ydlidar_ros2_driver/package.sh'
[3.092s] INFO:colcon.colcon_core.shell:Creating package script '/home/navcon/ws/mina_ws/install/ydlidar_ros2_driver/share/ydlidar_ros2_driver/package.bash'
[3.093s] INFO:colcon.colcon_core.shell:Creating package script '/home/navcon/ws/mina_ws/install/ydlidar_ros2_driver/share/ydlidar_ros2_driver/package.zsh'
[3.094s] Level 1:colcon.colcon_core.environment:create_file_with_runtime_dependencies(/home/navcon/ws/mina_ws/install/ydlidar_ros2_driver/share/colcon-core/packages/ydlidar_ros2_driver)
[3.113s] Level 1:colcon.colcon_core.environment:create_environment_scripts_only(ugv_design)
[3.114s] Level 1:colcon.colcon_core.environment:checking '/home/navcon/ws/mina_ws/install/ugv_design' for CMake module files
[3.116s] Level 1:colcon.colcon_core.environment:checking '/home/navcon/ws/mina_ws/install/ugv_design' for CMake config files
[3.117s] Level 1:colcon.colcon_core.shell:create_environment_hook('ugv_design', 'cmake_prefix_path')
[3.118s] INFO:colcon.colcon_core.shell:Creating environment hook '/home/navcon/ws/mina_ws/install/ugv_design/share/ugv_design/hook/cmake_prefix_path.ps1'
[3.134s] INFO:colcon.colcon_core.shell:Creating environment descriptor '/home/navcon/ws/mina_ws/install/ugv_design/share/ugv_design/hook/cmake_prefix_path.dsv'
[3.136s] INFO:colcon.colcon_core.shell:Creating environment hook '/home/navcon/ws/mina_ws/install/ugv_design/share/ugv_design/hook/cmake_prefix_path.sh'
[3.175s] Level 1:colcon.colcon_core.environment:checking '/home/navcon/ws/mina_ws/install/ugv_design/bin'
[3.178s] Level 1:colcon.colcon_core.environment:checking '/home/navcon/ws/mina_ws/install/ugv_design/lib/pkgconfig/ugv_design.pc'
[3.178s] Level 1:colcon.colcon_core.environment:checking '/home/navcon/ws/mina_ws/install/ugv_design/lib/python3.8/site-packages'
[3.179s] Level 1:colcon.colcon_core.environment:checking '/home/navcon/ws/mina_ws/install/ugv_design/bin'
[3.180s] INFO:colcon.colcon_core.shell:Creating package script '/home/navcon/ws/mina_ws/install/ugv_design/share/ugv_design/package.ps1'
[3.181s] INFO:colcon.colcon_core.shell:Creating package descriptor '/home/navcon/ws/mina_ws/install/ugv_design/share/ugv_design/package.dsv'
[3.183s] INFO:colcon.colcon_core.shell:Creating package script '/home/navcon/ws/mina_ws/install/ugv_design/share/ugv_design/package.sh'
[3.184s] INFO:colcon.colcon_core.shell:Creating package script '/home/navcon/ws/mina_ws/install/ugv_design/share/ugv_design/package.bash'
[3.184s] INFO:colcon.colcon_core.shell:Creating package script '/home/navcon/ws/mina_ws/install/ugv_design/share/ugv_design/package.zsh'
[3.185s] Level 1:colcon.colcon_core.environment:create_file_with_runtime_dependencies(/home/navcon/ws/mina_ws/install/ugv_design/share/colcon-core/packages/ugv_design)
[3.195s] Level 1:colcon.colcon_core.environment:create_environment_scripts_only(mina_ugv)
[3.196s] DEBUG:colcon.colcon_core.event_handler.log_command:Invoked command in '/home/navcon/ws/mina_ws/build/mina_ugv' returned '0': CMAKE_PREFIX_PATH=${CMAKE_PREFIX_PATH}:/home/navcon/ws/mina_ws/install/ugv_can:/home/navcon/ws/mina_ws/install/ackermann_odometry:/home/navcon/ws/mina_ws/install/ackermann_controller:/opt/ros/humble /usr/bin/cmake --install /home/navcon/ws/mina_ws/build/mina_ugv
[3.197s] Level 1:colcon.colcon_core.environment:checking '/home/navcon/ws/mina_ws/install/mina_ugv' for CMake module files
[3.200s] Level 1:colcon.colcon_core.environment:checking '/home/navcon/ws/mina_ws/install/mina_ugv' for CMake config files
[3.201s] Level 1:colcon.colcon_core.shell:create_environment_hook('mina_ugv', 'cmake_prefix_path')
[3.202s] INFO:colcon.colcon_core.shell:Creating environment hook '/home/navcon/ws/mina_ws/install/mina_ugv/share/mina_ugv/hook/cmake_prefix_path.ps1'
[3.212s] INFO:colcon.colcon_core.shell:Creating environment descriptor '/home/navcon/ws/mina_ws/install/mina_ugv/share/mina_ugv/hook/cmake_prefix_path.dsv'
[3.219s] INFO:colcon.colcon_core.shell:Creating environment hook '/home/navcon/ws/mina_ws/install/mina_ugv/share/mina_ugv/hook/cmake_prefix_path.sh'
[3.221s] Level 1:colcon.colcon_core.environment:checking '/home/navcon/ws/mina_ws/install/mina_ugv/lib'
[3.222s] Level 1:colcon.colcon_core.environment:checking '/home/navcon/ws/mina_ws/install/mina_ugv/bin'
[3.222s] Level 1:colcon.colcon_core.environment:checking '/home/navcon/ws/mina_ws/install/mina_ugv/lib/pkgconfig/mina_ugv.pc'
[3.223s] Level 1:colcon.colcon_core.environment:checking '/home/navcon/ws/mina_ws/install/mina_ugv/lib/python3.8/site-packages'
[3.223s] Level 1:colcon.colcon_core.shell:create_environment_hook('mina_ugv', 'pythonpath')
[3.224s] INFO:colcon.colcon_core.shell:Creating environment hook '/home/navcon/ws/mina_ws/install/mina_ugv/share/mina_ugv/hook/pythonpath.ps1'
[3.229s] INFO:colcon.colcon_core.shell:Creating environment descriptor '/home/navcon/ws/mina_ws/install/mina_ugv/share/mina_ugv/hook/pythonpath.dsv'
[3.231s] INFO:colcon.colcon_core.shell:Creating environment hook '/home/navcon/ws/mina_ws/install/mina_ugv/share/mina_ugv/hook/pythonpath.sh'
[3.233s] Level 1:colcon.colcon_core.environment:checking '/home/navcon/ws/mina_ws/install/mina_ugv/bin'
[3.237s] INFO:colcon.colcon_core.shell:Creating package script '/home/navcon/ws/mina_ws/install/mina_ugv/share/mina_ugv/package.ps1'
[3.239s] INFO:colcon.colcon_core.shell:Creating package descriptor '/home/navcon/ws/mina_ws/install/mina_ugv/share/mina_ugv/package.dsv'
[3.240s] INFO:colcon.colcon_core.shell:Creating package script '/home/navcon/ws/mina_ws/install/mina_ugv/share/mina_ugv/package.sh'
[3.241s] INFO:colcon.colcon_core.shell:Creating package script '/home/navcon/ws/mina_ws/install/mina_ugv/share/mina_ugv/package.bash'
[3.242s] INFO:colcon.colcon_core.shell:Creating package script '/home/navcon/ws/mina_ws/install/mina_ugv/share/mina_ugv/package.zsh'
[3.243s] Level 1:colcon.colcon_core.environment:create_file_with_runtime_dependencies(/home/navcon/ws/mina_ws/install/mina_ugv/share/colcon-core/packages/mina_ugv)
[3.265s] Level 1:colcon.colcon_core.environment:create_environment_scripts_only(ackermann_interfaces)
[3.266s] Level 1:colcon.colcon_core.environment:checking '/home/navcon/ws/mina_ws/install/ackermann_interfaces' for CMake module files
[3.274s] Level 1:colcon.colcon_core.environment:checking '/home/navcon/ws/mina_ws/install/ackermann_interfaces' for CMake config files
[3.278s] DEBUG:colcon.colcon_core.event_handler.log_command:Invoked command in '/home/navcon/ws/mina_ws/build/ackermann_interfaces' returned '0': CMAKE_PREFIX_PATH=${CMAKE_PREFIX_PATH}:/home/navcon/ws/mina_ws/install/ugv_can:/home/navcon/ws/mina_ws/install/ackermann_odometry:/home/navcon/ws/mina_ws/install/ackermann_controller:/opt/ros/humble /usr/bin/cmake --install /home/navcon/ws/mina_ws/build/ackermann_interfaces
[3.279s] Level 1:colcon.colcon_core.shell:create_environment_hook('ackermann_interfaces', 'cmake_prefix_path')
[3.279s] INFO:colcon.colcon_core.shell:Creating environment hook '/home/navcon/ws/mina_ws/install/ackermann_interfaces/share/ackermann_interfaces/hook/cmake_prefix_path.ps1'
[3.282s] INFO:colcon.colcon_core.shell:Creating environment descriptor '/home/navcon/ws/mina_ws/install/ackermann_interfaces/share/ackermann_interfaces/hook/cmake_prefix_path.dsv'
[3.288s] INFO:colcon.colcon_core.shell:Creating environment hook '/home/navcon/ws/mina_ws/install/ackermann_interfaces/share/ackermann_interfaces/hook/cmake_prefix_path.sh'
[3.291s] Level 1:colcon.colcon_core.environment:checking '/home/navcon/ws/mina_ws/install/ackermann_interfaces/lib'
[3.291s] Level 1:colcon.colcon_core.shell:create_environment_hook('ackermann_interfaces', 'ld_library_path_lib')
[3.292s] INFO:colcon.colcon_core.shell:Creating environment hook '/home/navcon/ws/mina_ws/install/ackermann_interfaces/share/ackermann_interfaces/hook/ld_library_path_lib.ps1'
[3.294s] INFO:colcon.colcon_core.shell:Creating environment descriptor '/home/navcon/ws/mina_ws/install/ackermann_interfaces/share/ackermann_interfaces/hook/ld_library_path_lib.dsv'
[3.296s] INFO:colcon.colcon_core.shell:Creating environment hook '/home/navcon/ws/mina_ws/install/ackermann_interfaces/share/ackermann_interfaces/hook/ld_library_path_lib.sh'
[3.298s] Level 1:colcon.colcon_core.environment:checking '/home/navcon/ws/mina_ws/install/ackermann_interfaces/bin'
[3.298s] Level 1:colcon.colcon_core.environment:checking '/home/navcon/ws/mina_ws/install/ackermann_interfaces/lib/pkgconfig/ackermann_interfaces.pc'
[3.300s] Level 1:colcon.colcon_core.environment:checking '/home/navcon/ws/mina_ws/install/ackermann_interfaces/lib/python3.8/site-packages'
[3.300s] Level 1:colcon.colcon_core.shell:create_environment_hook('ackermann_interfaces', 'pythonpath')
[3.301s] INFO:colcon.colcon_core.shell:Creating environment hook '/home/navcon/ws/mina_ws/install/ackermann_interfaces/share/ackermann_interfaces/hook/pythonpath.ps1'
[3.303s] INFO:colcon.colcon_core.shell:Creating environment descriptor '/home/navcon/ws/mina_ws/install/ackermann_interfaces/share/ackermann_interfaces/hook/pythonpath.dsv'
[3.304s] INFO:colcon.colcon_core.shell:Creating environment hook '/home/navcon/ws/mina_ws/install/ackermann_interfaces/share/ackermann_interfaces/hook/pythonpath.sh'
[3.306s] Level 1:colcon.colcon_core.environment:checking '/home/navcon/ws/mina_ws/install/ackermann_interfaces/bin'
[3.307s] INFO:colcon.colcon_core.shell:Creating package script '/home/navcon/ws/mina_ws/install/ackermann_interfaces/share/ackermann_interfaces/package.ps1'
[3.309s] INFO:colcon.colcon_core.shell:Creating package descriptor '/home/navcon/ws/mina_ws/install/ackermann_interfaces/share/ackermann_interfaces/package.dsv'
[3.310s] INFO:colcon.colcon_core.shell:Creating package script '/home/navcon/ws/mina_ws/install/ackermann_interfaces/share/ackermann_interfaces/package.sh'
[3.311s] INFO:colcon.colcon_core.shell:Creating package script '/home/navcon/ws/mina_ws/install/ackermann_interfaces/share/ackermann_interfaces/package.bash'
[3.312s] INFO:colcon.colcon_core.shell:Creating package script '/home/navcon/ws/mina_ws/install/ackermann_interfaces/share/ackermann_interfaces/package.zsh'
[3.313s] Level 1:colcon.colcon_core.environment:create_file_with_runtime_dependencies(/home/navcon/ws/mina_ws/install/ackermann_interfaces/share/colcon-core/packages/ackermann_interfaces)
[3.326s] Level 1:colcon.colcon_core.environment:create_environment_scripts_only(ydlidar_ros2_driver)
[3.329s] Level 1:colcon.colcon_core.environment:checking '/home/navcon/ws/mina_ws/install/ydlidar_ros2_driver' for CMake module files
[3.331s] Level 1:colcon.colcon_core.environment:checking '/home/navcon/ws/mina_ws/install/ydlidar_ros2_driver' for CMake config files
[3.332s] Level 1:colcon.colcon_core.shell:create_environment_hook('ydlidar_ros2_driver', 'cmake_prefix_path')
[3.334s] INFO:colcon.colcon_core.shell:Creating environment hook '/home/navcon/ws/mina_ws/install/ydlidar_ros2_driver/share/ydlidar_ros2_driver/hook/cmake_prefix_path.ps1'
[3.336s] INFO:colcon.colcon_core.shell:Creating environment descriptor '/home/navcon/ws/mina_ws/install/ydlidar_ros2_driver/share/ydlidar_ros2_driver/hook/cmake_prefix_path.dsv'
[3.344s] INFO:colcon.colcon_core.shell:Creating environment hook '/home/navcon/ws/mina_ws/install/ydlidar_ros2_driver/share/ydlidar_ros2_driver/hook/cmake_prefix_path.sh'
[3.347s] Level 1:colcon.colcon_core.environment:checking '/home/navcon/ws/mina_ws/install/ydlidar_ros2_driver/lib'
[3.347s] Level 1:colcon.colcon_core.environment:checking '/home/navcon/ws/mina_ws/install/ydlidar_ros2_driver/bin'
[3.347s] Level 1:colcon.colcon_core.environment:checking '/home/navcon/ws/mina_ws/install/ydlidar_ros2_driver/lib/pkgconfig/ydlidar_ros2_driver.pc'
[3.348s] Level 1:colcon.colcon_core.environment:checking '/home/navcon/ws/mina_ws/install/ydlidar_ros2_driver/lib/python3.8/site-packages'
[3.348s] Level 1:colcon.colcon_core.environment:checking '/home/navcon/ws/mina_ws/install/ydlidar_ros2_driver/bin'
[3.349s] INFO:colcon.colcon_core.shell:Creating package script '/home/navcon/ws/mina_ws/install/ydlidar_ros2_driver/share/ydlidar_ros2_driver/package.ps1'
[3.350s] INFO:colcon.colcon_core.shell:Creating package descriptor '/home/navcon/ws/mina_ws/install/ydlidar_ros2_driver/share/ydlidar_ros2_driver/package.dsv'
[3.352s] INFO:colcon.colcon_core.shell:Creating package script '/home/navcon/ws/mina_ws/install/ydlidar_ros2_driver/share/ydlidar_ros2_driver/package.sh'
[3.353s] INFO:colcon.colcon_core.shell:Creating package script '/home/navcon/ws/mina_ws/install/ydlidar_ros2_driver/share/ydlidar_ros2_driver/package.bash'
[3.354s] INFO:colcon.colcon_core.shell:Creating package script '/home/navcon/ws/mina_ws/install/ydlidar_ros2_driver/share/ydlidar_ros2_driver/package.zsh'
[3.355s] Level 1:colcon.colcon_core.environment:create_file_with_runtime_dependencies(/home/navcon/ws/mina_ws/install/ydlidar_ros2_driver/share/colcon-core/packages/ydlidar_ros2_driver)
[3.357s] Level 1:colcon.colcon_core.environment:create_environment_scripts_only(mina_ugv)
[3.359s] Level 1:colcon.colcon_core.environment:checking '/home/navcon/ws/mina_ws/install/mina_ugv' for CMake module files
[3.361s] Level 1:colcon.colcon_core.environment:checking '/home/navcon/ws/mina_ws/install/mina_ugv' for CMake config files
[3.364s] Level 1:colcon.colcon_core.shell:create_environment_hook('mina_ugv', 'cmake_prefix_path')
[3.365s] INFO:colcon.colcon_core.shell:Creating environment hook '/home/navcon/ws/mina_ws/install/mina_ugv/share/mina_ugv/hook/cmake_prefix_path.ps1'
[3.367s] INFO:colcon.colcon_core.shell:Creating environment descriptor '/home/navcon/ws/mina_ws/install/mina_ugv/share/mina_ugv/hook/cmake_prefix_path.dsv'
[3.368s] INFO:colcon.colcon_core.shell:Creating environment hook '/home/navcon/ws/mina_ws/install/mina_ugv/share/mina_ugv/hook/cmake_prefix_path.sh'
[3.369s] Level 1:colcon.colcon_core.environment:checking '/home/navcon/ws/mina_ws/install/mina_ugv/lib'
[3.369s] Level 1:colcon.colcon_core.environment:checking '/home/navcon/ws/mina_ws/install/mina_ugv/bin'
[3.369s] Level 1:colcon.colcon_core.environment:checking '/home/navcon/ws/mina_ws/install/mina_ugv/lib/pkgconfig/mina_ugv.pc'
[3.370s] Level 1:colcon.colcon_core.environment:checking '/home/navcon/ws/mina_ws/install/mina_ugv/lib/python3.8/site-packages'
[3.370s] Level 1:colcon.colcon_core.shell:create_environment_hook('mina_ugv', 'pythonpath')
[3.370s] INFO:colcon.colcon_core.shell:Creating environment hook '/home/navcon/ws/mina_ws/install/mina_ugv/share/mina_ugv/hook/pythonpath.ps1'
[3.371s] INFO:colcon.colcon_core.shell:Creating environment descriptor '/home/navcon/ws/mina_ws/install/mina_ugv/share/mina_ugv/hook/pythonpath.dsv'
[3.372s] INFO:colcon.colcon_core.shell:Creating environment hook '/home/navcon/ws/mina_ws/install/mina_ugv/share/mina_ugv/hook/pythonpath.sh'
[3.373s] Level 1:colcon.colcon_core.environment:checking '/home/navcon/ws/mina_ws/install/mina_ugv/bin'
[3.373s] INFO:colcon.colcon_core.shell:Creating package script '/home/navcon/ws/mina_ws/install/mina_ugv/share/mina_ugv/package.ps1'
[3.374s] INFO:colcon.colcon_core.shell:Creating package descriptor '/home/navcon/ws/mina_ws/install/mina_ugv/share/mina_ugv/package.dsv'
[3.377s] INFO:colcon.colcon_core.shell:Creating package script '/home/navcon/ws/mina_ws/install/mina_ugv/share/mina_ugv/package.sh'
[3.378s] INFO:colcon.colcon_core.shell:Creating package script '/home/navcon/ws/mina_ws/install/mina_ugv/share/mina_ugv/package.bash'
[3.379s] INFO:colcon.colcon_core.shell:Creating package script '/home/navcon/ws/mina_ws/install/mina_ugv/share/mina_ugv/package.zsh'
[3.380s] Level 1:colcon.colcon_core.environment:create_file_with_runtime_dependencies(/home/navcon/ws/mina_ws/install/mina_ugv/share/colcon-core/packages/mina_ugv)
[3.437s] Level 1:colcon.colcon_core.environment:create_environment_scripts_only(ackermann_interfaces)
[3.437s] Level 1:colcon.colcon_core.environment:checking '/home/navcon/ws/mina_ws/install/ackermann_interfaces' for CMake module files
[3.440s] Level 1:colcon.colcon_core.environment:checking '/home/navcon/ws/mina_ws/install/ackermann_interfaces' for CMake config files
[3.441s] Level 1:colcon.colcon_core.shell:create_environment_hook('ackermann_interfaces', 'cmake_prefix_path')
[3.441s] INFO:colcon.colcon_core.shell:Creating environment hook '/home/navcon/ws/mina_ws/install/ackermann_interfaces/share/ackermann_interfaces/hook/cmake_prefix_path.ps1'
[3.442s] INFO:colcon.colcon_core.shell:Creating environment descriptor '/home/navcon/ws/mina_ws/install/ackermann_interfaces/share/ackermann_interfaces/hook/cmake_prefix_path.dsv'
[3.446s] INFO:colcon.colcon_core.shell:Creating environment hook '/home/navcon/ws/mina_ws/install/ackermann_interfaces/share/ackermann_interfaces/hook/cmake_prefix_path.sh'
[3.448s] Level 1:colcon.colcon_core.environment:checking '/home/navcon/ws/mina_ws/install/ackermann_interfaces/lib'
[3.448s] Level 1:colcon.colcon_core.shell:create_environment_hook('ackermann_interfaces', 'ld_library_path_lib')
[3.449s] INFO:colcon.colcon_core.shell:Creating environment hook '/home/navcon/ws/mina_ws/install/ackermann_interfaces/share/ackermann_interfaces/hook/ld_library_path_lib.ps1'
[3.451s] INFO:colcon.colcon_core.shell:Creating environment descriptor '/home/navcon/ws/mina_ws/install/ackermann_interfaces/share/ackermann_interfaces/hook/ld_library_path_lib.dsv'
[3.452s] INFO:colcon.colcon_core.shell:Creating environment hook '/home/navcon/ws/mina_ws/install/ackermann_interfaces/share/ackermann_interfaces/hook/ld_library_path_lib.sh'
[3.453s] Level 1:colcon.colcon_core.environment:checking '/home/navcon/ws/mina_ws/install/ackermann_interfaces/bin'
[3.454s] Level 1:colcon.colcon_core.environment:checking '/home/navcon/ws/mina_ws/install/ackermann_interfaces/lib/pkgconfig/ackermann_interfaces.pc'
[3.454s] Level 1:colcon.colcon_core.environment:checking '/home/navcon/ws/mina_ws/install/ackermann_interfaces/lib/python3.8/site-packages'
[3.454s] Level 1:colcon.colcon_core.shell:create_environment_hook('ackermann_interfaces', 'pythonpath')
[3.455s] INFO:colcon.colcon_core.shell:Creating environment hook '/home/navcon/ws/mina_ws/install/ackermann_interfaces/share/ackermann_interfaces/hook/pythonpath.ps1'
[3.456s] INFO:colcon.colcon_core.shell:Creating environment descriptor '/home/navcon/ws/mina_ws/install/ackermann_interfaces/share/ackermann_interfaces/hook/pythonpath.dsv'
[3.457s] INFO:colcon.colcon_core.shell:Creating environment hook '/home/navcon/ws/mina_ws/install/ackermann_interfaces/share/ackermann_interfaces/hook/pythonpath.sh'
[3.458s] Level 1:colcon.colcon_core.environment:checking '/home/navcon/ws/mina_ws/install/ackermann_interfaces/bin'
[3.459s] INFO:colcon.colcon_core.shell:Creating package script '/home/navcon/ws/mina_ws/install/ackermann_interfaces/share/ackermann_interfaces/package.ps1'
[3.461s] INFO:colcon.colcon_core.shell:Creating package descriptor '/home/navcon/ws/mina_ws/install/ackermann_interfaces/share/ackermann_interfaces/package.dsv'
[3.463s] INFO:colcon.colcon_core.shell:Creating package script '/home/navcon/ws/mina_ws/install/ackermann_interfaces/share/ackermann_interfaces/package.sh'
[3.467s] INFO:colcon.colcon_core.shell:Creating package script '/home/navcon/ws/mina_ws/install/ackermann_interfaces/share/ackermann_interfaces/package.bash'
[3.468s] INFO:colcon.colcon_core.shell:Creating package script '/home/navcon/ws/mina_ws/install/ackermann_interfaces/share/ackermann_interfaces/package.zsh'
[3.469s] Level 1:colcon.colcon_core.environment:create_file_with_runtime_dependencies(/home/navcon/ws/mina_ws/install/ackermann_interfaces/share/colcon-core/packages/ackermann_interfaces)
[3.470s] INFO:colcon.colcon_ros.task.ament_python.build:Building ROS package in '/home/navcon/ws/mina_ws/src/ackermann-odometry/src/ackermann_odometry' with build type 'ament_python'
[3.472s] Level 1:colcon.colcon_core.shell:create_environment_hook('ackermann_odometry', 'ament_prefix_path')
[3.472s] INFO:colcon.colcon_core.shell:Creating environment hook '/home/navcon/ws/mina_ws/install/ackermann_odometry/share/ackermann_odometry/hook/ament_prefix_path.ps1'
[3.474s] INFO:colcon.colcon_core.shell:Creating environment descriptor '/home/navcon/ws/mina_ws/install/ackermann_odometry/share/ackermann_odometry/hook/ament_prefix_path.dsv'
[3.474s] INFO:colcon.colcon_core.shell:Creating environment hook '/home/navcon/ws/mina_ws/install/ackermann_odometry/share/ackermann_odometry/hook/ament_prefix_path.sh'
[3.476s] INFO:colcon.colcon_core.shell:Skip shell extension 'powershell' for command environment: Not usable outside of PowerShell
[3.477s] DEBUG:colcon.colcon_core.shell:Skip shell extension 'dsv' for command environment
[4.125s] INFO:colcon.colcon_core.task.python.build:Building Python package in '/home/navcon/ws/mina_ws/src/ackermann-odometry/src/ackermann_odometry'
[4.126s] INFO:colcon.colcon_core.shell:Skip shell extension 'powershell' for command environment: Not usable outside of PowerShell
[4.126s] DEBUG:colcon.colcon_core.shell:Skip shell extension 'dsv' for command environment
[4.154s] DEBUG:colcon.colcon_core.event_handler.log_command:Invoking command in '/home/navcon/ws/mina_ws/src/ackermann-odometry/src/ackermann_controller': PYTHONPATH=/home/navcon/ws/mina_ws/build/ackermann_controller/prefix_override:/home/navcon/ws/mina_ws/install/ackermann_controller/lib/python3.8/site-packages:${PYTHONPATH} /usr/bin/python3 -W ignore:setup.py install is deprecated setup.py egg_info --egg-base ../../../../build/ackermann_controller build --build-base /home/navcon/ws/mina_ws/build/ackermann_controller/build install --record /home/navcon/ws/mina_ws/build/ackermann_controller/install.log --install-scripts $base/lib/ackermann_controller --single-version-externally-managed install_data
[4.163s] DEBUG:colcon.colcon_core.event_handler.log_command:Invoking command in '/home/navcon/ws/mina_ws/src/ugv_can': PYTHONPATH=/home/navcon/ws/mina_ws/build/ugv_can/prefix_override:/home/navcon/ws/mina_ws/install/ugv_can/lib/python3.8/site-packages:${PYTHONPATH} /usr/bin/python3 -W ignore:setup.py install is deprecated setup.py egg_info --egg-base ../../build/ugv_can build --build-base /home/navcon/ws/mina_ws/build/ugv_can/build install --record /home/navcon/ws/mina_ws/build/ugv_can/install.log --single-version-externally-managed install_data
[4.853s] Level 1:colcon.colcon_core.environment:checking '/home/navcon/ws/mina_ws/install/ackermann_controller' for CMake module files
[4.854s] Level 1:colcon.colcon_core.environment:checking '/home/navcon/ws/mina_ws/install/ackermann_controller' for CMake config files
[4.855s] Level 1:colcon.colcon_core.environment:checking '/home/navcon/ws/mina_ws/install/ackermann_controller/lib'
[4.856s] Level 1:colcon.colcon_core.environment:checking '/home/navcon/ws/mina_ws/install/ackermann_controller/bin'
[4.856s] Level 1:colcon.colcon_core.environment:checking '/home/navcon/ws/mina_ws/install/ackermann_controller/lib/pkgconfig/ackermann_controller.pc'
[4.856s] Level 1:colcon.colcon_core.environment:checking '/home/navcon/ws/mina_ws/install/ackermann_controller/lib/python3.8/site-packages'
[4.857s] Level 1:colcon.colcon_core.shell:create_environment_hook('ackermann_controller', 'pythonpath')
[4.857s] INFO:colcon.colcon_core.shell:Creating environment hook '/home/navcon/ws/mina_ws/install/ackermann_controller/share/ackermann_controller/hook/pythonpath.ps1'
[4.858s] DEBUG:colcon.colcon_core.event_handler.log_command:Invoked command in '/home/navcon/ws/mina_ws/src/ackermann-odometry/src/ackermann_controller' returned '0': PYTHONPATH=/home/navcon/ws/mina_ws/build/ackermann_controller/prefix_override:/home/navcon/ws/mina_ws/install/ackermann_controller/lib/python3.8/site-packages:${PYTHONPATH} /usr/bin/python3 -W ignore:setup.py install is deprecated setup.py egg_info --egg-base ../../../../build/ackermann_controller build --build-base /home/navcon/ws/mina_ws/build/ackermann_controller/build install --record /home/navcon/ws/mina_ws/build/ackermann_controller/install.log --install-scripts $base/lib/ackermann_controller --single-version-externally-managed install_data
[4.859s] INFO:colcon.colcon_core.shell:Creating environment descriptor '/home/navcon/ws/mina_ws/install/ackermann_controller/share/ackermann_controller/hook/pythonpath.dsv'
[4.862s] INFO:colcon.colcon_core.shell:Creating environment hook '/home/navcon/ws/mina_ws/install/ackermann_controller/share/ackermann_controller/hook/pythonpath.sh'
[4.864s] Level 1:colcon.colcon_core.environment:checking '/home/navcon/ws/mina_ws/install/ackermann_controller/bin'
[4.864s] Level 1:colcon.colcon_core.environment:create_environment_scripts_only(ackermann_controller)
[4.865s] INFO:colcon.colcon_core.shell:Creating package script '/home/navcon/ws/mina_ws/install/ackermann_controller/share/ackermann_controller/package.ps1'
[4.866s] INFO:colcon.colcon_core.shell:Creating package descriptor '/home/navcon/ws/mina_ws/install/ackermann_controller/share/ackermann_controller/package.dsv'
[4.867s] INFO:colcon.colcon_core.shell:Creating package script '/home/navcon/ws/mina_ws/install/ackermann_controller/share/ackermann_controller/package.sh'
[4.868s] INFO:colcon.colcon_core.shell:Creating package script '/home/navcon/ws/mina_ws/install/ackermann_controller/share/ackermann_controller/package.bash'
[4.869s] INFO:colcon.colcon_core.shell:Creating package script '/home/navcon/ws/mina_ws/install/ackermann_controller/share/ackermann_controller/package.zsh'
[4.870s] Level 1:colcon.colcon_core.environment:create_file_with_runtime_dependencies(/home/navcon/ws/mina_ws/install/ackermann_controller/share/colcon-core/packages/ackermann_controller)
[4.873s] Level 1:colcon.colcon_core.environment:checking '/home/navcon/ws/mina_ws/install/ugv_can' for CMake module files
[4.875s] DEBUG:colcon.colcon_core.event_handler.log_command:Invoked command in '/home/navcon/ws/mina_ws/src/ugv_can' returned '0': PYTHONPATH=/home/navcon/ws/mina_ws/build/ugv_can/prefix_override:/home/navcon/ws/mina_ws/install/ugv_can/lib/python3.8/site-packages:${PYTHONPATH} /usr/bin/python3 -W ignore:setup.py install is deprecated setup.py egg_info --egg-base ../../build/ugv_can build --build-base /home/navcon/ws/mina_ws/build/ugv_can/build install --record /home/navcon/ws/mina_ws/build/ugv_can/install.log --single-version-externally-managed install_data
[4.876s] Level 1:colcon.colcon_core.environment:checking '/home/navcon/ws/mina_ws/install/ugv_can' for CMake config files
[4.877s] Level 1:colcon.colcon_core.environment:checking '/home/navcon/ws/mina_ws/install/ugv_can/lib'
[4.877s] Level 1:colcon.colcon_core.environment:checking '/home/navcon/ws/mina_ws/install/ugv_can/bin'
[4.878s] Level 1:colcon.colcon_core.environment:checking '/home/navcon/ws/mina_ws/install/ugv_can/lib/pkgconfig/ugv_can.pc'
[4.878s] Level 1:colcon.colcon_core.environment:checking '/home/navcon/ws/mina_ws/install/ugv_can/lib/python3.8/site-packages'
[4.878s] Level 1:colcon.colcon_core.shell:create_environment_hook('ugv_can', 'pythonpath')
[4.879s] INFO:colcon.colcon_core.shell:Creating environment hook '/home/navcon/ws/mina_ws/install/ugv_can/share/ugv_can/hook/pythonpath.ps1'
[4.880s] INFO:colcon.colcon_core.shell:Creating environment descriptor '/home/navcon/ws/mina_ws/install/ugv_can/share/ugv_can/hook/pythonpath.dsv'
[4.881s] INFO:colcon.colcon_core.shell:Creating environment hook '/home/navcon/ws/mina_ws/install/ugv_can/share/ugv_can/hook/pythonpath.sh'
[4.882s] Level 1:colcon.colcon_core.environment:checking '/home/navcon/ws/mina_ws/install/ugv_can/bin'
[4.883s] Level 1:colcon.colcon_core.environment:create_environment_scripts_only(ugv_can)
[4.883s] INFO:colcon.colcon_core.shell:Creating package script '/home/navcon/ws/mina_ws/install/ugv_can/share/ugv_can/package.ps1'
[4.885s] INFO:colcon.colcon_core.shell:Creating package descriptor '/home/navcon/ws/mina_ws/install/ugv_can/share/ugv_can/package.dsv'
[4.886s] INFO:colcon.colcon_core.shell:Creating package script '/home/navcon/ws/mina_ws/install/ugv_can/share/ugv_can/package.sh'
[4.886s] INFO:colcon.colcon_core.shell:Creating package script '/home/navcon/ws/mina_ws/install/ugv_can/share/ugv_can/package.bash'
[4.887s] INFO:colcon.colcon_core.shell:Creating package script '/home/navcon/ws/mina_ws/install/ugv_can/share/ugv_can/package.zsh'
[4.888s] Level 1:colcon.colcon_core.environment:create_file_with_runtime_dependencies(/home/navcon/ws/mina_ws/install/ugv_can/share/colcon-core/packages/ugv_can)
[5.075s] DEBUG:colcon.colcon_core.event_handler.log_command:Invoking command in '/home/navcon/ws/mina_ws/src/ackermann-odometry/src/ackermann_odometry': CMAKE_PREFIX_PATH=/home/navcon/ws/mina_ws/install/ackermann_interfaces:/home/navcon/ws/mina_ws/install/ydlidar_ros2_driver:/home/navcon/ws/mina_ws/install/ugv_design:/home/navcon/ws/mina_ws/install/mini_ugv:/home/navcon/ws/mina_ws/install/mina_ugv PYTHONPATH=/home/navcon/ws/mina_ws/build/ackermann_odometry/prefix_override:/home/navcon/ws/mina_ws/install/ackermann_odometry/lib/python3.8/site-packages:/home/navcon/ws/mina_ws/install/ackermann_interfaces/lib/python3.8/site-packages:/home/navcon/ws/mina_ws/install/ugv_can/lib/python3.8/site-packages:/home/navcon/ws/mina_ws/install/mina_ugv/lib/python3.8/site-packages:/home/navcon/ws/mina_ws/install/ackermann_odometry/lib/python3.8/site-packages:/home/navcon/ws/mina_ws/install/ackermann_controller/lib/python3.8/site-packages:/opt/ros/humble/lib/python3.8/site-packages /usr/bin/python3 -W ignore:setup.py install is deprecated setup.py egg_info --egg-base ../../../../build/ackermann_odometry build --build-base /home/navcon/ws/mina_ws/build/ackermann_odometry/build install --record /home/navcon/ws/mina_ws/build/ackermann_odometry/install.log --install-scripts $base/lib/ackermann_odometry --single-version-externally-managed install_data
[5.761s] Level 1:colcon.colcon_core.environment:checking '/home/navcon/ws/mina_ws/install/ackermann_odometry' for CMake module files
[5.762s] Level 1:colcon.colcon_core.environment:checking '/home/navcon/ws/mina_ws/install/ackermann_odometry' for CMake config files
[5.764s] Level 1:colcon.colcon_core.environment:checking '/home/navcon/ws/mina_ws/install/ackermann_odometry/lib'
[5.764s] Level 1:colcon.colcon_core.environment:checking '/home/navcon/ws/mina_ws/install/ackermann_odometry/bin'
[5.765s] Level 1:colcon.colcon_core.environment:checking '/home/navcon/ws/mina_ws/install/ackermann_odometry/lib/pkgconfig/ackermann_odometry.pc'
[5.766s] DEBUG:colcon.colcon_core.event_handler.log_command:Invoked command in '/home/navcon/ws/mina_ws/src/ackermann-odometry/src/ackermann_odometry' returned '0': CMAKE_PREFIX_PATH=/home/navcon/ws/mina_ws/install/ackermann_interfaces:/home/navcon/ws/mina_ws/install/ydlidar_ros2_driver:/home/navcon/ws/mina_ws/install/ugv_design:/home/navcon/ws/mina_ws/install/mini_ugv:/home/navcon/ws/mina_ws/install/mina_ugv PYTHONPATH=/home/navcon/ws/mina_ws/build/ackermann_odometry/prefix_override:/home/navcon/ws/mina_ws/install/ackermann_odometry/lib/python3.8/site-packages:/home/navcon/ws/mina_ws/install/ackermann_interfaces/lib/python3.8/site-packages:/home/navcon/ws/mina_ws/install/ugv_can/lib/python3.8/site-packages:/home/navcon/ws/mina_ws/install/mina_ugv/lib/python3.8/site-packages:/home/navcon/ws/mina_ws/install/ackermann_odometry/lib/python3.8/site-packages:/home/navcon/ws/mina_ws/install/ackermann_controller/lib/python3.8/site-packages:/opt/ros/humble/lib/python3.8/site-packages /usr/bin/python3 -W ignore:setup.py install is deprecated setup.py egg_info --egg-base ../../../../build/ackermann_odometry build --build-base /home/navcon/ws/mina_ws/build/ackermann_odometry/build install --record /home/navcon/ws/mina_ws/build/ackermann_odometry/install.log --install-scripts $base/lib/ackermann_odometry --single-version-externally-managed install_data
[5.767s] Level 1:colcon.colcon_core.environment:checking '/home/navcon/ws/mina_ws/install/ackermann_odometry/lib/python3.8/site-packages'
[5.767s] Level 1:colcon.colcon_core.shell:create_environment_hook('ackermann_odometry', 'pythonpath')
[5.768s] INFO:colcon.colcon_core.shell:Creating environment hook '/home/navcon/ws/mina_ws/install/ackermann_odometry/share/ackermann_odometry/hook/pythonpath.ps1'
[5.769s] INFO:colcon.colcon_core.shell:Creating environment descriptor '/home/navcon/ws/mina_ws/install/ackermann_odometry/share/ackermann_odometry/hook/pythonpath.dsv'
[5.772s] INFO:colcon.colcon_core.shell:Creating environment hook '/home/navcon/ws/mina_ws/install/ackermann_odometry/share/ackermann_odometry/hook/pythonpath.sh'
[5.776s] Level 1:colcon.colcon_core.environment:checking '/home/navcon/ws/mina_ws/install/ackermann_odometry/bin'
[5.776s] Level 1:colcon.colcon_core.environment:create_environment_scripts_only(ackermann_odometry)
[5.777s] INFO:colcon.colcon_core.shell:Creating package script '/home/navcon/ws/mina_ws/install/ackermann_odometry/share/ackermann_odometry/package.ps1'
[5.778s] INFO:colcon.colcon_core.shell:Creating package descriptor '/home/navcon/ws/mina_ws/install/ackermann_odometry/share/ackermann_odometry/package.dsv'
[5.779s] INFO:colcon.colcon_core.shell:Creating package script '/home/navcon/ws/mina_ws/install/ackermann_odometry/share/ackermann_odometry/package.sh'
[5.780s] INFO:colcon.colcon_core.shell:Creating package script '/home/navcon/ws/mina_ws/install/ackermann_odometry/share/ackermann_odometry/package.bash'
[5.781s] INFO:colcon.colcon_core.shell:Creating package script '/home/navcon/ws/mina_ws/install/ackermann_odometry/share/ackermann_odometry/package.zsh'
[5.781s] Level 1:colcon.colcon_core.environment:create_file_with_runtime_dependencies(/home/navcon/ws/mina_ws/install/ackermann_odometry/share/colcon-core/packages/ackermann_odometry)
[5.782s] DEBUG:colcon.colcon_parallel_executor.executor.parallel:closing loop
[5.783s] DEBUG:colcon.colcon_parallel_executor.executor.parallel:loop closed
[5.783s] DEBUG:colcon.colcon_parallel_executor.executor.parallel:run_until_complete finished with '0'
[5.783s] DEBUG:colcon.colcon_core.event_reactor:joining thread
[5.796s] INFO:colcon.colcon_core.plugin_system:Skipping extension 'colcon_notification.desktop_notification.terminal_notifier': Not used on non-Darwin systems
[5.796s] INFO:colcon.colcon_core.plugin_system:Skipping extension 'colcon_notification.desktop_notification.win32': Not used on non-Windows systems
[5.797s] INFO:colcon.colcon_notification.desktop_notification:Sending desktop notification using 'notify2'
[5.837s] DEBUG:colcon.colcon_core.event_reactor:joined thread
[5.838s] INFO:colcon.colcon_core.shell:Creating prefix script '/home/navcon/ws/mina_ws/install/local_setup.ps1'
[5.841s] INFO:colcon.colcon_core.shell:Creating prefix util module '/home/navcon/ws/mina_ws/install/_local_setup_util_ps1.py'
[5.849s] INFO:colcon.colcon_core.shell:Creating prefix chain script '/home/navcon/ws/mina_ws/install/setup.ps1'
[5.852s] INFO:colcon.colcon_core.shell:Creating prefix script '/home/navcon/ws/mina_ws/install/local_setup.sh'
[5.854s] INFO:colcon.colcon_core.shell:Creating prefix util module '/home/navcon/ws/mina_ws/install/_local_setup_util_sh.py'
[5.855s] INFO:colcon.colcon_core.shell:Creating prefix chain script '/home/navcon/ws/mina_ws/install/setup.sh'
[5.858s] INFO:colcon.colcon_core.shell:Creating prefix script '/home/navcon/ws/mina_ws/install/local_setup.bash'
[5.860s] INFO:colcon.colcon_core.shell:Creating prefix chain script '/home/navcon/ws/mina_ws/install/setup.bash'
[5.863s] INFO:colcon.colcon_core.shell:Creating prefix script '/home/navcon/ws/mina_ws/install/local_setup.zsh'
[5.864s] INFO:colcon.colcon_core.shell:Creating prefix chain script '/home/navcon/ws/mina_ws/install/setup.zsh'
