[2.429s] Invoking command in '/home/navcon/ws/mina_ws/build/ackermann_controller': PYTHONPATH=/home/navcon/ws/mina_ws/build/ackermann_controller/prefix_override:/home/navcon/ws/mina_ws/install/ackermann_controller/lib/python3.8/site-packages:${PYTHONPATH} /usr/bin/python3 -W ignore:setup.py install is deprecated setup.py develop --editable --build-directory /home/navcon/ws/mina_ws/build/ackermann_controller/build --no-deps symlink_data --force
[3.017s] running develop
[3.362s] running egg_info
[3.367s] writing ackermann_controller.egg-info/PKG-INFO
[3.367s] writing dependency_links to ackermann_controller.egg-info/dependency_links.txt
[3.367s] writing entry points to ackermann_controller.egg-info/entry_points.txt
[3.367s] writing requirements to ackermann_controller.egg-info/requires.txt
[3.367s] writing top-level names to ackermann_controller.egg-info/top_level.txt
[3.428s] reading manifest file 'ackermann_controller.egg-info/SOURCES.txt'
[3.437s] writing manifest file 'ackermann_controller.egg-info/SOURCES.txt'
[3.531s] running build_ext
[3.536s] Creating /home/navcon/ws/mina_ws/install/ackermann_controller/lib/python3.8/site-packages/ackermann-controller.egg-link (link to .)
[3.541s] Installing ackermann_teleop_joy script to /home/navcon/ws/mina_ws/install/ackermann_controller/lib/ackermann_controller
[3.541s] 
[3.541s] Installed /home/navcon/ws/mina_ws/build/ackermann_controller
[3.541s] running symlink_data
[3.542s] symbolically linking /home/navcon/ws/mina_ws/build/ackermann_controller/resource/ackermann_controller -> /home/navcon/ws/mina_ws/install/ackermann_controller/share/ament_index/resource_index/packages
[3.542s] symbolically linking /home/navcon/ws/mina_ws/build/ackermann_controller/package.xml -> /home/navcon/ws/mina_ws/install/ackermann_controller/share/ackermann_controller
[3.542s] symbolically linking /home/navcon/ws/mina_ws/build/ackermann_controller/launch/joy.launch.py -> /home/navcon/ws/mina_ws/install/ackermann_controller/share/ackermann_controller/launch
[3.630s] Invoked command in '/home/navcon/ws/mina_ws/build/ackermann_controller' returned '0': PYTHONPATH=/home/navcon/ws/mina_ws/build/ackermann_controller/prefix_override:/home/navcon/ws/mina_ws/install/ackermann_controller/lib/python3.8/site-packages:${PYTHONPATH} /usr/bin/python3 -W ignore:setup.py install is deprecated setup.py develop --editable --build-directory /home/navcon/ws/mina_ws/build/ackermann_controller/build --no-deps symlink_data --force
