running develop
Removing /home/navcon/ws/mina_ws/install/ackermann_controller/lib/python3.8/site-packages/ackermann-controller.egg-link (link to .)
running egg_info
writing ../../../../build/ackermann_controller/ackermann_controller.egg-info/PKG-INFO
writing dependency_links to ../../../../build/ackermann_controller/ackermann_controller.egg-info/dependency_links.txt
writing entry points to ../../../../build/ackermann_controller/ackermann_controller.egg-info/entry_points.txt
writing requirements to ../../../../build/ackermann_controller/ackermann_controller.egg-info/requires.txt
writing top-level names to ../../../../build/ackermann_controller/ackermann_controller.egg-info/top_level.txt
reading manifest file '../../../../build/ackermann_controller/ackermann_controller.egg-info/SOURCES.txt'
writing manifest file '../../../../build/ackermann_controller/ackermann_controller.egg-info/SOURCES.txt'
running build
running build_py
creating /home/navcon/ws/mina_ws/build/ackermann_controller/build
creating /home/navcon/ws/mina_ws/build/ackermann_controller/build/lib
creating /home/navcon/ws/mina_ws/build/ackermann_controller/build/lib/ackermann_controller
copying ackermann_controller/ackermann_teleop_joy.py -> /home/navcon/ws/mina_ws/build/ackermann_controller/build/lib/ackermann_controller
copying ackermann_controller/__init__.py -> /home/navcon/ws/mina_ws/build/ackermann_controller/build/lib/ackermann_controller
running install
running install_lib
creating /home/navcon/ws/mina_ws/install/ackermann_controller/lib/python3.8/site-packages/ackermann_controller
copying /home/navcon/ws/mina_ws/build/ackermann_controller/build/lib/ackermann_controller/ackermann_teleop_joy.py -> /home/navcon/ws/mina_ws/install/ackermann_controller/lib/python3.8/site-packages/ackermann_controller
copying /home/navcon/ws/mina_ws/build/ackermann_controller/build/lib/ackermann_controller/__init__.py -> /home/navcon/ws/mina_ws/install/ackermann_controller/lib/python3.8/site-packages/ackermann_controller
byte-compiling /home/navcon/ws/mina_ws/install/ackermann_controller/lib/python3.8/site-packages/ackermann_controller/ackermann_teleop_joy.py to ackermann_teleop_joy.cpython-38.pyc
byte-compiling /home/navcon/ws/mina_ws/install/ackermann_controller/lib/python3.8/site-packages/ackermann_controller/__init__.py to __init__.cpython-38.pyc
running install_data
copying resource/ackermann_controller -> /home/navcon/ws/mina_ws/install/ackermann_controller/share/ament_index/resource_index/packages
copying package.xml -> /home/navcon/ws/mina_ws/install/ackermann_controller/share/ackermann_controller
copying launch/joy.launch.py -> /home/navcon/ws/mina_ws/install/ackermann_controller/share/ackermann_controller/launch
running install_egg_info
Copying ../../../../build/ackermann_controller/ackermann_controller.egg-info to /home/navcon/ws/mina_ws/install/ackermann_controller/lib/python3.8/site-packages/ackermann_controller-0.0.0-py3.8.egg-info
running install_scripts
Installing ackermann_teleop_joy script to /home/navcon/ws/mina_ws/install/ackermann_controller/lib/ackermann_controller
writing list of installed files to '/home/navcon/ws/mina_ws/build/ackermann_controller/install.log'
