[1.297s] Invoking command in '/home/navcon/ws/mina_ws/build/ydlidar_ros2_driver': CMAKE_PREFIX_PATH=${CMAKE_PREFIX_PATH}:/home/navcon/ros2_ws/install/ugv_can:/home/navcon/ws/mina_ws/install/ugv_can:/home/navcon/ws/mina_ws/install/ackermann_odometry:/home/navcon/ws/mina_ws/install/ackermann_controller:/opt/ros/humble /usr/bin/cmake --build /home/navcon/ws/mina_ws/build/ydlidar_ros2_driver -- -j8 -l8
[1.470s] [ 50%] Built target ydlidar_ros2_driver_client
[1.563s] [100%] Built target ydlidar_ros2_driver_node
[1.667s] Invoked command in '/home/navcon/ws/mina_ws/build/ydlidar_ros2_driver' returned '0': CMAKE_PREFIX_PATH=${CMAKE_PREFIX_PATH}:/home/navcon/ros2_ws/install/ugv_can:/home/navcon/ws/mina_ws/install/ugv_can:/home/navcon/ws/mina_ws/install/ackermann_odometry:/home/navcon/ws/mina_ws/install/ackermann_controller:/opt/ros/humble /usr/bin/cmake --build /home/navcon/ws/mina_ws/build/ydlidar_ros2_driver -- -j8 -l8
[1.952s] Invoking command in '/home/navcon/ws/mina_ws/build/ydlidar_ros2_driver': CMAKE_PREFIX_PATH=${CMAKE_PREFIX_PATH}:/home/navcon/ros2_ws/install/ugv_can:/home/navcon/ws/mina_ws/install/ugv_can:/home/navcon/ws/mina_ws/install/ackermann_odometry:/home/navcon/ws/mina_ws/install/ackermann_controller:/opt/ros/humble /usr/bin/cmake --install /home/navcon/ws/mina_ws/build/ydlidar_ros2_driver
[2.015s] -- Install configuration: ""
[2.015s] -- Execute custom install script
[2.015s] -- Up-to-date symlink: /home/navcon/ws/mina_ws/install/ydlidar_ros2_driver/lib/ydlidar_ros2_driver/ydlidar_ros2_driver_node
[2.015s] -- Up-to-date symlink: /home/navcon/ws/mina_ws/install/ydlidar_ros2_driver/lib/ydlidar_ros2_driver/ydlidar_ros2_driver_client
[2.015s] -- Up-to-date symlink: /home/navcon/ws/mina_ws/install/ydlidar_ros2_driver/share/ydlidar_ros2_driver/launch/ydlidar.py
[2.016s] -- Up-to-date symlink: /home/navcon/ws/mina_ws/install/ydlidar_ros2_driver/share/ydlidar_ros2_driver/launch/ydlidar_launch.py
[2.016s] -- Up-to-date symlink: /home/navcon/ws/mina_ws/install/ydlidar_ros2_driver/share/ydlidar_ros2_driver/launch/ydlidar_launch_view.py
[2.016s] -- Up-to-date symlink: /home/navcon/ws/mina_ws/install/ydlidar_ros2_driver/share/ydlidar_ros2_driver/params/G1.yaml
[2.016s] -- Up-to-date symlink: /home/navcon/ws/mina_ws/install/ydlidar_ros2_driver/share/ydlidar_ros2_driver/params/G2.yaml
[2.016s] -- Up-to-date symlink: /home/navcon/ws/mina_ws/install/ydlidar_ros2_driver/share/ydlidar_ros2_driver/params/G6.yaml
[2.016s] -- Up-to-date symlink: /home/navcon/ws/mina_ws/install/ydlidar_ros2_driver/share/ydlidar_ros2_driver/params/GS2.yaml
[2.016s] -- Up-to-date symlink: /home/navcon/ws/mina_ws/install/ydlidar_ros2_driver/share/ydlidar_ros2_driver/params/TEA.yaml
[2.016s] -- Up-to-date symlink: /home/navcon/ws/mina_ws/install/ydlidar_ros2_driver/share/ydlidar_ros2_driver/params/TG.yaml
[2.017s] -- Up-to-date symlink: /home/navcon/ws/mina_ws/install/ydlidar_ros2_driver/share/ydlidar_ros2_driver/params/TminiPro.yaml
[2.017s] -- Up-to-date symlink: /home/navcon/ws/mina_ws/install/ydlidar_ros2_driver/share/ydlidar_ros2_driver/params/X2.yaml
[2.017s] -- Up-to-date symlink: /home/navcon/ws/mina_ws/install/ydlidar_ros2_driver/share/ydlidar_ros2_driver/params/X4-Pro.yaml
[2.017s] -- Up-to-date symlink: /home/navcon/ws/mina_ws/install/ydlidar_ros2_driver/share/ydlidar_ros2_driver/params/X4.yaml
[2.017s] -- Up-to-date symlink: /home/navcon/ws/mina_ws/install/ydlidar_ros2_driver/share/ydlidar_ros2_driver/params/ydlidar.yaml
[2.017s] -- Up-to-date symlink: /home/navcon/ws/mina_ws/install/ydlidar_ros2_driver/share/ydlidar_ros2_driver/startup/initenv.sh
[2.017s] -- Up-to-date symlink: /home/navcon/ws/mina_ws/install/ydlidar_ros2_driver/share/ydlidar_ros2_driver/config/ydlidar.rviz
[2.017s] -- Up-to-date symlink: /home/navcon/ws/mina_ws/install/ydlidar_ros2_driver/share/ament_index/resource_index/package_run_dependencies/ydlidar_ros2_driver
[2.018s] -- Up-to-date symlink: /home/navcon/ws/mina_ws/install/ydlidar_ros2_driver/share/ament_index/resource_index/parent_prefix_path/ydlidar_ros2_driver
[2.018s] -- Up-to-date symlink: /home/navcon/ws/mina_ws/install/ydlidar_ros2_driver/share/ydlidar_ros2_driver/environment/ament_prefix_path.sh
[2.018s] -- Up-to-date symlink: /home/navcon/ws/mina_ws/install/ydlidar_ros2_driver/share/ydlidar_ros2_driver/environment/ament_prefix_path.dsv
[2.018s] -- Up-to-date symlink: /home/navcon/ws/mina_ws/install/ydlidar_ros2_driver/share/ydlidar_ros2_driver/environment/path.sh
[2.018s] -- Up-to-date symlink: /home/navcon/ws/mina_ws/install/ydlidar_ros2_driver/share/ydlidar_ros2_driver/environment/path.dsv
[2.018s] -- Up-to-date symlink: /home/navcon/ws/mina_ws/install/ydlidar_ros2_driver/share/ydlidar_ros2_driver/local_setup.bash
[2.018s] -- Up-to-date symlink: /home/navcon/ws/mina_ws/install/ydlidar_ros2_driver/share/ydlidar_ros2_driver/local_setup.sh
[2.018s] -- Up-to-date symlink: /home/navcon/ws/mina_ws/install/ydlidar_ros2_driver/share/ydlidar_ros2_driver/local_setup.zsh
[2.019s] -- Up-to-date symlink: /home/navcon/ws/mina_ws/install/ydlidar_ros2_driver/share/ydlidar_ros2_driver/local_setup.dsv
[2.019s] -- Symlinking: /home/navcon/ws/mina_ws/install/ydlidar_ros2_driver/share/ydlidar_ros2_driver/package.dsv
[2.053s] -- Up-to-date symlink: /home/navcon/ws/mina_ws/install/ydlidar_ros2_driver/share/ament_index/resource_index/packages/ydlidar_ros2_driver
[2.053s] -- Up-to-date symlink: /home/navcon/ws/mina_ws/install/ydlidar_ros2_driver/share/ydlidar_ros2_driver/cmake/ydlidar_ros2_driverConfig.cmake
[2.054s] -- Up-to-date symlink: /home/navcon/ws/mina_ws/install/ydlidar_ros2_driver/share/ydlidar_ros2_driver/cmake/ydlidar_ros2_driverConfig-version.cmake
[2.054s] -- Up-to-date symlink: /home/navcon/ws/mina_ws/install/ydlidar_ros2_driver/share/ydlidar_ros2_driver/package.xml
[2.072s] Invoked command in '/home/navcon/ws/mina_ws/build/ydlidar_ros2_driver' returned '0': CMAKE_PREFIX_PATH=${CMAKE_PREFIX_PATH}:/home/navcon/ros2_ws/install/ugv_can:/home/navcon/ws/mina_ws/install/ugv_can:/home/navcon/ws/mina_ws/install/ackermann_odometry:/home/navcon/ws/mina_ws/install/ackermann_controller:/opt/ros/humble /usr/bin/cmake --install /home/navcon/ws/mina_ws/build/ydlidar_ros2_driver
