[0.422s] DEBUG:colcon:Command line arguments: ['/usr/bin/colcon', 'build']
[0.423s] DEBUG:colcon:Parsed command line arguments: Namespace(allow_overriding=[], ament_cmake_args=None, base_paths=['.'], build_base='build', catkin_cmake_args=None, catkin_skip_building_tests=False, cmake_args=None, cmake_clean_cache=False, cmake_clean_first=False, cmake_force_configure=False, cmake_target=None, cmake_target_skip_unavailable=False, continue_on_error=False, event_handlers=None, executor='parallel', ignore_user_meta=False, install_base='install', log_base=None, log_level=None, main=<bound method BuildVerb.main of <colcon_core.verb.build.BuildVerb object at 0xffff9a9bc6a0>>, merge_install=False, metas=['./colcon.meta'], mixin=None, mixin_files=None, mixin_verb=('build',), packages_above=None, packages_above_and_dependencies=None, packages_above_depth=None, packages_end=None, packages_ignore=None, packages_ignore_regex=None, packages_select=None, packages_select_build_failed=False, packages_select_by_dep=None, packages_select_regex=None, packages_select_test_failures=False, packages_skip=None, packages_skip_build_finished=False, packages_skip_by_dep=None, packages_skip_regex=None, packages_skip_test_passed=False, packages_skip_up_to=None, packages_start=None, packages_up_to=None, packages_up_to_regex=None, parallel_workers=8, paths=None, symlink_install=False, test_result_base=None, verb_extension=<colcon_core.verb.build.BuildVerb object at 0xffff9a9bc6a0>, verb_name='build', verb_parser=<colcon_mixin.mixin.mixin_argument.MixinArgumentDecorator object at 0xffff9a9bcca0>)
[0.780s] Level 1:colcon.colcon_core.package_discovery:discover_packages(colcon_meta) check parameters
[0.780s] Level 1:colcon.colcon_core.package_discovery:discover_packages(recursive) check parameters
[0.780s] Level 1:colcon.colcon_core.package_discovery:discover_packages(ignore) check parameters
[0.780s] Level 1:colcon.colcon_core.package_discovery:discover_packages(path) check parameters
[0.780s] Level 1:colcon.colcon_core.package_discovery:discover_packages(colcon_meta) discover
[0.780s] Level 1:colcon.colcon_core.package_discovery:discover_packages(recursive) discover
[0.780s] INFO:colcon.colcon_core.package_discovery:Crawling recursively for packages in '/home/navcon/ws/mina_ws'
[0.781s] Level 1:colcon.colcon_core.package_identification:_identify(.) by extensions ['ignore', 'ignore_ament_install']
[0.781s] Level 1:colcon.colcon_core.package_identification:_identify(.) by extension 'ignore'
[0.781s] Level 1:colcon.colcon_core.package_identification:_identify(.) by extension 'ignore_ament_install'
[0.781s] Level 1:colcon.colcon_core.package_identification:_identify(.) by extensions ['colcon_pkg']
[0.781s] Level 1:colcon.colcon_core.package_identification:_identify(.) by extension 'colcon_pkg'
[0.781s] Level 1:colcon.colcon_core.package_identification:_identify(.) by extensions ['colcon_meta']
[0.781s] Level 1:colcon.colcon_core.package_identification:_identify(.) by extension 'colcon_meta'
[0.782s] Level 1:colcon.colcon_core.package_identification:_identify(.) by extensions ['ros']
[0.782s] Level 1:colcon.colcon_core.package_identification:_identify(.) by extension 'ros'
[0.803s] Level 1:colcon.colcon_core.package_identification:_identify(.) by extensions ['cmake', 'python']
[0.803s] Level 1:colcon.colcon_core.package_identification:_identify(.) by extension 'cmake'
[0.803s] Level 1:colcon.colcon_core.package_identification:_identify(.) by extension 'python'
[0.803s] Level 1:colcon.colcon_core.package_identification:_identify(.) by extensions ['python_setup_py']
[0.804s] Level 1:colcon.colcon_core.package_identification:_identify(.) by extension 'python_setup_py'
[0.804s] Level 1:colcon.colcon_core.package_identification:_identify(build) by extensions ['ignore', 'ignore_ament_install']
[0.804s] Level 1:colcon.colcon_core.package_identification:_identify(build) by extension 'ignore'
[0.804s] Level 1:colcon.colcon_core.package_identification:_identify(build) ignored
[0.804s] Level 1:colcon.colcon_core.package_identification:_identify(install) by extensions ['ignore', 'ignore_ament_install']
[0.805s] Level 1:colcon.colcon_core.package_identification:_identify(install) by extension 'ignore'
[0.805s] Level 1:colcon.colcon_core.package_identification:_identify(install) ignored
[0.805s] Level 1:colcon.colcon_core.package_identification:_identify(log) by extensions ['ignore', 'ignore_ament_install']
[0.805s] Level 1:colcon.colcon_core.package_identification:_identify(log) by extension 'ignore'
[0.805s] Level 1:colcon.colcon_core.package_identification:_identify(log) ignored
[0.805s] Level 1:colcon.colcon_core.package_identification:_identify(src) by extensions ['ignore', 'ignore_ament_install']
[0.806s] Level 1:colcon.colcon_core.package_identification:_identify(src) by extension 'ignore'
[0.806s] Level 1:colcon.colcon_core.package_identification:_identify(src) by extension 'ignore_ament_install'
[0.806s] Level 1:colcon.colcon_core.package_identification:_identify(src) by extensions ['colcon_pkg']
[0.806s] Level 1:colcon.colcon_core.package_identification:_identify(src) by extension 'colcon_pkg'
[0.806s] Level 1:colcon.colcon_core.package_identification:_identify(src) by extensions ['colcon_meta']
[0.806s] Level 1:colcon.colcon_core.package_identification:_identify(src) by extension 'colcon_meta'
[0.806s] Level 1:colcon.colcon_core.package_identification:_identify(src) by extensions ['ros']
[0.806s] Level 1:colcon.colcon_core.package_identification:_identify(src) by extension 'ros'
[0.806s] Level 1:colcon.colcon_core.package_identification:_identify(src) by extensions ['cmake', 'python']
[0.807s] Level 1:colcon.colcon_core.package_identification:_identify(src) by extension 'cmake'
[0.807s] Level 1:colcon.colcon_core.package_identification:_identify(src) by extension 'python'
[0.807s] Level 1:colcon.colcon_core.package_identification:_identify(src) by extensions ['python_setup_py']
[0.807s] Level 1:colcon.colcon_core.package_identification:_identify(src) by extension 'python_setup_py'
[0.807s] Level 1:colcon.colcon_core.package_identification:_identify(src/ackermann-odometry) by extensions ['ignore', 'ignore_ament_install']
[0.807s] Level 1:colcon.colcon_core.package_identification:_identify(src/ackermann-odometry) by extension 'ignore'
[0.807s] Level 1:colcon.colcon_core.package_identification:_identify(src/ackermann-odometry) by extension 'ignore_ament_install'
[0.807s] Level 1:colcon.colcon_core.package_identification:_identify(src/ackermann-odometry) by extensions ['colcon_pkg']
[0.807s] Level 1:colcon.colcon_core.package_identification:_identify(src/ackermann-odometry) by extension 'colcon_pkg'
[0.808s] Level 1:colcon.colcon_core.package_identification:_identify(src/ackermann-odometry) by extensions ['colcon_meta']
[0.808s] Level 1:colcon.colcon_core.package_identification:_identify(src/ackermann-odometry) by extension 'colcon_meta'
[0.808s] Level 1:colcon.colcon_core.package_identification:_identify(src/ackermann-odometry) by extensions ['ros']
[0.808s] Level 1:colcon.colcon_core.package_identification:_identify(src/ackermann-odometry) by extension 'ros'
[0.808s] Level 1:colcon.colcon_core.package_identification:_identify(src/ackermann-odometry) by extensions ['cmake', 'python']
[0.808s] Level 1:colcon.colcon_core.package_identification:_identify(src/ackermann-odometry) by extension 'cmake'
[0.808s] Level 1:colcon.colcon_core.package_identification:_identify(src/ackermann-odometry) by extension 'python'
[0.808s] Level 1:colcon.colcon_core.package_identification:_identify(src/ackermann-odometry) by extensions ['python_setup_py']
[0.808s] Level 1:colcon.colcon_core.package_identification:_identify(src/ackermann-odometry) by extension 'python_setup_py'
[0.808s] Level 1:colcon.colcon_core.package_identification:_identify(src/ackermann-odometry/docker) by extensions ['ignore', 'ignore_ament_install']
[0.809s] Level 1:colcon.colcon_core.package_identification:_identify(src/ackermann-odometry/docker) by extension 'ignore'
[0.809s] Level 1:colcon.colcon_core.package_identification:_identify(src/ackermann-odometry/docker) by extension 'ignore_ament_install'
[0.809s] Level 1:colcon.colcon_core.package_identification:_identify(src/ackermann-odometry/docker) by extensions ['colcon_pkg']
[0.809s] Level 1:colcon.colcon_core.package_identification:_identify(src/ackermann-odometry/docker) by extension 'colcon_pkg'
[0.809s] Level 1:colcon.colcon_core.package_identification:_identify(src/ackermann-odometry/docker) by extensions ['colcon_meta']
[0.809s] Level 1:colcon.colcon_core.package_identification:_identify(src/ackermann-odometry/docker) by extension 'colcon_meta'
[0.809s] Level 1:colcon.colcon_core.package_identification:_identify(src/ackermann-odometry/docker) by extensions ['ros']
[0.809s] Level 1:colcon.colcon_core.package_identification:_identify(src/ackermann-odometry/docker) by extension 'ros'
[0.809s] Level 1:colcon.colcon_core.package_identification:_identify(src/ackermann-odometry/docker) by extensions ['cmake', 'python']
[0.809s] Level 1:colcon.colcon_core.package_identification:_identify(src/ackermann-odometry/docker) by extension 'cmake'
[0.809s] Level 1:colcon.colcon_core.package_identification:_identify(src/ackermann-odometry/docker) by extension 'python'
[0.810s] Level 1:colcon.colcon_core.package_identification:_identify(src/ackermann-odometry/docker) by extensions ['python_setup_py']
[0.810s] Level 1:colcon.colcon_core.package_identification:_identify(src/ackermann-odometry/docker) by extension 'python_setup_py'
[0.810s] Level 1:colcon.colcon_core.package_identification:_identify(src/ackermann-odometry/private) by extensions ['ignore', 'ignore_ament_install']
[0.810s] Level 1:colcon.colcon_core.package_identification:_identify(src/ackermann-odometry/private) by extension 'ignore'
[0.810s] Level 1:colcon.colcon_core.package_identification:_identify(src/ackermann-odometry/private) by extension 'ignore_ament_install'
[0.810s] Level 1:colcon.colcon_core.package_identification:_identify(src/ackermann-odometry/private) by extensions ['colcon_pkg']
[0.810s] Level 1:colcon.colcon_core.package_identification:_identify(src/ackermann-odometry/private) by extension 'colcon_pkg'
[0.810s] Level 1:colcon.colcon_core.package_identification:_identify(src/ackermann-odometry/private) by extensions ['colcon_meta']
[0.810s] Level 1:colcon.colcon_core.package_identification:_identify(src/ackermann-odometry/private) by extension 'colcon_meta'
[0.810s] Level 1:colcon.colcon_core.package_identification:_identify(src/ackermann-odometry/private) by extensions ['ros']
[0.811s] Level 1:colcon.colcon_core.package_identification:_identify(src/ackermann-odometry/private) by extension 'ros'
[0.811s] Level 1:colcon.colcon_core.package_identification:_identify(src/ackermann-odometry/private) by extensions ['cmake', 'python']
[0.811s] Level 1:colcon.colcon_core.package_identification:_identify(src/ackermann-odometry/private) by extension 'cmake'
[0.811s] Level 1:colcon.colcon_core.package_identification:_identify(src/ackermann-odometry/private) by extension 'python'
[0.811s] Level 1:colcon.colcon_core.package_identification:_identify(src/ackermann-odometry/private) by extensions ['python_setup_py']
[0.811s] Level 1:colcon.colcon_core.package_identification:_identify(src/ackermann-odometry/private) by extension 'python_setup_py'
[0.811s] Level 1:colcon.colcon_core.package_identification:_identify(src/ackermann-odometry/scripts) by extensions ['ignore', 'ignore_ament_install']
[0.811s] Level 1:colcon.colcon_core.package_identification:_identify(src/ackermann-odometry/scripts) by extension 'ignore'
[0.811s] Level 1:colcon.colcon_core.package_identification:_identify(src/ackermann-odometry/scripts) by extension 'ignore_ament_install'
[0.812s] Level 1:colcon.colcon_core.package_identification:_identify(src/ackermann-odometry/scripts) by extensions ['colcon_pkg']
[0.812s] Level 1:colcon.colcon_core.package_identification:_identify(src/ackermann-odometry/scripts) by extension 'colcon_pkg'
[0.812s] Level 1:colcon.colcon_core.package_identification:_identify(src/ackermann-odometry/scripts) by extensions ['colcon_meta']
[0.812s] Level 1:colcon.colcon_core.package_identification:_identify(src/ackermann-odometry/scripts) by extension 'colcon_meta'
[0.812s] Level 1:colcon.colcon_core.package_identification:_identify(src/ackermann-odometry/scripts) by extensions ['ros']
[0.812s] Level 1:colcon.colcon_core.package_identification:_identify(src/ackermann-odometry/scripts) by extension 'ros'
[0.812s] Level 1:colcon.colcon_core.package_identification:_identify(src/ackermann-odometry/scripts) by extensions ['cmake', 'python']
[0.812s] Level 1:colcon.colcon_core.package_identification:_identify(src/ackermann-odometry/scripts) by extension 'cmake'
[0.812s] Level 1:colcon.colcon_core.package_identification:_identify(src/ackermann-odometry/scripts) by extension 'python'
[0.812s] Level 1:colcon.colcon_core.package_identification:_identify(src/ackermann-odometry/scripts) by extensions ['python_setup_py']
[0.812s] Level 1:colcon.colcon_core.package_identification:_identify(src/ackermann-odometry/scripts) by extension 'python_setup_py'
[0.813s] Level 1:colcon.colcon_core.package_identification:_identify(src/ackermann-odometry/src) by extensions ['ignore', 'ignore_ament_install']
[0.813s] Level 1:colcon.colcon_core.package_identification:_identify(src/ackermann-odometry/src) by extension 'ignore'
[0.813s] Level 1:colcon.colcon_core.package_identification:_identify(src/ackermann-odometry/src) by extension 'ignore_ament_install'
[0.813s] Level 1:colcon.colcon_core.package_identification:_identify(src/ackermann-odometry/src) by extensions ['colcon_pkg']
[0.813s] Level 1:colcon.colcon_core.package_identification:_identify(src/ackermann-odometry/src) by extension 'colcon_pkg'
[0.813s] Level 1:colcon.colcon_core.package_identification:_identify(src/ackermann-odometry/src) by extensions ['colcon_meta']
[0.813s] Level 1:colcon.colcon_core.package_identification:_identify(src/ackermann-odometry/src) by extension 'colcon_meta'
[0.813s] Level 1:colcon.colcon_core.package_identification:_identify(src/ackermann-odometry/src) by extensions ['ros']
[0.813s] Level 1:colcon.colcon_core.package_identification:_identify(src/ackermann-odometry/src) by extension 'ros'
[0.813s] Level 1:colcon.colcon_core.package_identification:_identify(src/ackermann-odometry/src) by extensions ['cmake', 'python']
[0.814s] Level 1:colcon.colcon_core.package_identification:_identify(src/ackermann-odometry/src) by extension 'cmake'
[0.814s] Level 1:colcon.colcon_core.package_identification:_identify(src/ackermann-odometry/src) by extension 'python'
[0.814s] Level 1:colcon.colcon_core.package_identification:_identify(src/ackermann-odometry/src) by extensions ['python_setup_py']
[0.814s] Level 1:colcon.colcon_core.package_identification:_identify(src/ackermann-odometry/src) by extension 'python_setup_py'
[0.814s] Level 1:colcon.colcon_core.package_identification:_identify(src/ackermann-odometry/src/ackermann_controller) by extensions ['ignore', 'ignore_ament_install']
[0.814s] Level 1:colcon.colcon_core.package_identification:_identify(src/ackermann-odometry/src/ackermann_controller) by extension 'ignore'
[0.814s] Level 1:colcon.colcon_core.package_identification:_identify(src/ackermann-odometry/src/ackermann_controller) by extension 'ignore_ament_install'
[0.814s] Level 1:colcon.colcon_core.package_identification:_identify(src/ackermann-odometry/src/ackermann_controller) by extensions ['colcon_pkg']
[0.814s] Level 1:colcon.colcon_core.package_identification:_identify(src/ackermann-odometry/src/ackermann_controller) by extension 'colcon_pkg'
[0.815s] Level 1:colcon.colcon_core.package_identification:_identify(src/ackermann-odometry/src/ackermann_controller) by extensions ['colcon_meta']
[0.815s] Level 1:colcon.colcon_core.package_identification:_identify(src/ackermann-odometry/src/ackermann_controller) by extension 'colcon_meta'
[0.815s] Level 1:colcon.colcon_core.package_identification:_identify(src/ackermann-odometry/src/ackermann_controller) by extensions ['ros']
[0.815s] Level 1:colcon.colcon_core.package_identification:_identify(src/ackermann-odometry/src/ackermann_controller) by extension 'ros'
[0.820s] DEBUG:colcon.colcon_core.package_identification:Package 'src/ackermann-odometry/src/ackermann_controller' with type 'ros.ament_python' and name 'ackermann_controller'
[0.820s] Level 1:colcon.colcon_core.package_identification:_identify(src/ackermann-odometry/src/ackermann_interfaces) by extensions ['ignore', 'ignore_ament_install']
[0.820s] Level 1:colcon.colcon_core.package_identification:_identify(src/ackermann-odometry/src/ackermann_interfaces) by extension 'ignore'
[0.821s] Level 1:colcon.colcon_core.package_identification:_identify(src/ackermann-odometry/src/ackermann_interfaces) by extension 'ignore_ament_install'
[0.821s] Level 1:colcon.colcon_core.package_identification:_identify(src/ackermann-odometry/src/ackermann_interfaces) by extensions ['colcon_pkg']
[0.821s] Level 1:colcon.colcon_core.package_identification:_identify(src/ackermann-odometry/src/ackermann_interfaces) by extension 'colcon_pkg'
[0.821s] Level 1:colcon.colcon_core.package_identification:_identify(src/ackermann-odometry/src/ackermann_interfaces) by extensions ['colcon_meta']
[0.821s] Level 1:colcon.colcon_core.package_identification:_identify(src/ackermann-odometry/src/ackermann_interfaces) by extension 'colcon_meta'
[0.821s] Level 1:colcon.colcon_core.package_identification:_identify(src/ackermann-odometry/src/ackermann_interfaces) by extensions ['ros']
[0.821s] Level 1:colcon.colcon_core.package_identification:_identify(src/ackermann-odometry/src/ackermann_interfaces) by extension 'ros'
[0.822s] DEBUG:colcon.colcon_core.package_identification:Package 'src/ackermann-odometry/src/ackermann_interfaces' with type 'ros.ament_cmake' and name 'ackermann_interfaces'
[0.823s] Level 1:colcon.colcon_core.package_identification:_identify(src/ackermann-odometry/src/ackermann_odometry) by extensions ['ignore', 'ignore_ament_install']
[0.823s] Level 1:colcon.colcon_core.package_identification:_identify(src/ackermann-odometry/src/ackermann_odometry) by extension 'ignore'
[0.823s] Level 1:colcon.colcon_core.package_identification:_identify(src/ackermann-odometry/src/ackermann_odometry) by extension 'ignore_ament_install'
[0.823s] Level 1:colcon.colcon_core.package_identification:_identify(src/ackermann-odometry/src/ackermann_odometry) by extensions ['colcon_pkg']
[0.823s] Level 1:colcon.colcon_core.package_identification:_identify(src/ackermann-odometry/src/ackermann_odometry) by extension 'colcon_pkg'
[0.823s] Level 1:colcon.colcon_core.package_identification:_identify(src/ackermann-odometry/src/ackermann_odometry) by extensions ['colcon_meta']
[0.823s] Level 1:colcon.colcon_core.package_identification:_identify(src/ackermann-odometry/src/ackermann_odometry) by extension 'colcon_meta'
[0.823s] Level 1:colcon.colcon_core.package_identification:_identify(src/ackermann-odometry/src/ackermann_odometry) by extensions ['ros']
[0.823s] Level 1:colcon.colcon_core.package_identification:_identify(src/ackermann-odometry/src/ackermann_odometry) by extension 'ros'
[0.824s] DEBUG:colcon.colcon_core.package_identification:Package 'src/ackermann-odometry/src/ackermann_odometry' with type 'ros.ament_python' and name 'ackermann_odometry'
[0.824s] Level 1:colcon.colcon_core.package_identification:_identify(src/mina_ugv) by extensions ['ignore', 'ignore_ament_install']
[0.824s] Level 1:colcon.colcon_core.package_identification:_identify(src/mina_ugv) by extension 'ignore'
[0.825s] Level 1:colcon.colcon_core.package_identification:_identify(src/mina_ugv) by extension 'ignore_ament_install'
[0.825s] Level 1:colcon.colcon_core.package_identification:_identify(src/mina_ugv) by extensions ['colcon_pkg']
[0.825s] Level 1:colcon.colcon_core.package_identification:_identify(src/mina_ugv) by extension 'colcon_pkg'
[0.825s] Level 1:colcon.colcon_core.package_identification:_identify(src/mina_ugv) by extensions ['colcon_meta']
[0.825s] Level 1:colcon.colcon_core.package_identification:_identify(src/mina_ugv) by extension 'colcon_meta'
[0.825s] Level 1:colcon.colcon_core.package_identification:_identify(src/mina_ugv) by extensions ['ros']
[0.825s] Level 1:colcon.colcon_core.package_identification:_identify(src/mina_ugv) by extension 'ros'
[0.827s] DEBUG:colcon.colcon_core.package_identification:Package 'src/mina_ugv' with type 'ros.ament_cmake' and name 'mina_ugv'
[0.827s] Level 1:colcon.colcon_core.package_identification:_identify(src/mini_ugv) by extensions ['ignore', 'ignore_ament_install']
[0.827s] Level 1:colcon.colcon_core.package_identification:_identify(src/mini_ugv) by extension 'ignore'
[0.827s] Level 1:colcon.colcon_core.package_identification:_identify(src/mini_ugv) by extension 'ignore_ament_install'
[0.828s] Level 1:colcon.colcon_core.package_identification:_identify(src/mini_ugv) by extensions ['colcon_pkg']
[0.828s] Level 1:colcon.colcon_core.package_identification:_identify(src/mini_ugv) by extension 'colcon_pkg'
[0.828s] Level 1:colcon.colcon_core.package_identification:_identify(src/mini_ugv) by extensions ['colcon_meta']
[0.828s] Level 1:colcon.colcon_core.package_identification:_identify(src/mini_ugv) by extension 'colcon_meta'
[0.828s] Level 1:colcon.colcon_core.package_identification:_identify(src/mini_ugv) by extensions ['ros']
[0.828s] Level 1:colcon.colcon_core.package_identification:_identify(src/mini_ugv) by extension 'ros'
[0.829s] DEBUG:colcon.colcon_core.package_identification:Package 'src/mini_ugv' with type 'ros.ament_cmake' and name 'mini_ugv'
[0.829s] Level 1:colcon.colcon_core.package_identification:_identify(src/ugv_can) by extensions ['ignore', 'ignore_ament_install']
[0.830s] Level 1:colcon.colcon_core.package_identification:_identify(src/ugv_can) by extension 'ignore'
[0.830s] Level 1:colcon.colcon_core.package_identification:_identify(src/ugv_can) by extension 'ignore_ament_install'
[0.830s] Level 1:colcon.colcon_core.package_identification:_identify(src/ugv_can) by extensions ['colcon_pkg']
[0.830s] Level 1:colcon.colcon_core.package_identification:_identify(src/ugv_can) by extension 'colcon_pkg'
[0.830s] Level 1:colcon.colcon_core.package_identification:_identify(src/ugv_can) by extensions ['colcon_meta']
[0.830s] Level 1:colcon.colcon_core.package_identification:_identify(src/ugv_can) by extension 'colcon_meta'
[0.830s] Level 1:colcon.colcon_core.package_identification:_identify(src/ugv_can) by extensions ['ros']
[0.830s] Level 1:colcon.colcon_core.package_identification:_identify(src/ugv_can) by extension 'ros'
[0.831s] DEBUG:colcon.colcon_core.package_identification:Package 'src/ugv_can' with type 'ros.ament_python' and name 'ugv_can'
[0.831s] Level 1:colcon.colcon_core.package_identification:_identify(src/ugv_design) by extensions ['ignore', 'ignore_ament_install']
[0.832s] Level 1:colcon.colcon_core.package_identification:_identify(src/ugv_design) by extension 'ignore'
[0.832s] Level 1:colcon.colcon_core.package_identification:_identify(src/ugv_design) by extension 'ignore_ament_install'
[0.832s] Level 1:colcon.colcon_core.package_identification:_identify(src/ugv_design) by extensions ['colcon_pkg']
[0.832s] Level 1:colcon.colcon_core.package_identification:_identify(src/ugv_design) by extension 'colcon_pkg'
[0.832s] Level 1:colcon.colcon_core.package_identification:_identify(src/ugv_design) by extensions ['colcon_meta']
[0.832s] Level 1:colcon.colcon_core.package_identification:_identify(src/ugv_design) by extension 'colcon_meta'
[0.832s] Level 1:colcon.colcon_core.package_identification:_identify(src/ugv_design) by extensions ['ros']
[0.832s] Level 1:colcon.colcon_core.package_identification:_identify(src/ugv_design) by extension 'ros'
[0.833s] DEBUG:colcon.colcon_core.package_identification:Package 'src/ugv_design' with type 'ros.ament_cmake' and name 'ugv_design'
[0.833s] Level 1:colcon.colcon_core.package_identification:_identify(src/ydlidar_ros2_driver) by extensions ['ignore', 'ignore_ament_install']
[0.833s] Level 1:colcon.colcon_core.package_identification:_identify(src/ydlidar_ros2_driver) by extension 'ignore'
[0.834s] Level 1:colcon.colcon_core.package_identification:_identify(src/ydlidar_ros2_driver) by extension 'ignore_ament_install'
[0.834s] Level 1:colcon.colcon_core.package_identification:_identify(src/ydlidar_ros2_driver) by extensions ['colcon_pkg']
[0.834s] Level 1:colcon.colcon_core.package_identification:_identify(src/ydlidar_ros2_driver) by extension 'colcon_pkg'
[0.834s] Level 1:colcon.colcon_core.package_identification:_identify(src/ydlidar_ros2_driver) by extensions ['colcon_meta']
[0.834s] Level 1:colcon.colcon_core.package_identification:_identify(src/ydlidar_ros2_driver) by extension 'colcon_meta'
[0.834s] Level 1:colcon.colcon_core.package_identification:_identify(src/ydlidar_ros2_driver) by extensions ['ros']
[0.834s] Level 1:colcon.colcon_core.package_identification:_identify(src/ydlidar_ros2_driver) by extension 'ros'
[0.835s] DEBUG:colcon.colcon_core.package_identification:Package 'src/ydlidar_ros2_driver' with type 'ros.ament_cmake' and name 'ydlidar_ros2_driver'
[0.835s] Level 1:colcon.colcon_core.package_discovery:discover_packages(recursive) using defaults
[0.835s] Level 1:colcon.colcon_core.package_discovery:discover_packages(ignore) discover
[0.835s] Level 1:colcon.colcon_core.package_discovery:discover_packages(ignore) using defaults
[0.835s] Level 1:colcon.colcon_core.package_discovery:discover_packages(path) discover
[0.836s] Level 1:colcon.colcon_core.package_discovery:discover_packages(path) using defaults
[0.901s] Level 1:colcon.colcon_core.package_discovery:discover_packages(prefix_path) check parameters
[0.901s] Level 1:colcon.colcon_core.package_discovery:discover_packages(prefix_path) discover
[0.906s] DEBUG:colcon.colcon_installed_package_information.package_discovery:Found 8 installed packages in /home/navcon/ws/mina_ws/install
[0.909s] DEBUG:colcon.colcon_installed_package_information.package_discovery:Found 400 installed packages in /opt/ros/humble
[0.912s] Level 1:colcon.colcon_core.package_discovery:discover_packages(prefix_path) using defaults
[1.077s] Level 5:colcon.colcon_core.verb:set package 'ackermann_controller' build argument 'cmake_args' from command line to 'None'
[1.077s] Level 5:colcon.colcon_core.verb:set package 'ackermann_controller' build argument 'cmake_target' from command line to 'None'
[1.077s] Level 5:colcon.colcon_core.verb:set package 'ackermann_controller' build argument 'cmake_target_skip_unavailable' from command line to 'False'
[1.077s] Level 5:colcon.colcon_core.verb:set package 'ackermann_controller' build argument 'cmake_clean_cache' from command line to 'False'
[1.077s] Level 5:colcon.colcon_core.verb:set package 'ackermann_controller' build argument 'cmake_clean_first' from command line to 'False'
[1.077s] Level 5:colcon.colcon_core.verb:set package 'ackermann_controller' build argument 'cmake_force_configure' from command line to 'False'
[1.077s] Level 5:colcon.colcon_core.verb:set package 'ackermann_controller' build argument 'ament_cmake_args' from command line to 'None'
[1.077s] Level 5:colcon.colcon_core.verb:set package 'ackermann_controller' build argument 'catkin_cmake_args' from command line to 'None'
[1.077s] Level 5:colcon.colcon_core.verb:set package 'ackermann_controller' build argument 'catkin_skip_building_tests' from command line to 'False'
[1.078s] DEBUG:colcon.colcon_core.verb:Building package 'ackermann_controller' with the following arguments: {'ament_cmake_args': None, 'build_base': '/home/navcon/ws/mina_ws/build/ackermann_controller', 'catkin_cmake_args': None, 'catkin_skip_building_tests': False, 'cmake_args': None, 'cmake_clean_cache': False, 'cmake_clean_first': False, 'cmake_force_configure': False, 'cmake_target': None, 'cmake_target_skip_unavailable': False, 'install_base': '/home/navcon/ws/mina_ws/install/ackermann_controller', 'merge_install': False, 'path': '/home/navcon/ws/mina_ws/src/ackermann-odometry/src/ackermann_controller', 'symlink_install': False, 'test_result_base': None}
[1.078s] Level 5:colcon.colcon_core.verb:set package 'ackermann_interfaces' build argument 'cmake_args' from command line to 'None'
[1.079s] Level 5:colcon.colcon_core.verb:set package 'ackermann_interfaces' build argument 'cmake_target' from command line to 'None'
[1.079s] Level 5:colcon.colcon_core.verb:set package 'ackermann_interfaces' build argument 'cmake_target_skip_unavailable' from command line to 'False'
[1.079s] Level 5:colcon.colcon_core.verb:set package 'ackermann_interfaces' build argument 'cmake_clean_cache' from command line to 'False'
[1.079s] Level 5:colcon.colcon_core.verb:set package 'ackermann_interfaces' build argument 'cmake_clean_first' from command line to 'False'
[1.079s] Level 5:colcon.colcon_core.verb:set package 'ackermann_interfaces' build argument 'cmake_force_configure' from command line to 'False'
[1.079s] Level 5:colcon.colcon_core.verb:set package 'ackermann_interfaces' build argument 'ament_cmake_args' from command line to 'None'
[1.079s] Level 5:colcon.colcon_core.verb:set package 'ackermann_interfaces' build argument 'catkin_cmake_args' from command line to 'None'
[1.079s] Level 5:colcon.colcon_core.verb:set package 'ackermann_interfaces' build argument 'catkin_skip_building_tests' from command line to 'False'
[1.079s] DEBUG:colcon.colcon_core.verb:Building package 'ackermann_interfaces' with the following arguments: {'ament_cmake_args': None, 'build_base': '/home/navcon/ws/mina_ws/build/ackermann_interfaces', 'catkin_cmake_args': None, 'catkin_skip_building_tests': False, 'cmake_args': None, 'cmake_clean_cache': False, 'cmake_clean_first': False, 'cmake_force_configure': False, 'cmake_target': None, 'cmake_target_skip_unavailable': False, 'install_base': '/home/navcon/ws/mina_ws/install/ackermann_interfaces', 'merge_install': False, 'path': '/home/navcon/ws/mina_ws/src/ackermann-odometry/src/ackermann_interfaces', 'symlink_install': False, 'test_result_base': None}
[1.080s] Level 5:colcon.colcon_core.verb:set package 'mina_ugv' build argument 'cmake_args' from command line to 'None'
[1.080s] Level 5:colcon.colcon_core.verb:set package 'mina_ugv' build argument 'cmake_target' from command line to 'None'
[1.080s] Level 5:colcon.colcon_core.verb:set package 'mina_ugv' build argument 'cmake_target_skip_unavailable' from command line to 'False'
[1.080s] Level 5:colcon.colcon_core.verb:set package 'mina_ugv' build argument 'cmake_clean_cache' from command line to 'False'
[1.080s] Level 5:colcon.colcon_core.verb:set package 'mina_ugv' build argument 'cmake_clean_first' from command line to 'False'
[1.080s] Level 5:colcon.colcon_core.verb:set package 'mina_ugv' build argument 'cmake_force_configure' from command line to 'False'
[1.080s] Level 5:colcon.colcon_core.verb:set package 'mina_ugv' build argument 'ament_cmake_args' from command line to 'None'
[1.080s] Level 5:colcon.colcon_core.verb:set package 'mina_ugv' build argument 'catkin_cmake_args' from command line to 'None'
[1.080s] Level 5:colcon.colcon_core.verb:set package 'mina_ugv' build argument 'catkin_skip_building_tests' from command line to 'False'
[1.080s] DEBUG:colcon.colcon_core.verb:Building package 'mina_ugv' with the following arguments: {'ament_cmake_args': None, 'build_base': '/home/navcon/ws/mina_ws/build/mina_ugv', 'catkin_cmake_args': None, 'catkin_skip_building_tests': False, 'cmake_args': None, 'cmake_clean_cache': False, 'cmake_clean_first': False, 'cmake_force_configure': False, 'cmake_target': None, 'cmake_target_skip_unavailable': False, 'install_base': '/home/navcon/ws/mina_ws/install/mina_ugv', 'merge_install': False, 'path': '/home/navcon/ws/mina_ws/src/mina_ugv', 'symlink_install': False, 'test_result_base': None}
[1.081s] Level 5:colcon.colcon_core.verb:set package 'mini_ugv' build argument 'cmake_args' from command line to 'None'
[1.081s] Level 5:colcon.colcon_core.verb:set package 'mini_ugv' build argument 'cmake_target' from command line to 'None'
[1.081s] Level 5:colcon.colcon_core.verb:set package 'mini_ugv' build argument 'cmake_target_skip_unavailable' from command line to 'False'
[1.081s] Level 5:colcon.colcon_core.verb:set package 'mini_ugv' build argument 'cmake_clean_cache' from command line to 'False'
[1.081s] Level 5:colcon.colcon_core.verb:set package 'mini_ugv' build argument 'cmake_clean_first' from command line to 'False'
[1.081s] Level 5:colcon.colcon_core.verb:set package 'mini_ugv' build argument 'cmake_force_configure' from command line to 'False'
[1.081s] Level 5:colcon.colcon_core.verb:set package 'mini_ugv' build argument 'ament_cmake_args' from command line to 'None'
[1.081s] Level 5:colcon.colcon_core.verb:set package 'mini_ugv' build argument 'catkin_cmake_args' from command line to 'None'
[1.081s] Level 5:colcon.colcon_core.verb:set package 'mini_ugv' build argument 'catkin_skip_building_tests' from command line to 'False'
[1.081s] DEBUG:colcon.colcon_core.verb:Building package 'mini_ugv' with the following arguments: {'ament_cmake_args': None, 'build_base': '/home/navcon/ws/mina_ws/build/mini_ugv', 'catkin_cmake_args': None, 'catkin_skip_building_tests': False, 'cmake_args': None, 'cmake_clean_cache': False, 'cmake_clean_first': False, 'cmake_force_configure': False, 'cmake_target': None, 'cmake_target_skip_unavailable': False, 'install_base': '/home/navcon/ws/mina_ws/install/mini_ugv', 'merge_install': False, 'path': '/home/navcon/ws/mina_ws/src/mini_ugv', 'symlink_install': False, 'test_result_base': None}
[1.082s] Level 5:colcon.colcon_core.verb:set package 'ugv_can' build argument 'cmake_args' from command line to 'None'
[1.082s] Level 5:colcon.colcon_core.verb:set package 'ugv_can' build argument 'cmake_target' from command line to 'None'
[1.082s] Level 5:colcon.colcon_core.verb:set package 'ugv_can' build argument 'cmake_target_skip_unavailable' from command line to 'False'
[1.082s] Level 5:colcon.colcon_core.verb:set package 'ugv_can' build argument 'cmake_clean_cache' from command line to 'False'
[1.082s] Level 5:colcon.colcon_core.verb:set package 'ugv_can' build argument 'cmake_clean_first' from command line to 'False'
[1.082s] Level 5:colcon.colcon_core.verb:set package 'ugv_can' build argument 'cmake_force_configure' from command line to 'False'
[1.082s] Level 5:colcon.colcon_core.verb:set package 'ugv_can' build argument 'ament_cmake_args' from command line to 'None'
[1.082s] Level 5:colcon.colcon_core.verb:set package 'ugv_can' build argument 'catkin_cmake_args' from command line to 'None'
[1.082s] Level 5:colcon.colcon_core.verb:set package 'ugv_can' build argument 'catkin_skip_building_tests' from command line to 'False'
[1.082s] DEBUG:colcon.colcon_core.verb:Building package 'ugv_can' with the following arguments: {'ament_cmake_args': None, 'build_base': '/home/navcon/ws/mina_ws/build/ugv_can', 'catkin_cmake_args': None, 'catkin_skip_building_tests': False, 'cmake_args': None, 'cmake_clean_cache': False, 'cmake_clean_first': False, 'cmake_force_configure': False, 'cmake_target': None, 'cmake_target_skip_unavailable': False, 'install_base': '/home/navcon/ws/mina_ws/install/ugv_can', 'merge_install': False, 'path': '/home/navcon/ws/mina_ws/src/ugv_can', 'symlink_install': False, 'test_result_base': None}
[1.083s] Level 5:colcon.colcon_core.verb:set package 'ugv_design' build argument 'cmake_args' from command line to 'None'
[1.083s] Level 5:colcon.colcon_core.verb:set package 'ugv_design' build argument 'cmake_target' from command line to 'None'
[1.083s] Level 5:colcon.colcon_core.verb:set package 'ugv_design' build argument 'cmake_target_skip_unavailable' from command line to 'False'
[1.083s] Level 5:colcon.colcon_core.verb:set package 'ugv_design' build argument 'cmake_clean_cache' from command line to 'False'
[1.083s] Level 5:colcon.colcon_core.verb:set package 'ugv_design' build argument 'cmake_clean_first' from command line to 'False'
[1.083s] Level 5:colcon.colcon_core.verb:set package 'ugv_design' build argument 'cmake_force_configure' from command line to 'False'
[1.083s] Level 5:colcon.colcon_core.verb:set package 'ugv_design' build argument 'ament_cmake_args' from command line to 'None'
[1.083s] Level 5:colcon.colcon_core.verb:set package 'ugv_design' build argument 'catkin_cmake_args' from command line to 'None'
[1.083s] Level 5:colcon.colcon_core.verb:set package 'ugv_design' build argument 'catkin_skip_building_tests' from command line to 'False'
[1.084s] DEBUG:colcon.colcon_core.verb:Building package 'ugv_design' with the following arguments: {'ament_cmake_args': None, 'build_base': '/home/navcon/ws/mina_ws/build/ugv_design', 'catkin_cmake_args': None, 'catkin_skip_building_tests': False, 'cmake_args': None, 'cmake_clean_cache': False, 'cmake_clean_first': False, 'cmake_force_configure': False, 'cmake_target': None, 'cmake_target_skip_unavailable': False, 'install_base': '/home/navcon/ws/mina_ws/install/ugv_design', 'merge_install': False, 'path': '/home/navcon/ws/mina_ws/src/ugv_design', 'symlink_install': False, 'test_result_base': None}
[1.084s] Level 5:colcon.colcon_core.verb:set package 'ydlidar_ros2_driver' build argument 'cmake_args' from command line to 'None'
[1.084s] Level 5:colcon.colcon_core.verb:set package 'ydlidar_ros2_driver' build argument 'cmake_target' from command line to 'None'
[1.084s] Level 5:colcon.colcon_core.verb:set package 'ydlidar_ros2_driver' build argument 'cmake_target_skip_unavailable' from command line to 'False'
[1.084s] Level 5:colcon.colcon_core.verb:set package 'ydlidar_ros2_driver' build argument 'cmake_clean_cache' from command line to 'False'
[1.084s] Level 5:colcon.colcon_core.verb:set package 'ydlidar_ros2_driver' build argument 'cmake_clean_first' from command line to 'False'
[1.084s] Level 5:colcon.colcon_core.verb:set package 'ydlidar_ros2_driver' build argument 'cmake_force_configure' from command line to 'False'
[1.084s] Level 5:colcon.colcon_core.verb:set package 'ydlidar_ros2_driver' build argument 'ament_cmake_args' from command line to 'None'
[1.084s] Level 5:colcon.colcon_core.verb:set package 'ydlidar_ros2_driver' build argument 'catkin_cmake_args' from command line to 'None'
[1.085s] Level 5:colcon.colcon_core.verb:set package 'ydlidar_ros2_driver' build argument 'catkin_skip_building_tests' from command line to 'False'
[1.085s] DEBUG:colcon.colcon_core.verb:Building package 'ydlidar_ros2_driver' with the following arguments: {'ament_cmake_args': None, 'build_base': '/home/navcon/ws/mina_ws/build/ydlidar_ros2_driver', 'catkin_cmake_args': None, 'catkin_skip_building_tests': False, 'cmake_args': None, 'cmake_clean_cache': False, 'cmake_clean_first': False, 'cmake_force_configure': False, 'cmake_target': None, 'cmake_target_skip_unavailable': False, 'install_base': '/home/navcon/ws/mina_ws/install/ydlidar_ros2_driver', 'merge_install': False, 'path': '/home/navcon/ws/mina_ws/src/ydlidar_ros2_driver', 'symlink_install': False, 'test_result_base': None}
[1.085s] Level 5:colcon.colcon_core.verb:set package 'ackermann_odometry' build argument 'cmake_args' from command line to 'None'
[1.085s] Level 5:colcon.colcon_core.verb:set package 'ackermann_odometry' build argument 'cmake_target' from command line to 'None'
[1.085s] Level 5:colcon.colcon_core.verb:set package 'ackermann_odometry' build argument 'cmake_target_skip_unavailable' from command line to 'False'
[1.085s] Level 5:colcon.colcon_core.verb:set package 'ackermann_odometry' build argument 'cmake_clean_cache' from command line to 'False'
[1.085s] Level 5:colcon.colcon_core.verb:set package 'ackermann_odometry' build argument 'cmake_clean_first' from command line to 'False'
[1.085s] Level 5:colcon.colcon_core.verb:set package 'ackermann_odometry' build argument 'cmake_force_configure' from command line to 'False'
[1.086s] Level 5:colcon.colcon_core.verb:set package 'ackermann_odometry' build argument 'ament_cmake_args' from command line to 'None'
[1.086s] Level 5:colcon.colcon_core.verb:set package 'ackermann_odometry' build argument 'catkin_cmake_args' from command line to 'None'
[1.086s] Level 5:colcon.colcon_core.verb:set package 'ackermann_odometry' build argument 'catkin_skip_building_tests' from command line to 'False'
[1.086s] DEBUG:colcon.colcon_core.verb:Building package 'ackermann_odometry' with the following arguments: {'ament_cmake_args': None, 'build_base': '/home/navcon/ws/mina_ws/build/ackermann_odometry', 'catkin_cmake_args': None, 'catkin_skip_building_tests': False, 'cmake_args': None, 'cmake_clean_cache': False, 'cmake_clean_first': False, 'cmake_force_configure': False, 'cmake_target': None, 'cmake_target_skip_unavailable': False, 'install_base': '/home/navcon/ws/mina_ws/install/ackermann_odometry', 'merge_install': False, 'path': '/home/navcon/ws/mina_ws/src/ackermann-odometry/src/ackermann_odometry', 'symlink_install': False, 'test_result_base': None}
[1.086s] INFO:colcon.colcon_core.executor:Executing jobs using 'parallel' executor
[1.089s] DEBUG:colcon.colcon_parallel_executor.executor.parallel:run_until_complete
[1.090s] INFO:colcon.colcon_ros.task.ament_cmake.build:Building ROS package in '/home/navcon/ws/mina_ws/src/ackermann-odometry/src/ackermann_interfaces' with build type 'ament_cmake'
[1.090s] INFO:colcon.colcon_cmake.task.cmake.build:Building CMake package in '/home/navcon/ws/mina_ws/src/ackermann-odometry/src/ackermann_interfaces'
[1.095s] INFO:colcon.colcon_core.plugin_system:Skipping extension 'colcon_core.shell.bat': Not used on non-Windows systems
[1.095s] INFO:colcon.colcon_core.shell:Skip shell extension 'powershell' for command environment: Not usable outside of PowerShell
[1.096s] DEBUG:colcon.colcon_core.shell:Skip shell extension 'dsv' for command environment
[1.114s] INFO:colcon.colcon_ros.task.ament_python.build:Building ROS package in '/home/navcon/ws/mina_ws/src/ackermann-odometry/src/ackermann_controller' with build type 'ament_python'
[1.115s] Level 1:colcon.colcon_core.shell:create_environment_hook('ackermann_controller', 'ament_prefix_path')
[1.116s] INFO:colcon.colcon_core.shell:Creating environment hook '/home/navcon/ws/mina_ws/install/ackermann_controller/share/ackermann_controller/hook/ament_prefix_path.ps1'
[1.118s] INFO:colcon.colcon_core.shell:Creating environment descriptor '/home/navcon/ws/mina_ws/install/ackermann_controller/share/ackermann_controller/hook/ament_prefix_path.dsv'
[1.119s] INFO:colcon.colcon_core.shell:Creating environment hook '/home/navcon/ws/mina_ws/install/ackermann_controller/share/ackermann_controller/hook/ament_prefix_path.sh'
[1.121s] INFO:colcon.colcon_core.shell:Skip shell extension 'powershell' for command environment: Not usable outside of PowerShell
[1.121s] DEBUG:colcon.colcon_core.shell:Skip shell extension 'dsv' for command environment
[1.134s] INFO:colcon.colcon_ros.task.ament_cmake.build:Building ROS package in '/home/navcon/ws/mina_ws/src/mina_ugv' with build type 'ament_cmake'
[1.135s] INFO:colcon.colcon_cmake.task.cmake.build:Building CMake package in '/home/navcon/ws/mina_ws/src/mina_ugv'
[1.136s] INFO:colcon.colcon_core.shell:Skip shell extension 'powershell' for command environment: Not usable outside of PowerShell
[1.137s] DEBUG:colcon.colcon_core.shell:Skip shell extension 'dsv' for command environment
[1.155s] INFO:colcon.colcon_ros.task.ament_cmake.build:Building ROS package in '/home/navcon/ws/mina_ws/src/mini_ugv' with build type 'ament_cmake'
[1.156s] INFO:colcon.colcon_cmake.task.cmake.build:Building CMake package in '/home/navcon/ws/mina_ws/src/mini_ugv'
[1.157s] INFO:colcon.colcon_core.shell:Skip shell extension 'powershell' for command environment: Not usable outside of PowerShell
[1.157s] DEBUG:colcon.colcon_core.shell:Skip shell extension 'dsv' for command environment
[1.173s] INFO:colcon.colcon_ros.task.ament_python.build:Building ROS package in '/home/navcon/ws/mina_ws/src/ugv_can' with build type 'ament_python'
[1.175s] Level 1:colcon.colcon_core.shell:create_environment_hook('ugv_can', 'ament_prefix_path')
[1.176s] INFO:colcon.colcon_core.shell:Creating environment hook '/home/navcon/ws/mina_ws/install/ugv_can/share/ugv_can/hook/ament_prefix_path.ps1'
[1.178s] INFO:colcon.colcon_core.shell:Creating environment descriptor '/home/navcon/ws/mina_ws/install/ugv_can/share/ugv_can/hook/ament_prefix_path.dsv'
[1.180s] INFO:colcon.colcon_core.shell:Creating environment hook '/home/navcon/ws/mina_ws/install/ugv_can/share/ugv_can/hook/ament_prefix_path.sh'
[1.182s] INFO:colcon.colcon_core.shell:Skip shell extension 'powershell' for command environment: Not usable outside of PowerShell
[1.182s] DEBUG:colcon.colcon_core.shell:Skip shell extension 'dsv' for command environment
[1.200s] INFO:colcon.colcon_ros.task.ament_cmake.build:Building ROS package in '/home/navcon/ws/mina_ws/src/ugv_design' with build type 'ament_cmake'
[1.201s] INFO:colcon.colcon_cmake.task.cmake.build:Building CMake package in '/home/navcon/ws/mina_ws/src/ugv_design'
[1.203s] INFO:colcon.colcon_core.shell:Skip shell extension 'powershell' for command environment: Not usable outside of PowerShell
[1.203s] DEBUG:colcon.colcon_core.shell:Skip shell extension 'dsv' for command environment
[1.220s] INFO:colcon.colcon_ros.task.ament_cmake.build:Building ROS package in '/home/navcon/ws/mina_ws/src/ydlidar_ros2_driver' with build type 'ament_cmake'
[1.221s] INFO:colcon.colcon_cmake.task.cmake.build:Building CMake package in '/home/navcon/ws/mina_ws/src/ydlidar_ros2_driver'
[1.223s] INFO:colcon.colcon_core.shell:Skip shell extension 'powershell' for command environment: Not usable outside of PowerShell
[1.223s] DEBUG:colcon.colcon_core.shell:Skip shell extension 'dsv' for command environment
[1.254s] DEBUG:colcon.colcon_core.event_handler.log_command:Invoking command in '/home/navcon/ws/mina_ws/build/ackermann_interfaces': CMAKE_PREFIX_PATH=${CMAKE_PREFIX_PATH}:/home/navcon/ws/mina_ws/install/ugv_can:/home/navcon/ws/mina_ws/install/ackermann_odometry:/home/navcon/ws/mina_ws/install/ackermann_controller:/opt/ros/humble /usr/bin/cmake --build /home/navcon/ws/mina_ws/build/ackermann_interfaces -- -j8 -l8
[1.864s] INFO:colcon.colcon_core.task.python.build:Building Python package in '/home/navcon/ws/mina_ws/src/ackermann-odometry/src/ackermann_controller'
[1.865s] INFO:colcon.colcon_core.shell:Skip shell extension 'powershell' for command environment: Not usable outside of PowerShell
[1.866s] DEBUG:colcon.colcon_core.shell:Skip shell extension 'dsv' for command environment
[1.892s] DEBUG:colcon.colcon_core.event_handler.log_command:Invoking command in '/home/navcon/ws/mina_ws/build/mina_ugv': CMAKE_PREFIX_PATH=${CMAKE_PREFIX_PATH}:/home/navcon/ws/mina_ws/install/ugv_can:/home/navcon/ws/mina_ws/install/ackermann_odometry:/home/navcon/ws/mina_ws/install/ackermann_controller:/opt/ros/humble /usr/bin/cmake --build /home/navcon/ws/mina_ws/build/mina_ugv -- -j8 -l8
[1.907s] DEBUG:colcon.colcon_core.event_handler.log_command:Invoking command in '/home/navcon/ws/mina_ws/build/mini_ugv': CMAKE_PREFIX_PATH=${CMAKE_PREFIX_PATH}:/home/navcon/ws/mina_ws/install/ugv_can:/home/navcon/ws/mina_ws/install/ackermann_odometry:/home/navcon/ws/mina_ws/install/ackermann_controller:/opt/ros/humble /usr/bin/cmake --build /home/navcon/ws/mina_ws/build/mini_ugv -- -j8 -l8
[2.472s] INFO:colcon.colcon_core.task.python.build:Building Python package in '/home/navcon/ws/mina_ws/src/ugv_can'
[2.473s] INFO:colcon.colcon_core.shell:Skip shell extension 'powershell' for command environment: Not usable outside of PowerShell
[2.473s] DEBUG:colcon.colcon_core.shell:Skip shell extension 'dsv' for command environment
[2.498s] DEBUG:colcon.colcon_core.event_handler.log_command:Invoking command in '/home/navcon/ws/mina_ws/build/ugv_design': CMAKE_PREFIX_PATH=${CMAKE_PREFIX_PATH}:/home/navcon/ws/mina_ws/install/ugv_can:/home/navcon/ws/mina_ws/install/ackermann_odometry:/home/navcon/ws/mina_ws/install/ackermann_controller:/opt/ros/humble /usr/bin/cmake --build /home/navcon/ws/mina_ws/build/ugv_design -- -j8 -l8
[2.529s] DEBUG:colcon.colcon_core.event_handler.log_command:Invoking command in '/home/navcon/ws/mina_ws/build/ydlidar_ros2_driver': CMAKE_PREFIX_PATH=${CMAKE_PREFIX_PATH}:/home/navcon/ws/mina_ws/install/ugv_can:/home/navcon/ws/mina_ws/install/ackermann_odometry:/home/navcon/ws/mina_ws/install/ackermann_controller:/opt/ros/humble /usr/bin/cmake --build /home/navcon/ws/mina_ws/build/ydlidar_ros2_driver -- -j8 -l8
[2.534s] DEBUG:colcon.colcon_core.event_handler.log_command:Invoked command in '/home/navcon/ws/mina_ws/build/ackermann_interfaces' returned '0': CMAKE_PREFIX_PATH=${CMAKE_PREFIX_PATH}:/home/navcon/ws/mina_ws/install/ugv_can:/home/navcon/ws/mina_ws/install/ackermann_odometry:/home/navcon/ws/mina_ws/install/ackermann_controller:/opt/ros/humble /usr/bin/cmake --build /home/navcon/ws/mina_ws/build/ackermann_interfaces -- -j8 -l8
[2.544s] DEBUG:colcon.colcon_core.event_handler.log_command:Invoked command in '/home/navcon/ws/mina_ws/build/mini_ugv' returned '0': CMAKE_PREFIX_PATH=${CMAKE_PREFIX_PATH}:/home/navcon/ws/mina_ws/install/ugv_can:/home/navcon/ws/mina_ws/install/ackermann_odometry:/home/navcon/ws/mina_ws/install/ackermann_controller:/opt/ros/humble /usr/bin/cmake --build /home/navcon/ws/mina_ws/build/mini_ugv -- -j8 -l8
[2.588s] DEBUG:colcon.colcon_core.event_handler.log_command:Invoked command in '/home/navcon/ws/mina_ws/build/ugv_design' returned '0': CMAKE_PREFIX_PATH=${CMAKE_PREFIX_PATH}:/home/navcon/ws/mina_ws/install/ugv_can:/home/navcon/ws/mina_ws/install/ackermann_odometry:/home/navcon/ws/mina_ws/install/ackermann_controller:/opt/ros/humble /usr/bin/cmake --build /home/navcon/ws/mina_ws/build/ugv_design -- -j8 -l8
[2.646s] DEBUG:colcon.colcon_core.event_handler.log_command:Invoking command in '/home/navcon/ws/mina_ws/build/mini_ugv': CMAKE_PREFIX_PATH=${CMAKE_PREFIX_PATH}:/home/navcon/ws/mina_ws/install/ugv_can:/home/navcon/ws/mina_ws/install/ackermann_odometry:/home/navcon/ws/mina_ws/install/ackermann_controller:/opt/ros/humble /usr/bin/cmake --install /home/navcon/ws/mina_ws/build/mini_ugv
[2.680s] DEBUG:colcon.colcon_core.event_handler.log_command:Invoking command in '/home/navcon/ws/mina_ws/build/ugv_design': CMAKE_PREFIX_PATH=${CMAKE_PREFIX_PATH}:/home/navcon/ws/mina_ws/install/ugv_can:/home/navcon/ws/mina_ws/install/ackermann_odometry:/home/navcon/ws/mina_ws/install/ackermann_controller:/opt/ros/humble /usr/bin/cmake --install /home/navcon/ws/mina_ws/build/ugv_design
[2.726s] DEBUG:colcon.colcon_core.event_handler.log_command:Invoked command in '/home/navcon/ws/mina_ws/build/mina_ugv' returned '0': CMAKE_PREFIX_PATH=${CMAKE_PREFIX_PATH}:/home/navcon/ws/mina_ws/install/ugv_can:/home/navcon/ws/mina_ws/install/ackermann_odometry:/home/navcon/ws/mina_ws/install/ackermann_controller:/opt/ros/humble /usr/bin/cmake --build /home/navcon/ws/mina_ws/build/mina_ugv -- -j8 -l8
[2.761s] Level 1:colcon.colcon_core.environment:create_environment_scripts_only(mini_ugv)
[2.766s] DEBUG:colcon.colcon_core.event_handler.log_command:Invoked command in '/home/navcon/ws/mina_ws/build/mini_ugv' returned '0': CMAKE_PREFIX_PATH=${CMAKE_PREFIX_PATH}:/home/navcon/ws/mina_ws/install/ugv_can:/home/navcon/ws/mina_ws/install/ackermann_odometry:/home/navcon/ws/mina_ws/install/ackermann_controller:/opt/ros/humble /usr/bin/cmake --install /home/navcon/ws/mina_ws/build/mini_ugv
[2.772s] Level 1:colcon.colcon_core.environment:checking '/home/navcon/ws/mina_ws/install/mini_ugv' for CMake module files
[2.774s] Level 1:colcon.colcon_core.environment:checking '/home/navcon/ws/mina_ws/install/mini_ugv' for CMake config files
[2.775s] Level 1:colcon.colcon_core.shell:create_environment_hook('mini_ugv', 'cmake_prefix_path')
[2.776s] INFO:colcon.colcon_core.shell:Creating environment hook '/home/navcon/ws/mina_ws/install/mini_ugv/share/mini_ugv/hook/cmake_prefix_path.ps1'
[2.777s] INFO:colcon.colcon_core.shell:Creating environment descriptor '/home/navcon/ws/mina_ws/install/mini_ugv/share/mini_ugv/hook/cmake_prefix_path.dsv'
[2.780s] INFO:colcon.colcon_core.shell:Creating environment hook '/home/navcon/ws/mina_ws/install/mini_ugv/share/mini_ugv/hook/cmake_prefix_path.sh'
[2.784s] Level 1:colcon.colcon_core.environment:checking '/home/navcon/ws/mina_ws/install/mini_ugv/bin'
[2.784s] Level 1:colcon.colcon_core.environment:checking '/home/navcon/ws/mina_ws/install/mini_ugv/lib/pkgconfig/mini_ugv.pc'
[2.785s] Level 1:colcon.colcon_core.environment:checking '/home/navcon/ws/mina_ws/install/mini_ugv/lib/python3.8/site-packages'
[2.785s] Level 1:colcon.colcon_core.environment:checking '/home/navcon/ws/mina_ws/install/mini_ugv/bin'
[2.786s] INFO:colcon.colcon_core.shell:Creating package script '/home/navcon/ws/mina_ws/install/mini_ugv/share/mini_ugv/package.ps1'
[2.788s] INFO:colcon.colcon_core.shell:Creating package descriptor '/home/navcon/ws/mina_ws/install/mini_ugv/share/mini_ugv/package.dsv'
[2.789s] INFO:colcon.colcon_core.shell:Creating package script '/home/navcon/ws/mina_ws/install/mini_ugv/share/mini_ugv/package.sh'
[2.792s] INFO:colcon.colcon_core.shell:Creating package script '/home/navcon/ws/mina_ws/install/mini_ugv/share/mini_ugv/package.bash'
[2.794s] INFO:colcon.colcon_core.shell:Creating package script '/home/navcon/ws/mina_ws/install/mini_ugv/share/mini_ugv/package.zsh'
[2.796s] Level 1:colcon.colcon_core.environment:create_file_with_runtime_dependencies(/home/navcon/ws/mina_ws/install/mini_ugv/share/colcon-core/packages/mini_ugv)
[2.822s] DEBUG:colcon.colcon_core.event_handler.log_command:Invoked command in '/home/navcon/ws/mina_ws/build/ydlidar_ros2_driver' returned '0': CMAKE_PREFIX_PATH=${CMAKE_PREFIX_PATH}:/home/navcon/ws/mina_ws/install/ugv_can:/home/navcon/ws/mina_ws/install/ackermann_odometry:/home/navcon/ws/mina_ws/install/ackermann_controller:/opt/ros/humble /usr/bin/cmake --build /home/navcon/ws/mina_ws/build/ydlidar_ros2_driver -- -j8 -l8
[2.833s] DEBUG:colcon.colcon_core.event_handler.log_command:Invoking command in '/home/navcon/ws/mina_ws/build/ackermann_interfaces': CMAKE_PREFIX_PATH=${CMAKE_PREFIX_PATH}:/home/navcon/ws/mina_ws/install/ugv_can:/home/navcon/ws/mina_ws/install/ackermann_odometry:/home/navcon/ws/mina_ws/install/ackermann_controller:/opt/ros/humble /usr/bin/cmake --install /home/navcon/ws/mina_ws/build/ackermann_interfaces
[2.851s] Level 1:colcon.colcon_core.environment:create_environment_scripts_only(ugv_design)
[2.853s] DEBUG:colcon.colcon_core.event_handler.log_command:Invoked command in '/home/navcon/ws/mina_ws/build/ugv_design' returned '0': CMAKE_PREFIX_PATH=${CMAKE_PREFIX_PATH}:/home/navcon/ws/mina_ws/install/ugv_can:/home/navcon/ws/mina_ws/install/ackermann_odometry:/home/navcon/ws/mina_ws/install/ackermann_controller:/opt/ros/humble /usr/bin/cmake --install /home/navcon/ws/mina_ws/build/ugv_design
[2.853s] Level 1:colcon.colcon_core.environment:checking '/home/navcon/ws/mina_ws/install/ugv_design' for CMake module files
[2.855s] Level 1:colcon.colcon_core.environment:checking '/home/navcon/ws/mina_ws/install/ugv_design' for CMake config files
[2.856s] Level 1:colcon.colcon_core.shell:create_environment_hook('ugv_design', 'cmake_prefix_path')
[2.857s] INFO:colcon.colcon_core.shell:Creating environment hook '/home/navcon/ws/mina_ws/install/ugv_design/share/ugv_design/hook/cmake_prefix_path.ps1'
[2.858s] INFO:colcon.colcon_core.shell:Creating environment descriptor '/home/navcon/ws/mina_ws/install/ugv_design/share/ugv_design/hook/cmake_prefix_path.dsv'
[2.865s] INFO:colcon.colcon_core.shell:Creating environment hook '/home/navcon/ws/mina_ws/install/ugv_design/share/ugv_design/hook/cmake_prefix_path.sh'
[2.871s] Level 1:colcon.colcon_core.environment:checking '/home/navcon/ws/mina_ws/install/ugv_design/bin'
[2.871s] Level 1:colcon.colcon_core.environment:checking '/home/navcon/ws/mina_ws/install/ugv_design/lib/pkgconfig/ugv_design.pc'
[2.872s] Level 1:colcon.colcon_core.environment:checking '/home/navcon/ws/mina_ws/install/ugv_design/lib/python3.8/site-packages'
[2.873s] Level 1:colcon.colcon_core.environment:checking '/home/navcon/ws/mina_ws/install/ugv_design/bin'
[2.875s] INFO:colcon.colcon_core.shell:Creating package script '/home/navcon/ws/mina_ws/install/ugv_design/share/ugv_design/package.ps1'
[2.891s] INFO:colcon.colcon_core.shell:Creating package descriptor '/home/navcon/ws/mina_ws/install/ugv_design/share/ugv_design/package.dsv'
[2.898s] INFO:colcon.colcon_core.shell:Creating package script '/home/navcon/ws/mina_ws/install/ugv_design/share/ugv_design/package.sh'
[2.899s] INFO:colcon.colcon_core.shell:Creating package script '/home/navcon/ws/mina_ws/install/ugv_design/share/ugv_design/package.bash'
[2.900s] INFO:colcon.colcon_core.shell:Creating package script '/home/navcon/ws/mina_ws/install/ugv_design/share/ugv_design/package.zsh'
[2.901s] Level 1:colcon.colcon_core.environment:create_file_with_runtime_dependencies(/home/navcon/ws/mina_ws/install/ugv_design/share/colcon-core/packages/ugv_design)
[2.927s] DEBUG:colcon.colcon_core.event_handler.log_command:Invoking command in '/home/navcon/ws/mina_ws/build/mina_ugv': CMAKE_PREFIX_PATH=${CMAKE_PREFIX_PATH}:/home/navcon/ws/mina_ws/install/ugv_can:/home/navcon/ws/mina_ws/install/ackermann_odometry:/home/navcon/ws/mina_ws/install/ackermann_controller:/opt/ros/humble /usr/bin/cmake --install /home/navcon/ws/mina_ws/build/mina_ugv
[2.950s] DEBUG:colcon.colcon_core.event_handler.log_command:Invoking command in '/home/navcon/ws/mina_ws/build/ydlidar_ros2_driver': CMAKE_PREFIX_PATH=${CMAKE_PREFIX_PATH}:/home/navcon/ws/mina_ws/install/ugv_can:/home/navcon/ws/mina_ws/install/ackermann_odometry:/home/navcon/ws/mina_ws/install/ackermann_controller:/opt/ros/humble /usr/bin/cmake --install /home/navcon/ws/mina_ws/build/ydlidar_ros2_driver
[2.970s] Level 1:colcon.colcon_core.environment:create_environment_scripts_only(mini_ugv)
[2.973s] Level 1:colcon.colcon_core.environment:checking '/home/navcon/ws/mina_ws/install/mini_ugv' for CMake module files
[2.977s] Level 1:colcon.colcon_core.environment:checking '/home/navcon/ws/mina_ws/install/mini_ugv' for CMake config files
[2.982s] Level 1:colcon.colcon_core.shell:create_environment_hook('mini_ugv', 'cmake_prefix_path')
[2.983s] INFO:colcon.colcon_core.shell:Creating environment hook '/home/navcon/ws/mina_ws/install/mini_ugv/share/mini_ugv/hook/cmake_prefix_path.ps1'
[2.987s] INFO:colcon.colcon_core.shell:Creating environment descriptor '/home/navcon/ws/mina_ws/install/mini_ugv/share/mini_ugv/hook/cmake_prefix_path.dsv'
[2.995s] INFO:colcon.colcon_core.shell:Creating environment hook '/home/navcon/ws/mina_ws/install/mini_ugv/share/mini_ugv/hook/cmake_prefix_path.sh'
[3.005s] Level 1:colcon.colcon_core.environment:checking '/home/navcon/ws/mina_ws/install/mini_ugv/bin'
[3.006s] Level 1:colcon.colcon_core.environment:checking '/home/navcon/ws/mina_ws/install/mini_ugv/lib/pkgconfig/mini_ugv.pc'
[3.006s] Level 1:colcon.colcon_core.environment:checking '/home/navcon/ws/mina_ws/install/mini_ugv/lib/python3.8/site-packages'
[3.007s] Level 1:colcon.colcon_core.environment:checking '/home/navcon/ws/mina_ws/install/mini_ugv/bin'
[3.007s] INFO:colcon.colcon_core.shell:Creating package script '/home/navcon/ws/mina_ws/install/mini_ugv/share/mini_ugv/package.ps1'
[3.015s] INFO:colcon.colcon_core.shell:Creating package descriptor '/home/navcon/ws/mina_ws/install/mini_ugv/share/mini_ugv/package.dsv'
[3.019s] INFO:colcon.colcon_core.shell:Creating package script '/home/navcon/ws/mina_ws/install/mini_ugv/share/mini_ugv/package.sh'
[3.027s] INFO:colcon.colcon_core.shell:Creating package script '/home/navcon/ws/mina_ws/install/mini_ugv/share/mini_ugv/package.bash'
[3.029s] INFO:colcon.colcon_core.shell:Creating package script '/home/navcon/ws/mina_ws/install/mini_ugv/share/mini_ugv/package.zsh'
[3.034s] Level 1:colcon.colcon_core.environment:create_file_with_runtime_dependencies(/home/navcon/ws/mina_ws/install/mini_ugv/share/colcon-core/packages/mini_ugv)
[3.040s] Level 1:colcon.colcon_core.environment:create_environment_scripts_only(ugv_design)
[3.041s] Level 1:colcon.colcon_core.environment:checking '/home/navcon/ws/mina_ws/install/ugv_design' for CMake module files
[3.048s] Level 1:colcon.colcon_core.environment:checking '/home/navcon/ws/mina_ws/install/ugv_design' for CMake config files
[3.049s] Level 1:colcon.colcon_core.shell:create_environment_hook('ugv_design', 'cmake_prefix_path')
[3.050s] INFO:colcon.colcon_core.shell:Creating environment hook '/home/navcon/ws/mina_ws/install/ugv_design/share/ugv_design/hook/cmake_prefix_path.ps1'
[3.061s] INFO:colcon.colcon_core.shell:Creating environment descriptor '/home/navcon/ws/mina_ws/install/ugv_design/share/ugv_design/hook/cmake_prefix_path.dsv'
[3.065s] INFO:colcon.colcon_core.shell:Creating environment hook '/home/navcon/ws/mina_ws/install/ugv_design/share/ugv_design/hook/cmake_prefix_path.sh'
[3.072s] Level 1:colcon.colcon_core.environment:checking '/home/navcon/ws/mina_ws/install/ugv_design/bin'
[3.072s] Level 1:colcon.colcon_core.environment:checking '/home/navcon/ws/mina_ws/install/ugv_design/lib/pkgconfig/ugv_design.pc'
[3.072s] Level 1:colcon.colcon_core.environment:checking '/home/navcon/ws/mina_ws/install/ugv_design/lib/python3.8/site-packages'
[3.073s] Level 1:colcon.colcon_core.environment:checking '/home/navcon/ws/mina_ws/install/ugv_design/bin'
[3.074s] INFO:colcon.colcon_core.shell:Creating package script '/home/navcon/ws/mina_ws/install/ugv_design/share/ugv_design/package.ps1'
[3.078s] INFO:colcon.colcon_core.shell:Creating package descriptor '/home/navcon/ws/mina_ws/install/ugv_design/share/ugv_design/package.dsv'
[3.080s] INFO:colcon.colcon_core.shell:Creating package script '/home/navcon/ws/mina_ws/install/ugv_design/share/ugv_design/package.sh'
[3.082s] INFO:colcon.colcon_core.shell:Creating package script '/home/navcon/ws/mina_ws/install/ugv_design/share/ugv_design/package.bash'
[3.083s] INFO:colcon.colcon_core.shell:Creating package script '/home/navcon/ws/mina_ws/install/ugv_design/share/ugv_design/package.zsh'
[3.084s] Level 1:colcon.colcon_core.environment:create_file_with_runtime_dependencies(/home/navcon/ws/mina_ws/install/ugv_design/share/colcon-core/packages/ugv_design)
[3.087s] Level 1:colcon.colcon_core.environment:create_environment_scripts_only(ydlidar_ros2_driver)
[3.088s] DEBUG:colcon.colcon_core.event_handler.log_command:Invoked command in '/home/navcon/ws/mina_ws/build/ydlidar_ros2_driver' returned '0': CMAKE_PREFIX_PATH=${CMAKE_PREFIX_PATH}:/home/navcon/ws/mina_ws/install/ugv_can:/home/navcon/ws/mina_ws/install/ackermann_odometry:/home/navcon/ws/mina_ws/install/ackermann_controller:/opt/ros/humble /usr/bin/cmake --install /home/navcon/ws/mina_ws/build/ydlidar_ros2_driver
[3.089s] Level 1:colcon.colcon_core.environment:checking '/home/navcon/ws/mina_ws/install/ydlidar_ros2_driver' for CMake module files
[3.090s] Level 1:colcon.colcon_core.environment:checking '/home/navcon/ws/mina_ws/install/ydlidar_ros2_driver' for CMake config files
[3.090s] Level 1:colcon.colcon_core.shell:create_environment_hook('ydlidar_ros2_driver', 'cmake_prefix_path')
[3.091s] INFO:colcon.colcon_core.shell:Creating environment hook '/home/navcon/ws/mina_ws/install/ydlidar_ros2_driver/share/ydlidar_ros2_driver/hook/cmake_prefix_path.ps1'
[3.093s] INFO:colcon.colcon_core.shell:Creating environment descriptor '/home/navcon/ws/mina_ws/install/ydlidar_ros2_driver/share/ydlidar_ros2_driver/hook/cmake_prefix_path.dsv'
[3.094s] INFO:colcon.colcon_core.shell:Creating environment hook '/home/navcon/ws/mina_ws/install/ydlidar_ros2_driver/share/ydlidar_ros2_driver/hook/cmake_prefix_path.sh'
[3.096s] Level 1:colcon.colcon_core.environment:checking '/home/navcon/ws/mina_ws/install/ydlidar_ros2_driver/lib'
[3.097s] Level 1:colcon.colcon_core.environment:checking '/home/navcon/ws/mina_ws/install/ydlidar_ros2_driver/bin'
[3.097s] Level 1:colcon.colcon_core.environment:checking '/home/navcon/ws/mina_ws/install/ydlidar_ros2_driver/lib/pkgconfig/ydlidar_ros2_driver.pc'
[3.097s] Level 1:colcon.colcon_core.environment:checking '/home/navcon/ws/mina_ws/install/ydlidar_ros2_driver/lib/python3.8/site-packages'
[3.098s] Level 1:colcon.colcon_core.environment:checking '/home/navcon/ws/mina_ws/install/ydlidar_ros2_driver/bin'
[3.098s] INFO:colcon.colcon_core.shell:Creating package script '/home/navcon/ws/mina_ws/install/ydlidar_ros2_driver/share/ydlidar_ros2_driver/package.ps1'
[3.100s] INFO:colcon.colcon_core.shell:Creating package descriptor '/home/navcon/ws/mina_ws/install/ydlidar_ros2_driver/share/ydlidar_ros2_driver/package.dsv'
[3.101s] INFO:colcon.colcon_core.shell:Creating package script '/home/navcon/ws/mina_ws/install/ydlidar_ros2_driver/share/ydlidar_ros2_driver/package.sh'
[3.102s] INFO:colcon.colcon_core.shell:Creating package script '/home/navcon/ws/mina_ws/install/ydlidar_ros2_driver/share/ydlidar_ros2_driver/package.bash'
[3.103s] INFO:colcon.colcon_core.shell:Creating package script '/home/navcon/ws/mina_ws/install/ydlidar_ros2_driver/share/ydlidar_ros2_driver/package.zsh'
[3.104s] Level 1:colcon.colcon_core.environment:create_file_with_runtime_dependencies(/home/navcon/ws/mina_ws/install/ydlidar_ros2_driver/share/colcon-core/packages/ydlidar_ros2_driver)
[3.119s] Level 1:colcon.colcon_core.environment:create_environment_scripts_only(ackermann_interfaces)
[3.120s] DEBUG:colcon.colcon_core.event_handler.log_command:Invoked command in '/home/navcon/ws/mina_ws/build/ackermann_interfaces' returned '0': CMAKE_PREFIX_PATH=${CMAKE_PREFIX_PATH}:/home/navcon/ws/mina_ws/install/ugv_can:/home/navcon/ws/mina_ws/install/ackermann_odometry:/home/navcon/ws/mina_ws/install/ackermann_controller:/opt/ros/humble /usr/bin/cmake --install /home/navcon/ws/mina_ws/build/ackermann_interfaces
[3.122s] Level 1:colcon.colcon_core.environment:checking '/home/navcon/ws/mina_ws/install/ackermann_interfaces' for CMake module files
[3.124s] Level 1:colcon.colcon_core.environment:checking '/home/navcon/ws/mina_ws/install/ackermann_interfaces' for CMake config files
[3.124s] Level 1:colcon.colcon_core.shell:create_environment_hook('ackermann_interfaces', 'cmake_prefix_path')
[3.125s] INFO:colcon.colcon_core.shell:Creating environment hook '/home/navcon/ws/mina_ws/install/ackermann_interfaces/share/ackermann_interfaces/hook/cmake_prefix_path.ps1'
[3.127s] INFO:colcon.colcon_core.shell:Creating environment descriptor '/home/navcon/ws/mina_ws/install/ackermann_interfaces/share/ackermann_interfaces/hook/cmake_prefix_path.dsv'
[3.133s] INFO:colcon.colcon_core.shell:Creating environment hook '/home/navcon/ws/mina_ws/install/ackermann_interfaces/share/ackermann_interfaces/hook/cmake_prefix_path.sh'
[3.134s] Level 1:colcon.colcon_core.environment:checking '/home/navcon/ws/mina_ws/install/ackermann_interfaces/lib'
[3.135s] Level 1:colcon.colcon_core.shell:create_environment_hook('ackermann_interfaces', 'ld_library_path_lib')
[3.135s] INFO:colcon.colcon_core.shell:Creating environment hook '/home/navcon/ws/mina_ws/install/ackermann_interfaces/share/ackermann_interfaces/hook/ld_library_path_lib.ps1'
[3.136s] INFO:colcon.colcon_core.shell:Creating environment descriptor '/home/navcon/ws/mina_ws/install/ackermann_interfaces/share/ackermann_interfaces/hook/ld_library_path_lib.dsv'
[3.137s] INFO:colcon.colcon_core.shell:Creating environment hook '/home/navcon/ws/mina_ws/install/ackermann_interfaces/share/ackermann_interfaces/hook/ld_library_path_lib.sh'
[3.138s] Level 1:colcon.colcon_core.environment:checking '/home/navcon/ws/mina_ws/install/ackermann_interfaces/bin'
[3.138s] Level 1:colcon.colcon_core.environment:checking '/home/navcon/ws/mina_ws/install/ackermann_interfaces/lib/pkgconfig/ackermann_interfaces.pc'
[3.139s] Level 1:colcon.colcon_core.environment:checking '/home/navcon/ws/mina_ws/install/ackermann_interfaces/lib/python3.8/site-packages'
[3.139s] Level 1:colcon.colcon_core.shell:create_environment_hook('ackermann_interfaces', 'pythonpath')
[3.139s] INFO:colcon.colcon_core.shell:Creating environment hook '/home/navcon/ws/mina_ws/install/ackermann_interfaces/share/ackermann_interfaces/hook/pythonpath.ps1'
[3.140s] INFO:colcon.colcon_core.shell:Creating environment descriptor '/home/navcon/ws/mina_ws/install/ackermann_interfaces/share/ackermann_interfaces/hook/pythonpath.dsv'
[3.141s] INFO:colcon.colcon_core.shell:Creating environment hook '/home/navcon/ws/mina_ws/install/ackermann_interfaces/share/ackermann_interfaces/hook/pythonpath.sh'
[3.142s] Level 1:colcon.colcon_core.environment:checking '/home/navcon/ws/mina_ws/install/ackermann_interfaces/bin'
[3.144s] INFO:colcon.colcon_core.shell:Creating package script '/home/navcon/ws/mina_ws/install/ackermann_interfaces/share/ackermann_interfaces/package.ps1'
[3.146s] INFO:colcon.colcon_core.shell:Creating package descriptor '/home/navcon/ws/mina_ws/install/ackermann_interfaces/share/ackermann_interfaces/package.dsv'
[3.147s] INFO:colcon.colcon_core.shell:Creating package script '/home/navcon/ws/mina_ws/install/ackermann_interfaces/share/ackermann_interfaces/package.sh'
[3.148s] INFO:colcon.colcon_core.shell:Creating package script '/home/navcon/ws/mina_ws/install/ackermann_interfaces/share/ackermann_interfaces/package.bash'
[3.149s] INFO:colcon.colcon_core.shell:Creating package script '/home/navcon/ws/mina_ws/install/ackermann_interfaces/share/ackermann_interfaces/package.zsh'
[3.149s] Level 1:colcon.colcon_core.environment:create_file_with_runtime_dependencies(/home/navcon/ws/mina_ws/install/ackermann_interfaces/share/colcon-core/packages/ackermann_interfaces)
[3.166s] Level 1:colcon.colcon_core.environment:create_environment_scripts_only(mina_ugv)
[3.168s] DEBUG:colcon.colcon_core.event_handler.log_command:Invoked command in '/home/navcon/ws/mina_ws/build/mina_ugv' returned '0': CMAKE_PREFIX_PATH=${CMAKE_PREFIX_PATH}:/home/navcon/ws/mina_ws/install/ugv_can:/home/navcon/ws/mina_ws/install/ackermann_odometry:/home/navcon/ws/mina_ws/install/ackermann_controller:/opt/ros/humble /usr/bin/cmake --install /home/navcon/ws/mina_ws/build/mina_ugv
[3.169s] Level 1:colcon.colcon_core.environment:checking '/home/navcon/ws/mina_ws/install/mina_ugv' for CMake module files
[3.175s] Level 1:colcon.colcon_core.environment:checking '/home/navcon/ws/mina_ws/install/mina_ugv' for CMake config files
[3.180s] Level 1:colcon.colcon_core.shell:create_environment_hook('mina_ugv', 'cmake_prefix_path')
[3.181s] INFO:colcon.colcon_core.shell:Creating environment hook '/home/navcon/ws/mina_ws/install/mina_ugv/share/mina_ugv/hook/cmake_prefix_path.ps1'
[3.182s] INFO:colcon.colcon_core.shell:Creating environment descriptor '/home/navcon/ws/mina_ws/install/mina_ugv/share/mina_ugv/hook/cmake_prefix_path.dsv'
[3.188s] INFO:colcon.colcon_core.shell:Creating environment hook '/home/navcon/ws/mina_ws/install/mina_ugv/share/mina_ugv/hook/cmake_prefix_path.sh'
[3.190s] Level 1:colcon.colcon_core.environment:checking '/home/navcon/ws/mina_ws/install/mina_ugv/lib'
[3.190s] Level 1:colcon.colcon_core.environment:checking '/home/navcon/ws/mina_ws/install/mina_ugv/bin'
[3.191s] Level 1:colcon.colcon_core.environment:checking '/home/navcon/ws/mina_ws/install/mina_ugv/lib/pkgconfig/mina_ugv.pc'
[3.191s] Level 1:colcon.colcon_core.environment:checking '/home/navcon/ws/mina_ws/install/mina_ugv/lib/python3.8/site-packages'
[3.191s] Level 1:colcon.colcon_core.shell:create_environment_hook('mina_ugv', 'pythonpath')
[3.192s] INFO:colcon.colcon_core.shell:Creating environment hook '/home/navcon/ws/mina_ws/install/mina_ugv/share/mina_ugv/hook/pythonpath.ps1'
[3.193s] INFO:colcon.colcon_core.shell:Creating environment descriptor '/home/navcon/ws/mina_ws/install/mina_ugv/share/mina_ugv/hook/pythonpath.dsv'
[3.193s] INFO:colcon.colcon_core.shell:Creating environment hook '/home/navcon/ws/mina_ws/install/mina_ugv/share/mina_ugv/hook/pythonpath.sh'
[3.194s] Level 1:colcon.colcon_core.environment:checking '/home/navcon/ws/mina_ws/install/mina_ugv/bin'
[3.195s] INFO:colcon.colcon_core.shell:Creating package script '/home/navcon/ws/mina_ws/install/mina_ugv/share/mina_ugv/package.ps1'
[3.196s] INFO:colcon.colcon_core.shell:Creating package descriptor '/home/navcon/ws/mina_ws/install/mina_ugv/share/mina_ugv/package.dsv'
[3.197s] INFO:colcon.colcon_core.shell:Creating package script '/home/navcon/ws/mina_ws/install/mina_ugv/share/mina_ugv/package.sh'
[3.198s] INFO:colcon.colcon_core.shell:Creating package script '/home/navcon/ws/mina_ws/install/mina_ugv/share/mina_ugv/package.bash'
[3.199s] INFO:colcon.colcon_core.shell:Creating package script '/home/navcon/ws/mina_ws/install/mina_ugv/share/mina_ugv/package.zsh'
[3.199s] Level 1:colcon.colcon_core.environment:create_file_with_runtime_dependencies(/home/navcon/ws/mina_ws/install/mina_ugv/share/colcon-core/packages/mina_ugv)
[3.215s] Level 1:colcon.colcon_core.environment:create_environment_scripts_only(ydlidar_ros2_driver)
[3.216s] Level 1:colcon.colcon_core.environment:checking '/home/navcon/ws/mina_ws/install/ydlidar_ros2_driver' for CMake module files
[3.217s] Level 1:colcon.colcon_core.environment:checking '/home/navcon/ws/mina_ws/install/ydlidar_ros2_driver' for CMake config files
[3.217s] Level 1:colcon.colcon_core.shell:create_environment_hook('ydlidar_ros2_driver', 'cmake_prefix_path')
[3.218s] INFO:colcon.colcon_core.shell:Creating environment hook '/home/navcon/ws/mina_ws/install/ydlidar_ros2_driver/share/ydlidar_ros2_driver/hook/cmake_prefix_path.ps1'
[3.219s] INFO:colcon.colcon_core.shell:Creating environment descriptor '/home/navcon/ws/mina_ws/install/ydlidar_ros2_driver/share/ydlidar_ros2_driver/hook/cmake_prefix_path.dsv'
[3.227s] INFO:colcon.colcon_core.shell:Creating environment hook '/home/navcon/ws/mina_ws/install/ydlidar_ros2_driver/share/ydlidar_ros2_driver/hook/cmake_prefix_path.sh'
[3.229s] Level 1:colcon.colcon_core.environment:checking '/home/navcon/ws/mina_ws/install/ydlidar_ros2_driver/lib'
[3.229s] Level 1:colcon.colcon_core.environment:checking '/home/navcon/ws/mina_ws/install/ydlidar_ros2_driver/bin'
[3.229s] Level 1:colcon.colcon_core.environment:checking '/home/navcon/ws/mina_ws/install/ydlidar_ros2_driver/lib/pkgconfig/ydlidar_ros2_driver.pc'
[3.230s] Level 1:colcon.colcon_core.environment:checking '/home/navcon/ws/mina_ws/install/ydlidar_ros2_driver/lib/python3.8/site-packages'
[3.230s] Level 1:colcon.colcon_core.environment:checking '/home/navcon/ws/mina_ws/install/ydlidar_ros2_driver/bin'
[3.231s] INFO:colcon.colcon_core.shell:Creating package script '/home/navcon/ws/mina_ws/install/ydlidar_ros2_driver/share/ydlidar_ros2_driver/package.ps1'
[3.232s] INFO:colcon.colcon_core.shell:Creating package descriptor '/home/navcon/ws/mina_ws/install/ydlidar_ros2_driver/share/ydlidar_ros2_driver/package.dsv'
[3.233s] INFO:colcon.colcon_core.shell:Creating package script '/home/navcon/ws/mina_ws/install/ydlidar_ros2_driver/share/ydlidar_ros2_driver/package.sh'
[3.234s] INFO:colcon.colcon_core.shell:Creating package script '/home/navcon/ws/mina_ws/install/ydlidar_ros2_driver/share/ydlidar_ros2_driver/package.bash'
[3.235s] INFO:colcon.colcon_core.shell:Creating package script '/home/navcon/ws/mina_ws/install/ydlidar_ros2_driver/share/ydlidar_ros2_driver/package.zsh'
[3.236s] Level 1:colcon.colcon_core.environment:create_file_with_runtime_dependencies(/home/navcon/ws/mina_ws/install/ydlidar_ros2_driver/share/colcon-core/packages/ydlidar_ros2_driver)
[3.269s] Level 1:colcon.colcon_core.environment:create_environment_scripts_only(mina_ugv)
[3.269s] Level 1:colcon.colcon_core.environment:checking '/home/navcon/ws/mina_ws/install/mina_ugv' for CMake module files
[3.271s] Level 1:colcon.colcon_core.environment:checking '/home/navcon/ws/mina_ws/install/mina_ugv' for CMake config files
[3.272s] Level 1:colcon.colcon_core.shell:create_environment_hook('mina_ugv', 'cmake_prefix_path')
[3.273s] INFO:colcon.colcon_core.shell:Creating environment hook '/home/navcon/ws/mina_ws/install/mina_ugv/share/mina_ugv/hook/cmake_prefix_path.ps1'
[3.274s] INFO:colcon.colcon_core.shell:Creating environment descriptor '/home/navcon/ws/mina_ws/install/mina_ugv/share/mina_ugv/hook/cmake_prefix_path.dsv'
[3.280s] INFO:colcon.colcon_core.shell:Creating environment hook '/home/navcon/ws/mina_ws/install/mina_ugv/share/mina_ugv/hook/cmake_prefix_path.sh'
[3.283s] Level 1:colcon.colcon_core.environment:checking '/home/navcon/ws/mina_ws/install/mina_ugv/lib'
[3.283s] Level 1:colcon.colcon_core.environment:checking '/home/navcon/ws/mina_ws/install/mina_ugv/bin'
[3.283s] Level 1:colcon.colcon_core.environment:checking '/home/navcon/ws/mina_ws/install/mina_ugv/lib/pkgconfig/mina_ugv.pc'
[3.284s] Level 1:colcon.colcon_core.environment:checking '/home/navcon/ws/mina_ws/install/mina_ugv/lib/python3.8/site-packages'
[3.284s] Level 1:colcon.colcon_core.shell:create_environment_hook('mina_ugv', 'pythonpath')
[3.285s] INFO:colcon.colcon_core.shell:Creating environment hook '/home/navcon/ws/mina_ws/install/mina_ugv/share/mina_ugv/hook/pythonpath.ps1'
[3.286s] INFO:colcon.colcon_core.shell:Creating environment descriptor '/home/navcon/ws/mina_ws/install/mina_ugv/share/mina_ugv/hook/pythonpath.dsv'
[3.287s] INFO:colcon.colcon_core.shell:Creating environment hook '/home/navcon/ws/mina_ws/install/mina_ugv/share/mina_ugv/hook/pythonpath.sh'
[3.288s] Level 1:colcon.colcon_core.environment:checking '/home/navcon/ws/mina_ws/install/mina_ugv/bin'
[3.289s] INFO:colcon.colcon_core.shell:Creating package script '/home/navcon/ws/mina_ws/install/mina_ugv/share/mina_ugv/package.ps1'
[3.290s] INFO:colcon.colcon_core.shell:Creating package descriptor '/home/navcon/ws/mina_ws/install/mina_ugv/share/mina_ugv/package.dsv'
[3.290s] INFO:colcon.colcon_core.shell:Creating package script '/home/navcon/ws/mina_ws/install/mina_ugv/share/mina_ugv/package.sh'
[3.293s] INFO:colcon.colcon_core.shell:Creating package script '/home/navcon/ws/mina_ws/install/mina_ugv/share/mina_ugv/package.bash'
[3.295s] INFO:colcon.colcon_core.shell:Creating package script '/home/navcon/ws/mina_ws/install/mina_ugv/share/mina_ugv/package.zsh'
[3.296s] Level 1:colcon.colcon_core.environment:create_file_with_runtime_dependencies(/home/navcon/ws/mina_ws/install/mina_ugv/share/colcon-core/packages/mina_ugv)
[3.338s] Level 1:colcon.colcon_core.environment:create_environment_scripts_only(ackermann_interfaces)
[3.338s] Level 1:colcon.colcon_core.environment:checking '/home/navcon/ws/mina_ws/install/ackermann_interfaces' for CMake module files
[3.340s] Level 1:colcon.colcon_core.environment:checking '/home/navcon/ws/mina_ws/install/ackermann_interfaces' for CMake config files
[3.341s] Level 1:colcon.colcon_core.shell:create_environment_hook('ackermann_interfaces', 'cmake_prefix_path')
[3.341s] INFO:colcon.colcon_core.shell:Creating environment hook '/home/navcon/ws/mina_ws/install/ackermann_interfaces/share/ackermann_interfaces/hook/cmake_prefix_path.ps1'
[3.343s] INFO:colcon.colcon_core.shell:Creating environment descriptor '/home/navcon/ws/mina_ws/install/ackermann_interfaces/share/ackermann_interfaces/hook/cmake_prefix_path.dsv'
[3.349s] INFO:colcon.colcon_core.shell:Creating environment hook '/home/navcon/ws/mina_ws/install/ackermann_interfaces/share/ackermann_interfaces/hook/cmake_prefix_path.sh'
[3.351s] Level 1:colcon.colcon_core.environment:checking '/home/navcon/ws/mina_ws/install/ackermann_interfaces/lib'
[3.351s] Level 1:colcon.colcon_core.shell:create_environment_hook('ackermann_interfaces', 'ld_library_path_lib')
[3.352s] INFO:colcon.colcon_core.shell:Creating environment hook '/home/navcon/ws/mina_ws/install/ackermann_interfaces/share/ackermann_interfaces/hook/ld_library_path_lib.ps1'
[3.354s] INFO:colcon.colcon_core.shell:Creating environment descriptor '/home/navcon/ws/mina_ws/install/ackermann_interfaces/share/ackermann_interfaces/hook/ld_library_path_lib.dsv'
[3.355s] INFO:colcon.colcon_core.shell:Creating environment hook '/home/navcon/ws/mina_ws/install/ackermann_interfaces/share/ackermann_interfaces/hook/ld_library_path_lib.sh'
[3.356s] Level 1:colcon.colcon_core.environment:checking '/home/navcon/ws/mina_ws/install/ackermann_interfaces/bin'
[3.356s] Level 1:colcon.colcon_core.environment:checking '/home/navcon/ws/mina_ws/install/ackermann_interfaces/lib/pkgconfig/ackermann_interfaces.pc'
[3.356s] Level 1:colcon.colcon_core.environment:checking '/home/navcon/ws/mina_ws/install/ackermann_interfaces/lib/python3.8/site-packages'
[3.356s] Level 1:colcon.colcon_core.shell:create_environment_hook('ackermann_interfaces', 'pythonpath')
[3.357s] INFO:colcon.colcon_core.shell:Creating environment hook '/home/navcon/ws/mina_ws/install/ackermann_interfaces/share/ackermann_interfaces/hook/pythonpath.ps1'
[3.358s] INFO:colcon.colcon_core.shell:Creating environment descriptor '/home/navcon/ws/mina_ws/install/ackermann_interfaces/share/ackermann_interfaces/hook/pythonpath.dsv'
[3.359s] INFO:colcon.colcon_core.shell:Creating environment hook '/home/navcon/ws/mina_ws/install/ackermann_interfaces/share/ackermann_interfaces/hook/pythonpath.sh'
[3.363s] Level 1:colcon.colcon_core.environment:checking '/home/navcon/ws/mina_ws/install/ackermann_interfaces/bin'
[3.365s] INFO:colcon.colcon_core.shell:Creating package script '/home/navcon/ws/mina_ws/install/ackermann_interfaces/share/ackermann_interfaces/package.ps1'
[3.370s] INFO:colcon.colcon_core.shell:Creating package descriptor '/home/navcon/ws/mina_ws/install/ackermann_interfaces/share/ackermann_interfaces/package.dsv'
[3.372s] INFO:colcon.colcon_core.shell:Creating package script '/home/navcon/ws/mina_ws/install/ackermann_interfaces/share/ackermann_interfaces/package.sh'
[3.373s] INFO:colcon.colcon_core.shell:Creating package script '/home/navcon/ws/mina_ws/install/ackermann_interfaces/share/ackermann_interfaces/package.bash'
[3.374s] INFO:colcon.colcon_core.shell:Creating package script '/home/navcon/ws/mina_ws/install/ackermann_interfaces/share/ackermann_interfaces/package.zsh'
[3.375s] Level 1:colcon.colcon_core.environment:create_file_with_runtime_dependencies(/home/navcon/ws/mina_ws/install/ackermann_interfaces/share/colcon-core/packages/ackermann_interfaces)
[3.376s] INFO:colcon.colcon_ros.task.ament_python.build:Building ROS package in '/home/navcon/ws/mina_ws/src/ackermann-odometry/src/ackermann_odometry' with build type 'ament_python'
[3.378s] Level 1:colcon.colcon_core.shell:create_environment_hook('ackermann_odometry', 'ament_prefix_path')
[3.379s] INFO:colcon.colcon_core.shell:Creating environment hook '/home/navcon/ws/mina_ws/install/ackermann_odometry/share/ackermann_odometry/hook/ament_prefix_path.ps1'
[3.380s] INFO:colcon.colcon_core.shell:Creating environment descriptor '/home/navcon/ws/mina_ws/install/ackermann_odometry/share/ackermann_odometry/hook/ament_prefix_path.dsv'
[3.381s] INFO:colcon.colcon_core.shell:Creating environment hook '/home/navcon/ws/mina_ws/install/ackermann_odometry/share/ackermann_odometry/hook/ament_prefix_path.sh'
[3.382s] INFO:colcon.colcon_core.shell:Skip shell extension 'powershell' for command environment: Not usable outside of PowerShell
[3.383s] DEBUG:colcon.colcon_core.shell:Skip shell extension 'dsv' for command environment
[4.050s] INFO:colcon.colcon_core.task.python.build:Building Python package in '/home/navcon/ws/mina_ws/src/ackermann-odometry/src/ackermann_odometry'
[4.051s] INFO:colcon.colcon_core.shell:Skip shell extension 'powershell' for command environment: Not usable outside of PowerShell
[4.051s] DEBUG:colcon.colcon_core.shell:Skip shell extension 'dsv' for command environment
[4.086s] DEBUG:colcon.colcon_core.event_handler.log_command:Invoking command in '/home/navcon/ws/mina_ws/src/ackermann-odometry/src/ackermann_controller': PYTHONPATH=/home/navcon/ws/mina_ws/build/ackermann_controller/prefix_override:/home/navcon/ws/mina_ws/install/ackermann_controller/lib/python3.8/site-packages:${PYTHONPATH} /usr/bin/python3 -W ignore:setup.py install is deprecated setup.py egg_info --egg-base ../../../../build/ackermann_controller build --build-base /home/navcon/ws/mina_ws/build/ackermann_controller/build install --record /home/navcon/ws/mina_ws/build/ackermann_controller/install.log --install-scripts $base/lib/ackermann_controller --single-version-externally-managed install_data
[4.094s] DEBUG:colcon.colcon_core.event_handler.log_command:Invoking command in '/home/navcon/ws/mina_ws/src/ugv_can': PYTHONPATH=/home/navcon/ws/mina_ws/build/ugv_can/prefix_override:/home/navcon/ws/mina_ws/install/ugv_can/lib/python3.8/site-packages:${PYTHONPATH} /usr/bin/python3 -W ignore:setup.py install is deprecated setup.py egg_info --egg-base ../../build/ugv_can build --build-base /home/navcon/ws/mina_ws/build/ugv_can/build install --record /home/navcon/ws/mina_ws/build/ugv_can/install.log --single-version-externally-managed install_data
[4.802s] Level 1:colcon.colcon_core.environment:checking '/home/navcon/ws/mina_ws/install/ugv_can' for CMake module files
[4.804s] DEBUG:colcon.colcon_core.event_handler.log_command:Invoked command in '/home/navcon/ws/mina_ws/src/ugv_can' returned '0': PYTHONPATH=/home/navcon/ws/mina_ws/build/ugv_can/prefix_override:/home/navcon/ws/mina_ws/install/ugv_can/lib/python3.8/site-packages:${PYTHONPATH} /usr/bin/python3 -W ignore:setup.py install is deprecated setup.py egg_info --egg-base ../../build/ugv_can build --build-base /home/navcon/ws/mina_ws/build/ugv_can/build install --record /home/navcon/ws/mina_ws/build/ugv_can/install.log --single-version-externally-managed install_data
[4.804s] Level 1:colcon.colcon_core.environment:checking '/home/navcon/ws/mina_ws/install/ugv_can' for CMake config files
[4.806s] Level 1:colcon.colcon_core.environment:checking '/home/navcon/ws/mina_ws/install/ugv_can/lib'
[4.806s] Level 1:colcon.colcon_core.environment:checking '/home/navcon/ws/mina_ws/install/ugv_can/bin'
[4.806s] Level 1:colcon.colcon_core.environment:checking '/home/navcon/ws/mina_ws/install/ugv_can/lib/pkgconfig/ugv_can.pc'
[4.806s] Level 1:colcon.colcon_core.environment:checking '/home/navcon/ws/mina_ws/install/ugv_can/lib/python3.8/site-packages'
[4.807s] Level 1:colcon.colcon_core.shell:create_environment_hook('ugv_can', 'pythonpath')
[4.807s] INFO:colcon.colcon_core.shell:Creating environment hook '/home/navcon/ws/mina_ws/install/ugv_can/share/ugv_can/hook/pythonpath.ps1'
[4.808s] INFO:colcon.colcon_core.shell:Creating environment descriptor '/home/navcon/ws/mina_ws/install/ugv_can/share/ugv_can/hook/pythonpath.dsv'
[4.810s] INFO:colcon.colcon_core.shell:Creating environment hook '/home/navcon/ws/mina_ws/install/ugv_can/share/ugv_can/hook/pythonpath.sh'
[4.811s] Level 1:colcon.colcon_core.environment:checking '/home/navcon/ws/mina_ws/install/ugv_can/bin'
[4.812s] Level 1:colcon.colcon_core.environment:create_environment_scripts_only(ugv_can)
[4.812s] INFO:colcon.colcon_core.shell:Creating package script '/home/navcon/ws/mina_ws/install/ugv_can/share/ugv_can/package.ps1'
[4.813s] INFO:colcon.colcon_core.shell:Creating package descriptor '/home/navcon/ws/mina_ws/install/ugv_can/share/ugv_can/package.dsv'
[4.814s] INFO:colcon.colcon_core.shell:Creating package script '/home/navcon/ws/mina_ws/install/ugv_can/share/ugv_can/package.sh'
[4.815s] INFO:colcon.colcon_core.shell:Creating package script '/home/navcon/ws/mina_ws/install/ugv_can/share/ugv_can/package.bash'
[4.816s] INFO:colcon.colcon_core.shell:Creating package script '/home/navcon/ws/mina_ws/install/ugv_can/share/ugv_can/package.zsh'
[4.816s] Level 1:colcon.colcon_core.environment:create_file_with_runtime_dependencies(/home/navcon/ws/mina_ws/install/ugv_can/share/colcon-core/packages/ugv_can)
[4.849s] Level 1:colcon.colcon_core.environment:checking '/home/navcon/ws/mina_ws/install/ackermann_controller' for CMake module files
[4.851s] DEBUG:colcon.colcon_core.event_handler.log_command:Invoked command in '/home/navcon/ws/mina_ws/src/ackermann-odometry/src/ackermann_controller' returned '0': PYTHONPATH=/home/navcon/ws/mina_ws/build/ackermann_controller/prefix_override:/home/navcon/ws/mina_ws/install/ackermann_controller/lib/python3.8/site-packages:${PYTHONPATH} /usr/bin/python3 -W ignore:setup.py install is deprecated setup.py egg_info --egg-base ../../../../build/ackermann_controller build --build-base /home/navcon/ws/mina_ws/build/ackermann_controller/build install --record /home/navcon/ws/mina_ws/build/ackermann_controller/install.log --install-scripts $base/lib/ackermann_controller --single-version-externally-managed install_data
[4.852s] Level 1:colcon.colcon_core.environment:checking '/home/navcon/ws/mina_ws/install/ackermann_controller' for CMake config files
[4.853s] Level 1:colcon.colcon_core.environment:checking '/home/navcon/ws/mina_ws/install/ackermann_controller/lib'
[4.854s] Level 1:colcon.colcon_core.environment:checking '/home/navcon/ws/mina_ws/install/ackermann_controller/bin'
[4.854s] Level 1:colcon.colcon_core.environment:checking '/home/navcon/ws/mina_ws/install/ackermann_controller/lib/pkgconfig/ackermann_controller.pc'
[4.854s] Level 1:colcon.colcon_core.environment:checking '/home/navcon/ws/mina_ws/install/ackermann_controller/lib/python3.8/site-packages'
[4.854s] Level 1:colcon.colcon_core.shell:create_environment_hook('ackermann_controller', 'pythonpath')
[4.855s] INFO:colcon.colcon_core.shell:Creating environment hook '/home/navcon/ws/mina_ws/install/ackermann_controller/share/ackermann_controller/hook/pythonpath.ps1'
[4.856s] INFO:colcon.colcon_core.shell:Creating environment descriptor '/home/navcon/ws/mina_ws/install/ackermann_controller/share/ackermann_controller/hook/pythonpath.dsv'
[4.857s] INFO:colcon.colcon_core.shell:Creating environment hook '/home/navcon/ws/mina_ws/install/ackermann_controller/share/ackermann_controller/hook/pythonpath.sh'
[4.858s] Level 1:colcon.colcon_core.environment:checking '/home/navcon/ws/mina_ws/install/ackermann_controller/bin'
[4.858s] Level 1:colcon.colcon_core.environment:create_environment_scripts_only(ackermann_controller)
[4.859s] INFO:colcon.colcon_core.shell:Creating package script '/home/navcon/ws/mina_ws/install/ackermann_controller/share/ackermann_controller/package.ps1'
[4.860s] INFO:colcon.colcon_core.shell:Creating package descriptor '/home/navcon/ws/mina_ws/install/ackermann_controller/share/ackermann_controller/package.dsv'
[4.861s] INFO:colcon.colcon_core.shell:Creating package script '/home/navcon/ws/mina_ws/install/ackermann_controller/share/ackermann_controller/package.sh'
[4.862s] INFO:colcon.colcon_core.shell:Creating package script '/home/navcon/ws/mina_ws/install/ackermann_controller/share/ackermann_controller/package.bash'
[4.862s] INFO:colcon.colcon_core.shell:Creating package script '/home/navcon/ws/mina_ws/install/ackermann_controller/share/ackermann_controller/package.zsh'
[4.863s] Level 1:colcon.colcon_core.environment:create_file_with_runtime_dependencies(/home/navcon/ws/mina_ws/install/ackermann_controller/share/colcon-core/packages/ackermann_controller)
[5.047s] DEBUG:colcon.colcon_core.event_handler.log_command:Invoking command in '/home/navcon/ws/mina_ws/src/ackermann-odometry/src/ackermann_odometry': CMAKE_PREFIX_PATH=/home/navcon/ws/mina_ws/install/ackermann_interfaces:/home/navcon/ws/mina_ws/install/ydlidar_ros2_driver:/home/navcon/ws/mina_ws/install/ugv_design:/home/navcon/ws/mina_ws/install/mini_ugv:/home/navcon/ws/mina_ws/install/mina_ugv PYTHONPATH=/home/navcon/ws/mina_ws/build/ackermann_odometry/prefix_override:/home/navcon/ws/mina_ws/install/ackermann_odometry/lib/python3.8/site-packages:/home/navcon/ws/mina_ws/install/ackermann_interfaces/lib/python3.8/site-packages:/home/navcon/ws/mina_ws/install/ugv_can/lib/python3.8/site-packages:/home/navcon/ws/mina_ws/install/mina_ugv/lib/python3.8/site-packages:/home/navcon/ws/mina_ws/install/ackermann_odometry/lib/python3.8/site-packages:/home/navcon/ws/mina_ws/install/ackermann_controller/lib/python3.8/site-packages:/opt/ros/humble/lib/python3.8/site-packages /usr/bin/python3 -W ignore:setup.py install is deprecated setup.py egg_info --egg-base ../../../../build/ackermann_odometry build --build-base /home/navcon/ws/mina_ws/build/ackermann_odometry/build install --record /home/navcon/ws/mina_ws/build/ackermann_odometry/install.log --install-scripts $base/lib/ackermann_odometry --single-version-externally-managed install_data
[5.941s] Level 1:colcon.colcon_core.environment:checking '/home/navcon/ws/mina_ws/install/ackermann_odometry' for CMake module files
[5.943s] DEBUG:colcon.colcon_core.event_handler.log_command:Invoked command in '/home/navcon/ws/mina_ws/src/ackermann-odometry/src/ackermann_odometry' returned '0': CMAKE_PREFIX_PATH=/home/navcon/ws/mina_ws/install/ackermann_interfaces:/home/navcon/ws/mina_ws/install/ydlidar_ros2_driver:/home/navcon/ws/mina_ws/install/ugv_design:/home/navcon/ws/mina_ws/install/mini_ugv:/home/navcon/ws/mina_ws/install/mina_ugv PYTHONPATH=/home/navcon/ws/mina_ws/build/ackermann_odometry/prefix_override:/home/navcon/ws/mina_ws/install/ackermann_odometry/lib/python3.8/site-packages:/home/navcon/ws/mina_ws/install/ackermann_interfaces/lib/python3.8/site-packages:/home/navcon/ws/mina_ws/install/ugv_can/lib/python3.8/site-packages:/home/navcon/ws/mina_ws/install/mina_ugv/lib/python3.8/site-packages:/home/navcon/ws/mina_ws/install/ackermann_odometry/lib/python3.8/site-packages:/home/navcon/ws/mina_ws/install/ackermann_controller/lib/python3.8/site-packages:/opt/ros/humble/lib/python3.8/site-packages /usr/bin/python3 -W ignore:setup.py install is deprecated setup.py egg_info --egg-base ../../../../build/ackermann_odometry build --build-base /home/navcon/ws/mina_ws/build/ackermann_odometry/build install --record /home/navcon/ws/mina_ws/build/ackermann_odometry/install.log --install-scripts $base/lib/ackermann_odometry --single-version-externally-managed install_data
[5.944s] Level 1:colcon.colcon_core.environment:checking '/home/navcon/ws/mina_ws/install/ackermann_odometry' for CMake config files
[5.947s] Level 1:colcon.colcon_core.environment:checking '/home/navcon/ws/mina_ws/install/ackermann_odometry/lib'
[5.947s] Level 1:colcon.colcon_core.environment:checking '/home/navcon/ws/mina_ws/install/ackermann_odometry/bin'
[5.948s] Level 1:colcon.colcon_core.environment:checking '/home/navcon/ws/mina_ws/install/ackermann_odometry/lib/pkgconfig/ackermann_odometry.pc'
[5.948s] Level 1:colcon.colcon_core.environment:checking '/home/navcon/ws/mina_ws/install/ackermann_odometry/lib/python3.8/site-packages'
[5.949s] Level 1:colcon.colcon_core.shell:create_environment_hook('ackermann_odometry', 'pythonpath')
[5.950s] INFO:colcon.colcon_core.shell:Creating environment hook '/home/navcon/ws/mina_ws/install/ackermann_odometry/share/ackermann_odometry/hook/pythonpath.ps1'
[5.952s] INFO:colcon.colcon_core.shell:Creating environment descriptor '/home/navcon/ws/mina_ws/install/ackermann_odometry/share/ackermann_odometry/hook/pythonpath.dsv'
[5.955s] INFO:colcon.colcon_core.shell:Creating environment hook '/home/navcon/ws/mina_ws/install/ackermann_odometry/share/ackermann_odometry/hook/pythonpath.sh'
[5.957s] Level 1:colcon.colcon_core.environment:checking '/home/navcon/ws/mina_ws/install/ackermann_odometry/bin'
[5.958s] Level 1:colcon.colcon_core.environment:create_environment_scripts_only(ackermann_odometry)
[5.958s] INFO:colcon.colcon_core.shell:Creating package script '/home/navcon/ws/mina_ws/install/ackermann_odometry/share/ackermann_odometry/package.ps1'
[5.960s] INFO:colcon.colcon_core.shell:Creating package descriptor '/home/navcon/ws/mina_ws/install/ackermann_odometry/share/ackermann_odometry/package.dsv'
[5.961s] INFO:colcon.colcon_core.shell:Creating package script '/home/navcon/ws/mina_ws/install/ackermann_odometry/share/ackermann_odometry/package.sh'
[5.962s] INFO:colcon.colcon_core.shell:Creating package script '/home/navcon/ws/mina_ws/install/ackermann_odometry/share/ackermann_odometry/package.bash'
[5.962s] INFO:colcon.colcon_core.shell:Creating package script '/home/navcon/ws/mina_ws/install/ackermann_odometry/share/ackermann_odometry/package.zsh'
[5.963s] Level 1:colcon.colcon_core.environment:create_file_with_runtime_dependencies(/home/navcon/ws/mina_ws/install/ackermann_odometry/share/colcon-core/packages/ackermann_odometry)
[5.964s] DEBUG:colcon.colcon_parallel_executor.executor.parallel:closing loop
[5.965s] DEBUG:colcon.colcon_parallel_executor.executor.parallel:loop closed
[5.965s] DEBUG:colcon.colcon_parallel_executor.executor.parallel:run_until_complete finished with '0'
[5.965s] DEBUG:colcon.colcon_core.event_reactor:joining thread
[5.980s] INFO:colcon.colcon_core.plugin_system:Skipping extension 'colcon_notification.desktop_notification.terminal_notifier': Not used on non-Darwin systems
[5.980s] INFO:colcon.colcon_core.plugin_system:Skipping extension 'colcon_notification.desktop_notification.win32': Not used on non-Windows systems
[5.981s] INFO:colcon.colcon_notification.desktop_notification:Sending desktop notification using 'notify2'
[6.019s] DEBUG:colcon.colcon_core.event_reactor:joined thread
[6.020s] INFO:colcon.colcon_core.shell:Creating prefix script '/home/navcon/ws/mina_ws/install/local_setup.ps1'
[6.023s] INFO:colcon.colcon_core.shell:Creating prefix util module '/home/navcon/ws/mina_ws/install/_local_setup_util_ps1.py'
[6.027s] INFO:colcon.colcon_core.shell:Creating prefix chain script '/home/navcon/ws/mina_ws/install/setup.ps1'
[6.030s] INFO:colcon.colcon_core.shell:Creating prefix script '/home/navcon/ws/mina_ws/install/local_setup.sh'
[6.031s] INFO:colcon.colcon_core.shell:Creating prefix util module '/home/navcon/ws/mina_ws/install/_local_setup_util_sh.py'
[6.032s] INFO:colcon.colcon_core.shell:Creating prefix chain script '/home/navcon/ws/mina_ws/install/setup.sh'
[6.035s] INFO:colcon.colcon_core.shell:Creating prefix script '/home/navcon/ws/mina_ws/install/local_setup.bash'
[6.036s] INFO:colcon.colcon_core.shell:Creating prefix chain script '/home/navcon/ws/mina_ws/install/setup.bash'
[6.038s] INFO:colcon.colcon_core.shell:Creating prefix script '/home/navcon/ws/mina_ws/install/local_setup.zsh'
[6.039s] INFO:colcon.colcon_core.shell:Creating prefix chain script '/home/navcon/ws/mina_ws/install/setup.zsh'
