[0.812s] Invoking command in '/home/navcon/ws/mina_ws/build/mini_ugv': CMAKE_PREFIX_PATH=${CMAKE_PREFIX_PATH}:/home/navcon/ws/mina_ws/install/ugv_can:/home/navcon/ws/mina_ws/install/ackermann_odometry:/home/navcon/ws/mina_ws/install/ackermann_controller:/opt/ros/humble /usr/bin/cmake /home/navcon/ws/mina_ws/src/mini_ugv -DAMENT_CMAKE_SYMLINK_INSTALL=1 -DCMAKE_INSTALL_PREFIX=/home/navcon/ws/mina_ws/install/mini_ugv
[1.726s] -- The C compiler identification is GNU 9.4.0
[1.726s] -- The CXX compiler identification is GNU 9.4.0
[1.727s] -- Check for working C compiler: /usr/bin/cc
[1.727s] -- Check for working C compiler: /usr/bin/cc -- works
[1.727s] -- Detecting C compiler ABI info
[1.857s] -- Detecting C compiler ABI info - done
[1.893s] -- Detecting C compile features
[1.893s] -- Detecting C compile features - done
[1.908s] -- Check for working CXX compiler: /usr/bin/c++
[2.268s] -- Check for working CXX compiler: /usr/bin/c++ -- works
[2.272s] -- Detecting CXX compiler ABI info
[2.686s] -- Detecting CXX compiler ABI info - done
[2.734s] -- Detecting CXX compile features
[2.737s] -- Detecting CXX compile features - done
[2.755s] -- Found ament_cmake: 1.3.6 (/opt/ros/humble/share/ament_cmake/cmake)
[3.440s] -- Found Python3: /usr/bin/python3.8 (found version "3.8.10") found components: Interpreter 
[3.617s] -- Override CMake install command with custom implementation using symlinks instead of copying resources
[4.032s] -- Configuring done
[4.062s] -- Generating done
[4.073s] -- Build files have been written to: /home/navcon/ws/mina_ws/build/mini_ugv
[4.118s] Invoked command in '/home/navcon/ws/mina_ws/build/mini_ugv' returned '0': CMAKE_PREFIX_PATH=${CMAKE_PREFIX_PATH}:/home/navcon/ws/mina_ws/install/ugv_can:/home/navcon/ws/mina_ws/install/ackermann_odometry:/home/navcon/ws/mina_ws/install/ackermann_controller:/opt/ros/humble /usr/bin/cmake /home/navcon/ws/mina_ws/src/mini_ugv -DAMENT_CMAKE_SYMLINK_INSTALL=1 -DCMAKE_INSTALL_PREFIX=/home/navcon/ws/mina_ws/install/mini_ugv
[4.120s] Invoking command in '/home/navcon/ws/mina_ws/build/mini_ugv': CMAKE_PREFIX_PATH=${CMAKE_PREFIX_PATH}:/home/navcon/ws/mina_ws/install/ugv_can:/home/navcon/ws/mina_ws/install/ackermann_odometry:/home/navcon/ws/mina_ws/install/ackermann_controller:/opt/ros/humble /usr/bin/cmake --build /home/navcon/ws/mina_ws/build/mini_ugv -- -j8 -l8
[4.652s] Invoked command in '/home/navcon/ws/mina_ws/build/mini_ugv' returned '0': CMAKE_PREFIX_PATH=${CMAKE_PREFIX_PATH}:/home/navcon/ws/mina_ws/install/ugv_can:/home/navcon/ws/mina_ws/install/ackermann_odometry:/home/navcon/ws/mina_ws/install/ackermann_controller:/opt/ros/humble /usr/bin/cmake --build /home/navcon/ws/mina_ws/build/mini_ugv -- -j8 -l8
[5.030s] Invoking command in '/home/navcon/ws/mina_ws/build/mini_ugv': CMAKE_PREFIX_PATH=${CMAKE_PREFIX_PATH}:/home/navcon/ws/mina_ws/install/ugv_can:/home/navcon/ws/mina_ws/install/ackermann_odometry:/home/navcon/ws/mina_ws/install/ackermann_controller:/opt/ros/humble /usr/bin/cmake --install /home/navcon/ws/mina_ws/build/mini_ugv
[5.066s] -- Install configuration: ""
[5.067s] -- Execute custom install script
[5.073s] -- Symlinking: /home/navcon/ws/mina_ws/install/mini_ugv/share/mini_ugv/launch/auto.launch.py
[5.107s] -- Symlinking: /home/navcon/ws/mina_ws/install/mini_ugv/share/mini_ugv/launch/bringup.launch.py
[5.152s] -- Symlinking: /home/navcon/ws/mina_ws/install/mini_ugv/share/mini_ugv/launch/display.launch.py
[5.182s] -- Symlinking: /home/navcon/ws/mina_ws/install/mini_ugv/share/mini_ugv/launch/ekf.launch.py
[5.223s] -- Symlinking: /home/navcon/ws/mina_ws/install/mini_ugv/share/mini_ugv/launch/imu_filter.launch.py
[5.248s] -- Symlinking: /home/navcon/ws/mina_ws/install/mini_ugv/share/mini_ugv/launch/joystick.launch.py
[5.272s] -- Symlinking: /home/navcon/ws/mina_ws/install/mini_ugv/share/mini_ugv/launch/mini.ugv.launch.py
[5.312s] -- Symlinking: /home/navcon/ws/mina_ws/install/mini_ugv/share/mini_ugv/launch/navigation.launch.py
[5.343s] -- Symlinking: /home/navcon/ws/mina_ws/install/mini_ugv/share/mini_ugv/launch/navigation/display.navigation.launch.py
[5.378s] -- Symlinking: /home/navcon/ws/mina_ws/install/mini_ugv/share/mini_ugv/launch/navigation/gazebo.launch.py
[5.403s] -- Symlinking: /home/navcon/ws/mina_ws/install/mini_ugv/share/mini_ugv/launch/navigation/mapping.launch.py
[5.420s] -- Symlinking: /home/navcon/ws/mina_ws/install/mini_ugv/share/mini_ugv/launch/navigation/navigation2.launch.py
[5.443s] -- Symlinking: /home/navcon/ws/mina_ws/install/mini_ugv/share/mini_ugv/launch/navigation/robot_state_publisher.launch.py
[5.489s] -- Symlinking: /home/navcon/ws/mina_ws/install/mini_ugv/share/mini_ugv/launch/navigation/spawn_turtlebot3.launch.py
[5.509s] -- Symlinking: /home/navcon/ws/mina_ws/install/mini_ugv/share/mini_ugv/launch/og_display,launch.py
[5.538s] -- Symlinking: /home/navcon/ws/mina_ws/install/mini_ugv/share/mini_ugv/launch/online_async.launch.py
[5.565s] -- Symlinking: /home/navcon/ws/mina_ws/install/mini_ugv/share/mini_ugv/launch/robot_loc.launch.py
[5.615s] -- Symlinking: /home/navcon/ws/mina_ws/install/mini_ugv/share/mini_ugv/launch/robot_state_publisher.launch.py
[5.647s] -- Symlinking: /home/navcon/ws/mina_ws/install/mini_ugv/share/mini_ugv/meshes/accessories/Intel_Props_V1.png
[5.668s] -- Symlinking: /home/navcon/ws/mina_ws/install/mini_ugv/share/mini_ugv/meshes/accessories/camera_back.dae
[5.699s] -- Symlinking: /home/navcon/ws/mina_ws/install/mini_ugv/share/mini_ugv/meshes/accessories/camera_front.dae
[5.743s] -- Symlinking: /home/navcon/ws/mina_ws/install/mini_ugv/share/mini_ugv/meshes/accessories/lidar_back.dae
[5.756s] -- Symlinking: /home/navcon/ws/mina_ws/install/mini_ugv/share/mini_ugv/meshes/accessories/lidar_back_old.dae
[5.783s] -- Symlinking: /home/navcon/ws/mina_ws/install/mini_ugv/share/mini_ugv/meshes/accessories/lidar_front.dae
[5.827s] -- Symlinking: /home/navcon/ws/mina_ws/install/mini_ugv/share/mini_ugv/meshes/body.dae
[5.848s] -- Symlinking: /home/navcon/ws/mina_ws/install/mini_ugv/share/mini_ugv/meshes/ultrasound/UltraSound_01.stl
[5.897s] -- Symlinking: /home/navcon/ws/mina_ws/install/mini_ugv/share/mini_ugv/meshes/ultrasound/UltraSound_02.stl
[5.920s] -- Symlinking: /home/navcon/ws/mina_ws/install/mini_ugv/share/mini_ugv/meshes/ultrasound/UltraSound_03.stl
[5.943s] -- Symlinking: /home/navcon/ws/mina_ws/install/mini_ugv/share/mini_ugv/meshes/ultrasound/UltraSound_04.stl
[5.980s] -- Symlinking: /home/navcon/ws/mina_ws/install/mini_ugv/share/mini_ugv/meshes/ultrasound/UltraSound_05.stl
[6.033s] -- Symlinking: /home/navcon/ws/mina_ws/install/mini_ugv/share/mini_ugv/meshes/ultrasound/UltraSound_06.stl
[6.059s] -- Symlinking: /home/navcon/ws/mina_ws/install/mini_ugv/share/mini_ugv/meshes/ultrasound/UltraSound_07.stl
[6.078s] -- Symlinking: /home/navcon/ws/mina_ws/install/mini_ugv/share/mini_ugv/meshes/ultrasound/UltraSound_08.stl
[6.119s] -- Symlinking: /home/navcon/ws/mina_ws/install/mini_ugv/share/mini_ugv/meshes/ultrasound/UltraSound_09.stl
[6.140s] -- Symlinking: /home/navcon/ws/mina_ws/install/mini_ugv/share/mini_ugv/meshes/ultrasound/UltraSound_10.stl
[6.183s] -- Symlinking: /home/navcon/ws/mina_ws/install/mini_ugv/share/mini_ugv/meshes/ultrasound/UltraSound_11.stl
[6.224s] -- Symlinking: /home/navcon/ws/mina_ws/install/mini_ugv/share/mini_ugv/meshes/ultrasound/UltraSound_12.stl
[6.259s] -- Symlinking: /home/navcon/ws/mina_ws/install/mini_ugv/share/mini_ugv/meshes/ultrasound/UltraSound_13.stl
[6.285s] -- Symlinking: /home/navcon/ws/mina_ws/install/mini_ugv/share/mini_ugv/meshes/ultrasound/UltraSound_14.stl
[6.324s] -- Symlinking: /home/navcon/ws/mina_ws/install/mini_ugv/share/mini_ugv/meshes/ultrasound/UltraSound_15.stl
[6.357s] -- Symlinking: /home/navcon/ws/mina_ws/install/mini_ugv/share/mini_ugv/meshes/ultrasound/UltraSound_16.stl
[6.387s] -- Symlinking: /home/navcon/ws/mina_ws/install/mini_ugv/share/mini_ugv/meshes/wheels/hub_front_left.dae
[6.423s] -- Symlinking: /home/navcon/ws/mina_ws/install/mini_ugv/share/mini_ugv/meshes/wheels/hub_front_right.dae
[6.476s] -- Symlinking: /home/navcon/ws/mina_ws/install/mini_ugv/share/mini_ugv/meshes/wheels/wheel_front_left.dae
[6.505s] -- Symlinking: /home/navcon/ws/mina_ws/install/mini_ugv/share/mini_ugv/meshes/wheels/wheel_front_right.dae
[6.528s] -- Symlinking: /home/navcon/ws/mina_ws/install/mini_ugv/share/mini_ugv/meshes/wheels/wheel_rear_left.dae
[6.562s] -- Symlinking: /home/navcon/ws/mina_ws/install/mini_ugv/share/mini_ugv/meshes/wheels/wheel_rear_right.dae
[6.608s] -- Symlinking: /home/navcon/ws/mina_ws/install/mini_ugv/share/mini_ugv/urdf/navrover.urdf
[6.641s] -- Symlinking: /home/navcon/ws/mina_ws/install/mini_ugv/share/mini_ugv/urdf/navrover.xacro
[6.680s] -- Symlinking: /home/navcon/ws/mina_ws/install/mini_ugv/share/mini_ugv/urdf/rover.gazebo.xacro
[6.704s] -- Symlinking: /home/navcon/ws/mina_ws/install/mini_ugv/share/mini_ugv/urdf/rover_camera.xacro
[6.738s] -- Symlinking: /home/navcon/ws/mina_ws/install/mini_ugv/share/mini_ugv/urdf/rover_lidar.xacro
[6.791s] -- Symlinking: /home/navcon/ws/mina_ws/install/mini_ugv/share/mini_ugv/urdf/rover_ultrasound.xacro
[6.831s] -- Symlinking: /home/navcon/ws/mina_ws/install/mini_ugv/share/mini_ugv/params/ydlidar.yaml
[6.857s] -- Symlinking: /home/navcon/ws/mina_ws/install/mini_ugv/share/mini_ugv/config/dg.yaml
[6.878s] -- Symlinking: /home/navcon/ws/mina_ws/install/mini_ugv/share/mini_ugv/config/ekf.yaml
[6.900s] -- Symlinking: /home/navcon/ws/mina_ws/install/mini_ugv/share/mini_ugv/config/ekf2.yaml
[6.920s] -- Symlinking: /home/navcon/ws/mina_ws/install/mini_ugv/share/mini_ugv/config/ekf3.yaml
[6.946s] -- Symlinking: /home/navcon/ws/mina_ws/install/mini_ugv/share/mini_ugv/config/imu_filter.yaml
[6.965s] -- Symlinking: /home/navcon/ws/mina_ws/install/mini_ugv/share/mini_ugv/config/mapper_params.yaml
[7.002s] -- Symlinking: /home/navcon/ws/mina_ws/install/mini_ugv/share/mini_ugv/config/nav2_params.yaml
[7.021s] -- Symlinking: /home/navcon/ws/mina_ws/install/mini_ugv/share/mini_ugv/config/nav2_params3.yaml
[7.059s] -- Symlinking: /home/navcon/ws/mina_ws/install/mini_ugv/share/mini_ugv/config/nav2_params_1.yaml
[7.105s] -- Symlinking: /home/navcon/ws/mina_ws/install/mini_ugv/share/mini_ugv/config/nav2_params_final.yaml
[7.134s] -- Symlinking: /home/navcon/ws/mina_ws/install/mini_ugv/share/mini_ugv/config/nav2_params_line.yaml
[7.182s] -- Symlinking: /home/navcon/ws/mina_ws/install/mini_ugv/share/mini_ugv/config/nv2_params_dism.yaml
[7.209s] -- Symlinking: /home/navcon/ws/mina_ws/install/mini_ugv/share/mini_ugv/config/ydlidar.rviz
[7.256s] -- Symlinking: /home/navcon/ws/mina_ws/install/mini_ugv/share/mini_ugv/maps/dggg.pgm
[7.277s] -- Symlinking: /home/navcon/ws/mina_ws/install/mini_ugv/share/mini_ugv/maps/dggg.yaml
[7.298s] -- Symlinking: /home/navcon/ws/mina_ws/install/mini_ugv/share/mini_ugv/maps/my_map.pgm
[7.328s] -- Symlinking: /home/navcon/ws/mina_ws/install/mini_ugv/share/mini_ugv/maps/my_map.yaml
[7.353s] -- Symlinking: /home/navcon/ws/mina_ws/install/mini_ugv/share/mini_ugv/maps/new_map.pgm
[7.408s] -- Symlinking: /home/navcon/ws/mina_ws/install/mini_ugv/share/mini_ugv/maps/new_map.yaml
[7.440s] -- Symlinking: /home/navcon/ws/mina_ws/install/mini_ugv/share/mini_ugv/rviz/display_view.rviz
[7.470s] -- Symlinking: /home/navcon/ws/mina_ws/install/mini_ugv/share/mini_ugv/rviz/imu.rviz
[7.497s] -- Symlinking: /home/navcon/ws/mina_ws/install/mini_ugv/share/mini_ugv/rviz/mapping.rviz
[7.533s] -- Symlinking: /home/navcon/ws/mina_ws/install/mini_ugv/share/mini_ugv/rviz/nav2_config.rviz
[7.581s] -- Symlinking: /home/navcon/ws/mina_ws/install/mini_ugv/share/mini_ugv/rviz/navrover.rviz
[7.627s] -- Symlinking: /home/navcon/ws/mina_ws/install/mini_ugv/share/ament_index/resource_index/package_run_dependencies/mini_ugv
[7.664s] -- Symlinking: /home/navcon/ws/mina_ws/install/mini_ugv/share/ament_index/resource_index/parent_prefix_path/mini_ugv
[7.708s] -- Symlinking: /home/navcon/ws/mina_ws/install/mini_ugv/share/mini_ugv/environment/ament_prefix_path.sh
[7.749s] -- Symlinking: /home/navcon/ws/mina_ws/install/mini_ugv/share/mini_ugv/environment/ament_prefix_path.dsv
[7.806s] -- Symlinking: /home/navcon/ws/mina_ws/install/mini_ugv/share/mini_ugv/environment/path.sh
[7.846s] -- Symlinking: /home/navcon/ws/mina_ws/install/mini_ugv/share/mini_ugv/environment/path.dsv
[7.908s] -- Symlinking: /home/navcon/ws/mina_ws/install/mini_ugv/share/mini_ugv/local_setup.bash
[7.956s] -- Symlinking: /home/navcon/ws/mina_ws/install/mini_ugv/share/mini_ugv/local_setup.sh
[7.983s] -- Symlinking: /home/navcon/ws/mina_ws/install/mini_ugv/share/mini_ugv/local_setup.zsh
[8.016s] -- Symlinking: /home/navcon/ws/mina_ws/install/mini_ugv/share/mini_ugv/local_setup.dsv
[8.048s] -- Symlinking: /home/navcon/ws/mina_ws/install/mini_ugv/share/mini_ugv/package.dsv
[8.067s] -- Symlinking: /home/navcon/ws/mina_ws/install/mini_ugv/share/ament_index/resource_index/packages/mini_ugv
[8.110s] -- Symlinking: /home/navcon/ws/mina_ws/install/mini_ugv/share/mini_ugv/cmake/mini_ugvConfig.cmake
[8.137s] -- Symlinking: /home/navcon/ws/mina_ws/install/mini_ugv/share/mini_ugv/cmake/mini_ugvConfig-version.cmake
[8.160s] -- Symlinking: /home/navcon/ws/mina_ws/install/mini_ugv/share/mini_ugv/package.xml
[8.242s] Invoked command in '/home/navcon/ws/mina_ws/build/mini_ugv' returned '0': CMAKE_PREFIX_PATH=${CMAKE_PREFIX_PATH}:/home/navcon/ws/mina_ws/install/ugv_can:/home/navcon/ws/mina_ws/install/ackermann_odometry:/home/navcon/ws/mina_ws/install/ackermann_controller:/opt/ros/humble /usr/bin/cmake --install /home/navcon/ws/mina_ws/build/mini_ugv
