[0.732s] Invoking command in '/home/navcon/ws/mina_ws/build/mina_ugv': CMAKE_PREFIX_PATH=${CMAKE_PREFIX_PATH}:/home/navcon/ros2_ws/install/ugv_can:/home/navcon/ws/mina_ws/install/ugv_can:/home/navcon/ws/mina_ws/install/ackermann_odometry:/home/navcon/ws/mina_ws/install/ackermann_controller:/opt/ros/humble /usr/bin/cmake --build /home/navcon/ws/mina_ws/build/mina_ugv -- -j8 -l8
[1.388s] [  0%] Built target ament_cmake_python_symlink_mina_ugv
[1.388s] [100%] Built target odom_publisher_ackermann_node
[1.388s] running egg_info
[1.388s] writing mina_ugv.egg-info/PKG-INFO
[1.388s] writing dependency_links to mina_ugv.egg-info/dependency_links.txt
[1.389s] writing top-level names to mina_ugv.egg-info/top_level.txt
[1.445s] reading manifest file 'mina_ugv.egg-info/SOURCES.txt'
[1.445s] writing manifest file 'mina_ugv.egg-info/SOURCES.txt'
[1.531s] [100%] Built target ament_cmake_python_build_mina_ugv_egg
[1.562s] Invoked command in '/home/navcon/ws/mina_ws/build/mina_ugv' returned '0': CMAKE_PREFIX_PATH=${CMAKE_PREFIX_PATH}:/home/navcon/ros2_ws/install/ugv_can:/home/navcon/ws/mina_ws/install/ugv_can:/home/navcon/ws/mina_ws/install/ackermann_odometry:/home/navcon/ws/mina_ws/install/ackermann_controller:/opt/ros/humble /usr/bin/cmake --build /home/navcon/ws/mina_ws/build/mina_ugv -- -j8 -l8
[1.816s] Invoking command in '/home/navcon/ws/mina_ws/build/mina_ugv': CMAKE_PREFIX_PATH=${CMAKE_PREFIX_PATH}:/home/navcon/ros2_ws/install/ugv_can:/home/navcon/ws/mina_ws/install/ugv_can:/home/navcon/ws/mina_ws/install/ackermann_odometry:/home/navcon/ws/mina_ws/install/ackermann_controller:/opt/ros/humble /usr/bin/cmake --install /home/navcon/ws/mina_ws/build/mina_ugv
[1.852s] -- Install configuration: ""
[1.854s] -- Execute custom install script
[1.854s] -- Up-to-date symlink: /home/navcon/ws/mina_ws/install/mina_ugv/lib/mina_ugv/odom_publisher_ackermann_node
[1.854s] -- Up-to-date symlink: /home/navcon/ws/mina_ws/install/mina_ugv/share/mina_ugv/launch/camera/camera_back_launch.py
[1.855s] -- Up-to-date symlink: /home/navcon/ws/mina_ws/install/mina_ugv/share/mina_ugv/launch/camera/camera_both_launch.py
[1.855s] -- Up-to-date symlink: /home/navcon/ws/mina_ws/install/mina_ugv/share/mina_ugv/launch/camera/camera_front_launch.py
[1.857s] -- Up-to-date symlink: /home/navcon/ws/mina_ws/install/mina_ugv/share/mina_ugv/launch/display.launch.py
[1.857s] -- Up-to-date symlink: /home/navcon/ws/mina_ws/install/mina_ugv/share/mina_ugv/launch/lidar/lidar_back_launch.py
[1.857s] -- Up-to-date symlink: /home/navcon/ws/mina_ws/install/mina_ugv/share/mina_ugv/launch/lidar/lidar_both_launch.py
[1.857s] -- Up-to-date symlink: /home/navcon/ws/mina_ws/install/mina_ugv/share/mina_ugv/launch/lidar/lidar_front_launch.py
[1.857s] -- Up-to-date symlink: /home/navcon/ws/mina_ws/install/mina_ugv/share/mina_ugv/launch/local_setup/display_local.launch.py
[1.857s] -- Up-to-date symlink: /home/navcon/ws/mina_ws/install/mina_ugv/share/mina_ugv/launch/local_setup/local_ugv_launch.py
[1.858s] -- Up-to-date symlink: /home/navcon/ws/mina_ws/install/mina_ugv/share/mina_ugv/launch/navigation/display.navigation.launch.py
[1.858s] -- Up-to-date symlink: /home/navcon/ws/mina_ws/install/mina_ugv/share/mina_ugv/launch/navigation/gazebo.launch.py
[1.860s] -- Up-to-date symlink: /home/navcon/ws/mina_ws/install/mina_ugv/share/mina_ugv/launch/navigation/mapping.launch.py
[1.860s] -- Up-to-date symlink: /home/navcon/ws/mina_ws/install/mina_ugv/share/mina_ugv/launch/navigation/navigation2.launch.py
[1.860s] -- Up-to-date symlink: /home/navcon/ws/mina_ws/install/mina_ugv/share/mina_ugv/launch/navigation/online_async.launch.py
[1.860s] -- Up-to-date symlink: /home/navcon/ws/mina_ws/install/mina_ugv/share/mina_ugv/launch/navigation/robot_state_publisher.launch.py
[1.861s] -- Up-to-date symlink: /home/navcon/ws/mina_ws/install/mina_ugv/share/mina_ugv/launch/navigation/spawn_turtlebot3.launch.py
[1.861s] -- Up-to-date symlink: /home/navcon/ws/mina_ws/install/mina_ugv/share/mina_ugv/launch/ugv_launch.py
[1.862s] -- Up-to-date symlink: /home/navcon/ws/mina_ws/install/mina_ugv/share/mina_ugv/meshes/accessories/Intel_Props_V1.png
[1.862s] -- Up-to-date symlink: /home/navcon/ws/mina_ws/install/mina_ugv/share/mina_ugv/meshes/accessories/camera_back.dae
[1.862s] -- Up-to-date symlink: /home/navcon/ws/mina_ws/install/mina_ugv/share/mina_ugv/meshes/accessories/camera_front.dae
[1.863s] -- Up-to-date symlink: /home/navcon/ws/mina_ws/install/mina_ugv/share/mina_ugv/meshes/accessories/lidar_back.dae
[1.863s] -- Up-to-date symlink: /home/navcon/ws/mina_ws/install/mina_ugv/share/mina_ugv/meshes/accessories/lidar_back_old.dae
[1.864s] -- Up-to-date symlink: /home/navcon/ws/mina_ws/install/mina_ugv/share/mina_ugv/meshes/accessories/lidar_front.dae
[1.864s] -- Up-to-date symlink: /home/navcon/ws/mina_ws/install/mina_ugv/share/mina_ugv/meshes/body.dae
[1.864s] -- Up-to-date symlink: /home/navcon/ws/mina_ws/install/mina_ugv/share/mina_ugv/meshes/ultrasound/UltraSound_01.stl
[1.864s] -- Up-to-date symlink: /home/navcon/ws/mina_ws/install/mina_ugv/share/mina_ugv/meshes/ultrasound/UltraSound_02.stl
[1.864s] -- Up-to-date symlink: /home/navcon/ws/mina_ws/install/mina_ugv/share/mina_ugv/meshes/ultrasound/UltraSound_03.stl
[1.864s] -- Up-to-date symlink: /home/navcon/ws/mina_ws/install/mina_ugv/share/mina_ugv/meshes/ultrasound/UltraSound_04.stl
[1.878s] -- Up-to-date symlink: /home/navcon/ws/mina_ws/install/mina_ugv/share/mina_ugv/meshes/ultrasound/UltraSound_05.stl
[1.879s] -- Up-to-date symlink: /home/navcon/ws/mina_ws/install/mina_ugv/share/mina_ugv/meshes/ultrasound/UltraSound_06.stl
[1.880s] -- Up-to-date symlink: /home/navcon/ws/mina_ws/install/mina_ugv/share/mina_ugv/meshes/ultrasound/UltraSound_07.stl
[1.880s] -- Up-to-date symlink: /home/navcon/ws/mina_ws/install/mina_ugv/share/mina_ugv/meshes/ultrasound/UltraSound_08.stl
[1.882s] -- Up-to-date symlink: /home/navcon/ws/mina_ws/install/mina_ugv/share/mina_ugv/meshes/ultrasound/UltraSound_09.stl
[1.883s] -- Up-to-date symlink: /home/navcon/ws/mina_ws/install/mina_ugv/share/mina_ugv/meshes/ultrasound/UltraSound_10.stl
[1.888s] -- Up-to-date symlink: /home/navcon/ws/mina_ws/install/mina_ugv/share/mina_ugv/meshes/ultrasound/UltraSound_11.stl
[1.889s] -- Up-to-date symlink: /home/navcon/ws/mina_ws/install/mina_ugv/share/mina_ugv/meshes/ultrasound/UltraSound_12.stl
[1.890s] -- Up-to-date symlink: /home/navcon/ws/mina_ws/install/mina_ugv/share/mina_ugv/meshes/ultrasound/UltraSound_13.stl
[1.890s] -- Up-to-date symlink: /home/navcon/ws/mina_ws/install/mina_ugv/share/mina_ugv/meshes/ultrasound/UltraSound_14.stl
[1.895s] -- Up-to-date symlink: /home/navcon/ws/mina_ws/install/mina_ugv/share/mina_ugv/meshes/ultrasound/UltraSound_15.stl
[1.895s] -- Up-to-date symlink: /home/navcon/ws/mina_ws/install/mina_ugv/share/mina_ugv/meshes/ultrasound/UltraSound_16.stl
[1.896s] -- Up-to-date symlink: /home/navcon/ws/mina_ws/install/mina_ugv/share/mina_ugv/meshes/wheels/hub_front_left.dae
[1.896s] -- Up-to-date symlink: /home/navcon/ws/mina_ws/install/mina_ugv/share/mina_ugv/meshes/wheels/hub_front_right.dae
[1.896s] -- Up-to-date symlink: /home/navcon/ws/mina_ws/install/mina_ugv/share/mina_ugv/meshes/wheels/wheel_front_left.dae
[1.896s] -- Up-to-date symlink: /home/navcon/ws/mina_ws/install/mina_ugv/share/mina_ugv/meshes/wheels/wheel_front_right.dae
[1.896s] -- Up-to-date symlink: /home/navcon/ws/mina_ws/install/mina_ugv/share/mina_ugv/meshes/wheels/wheel_rear_left.dae
[1.896s] -- Up-to-date symlink: /home/navcon/ws/mina_ws/install/mina_ugv/share/mina_ugv/meshes/wheels/wheel_rear_right.dae
[1.897s] -- Up-to-date symlink: /home/navcon/ws/mina_ws/install/mina_ugv/share/mina_ugv/rviz/accessories.rviz
[1.897s] -- Up-to-date symlink: /home/navcon/ws/mina_ws/install/mina_ugv/share/mina_ugv/rviz/camera.rviz
[1.897s] -- Up-to-date symlink: /home/navcon/ws/mina_ws/install/mina_ugv/share/mina_ugv/rviz/camera_360_with_depth.rviz
[1.897s] -- Up-to-date symlink: /home/navcon/ws/mina_ws/install/mina_ugv/share/mina_ugv/rviz/display_view.rviz
[1.897s] -- Up-to-date symlink: /home/navcon/ws/mina_ws/install/mina_ugv/share/mina_ugv/rviz/dual_camera.rviz
[1.897s] -- Up-to-date symlink: /home/navcon/ws/mina_ws/install/mina_ugv/share/mina_ugv/rviz/imu.rviz
[1.897s] -- Up-to-date symlink: /home/navcon/ws/mina_ws/install/mina_ugv/share/mina_ugv/rviz/multi_lidar.rviz
[1.897s] -- Up-to-date symlink: /home/navcon/ws/mina_ws/install/mina_ugv/share/mina_ugv/rviz/nav2_config.rviz
[1.898s] -- Up-to-date symlink: /home/navcon/ws/mina_ws/install/mina_ugv/share/mina_ugv/rviz/nav2_mapping.rviz
[1.898s] -- Up-to-date symlink: /home/navcon/ws/mina_ws/install/mina_ugv/share/mina_ugv/rviz/nav2_navigation.rviz
[1.898s] -- Up-to-date symlink: /home/navcon/ws/mina_ws/install/mina_ugv/share/mina_ugv/rviz/navrover.rviz
[1.899s] -- Up-to-date symlink: /home/navcon/ws/mina_ws/install/mina_ugv/share/mina_ugv/rviz/tb3_navigation2.rviz
[1.899s] -- Up-to-date symlink: /home/navcon/ws/mina_ws/install/mina_ugv/share/mina_ugv/urdf/navrover.urdf
[1.899s] -- Up-to-date symlink: /home/navcon/ws/mina_ws/install/mina_ugv/share/mina_ugv/urdf/navrover.xacro
[1.899s] -- Up-to-date symlink: /home/navcon/ws/mina_ws/install/mina_ugv/share/mina_ugv/urdf/rover.gazebo.xacro
[1.899s] -- Up-to-date symlink: /home/navcon/ws/mina_ws/install/mina_ugv/share/mina_ugv/urdf/rover_camera.xacro
[1.899s] -- Up-to-date symlink: /home/navcon/ws/mina_ws/install/mina_ugv/share/mina_ugv/urdf/rover_lidar.xacro
[1.899s] -- Up-to-date symlink: /home/navcon/ws/mina_ws/install/mina_ugv/share/mina_ugv/urdf/rover_ultrasound.xacro
[1.899s] -- Up-to-date symlink: /home/navcon/ws/mina_ws/install/mina_ugv/share/mina_ugv/worlds/sample.world
[1.900s] -- Up-to-date symlink: /home/navcon/ws/mina_ws/install/mina_ugv/share/mina_ugv/config/mapper_params_online_async.yaml
[1.900s] -- Up-to-date symlink: /home/navcon/ws/mina_ws/install/mina_ugv/share/mina_ugv/config/navrover_config.yaml
[1.900s] -- Up-to-date symlink: /home/navcon/ws/mina_ws/install/mina_ugv/share/mina_ugv/config/realsense_config.yaml
[1.900s] -- Up-to-date symlink: /home/navcon/ws/mina_ws/install/mina_ugv/share/mina_ugv/config/rplidar_config.yaml
[1.900s] -- Up-to-date symlink: /home/navcon/ws/mina_ws/install/mina_ugv/share/mina_ugv/params/nav2_params.yaml
[1.900s] -- Up-to-date symlink: /home/navcon/ws/mina_ws/install/mina_ugv/share/mina_ugv/params/nav2_params3.yaml
[1.900s] -- Up-to-date symlink: /home/navcon/ws/mina_ws/install/mina_ugv/share/mina_ugv/maps/land1_map.pgm
[1.900s] -- Up-to-date symlink: /home/navcon/ws/mina_ws/install/mina_ugv/share/mina_ugv/maps/land1_map.yaml
[1.901s] -- Up-to-date symlink: /home/navcon/ws/mina_ws/install/mina_ugv/share/mina_ugv/models/navrover/model-1_4.sdf
[1.901s] -- Up-to-date symlink: /home/navcon/ws/mina_ws/install/mina_ugv/share/mina_ugv/models/navrover/model.config
[1.901s] -- Up-to-date symlink: /home/navcon/ws/mina_ws/install/mina_ugv/share/mina_ugv/models/navrover/model.sdf
[1.901s] -- Up-to-date symlink: /home/navcon/ws/mina_ws/install/mina_ugv/share/mina_ugv/environment/pythonpath.sh
[1.901s] -- Up-to-date symlink: /home/navcon/ws/mina_ws/install/mina_ugv/share/mina_ugv/environment/pythonpath.dsv
[1.901s] -- Up-to-date symlink: /home/navcon/ws/mina_ws/install/mina_ugv/lib/python3.8/site-packages/mina_ugv-0.0.0-py3.8.egg-info/PKG-INFO
[1.901s] -- Up-to-date symlink: /home/navcon/ws/mina_ws/install/mina_ugv/lib/python3.8/site-packages/mina_ugv-0.0.0-py3.8.egg-info/SOURCES.txt
[1.901s] -- Up-to-date symlink: /home/navcon/ws/mina_ws/install/mina_ugv/lib/python3.8/site-packages/mina_ugv-0.0.0-py3.8.egg-info/dependency_links.txt
[1.902s] -- Up-to-date symlink: /home/navcon/ws/mina_ws/install/mina_ugv/lib/python3.8/site-packages/mina_ugv-0.0.0-py3.8.egg-info/top_level.txt
[1.902s] -- Up-to-date symlink: /home/navcon/ws/mina_ws/install/mina_ugv/lib/python3.8/site-packages/mina_ugv/__init__.py
[1.902s] -- Up-to-date symlink: /home/navcon/ws/mina_ws/install/mina_ugv/lib/mina_ugv/modules/Controller.py
[1.902s] -- Up-to-date symlink: /home/navcon/ws/mina_ws/install/mina_ugv/lib/mina_ugv/modules/Topics.py
[1.902s] -- Up-to-date symlink: /home/navcon/ws/mina_ws/install/mina_ugv/lib/mina_ugv/modules/__pycache__/Controller.cpython-310.pyc
[1.902s] -- Up-to-date symlink: /home/navcon/ws/mina_ws/install/mina_ugv/lib/mina_ugv/modules/__pycache__/Controller.cpython-38.pyc
[1.903s] -- Up-to-date symlink: /home/navcon/ws/mina_ws/install/mina_ugv/lib/mina_ugv/modules/__pycache__/Topics.cpython-310.pyc
[1.903s] -- Up-to-date symlink: /home/navcon/ws/mina_ws/install/mina_ugv/lib/mina_ugv/modules/__pycache__/Topics.cpython-38.pyc
[1.903s] -- Up-to-date symlink: /home/navcon/ws/mina_ws/install/mina_ugv/lib/mina_ugv/ugv_driver.py
[1.903s] -- Up-to-date symlink: /home/navcon/ws/mina_ws/install/mina_ugv/lib/mina_ugv/navrover_ps4_ctrl.py
[1.903s] -- Up-to-date symlink: /home/navcon/ws/mina_ws/install/mina_ugv/lib/mina_ugv/lidar_avoidance.py
[1.903s] -- Up-to-date symlink: /home/navcon/ws/mina_ws/install/mina_ugv/lib/mina_ugv/lidar_scan_multiple.py
[1.903s] -- Up-to-date symlink: /home/navcon/ws/mina_ws/install/mina_ugv/lib/mina_ugv/lidar_to_point_publish.py
[1.903s] -- Up-to-date symlink: /home/navcon/ws/mina_ws/install/mina_ugv/lib/mina_ugv/publish_gps_data.py
[1.904s] -- Up-to-date symlink: /home/navcon/ws/mina_ws/install/mina_ugv/share/ament_index/resource_index/package_run_dependencies/mina_ugv
[1.904s] -- Up-to-date symlink: /home/navcon/ws/mina_ws/install/mina_ugv/share/ament_index/resource_index/parent_prefix_path/mina_ugv
[1.904s] -- Up-to-date symlink: /home/navcon/ws/mina_ws/install/mina_ugv/share/mina_ugv/environment/ament_prefix_path.sh
[1.904s] -- Up-to-date symlink: /home/navcon/ws/mina_ws/install/mina_ugv/share/mina_ugv/environment/ament_prefix_path.dsv
[1.904s] -- Up-to-date symlink: /home/navcon/ws/mina_ws/install/mina_ugv/share/mina_ugv/environment/path.sh
[1.905s] -- Up-to-date symlink: /home/navcon/ws/mina_ws/install/mina_ugv/share/mina_ugv/environment/path.dsv
[1.905s] -- Up-to-date symlink: /home/navcon/ws/mina_ws/install/mina_ugv/share/mina_ugv/local_setup.bash
[1.905s] -- Up-to-date symlink: /home/navcon/ws/mina_ws/install/mina_ugv/share/mina_ugv/local_setup.sh
[1.905s] -- Up-to-date symlink: /home/navcon/ws/mina_ws/install/mina_ugv/share/mina_ugv/local_setup.zsh
[1.905s] -- Up-to-date symlink: /home/navcon/ws/mina_ws/install/mina_ugv/share/mina_ugv/local_setup.dsv
[1.905s] -- Symlinking: /home/navcon/ws/mina_ws/install/mina_ugv/share/mina_ugv/package.dsv
[1.942s] -- Up-to-date symlink: /home/navcon/ws/mina_ws/install/mina_ugv/share/ament_index/resource_index/packages/mina_ugv
[1.943s] -- Up-to-date symlink: /home/navcon/ws/mina_ws/install/mina_ugv/share/mina_ugv/cmake/mina_ugvConfig.cmake
[1.943s] -- Up-to-date symlink: /home/navcon/ws/mina_ws/install/mina_ugv/share/mina_ugv/cmake/mina_ugvConfig-version.cmake
[1.944s] -- Up-to-date symlink: /home/navcon/ws/mina_ws/install/mina_ugv/share/mina_ugv/package.xml
[2.013s] Listing '/home/navcon/ws/mina_ws/install/mina_ugv/lib/python3.8/site-packages/mina_ugv'...
[2.070s] Invoked command in '/home/navcon/ws/mina_ws/build/mina_ugv' returned '0': CMAKE_PREFIX_PATH=${CMAKE_PREFIX_PATH}:/home/navcon/ros2_ws/install/ugv_can:/home/navcon/ws/mina_ws/install/ugv_can:/home/navcon/ws/mina_ws/install/ackermann_odometry:/home/navcon/ws/mina_ws/install/ackermann_controller:/opt/ros/humble /usr/bin/cmake --install /home/navcon/ws/mina_ws/build/mina_ugv
