[2.502s] Invoking command in '/home/navcon/ws/mina_ws/build/ugv_can': PYTHONPATH=/home/navcon/ws/mina_ws/build/ugv_can/prefix_override:/home/navcon/ws/mina_ws/install/ugv_can/lib/python3.8/site-packages:${PYTHONPATH} /usr/bin/python3 -W ignore:setup.py install is deprecated setup.py develop --editable --build-directory /home/navcon/ws/mina_ws/build/ugv_can/build --no-deps symlink_data
[3.156s] running develop
[3.608s] running egg_info
[3.610s] writing ugv_can.egg-info/PKG-INFO
[3.611s] writing dependency_links to ugv_can.egg-info/dependency_links.txt
[3.611s] writing entry points to ugv_can.egg-info/entry_points.txt
[3.613s] writing requirements to ugv_can.egg-info/requires.txt
[3.613s] writing top-level names to ugv_can.egg-info/top_level.txt
[3.674s] reading manifest file 'ugv_can.egg-info/SOURCES.txt'
[3.679s] writing manifest file 'ugv_can.egg-info/SOURCES.txt'
[3.794s] running build_ext
[3.796s] Creating /home/navcon/ws/mina_ws/install/ugv_can/lib/python3.8/site-packages/ugv-can.egg-link (link to .)
[3.805s] Installing converter script to /home/navcon/ws/mina_ws/install/ugv_can/lib/ugv_can
[3.808s] Installing imu_mad script to /home/navcon/ws/mina_ws/install/ugv_can/lib/ugv_can
[3.809s] Installing imu_node script to /home/navcon/ws/mina_ws/install/ugv_can/lib/ugv_can
[3.809s] Installing odom_final script to /home/navcon/ws/mina_ws/install/ugv_can/lib/ugv_can
[3.809s] Installing odom_pub script to /home/navcon/ws/mina_ws/install/ugv_can/lib/ugv_can
[3.809s] Installing odom_publisher script to /home/navcon/ws/mina_ws/install/ugv_can/lib/ugv_can
[3.809s] Installing odom_while_pub script to /home/navcon/ws/mina_ws/install/ugv_can/lib/ugv_can
[3.809s] Installing ps_node script to /home/navcon/ws/mina_ws/install/ugv_can/lib/ugv_can
[3.810s] Installing pub script to /home/navcon/ws/mina_ws/install/ugv_can/lib/ugv_can
[3.810s] Installing sample script to /home/navcon/ws/mina_ws/install/ugv_can/lib/ugv_can
[3.810s] Installing sender script to /home/navcon/ws/mina_ws/install/ugv_can/lib/ugv_can
[3.810s] 
[3.810s] Installed /home/navcon/ws/mina_ws/build/ugv_can
[3.810s] running symlink_data
[3.905s] Invoked command in '/home/navcon/ws/mina_ws/build/ugv_can' returned '0': PYTHONPATH=/home/navcon/ws/mina_ws/build/ugv_can/prefix_override:/home/navcon/ws/mina_ws/install/ugv_can/lib/python3.8/site-packages:${PYTHONPATH} /usr/bin/python3 -W ignore:setup.py install is deprecated setup.py develop --editable --build-directory /home/navcon/ws/mina_ws/build/ugv_can/build --no-deps symlink_data
