[3.210s] Invoking command in '/home/navcon/ws/mina_ws/build/ackermann_controller': PYTHONPATH=/home/navcon/ws/mina_ws/build/ackermann_controller/prefix_override:/home/navcon/ws/mina_ws/install/ackermann_controller/lib/python3.8/site-packages:${PYTHONPATH} /usr/bin/python3 -W ignore:setup.py install is deprecated setup.py develop --editable --build-directory /home/navcon/ws/mina_ws/build/ackermann_controller/build --no-deps symlink_data --force
[3.890s] running develop
[4.266s] running egg_info
[4.266s] writing ackermann_controller.egg-info/PKG-INFO
[4.267s] writing dependency_links to ackermann_controller.egg-info/dependency_links.txt
[4.268s] writing entry points to ackermann_controller.egg-info/entry_points.txt
[4.270s] writing requirements to ackermann_controller.egg-info/requires.txt
[4.273s] writing top-level names to ackermann_controller.egg-info/top_level.txt
[4.339s] reading manifest file 'ackermann_controller.egg-info/SOURCES.txt'
[4.342s] writing manifest file 'ackermann_controller.egg-info/SOURCES.txt'
[4.439s] running build_ext
[4.440s] Creating /home/navcon/ws/mina_ws/install/ackermann_controller/lib/python3.8/site-packages/ackermann-controller.egg-link (link to .)
[4.443s] Installing ackermann_teleop_joy script to /home/navcon/ws/mina_ws/install/ackermann_controller/lib/ackermann_controller
[4.443s] 
[4.444s] Installed /home/navcon/ws/mina_ws/build/ackermann_controller
[4.444s] running symlink_data
[4.444s] symbolically linking /home/navcon/ws/mina_ws/build/ackermann_controller/resource/ackermann_controller -> /home/navcon/ws/mina_ws/install/ackermann_controller/share/ament_index/resource_index/packages
[4.444s] symbolically linking /home/navcon/ws/mina_ws/build/ackermann_controller/package.xml -> /home/navcon/ws/mina_ws/install/ackermann_controller/share/ackermann_controller
[4.444s] symbolically linking /home/navcon/ws/mina_ws/build/ackermann_controller/launch/joy.launch.py -> /home/navcon/ws/mina_ws/install/ackermann_controller/share/ackermann_controller/launch
[4.635s] Invoked command in '/home/navcon/ws/mina_ws/build/ackermann_controller' returned '0': PYTHONPATH=/home/navcon/ws/mina_ws/build/ackermann_controller/prefix_override:/home/navcon/ws/mina_ws/install/ackermann_controller/lib/python3.8/site-packages:${PYTHONPATH} /usr/bin/python3 -W ignore:setup.py install is deprecated setup.py develop --editable --build-directory /home/navcon/ws/mina_ws/build/ackermann_controller/build --no-deps symlink_data --force
