[2.211s] Invoking command in '/home/navcon/ws/mina_ws/build/ugv_can': PYTHONPATH=/home/navcon/ws/mina_ws/build/ugv_can/prefix_override:/home/navcon/ws/mina_ws/install/ugv_can/lib/python3.8/site-packages:${PYTHONPATH} /usr/bin/python3 -W ignore:setup.py install is deprecated setup.py develop --uninstall --editable --build-directory /home/navcon/ws/mina_ws/build/ugv_can/build
[2.751s] running develop
[3.100s] Removing /home/navcon/ws/mina_ws/install/ugv_can/lib/python3.8/site-packages/ugv-can.egg-link (link to .)
[3.166s] Invoked command in '/home/navcon/ws/mina_ws/build/ugv_can' returned '0': PYTHONPATH=/home/navcon/ws/mina_ws/build/ugv_can/prefix_override:/home/navcon/ws/mina_ws/install/ugv_can/lib/python3.8/site-packages:${PYTHONPATH} /usr/bin/python3 -W ignore:setup.py install is deprecated setup.py develop --uninstall --editable --build-directory /home/navcon/ws/mina_ws/build/ugv_can/build
[3.172s] Invoking command in '/home/navcon/ws/mina_ws/src/ugv_can': PYTHONPATH=/home/navcon/ws/mina_ws/build/ugv_can/prefix_override:/home/navcon/ws/mina_ws/install/ugv_can/lib/python3.8/site-packages:${PYTHONPATH} /usr/bin/python3 -W ignore:setup.py install is deprecated setup.py egg_info --egg-base ../../build/ugv_can build --build-base /home/navcon/ws/mina_ws/build/ugv_can/build install --record /home/navcon/ws/mina_ws/build/ugv_can/install.log --single-version-externally-managed install_data --force
[3.658s] running egg_info
[3.660s] writing ../../build/ugv_can/ugv_can.egg-info/PKG-INFO
[3.660s] writing dependency_links to ../../build/ugv_can/ugv_can.egg-info/dependency_links.txt
[3.661s] writing entry points to ../../build/ugv_can/ugv_can.egg-info/entry_points.txt
[3.661s] writing requirements to ../../build/ugv_can/ugv_can.egg-info/requires.txt
[3.661s] writing top-level names to ../../build/ugv_can/ugv_can.egg-info/top_level.txt
[3.720s] reading manifest file '../../build/ugv_can/ugv_can.egg-info/SOURCES.txt'
[3.723s] writing manifest file '../../build/ugv_can/ugv_can.egg-info/SOURCES.txt'
[3.723s] running build
[3.723s] running build_py
[3.723s] creating /home/navcon/ws/mina_ws/build/ugv_can/build
[3.724s] creating /home/navcon/ws/mina_ws/build/ugv_can/build/lib
[3.724s] creating /home/navcon/ws/mina_ws/build/ugv_can/build/lib/ugv_can
[3.724s] copying ugv_can/navrover_ps4_ctrl.py -> /home/navcon/ws/mina_ws/build/ugv_can/build/lib/ugv_can
[3.724s] copying ugv_can/publish_odom.py -> /home/navcon/ws/mina_ws/build/ugv_can/build/lib/ugv_can
[3.724s] copying ugv_can/can_sample.py -> /home/navcon/ws/mina_ws/build/ugv_can/build/lib/ugv_can
[3.724s] copying ugv_can/custom_odom_from_cmd.py -> /home/navcon/ws/mina_ws/build/ugv_can/build/lib/ugv_can
[3.725s] copying ugv_can/base_odom.py -> /home/navcon/ws/mina_ws/build/ugv_can/build/lib/ugv_can
[3.725s] copying ugv_can/new_odom_publisher.py -> /home/navcon/ws/mina_ws/build/ugv_can/build/lib/ugv_can
[3.725s] copying ugv_can/first_odom_publisher.py -> /home/navcon/ws/mina_ws/build/ugv_can/build/lib/ugv_can
[3.725s] copying ugv_can/new_publisher.py -> /home/navcon/ws/mina_ws/build/ugv_can/build/lib/ugv_can
[3.725s] copying ugv_can/can2_sample.py -> /home/navcon/ws/mina_ws/build/ugv_can/build/lib/ugv_can
[3.726s] copying ugv_can/odom_while_pub.py -> /home/navcon/ws/mina_ws/build/ugv_can/build/lib/ugv_can
[3.726s] copying ugv_can/odom_publisher.py -> /home/navcon/ws/mina_ws/build/ugv_can/build/lib/ugv_can
[3.726s] copying ugv_can/first_odom_while_pub.py -> /home/navcon/ws/mina_ws/build/ugv_can/build/lib/ugv_can
[3.726s] copying ugv_can/__init__.py -> /home/navcon/ws/mina_ws/build/ugv_can/build/lib/ugv_can
[3.727s] copying ugv_can/imu_mad.py -> /home/navcon/ws/mina_ws/build/ugv_can/build/lib/ugv_can
[3.727s] copying ugv_can/publish_odom2.py -> /home/navcon/ws/mina_ws/build/ugv_can/build/lib/ugv_can
[3.727s] copying ugv_can/manual_odom_publisher.py -> /home/navcon/ws/mina_ws/build/ugv_can/build/lib/ugv_can
[3.727s] copying ugv_can/scaled_offset.py -> /home/navcon/ws/mina_ws/build/ugv_can/build/lib/ugv_can
[3.728s] running install
[3.730s] running install_lib
[3.732s] creating /home/navcon/ws/mina_ws/install/ugv_can/lib/python3.8/site-packages/ugv_can
[3.732s] copying /home/navcon/ws/mina_ws/build/ugv_can/build/lib/ugv_can/navrover_ps4_ctrl.py -> /home/navcon/ws/mina_ws/install/ugv_can/lib/python3.8/site-packages/ugv_can
[3.732s] copying /home/navcon/ws/mina_ws/build/ugv_can/build/lib/ugv_can/publish_odom.py -> /home/navcon/ws/mina_ws/install/ugv_can/lib/python3.8/site-packages/ugv_can
[3.732s] copying /home/navcon/ws/mina_ws/build/ugv_can/build/lib/ugv_can/can_sample.py -> /home/navcon/ws/mina_ws/install/ugv_can/lib/python3.8/site-packages/ugv_can
[3.733s] copying /home/navcon/ws/mina_ws/build/ugv_can/build/lib/ugv_can/custom_odom_from_cmd.py -> /home/navcon/ws/mina_ws/install/ugv_can/lib/python3.8/site-packages/ugv_can
[3.733s] copying /home/navcon/ws/mina_ws/build/ugv_can/build/lib/ugv_can/base_odom.py -> /home/navcon/ws/mina_ws/install/ugv_can/lib/python3.8/site-packages/ugv_can
[3.733s] copying /home/navcon/ws/mina_ws/build/ugv_can/build/lib/ugv_can/new_odom_publisher.py -> /home/navcon/ws/mina_ws/install/ugv_can/lib/python3.8/site-packages/ugv_can
[3.733s] copying /home/navcon/ws/mina_ws/build/ugv_can/build/lib/ugv_can/first_odom_publisher.py -> /home/navcon/ws/mina_ws/install/ugv_can/lib/python3.8/site-packages/ugv_can
[3.734s] copying /home/navcon/ws/mina_ws/build/ugv_can/build/lib/ugv_can/new_publisher.py -> /home/navcon/ws/mina_ws/install/ugv_can/lib/python3.8/site-packages/ugv_can
[3.734s] copying /home/navcon/ws/mina_ws/build/ugv_can/build/lib/ugv_can/can2_sample.py -> /home/navcon/ws/mina_ws/install/ugv_can/lib/python3.8/site-packages/ugv_can
[3.734s] copying /home/navcon/ws/mina_ws/build/ugv_can/build/lib/ugv_can/odom_while_pub.py -> /home/navcon/ws/mina_ws/install/ugv_can/lib/python3.8/site-packages/ugv_can
[3.734s] copying /home/navcon/ws/mina_ws/build/ugv_can/build/lib/ugv_can/odom_publisher.py -> /home/navcon/ws/mina_ws/install/ugv_can/lib/python3.8/site-packages/ugv_can
[3.734s] copying /home/navcon/ws/mina_ws/build/ugv_can/build/lib/ugv_can/first_odom_while_pub.py -> /home/navcon/ws/mina_ws/install/ugv_can/lib/python3.8/site-packages/ugv_can
[3.734s] copying /home/navcon/ws/mina_ws/build/ugv_can/build/lib/ugv_can/__init__.py -> /home/navcon/ws/mina_ws/install/ugv_can/lib/python3.8/site-packages/ugv_can
[3.735s] copying /home/navcon/ws/mina_ws/build/ugv_can/build/lib/ugv_can/imu_mad.py -> /home/navcon/ws/mina_ws/install/ugv_can/lib/python3.8/site-packages/ugv_can
[3.735s] copying /home/navcon/ws/mina_ws/build/ugv_can/build/lib/ugv_can/publish_odom2.py -> /home/navcon/ws/mina_ws/install/ugv_can/lib/python3.8/site-packages/ugv_can
[3.735s] copying /home/navcon/ws/mina_ws/build/ugv_can/build/lib/ugv_can/manual_odom_publisher.py -> /home/navcon/ws/mina_ws/install/ugv_can/lib/python3.8/site-packages/ugv_can
[3.735s] copying /home/navcon/ws/mina_ws/build/ugv_can/build/lib/ugv_can/scaled_offset.py -> /home/navcon/ws/mina_ws/install/ugv_can/lib/python3.8/site-packages/ugv_can
[3.736s] byte-compiling /home/navcon/ws/mina_ws/install/ugv_can/lib/python3.8/site-packages/ugv_can/navrover_ps4_ctrl.py to navrover_ps4_ctrl.cpython-38.pyc
[3.739s] byte-compiling /home/navcon/ws/mina_ws/install/ugv_can/lib/python3.8/site-packages/ugv_can/publish_odom.py to publish_odom.cpython-38.pyc
[3.740s] byte-compiling /home/navcon/ws/mina_ws/install/ugv_can/lib/python3.8/site-packages/ugv_can/can_sample.py to can_sample.cpython-38.pyc
[3.753s] byte-compiling /home/navcon/ws/mina_ws/install/ugv_can/lib/python3.8/site-packages/ugv_can/custom_odom_from_cmd.py to custom_odom_from_cmd.cpython-38.pyc
[3.753s] byte-compiling /home/navcon/ws/mina_ws/install/ugv_can/lib/python3.8/site-packages/ugv_can/base_odom.py to base_odom.cpython-38.pyc
[3.753s] byte-compiling /home/navcon/ws/mina_ws/install/ugv_can/lib/python3.8/site-packages/ugv_can/new_odom_publisher.py to new_odom_publisher.cpython-38.pyc
[3.753s] byte-compiling /home/navcon/ws/mina_ws/install/ugv_can/lib/python3.8/site-packages/ugv_can/first_odom_publisher.py to first_odom_publisher.cpython-38.pyc
[3.754s] byte-compiling /home/navcon/ws/mina_ws/install/ugv_can/lib/python3.8/site-packages/ugv_can/new_publisher.py to new_publisher.cpython-38.pyc
[3.754s] byte-compiling /home/navcon/ws/mina_ws/install/ugv_can/lib/python3.8/site-packages/ugv_can/can2_sample.py to can2_sample.cpython-38.pyc
[3.754s] byte-compiling /home/navcon/ws/mina_ws/install/ugv_can/lib/python3.8/site-packages/ugv_can/odom_while_pub.py to odom_while_pub.cpython-38.pyc
[3.755s] byte-compiling /home/navcon/ws/mina_ws/install/ugv_can/lib/python3.8/site-packages/ugv_can/odom_publisher.py to odom_publisher.cpython-38.pyc
[3.757s] byte-compiling /home/navcon/ws/mina_ws/install/ugv_can/lib/python3.8/site-packages/ugv_can/first_odom_while_pub.py to first_odom_while_pub.cpython-38.pyc
[3.758s] byte-compiling /home/navcon/ws/mina_ws/install/ugv_can/lib/python3.8/site-packages/ugv_can/__init__.py to __init__.cpython-38.pyc
[3.759s] byte-compiling /home/navcon/ws/mina_ws/install/ugv_can/lib/python3.8/site-packages/ugv_can/imu_mad.py to imu_mad.cpython-38.pyc
[3.759s] byte-compiling /home/navcon/ws/mina_ws/install/ugv_can/lib/python3.8/site-packages/ugv_can/publish_odom2.py to publish_odom2.cpython-38.pyc
[3.759s] byte-compiling /home/navcon/ws/mina_ws/install/ugv_can/lib/python3.8/site-packages/ugv_can/manual_odom_publisher.py to manual_odom_publisher.cpython-38.pyc
[3.760s] byte-compiling /home/navcon/ws/mina_ws/install/ugv_can/lib/python3.8/site-packages/ugv_can/scaled_offset.py to scaled_offset.cpython-38.pyc
[3.760s] running install_data
[3.761s] copying resource/ugv_can -> /home/navcon/ws/mina_ws/install/ugv_can/share/ament_index/resource_index/packages
[3.761s] copying package.xml -> /home/navcon/ws/mina_ws/install/ugv_can/share/ugv_can
[3.762s] running install_egg_info
[3.770s] Copying ../../build/ugv_can/ugv_can.egg-info to /home/navcon/ws/mina_ws/install/ugv_can/lib/python3.8/site-packages/ugv_can-0.0.0-py3.8.egg-info
[3.770s] running install_scripts
[3.804s] Installing converter script to /home/navcon/ws/mina_ws/install/ugv_can/lib/ugv_can
[3.804s] Installing imu_mad script to /home/navcon/ws/mina_ws/install/ugv_can/lib/ugv_can
[3.804s] Installing imu_node script to /home/navcon/ws/mina_ws/install/ugv_can/lib/ugv_can
[3.805s] Installing odom_final script to /home/navcon/ws/mina_ws/install/ugv_can/lib/ugv_can
[3.805s] Installing odom_pub script to /home/navcon/ws/mina_ws/install/ugv_can/lib/ugv_can
[3.805s] Installing odom_publisher script to /home/navcon/ws/mina_ws/install/ugv_can/lib/ugv_can
[3.806s] Installing odom_while_pub script to /home/navcon/ws/mina_ws/install/ugv_can/lib/ugv_can
[3.806s] Installing ps_node script to /home/navcon/ws/mina_ws/install/ugv_can/lib/ugv_can
[3.807s] Installing pub script to /home/navcon/ws/mina_ws/install/ugv_can/lib/ugv_can
[3.807s] Installing sample script to /home/navcon/ws/mina_ws/install/ugv_can/lib/ugv_can
[3.807s] Installing sender script to /home/navcon/ws/mina_ws/install/ugv_can/lib/ugv_can
[3.808s] writing list of installed files to '/home/navcon/ws/mina_ws/build/ugv_can/install.log'
[3.873s] Invoked command in '/home/navcon/ws/mina_ws/src/ugv_can' returned '0': PYTHONPATH=/home/navcon/ws/mina_ws/build/ugv_can/prefix_override:/home/navcon/ws/mina_ws/install/ugv_can/lib/python3.8/site-packages:${PYTHONPATH} /usr/bin/python3 -W ignore:setup.py install is deprecated setup.py egg_info --egg-base ../../build/ugv_can build --build-base /home/navcon/ws/mina_ws/build/ugv_can/build install --record /home/navcon/ws/mina_ws/build/ugv_can/install.log --single-version-externally-managed install_data --force
