[0.401s] DEBUG:colcon:Command line arguments: ['/usr/bin/colcon', 'build']
[0.401s] DEBUG:colcon:Parsed command line arguments: Namespace(allow_overriding=[], ament_cmake_args=None, base_paths=['.'], build_base='build', catkin_cmake_args=None, catkin_skip_building_tests=False, cmake_args=None, cmake_clean_cache=False, cmake_clean_first=False, cmake_force_configure=False, cmake_target=None, cmake_target_skip_unavailable=False, continue_on_error=False, event_handlers=None, executor='parallel', ignore_user_meta=False, install_base='install', log_base=None, log_level=None, main=<bound method BuildVerb.main of <colcon_core.verb.build.BuildVerb object at 0xffffa8bd16a0>>, merge_install=False, metas=['./colcon.meta'], mixin=None, mixin_files=None, mixin_verb=('build',), packages_above=None, packages_above_and_dependencies=None, packages_above_depth=None, packages_end=None, packages_ignore=None, packages_ignore_regex=None, packages_select=None, packages_select_build_failed=False, packages_select_by_dep=None, packages_select_regex=None, packages_select_test_failures=False, packages_skip=None, packages_skip_build_finished=False, packages_skip_by_dep=None, packages_skip_regex=None, packages_skip_test_passed=False, packages_skip_up_to=None, packages_start=None, packages_up_to=None, packages_up_to_regex=None, parallel_workers=8, paths=None, symlink_install=False, test_result_base=None, verb_extension=<colcon_core.verb.build.BuildVerb object at 0xffffa8bd16a0>, verb_name='build', verb_parser=<colcon_mixin.mixin.mixin_argument.MixinArgumentDecorator object at 0xffffa8bd1ca0>)
[0.740s] Level 1:colcon.colcon_core.package_discovery:discover_packages(colcon_meta) check parameters
[0.741s] Level 1:colcon.colcon_core.package_discovery:discover_packages(recursive) check parameters
[0.741s] Level 1:colcon.colcon_core.package_discovery:discover_packages(ignore) check parameters
[0.741s] Level 1:colcon.colcon_core.package_discovery:discover_packages(path) check parameters
[0.741s] Level 1:colcon.colcon_core.package_discovery:discover_packages(colcon_meta) discover
[0.741s] Level 1:colcon.colcon_core.package_discovery:discover_packages(recursive) discover
[0.741s] INFO:colcon.colcon_core.package_discovery:Crawling recursively for packages in '/home/navcon/ws/mina_ws'
[0.741s] Level 1:colcon.colcon_core.package_identification:_identify(.) by extensions ['ignore', 'ignore_ament_install']
[0.742s] Level 1:colcon.colcon_core.package_identification:_identify(.) by extension 'ignore'
[0.742s] Level 1:colcon.colcon_core.package_identification:_identify(.) by extension 'ignore_ament_install'
[0.742s] Level 1:colcon.colcon_core.package_identification:_identify(.) by extensions ['colcon_pkg']
[0.742s] Level 1:colcon.colcon_core.package_identification:_identify(.) by extension 'colcon_pkg'
[0.742s] Level 1:colcon.colcon_core.package_identification:_identify(.) by extensions ['colcon_meta']
[0.742s] Level 1:colcon.colcon_core.package_identification:_identify(.) by extension 'colcon_meta'
[0.742s] Level 1:colcon.colcon_core.package_identification:_identify(.) by extensions ['ros']
[0.742s] Level 1:colcon.colcon_core.package_identification:_identify(.) by extension 'ros'
[0.762s] Level 1:colcon.colcon_core.package_identification:_identify(.) by extensions ['cmake', 'python']
[0.762s] Level 1:colcon.colcon_core.package_identification:_identify(.) by extension 'cmake'
[0.763s] Level 1:colcon.colcon_core.package_identification:_identify(.) by extension 'python'
[0.763s] Level 1:colcon.colcon_core.package_identification:_identify(.) by extensions ['python_setup_py']
[0.763s] Level 1:colcon.colcon_core.package_identification:_identify(.) by extension 'python_setup_py'
[0.763s] Level 1:colcon.colcon_core.package_identification:_identify(build) by extensions ['ignore', 'ignore_ament_install']
[0.763s] Level 1:colcon.colcon_core.package_identification:_identify(build) by extension 'ignore'
[0.763s] Level 1:colcon.colcon_core.package_identification:_identify(build) ignored
[0.764s] Level 1:colcon.colcon_core.package_identification:_identify(install) by extensions ['ignore', 'ignore_ament_install']
[0.764s] Level 1:colcon.colcon_core.package_identification:_identify(install) by extension 'ignore'
[0.764s] Level 1:colcon.colcon_core.package_identification:_identify(install) ignored
[0.764s] Level 1:colcon.colcon_core.package_identification:_identify(log) by extensions ['ignore', 'ignore_ament_install']
[0.764s] Level 1:colcon.colcon_core.package_identification:_identify(log) by extension 'ignore'
[0.764s] Level 1:colcon.colcon_core.package_identification:_identify(log) ignored
[0.765s] Level 1:colcon.colcon_core.package_identification:_identify(src) by extensions ['ignore', 'ignore_ament_install']
[0.765s] Level 1:colcon.colcon_core.package_identification:_identify(src) by extension 'ignore'
[0.765s] Level 1:colcon.colcon_core.package_identification:_identify(src) by extension 'ignore_ament_install'
[0.765s] Level 1:colcon.colcon_core.package_identification:_identify(src) by extensions ['colcon_pkg']
[0.765s] Level 1:colcon.colcon_core.package_identification:_identify(src) by extension 'colcon_pkg'
[0.765s] Level 1:colcon.colcon_core.package_identification:_identify(src) by extensions ['colcon_meta']
[0.765s] Level 1:colcon.colcon_core.package_identification:_identify(src) by extension 'colcon_meta'
[0.765s] Level 1:colcon.colcon_core.package_identification:_identify(src) by extensions ['ros']
[0.765s] Level 1:colcon.colcon_core.package_identification:_identify(src) by extension 'ros'
[0.766s] Level 1:colcon.colcon_core.package_identification:_identify(src) by extensions ['cmake', 'python']
[0.766s] Level 1:colcon.colcon_core.package_identification:_identify(src) by extension 'cmake'
[0.766s] Level 1:colcon.colcon_core.package_identification:_identify(src) by extension 'python'
[0.766s] Level 1:colcon.colcon_core.package_identification:_identify(src) by extensions ['python_setup_py']
[0.766s] Level 1:colcon.colcon_core.package_identification:_identify(src) by extension 'python_setup_py'
[0.766s] Level 1:colcon.colcon_core.package_identification:_identify(src/ackermann-odometry) by extensions ['ignore', 'ignore_ament_install']
[0.766s] Level 1:colcon.colcon_core.package_identification:_identify(src/ackermann-odometry) by extension 'ignore'
[0.766s] Level 1:colcon.colcon_core.package_identification:_identify(src/ackermann-odometry) by extension 'ignore_ament_install'
[0.766s] Level 1:colcon.colcon_core.package_identification:_identify(src/ackermann-odometry) by extensions ['colcon_pkg']
[0.767s] Level 1:colcon.colcon_core.package_identification:_identify(src/ackermann-odometry) by extension 'colcon_pkg'
[0.767s] Level 1:colcon.colcon_core.package_identification:_identify(src/ackermann-odometry) by extensions ['colcon_meta']
[0.767s] Level 1:colcon.colcon_core.package_identification:_identify(src/ackermann-odometry) by extension 'colcon_meta'
[0.767s] Level 1:colcon.colcon_core.package_identification:_identify(src/ackermann-odometry) by extensions ['ros']
[0.767s] Level 1:colcon.colcon_core.package_identification:_identify(src/ackermann-odometry) by extension 'ros'
[0.767s] Level 1:colcon.colcon_core.package_identification:_identify(src/ackermann-odometry) by extensions ['cmake', 'python']
[0.767s] Level 1:colcon.colcon_core.package_identification:_identify(src/ackermann-odometry) by extension 'cmake'
[0.767s] Level 1:colcon.colcon_core.package_identification:_identify(src/ackermann-odometry) by extension 'python'
[0.767s] Level 1:colcon.colcon_core.package_identification:_identify(src/ackermann-odometry) by extensions ['python_setup_py']
[0.767s] Level 1:colcon.colcon_core.package_identification:_identify(src/ackermann-odometry) by extension 'python_setup_py'
[0.768s] Level 1:colcon.colcon_core.package_identification:_identify(src/ackermann-odometry/docker) by extensions ['ignore', 'ignore_ament_install']
[0.768s] Level 1:colcon.colcon_core.package_identification:_identify(src/ackermann-odometry/docker) by extension 'ignore'
[0.768s] Level 1:colcon.colcon_core.package_identification:_identify(src/ackermann-odometry/docker) by extension 'ignore_ament_install'
[0.768s] Level 1:colcon.colcon_core.package_identification:_identify(src/ackermann-odometry/docker) by extensions ['colcon_pkg']
[0.768s] Level 1:colcon.colcon_core.package_identification:_identify(src/ackermann-odometry/docker) by extension 'colcon_pkg'
[0.768s] Level 1:colcon.colcon_core.package_identification:_identify(src/ackermann-odometry/docker) by extensions ['colcon_meta']
[0.768s] Level 1:colcon.colcon_core.package_identification:_identify(src/ackermann-odometry/docker) by extension 'colcon_meta'
[0.768s] Level 1:colcon.colcon_core.package_identification:_identify(src/ackermann-odometry/docker) by extensions ['ros']
[0.768s] Level 1:colcon.colcon_core.package_identification:_identify(src/ackermann-odometry/docker) by extension 'ros'
[0.768s] Level 1:colcon.colcon_core.package_identification:_identify(src/ackermann-odometry/docker) by extensions ['cmake', 'python']
[0.769s] Level 1:colcon.colcon_core.package_identification:_identify(src/ackermann-odometry/docker) by extension 'cmake'
[0.769s] Level 1:colcon.colcon_core.package_identification:_identify(src/ackermann-odometry/docker) by extension 'python'
[0.769s] Level 1:colcon.colcon_core.package_identification:_identify(src/ackermann-odometry/docker) by extensions ['python_setup_py']
[0.769s] Level 1:colcon.colcon_core.package_identification:_identify(src/ackermann-odometry/docker) by extension 'python_setup_py'
[0.769s] Level 1:colcon.colcon_core.package_identification:_identify(src/ackermann-odometry/private) by extensions ['ignore', 'ignore_ament_install']
[0.769s] Level 1:colcon.colcon_core.package_identification:_identify(src/ackermann-odometry/private) by extension 'ignore'
[0.769s] Level 1:colcon.colcon_core.package_identification:_identify(src/ackermann-odometry/private) by extension 'ignore_ament_install'
[0.769s] Level 1:colcon.colcon_core.package_identification:_identify(src/ackermann-odometry/private) by extensions ['colcon_pkg']
[0.769s] Level 1:colcon.colcon_core.package_identification:_identify(src/ackermann-odometry/private) by extension 'colcon_pkg'
[0.770s] Level 1:colcon.colcon_core.package_identification:_identify(src/ackermann-odometry/private) by extensions ['colcon_meta']
[0.770s] Level 1:colcon.colcon_core.package_identification:_identify(src/ackermann-odometry/private) by extension 'colcon_meta'
[0.770s] Level 1:colcon.colcon_core.package_identification:_identify(src/ackermann-odometry/private) by extensions ['ros']
[0.770s] Level 1:colcon.colcon_core.package_identification:_identify(src/ackermann-odometry/private) by extension 'ros'
[0.770s] Level 1:colcon.colcon_core.package_identification:_identify(src/ackermann-odometry/private) by extensions ['cmake', 'python']
[0.770s] Level 1:colcon.colcon_core.package_identification:_identify(src/ackermann-odometry/private) by extension 'cmake'
[0.770s] Level 1:colcon.colcon_core.package_identification:_identify(src/ackermann-odometry/private) by extension 'python'
[0.770s] Level 1:colcon.colcon_core.package_identification:_identify(src/ackermann-odometry/private) by extensions ['python_setup_py']
[0.770s] Level 1:colcon.colcon_core.package_identification:_identify(src/ackermann-odometry/private) by extension 'python_setup_py'
[0.770s] Level 1:colcon.colcon_core.package_identification:_identify(src/ackermann-odometry/scripts) by extensions ['ignore', 'ignore_ament_install']
[0.771s] Level 1:colcon.colcon_core.package_identification:_identify(src/ackermann-odometry/scripts) by extension 'ignore'
[0.771s] Level 1:colcon.colcon_core.package_identification:_identify(src/ackermann-odometry/scripts) by extension 'ignore_ament_install'
[0.771s] Level 1:colcon.colcon_core.package_identification:_identify(src/ackermann-odometry/scripts) by extensions ['colcon_pkg']
[0.771s] Level 1:colcon.colcon_core.package_identification:_identify(src/ackermann-odometry/scripts) by extension 'colcon_pkg'
[0.771s] Level 1:colcon.colcon_core.package_identification:_identify(src/ackermann-odometry/scripts) by extensions ['colcon_meta']
[0.771s] Level 1:colcon.colcon_core.package_identification:_identify(src/ackermann-odometry/scripts) by extension 'colcon_meta'
[0.771s] Level 1:colcon.colcon_core.package_identification:_identify(src/ackermann-odometry/scripts) by extensions ['ros']
[0.771s] Level 1:colcon.colcon_core.package_identification:_identify(src/ackermann-odometry/scripts) by extension 'ros'
[0.771s] Level 1:colcon.colcon_core.package_identification:_identify(src/ackermann-odometry/scripts) by extensions ['cmake', 'python']
[0.771s] Level 1:colcon.colcon_core.package_identification:_identify(src/ackermann-odometry/scripts) by extension 'cmake'
[0.771s] Level 1:colcon.colcon_core.package_identification:_identify(src/ackermann-odometry/scripts) by extension 'python'
[0.772s] Level 1:colcon.colcon_core.package_identification:_identify(src/ackermann-odometry/scripts) by extensions ['python_setup_py']
[0.772s] Level 1:colcon.colcon_core.package_identification:_identify(src/ackermann-odometry/scripts) by extension 'python_setup_py'
[0.772s] Level 1:colcon.colcon_core.package_identification:_identify(src/ackermann-odometry/src) by extensions ['ignore', 'ignore_ament_install']
[0.772s] Level 1:colcon.colcon_core.package_identification:_identify(src/ackermann-odometry/src) by extension 'ignore'
[0.772s] Level 1:colcon.colcon_core.package_identification:_identify(src/ackermann-odometry/src) by extension 'ignore_ament_install'
[0.772s] Level 1:colcon.colcon_core.package_identification:_identify(src/ackermann-odometry/src) by extensions ['colcon_pkg']
[0.772s] Level 1:colcon.colcon_core.package_identification:_identify(src/ackermann-odometry/src) by extension 'colcon_pkg'
[0.772s] Level 1:colcon.colcon_core.package_identification:_identify(src/ackermann-odometry/src) by extensions ['colcon_meta']
[0.772s] Level 1:colcon.colcon_core.package_identification:_identify(src/ackermann-odometry/src) by extension 'colcon_meta'
[0.772s] Level 1:colcon.colcon_core.package_identification:_identify(src/ackermann-odometry/src) by extensions ['ros']
[0.773s] Level 1:colcon.colcon_core.package_identification:_identify(src/ackermann-odometry/src) by extension 'ros'
[0.773s] Level 1:colcon.colcon_core.package_identification:_identify(src/ackermann-odometry/src) by extensions ['cmake', 'python']
[0.773s] Level 1:colcon.colcon_core.package_identification:_identify(src/ackermann-odometry/src) by extension 'cmake'
[0.773s] Level 1:colcon.colcon_core.package_identification:_identify(src/ackermann-odometry/src) by extension 'python'
[0.773s] Level 1:colcon.colcon_core.package_identification:_identify(src/ackermann-odometry/src) by extensions ['python_setup_py']
[0.773s] Level 1:colcon.colcon_core.package_identification:_identify(src/ackermann-odometry/src) by extension 'python_setup_py'
[0.773s] Level 1:colcon.colcon_core.package_identification:_identify(src/ackermann-odometry/src/ackermann_controller) by extensions ['ignore', 'ignore_ament_install']
[0.773s] Level 1:colcon.colcon_core.package_identification:_identify(src/ackermann-odometry/src/ackermann_controller) by extension 'ignore'
[0.773s] Level 1:colcon.colcon_core.package_identification:_identify(src/ackermann-odometry/src/ackermann_controller) by extension 'ignore_ament_install'
[0.774s] Level 1:colcon.colcon_core.package_identification:_identify(src/ackermann-odometry/src/ackermann_controller) by extensions ['colcon_pkg']
[0.774s] Level 1:colcon.colcon_core.package_identification:_identify(src/ackermann-odometry/src/ackermann_controller) by extension 'colcon_pkg'
[0.774s] Level 1:colcon.colcon_core.package_identification:_identify(src/ackermann-odometry/src/ackermann_controller) by extensions ['colcon_meta']
[0.774s] Level 1:colcon.colcon_core.package_identification:_identify(src/ackermann-odometry/src/ackermann_controller) by extension 'colcon_meta'
[0.774s] Level 1:colcon.colcon_core.package_identification:_identify(src/ackermann-odometry/src/ackermann_controller) by extensions ['ros']
[0.774s] Level 1:colcon.colcon_core.package_identification:_identify(src/ackermann-odometry/src/ackermann_controller) by extension 'ros'
[0.779s] DEBUG:colcon.colcon_core.package_identification:Package 'src/ackermann-odometry/src/ackermann_controller' with type 'ros.ament_python' and name 'ackermann_controller'
[0.779s] Level 1:colcon.colcon_core.package_identification:_identify(src/ackermann-odometry/src/ackermann_interfaces) by extensions ['ignore', 'ignore_ament_install']
[0.779s] Level 1:colcon.colcon_core.package_identification:_identify(src/ackermann-odometry/src/ackermann_interfaces) by extension 'ignore'
[0.779s] Level 1:colcon.colcon_core.package_identification:_identify(src/ackermann-odometry/src/ackermann_interfaces) by extension 'ignore_ament_install'
[0.779s] Level 1:colcon.colcon_core.package_identification:_identify(src/ackermann-odometry/src/ackermann_interfaces) by extensions ['colcon_pkg']
[0.779s] Level 1:colcon.colcon_core.package_identification:_identify(src/ackermann-odometry/src/ackermann_interfaces) by extension 'colcon_pkg'
[0.780s] Level 1:colcon.colcon_core.package_identification:_identify(src/ackermann-odometry/src/ackermann_interfaces) by extensions ['colcon_meta']
[0.780s] Level 1:colcon.colcon_core.package_identification:_identify(src/ackermann-odometry/src/ackermann_interfaces) by extension 'colcon_meta'
[0.780s] Level 1:colcon.colcon_core.package_identification:_identify(src/ackermann-odometry/src/ackermann_interfaces) by extensions ['ros']
[0.780s] Level 1:colcon.colcon_core.package_identification:_identify(src/ackermann-odometry/src/ackermann_interfaces) by extension 'ros'
[0.781s] DEBUG:colcon.colcon_core.package_identification:Package 'src/ackermann-odometry/src/ackermann_interfaces' with type 'ros.ament_cmake' and name 'ackermann_interfaces'
[0.781s] Level 1:colcon.colcon_core.package_identification:_identify(src/ackermann-odometry/src/ackermann_odometry) by extensions ['ignore', 'ignore_ament_install']
[0.781s] Level 1:colcon.colcon_core.package_identification:_identify(src/ackermann-odometry/src/ackermann_odometry) by extension 'ignore'
[0.781s] Level 1:colcon.colcon_core.package_identification:_identify(src/ackermann-odometry/src/ackermann_odometry) by extension 'ignore_ament_install'
[0.781s] Level 1:colcon.colcon_core.package_identification:_identify(src/ackermann-odometry/src/ackermann_odometry) by extensions ['colcon_pkg']
[0.781s] Level 1:colcon.colcon_core.package_identification:_identify(src/ackermann-odometry/src/ackermann_odometry) by extension 'colcon_pkg'
[0.782s] Level 1:colcon.colcon_core.package_identification:_identify(src/ackermann-odometry/src/ackermann_odometry) by extensions ['colcon_meta']
[0.782s] Level 1:colcon.colcon_core.package_identification:_identify(src/ackermann-odometry/src/ackermann_odometry) by extension 'colcon_meta'
[0.782s] Level 1:colcon.colcon_core.package_identification:_identify(src/ackermann-odometry/src/ackermann_odometry) by extensions ['ros']
[0.782s] Level 1:colcon.colcon_core.package_identification:_identify(src/ackermann-odometry/src/ackermann_odometry) by extension 'ros'
[0.783s] DEBUG:colcon.colcon_core.package_identification:Package 'src/ackermann-odometry/src/ackermann_odometry' with type 'ros.ament_python' and name 'ackermann_odometry'
[0.783s] Level 1:colcon.colcon_core.package_identification:_identify(src/mina_ugv) by extensions ['ignore', 'ignore_ament_install']
[0.783s] Level 1:colcon.colcon_core.package_identification:_identify(src/mina_ugv) by extension 'ignore'
[0.783s] Level 1:colcon.colcon_core.package_identification:_identify(src/mina_ugv) by extension 'ignore_ament_install'
[0.783s] Level 1:colcon.colcon_core.package_identification:_identify(src/mina_ugv) by extensions ['colcon_pkg']
[0.783s] Level 1:colcon.colcon_core.package_identification:_identify(src/mina_ugv) by extension 'colcon_pkg'
[0.783s] Level 1:colcon.colcon_core.package_identification:_identify(src/mina_ugv) by extensions ['colcon_meta']
[0.783s] Level 1:colcon.colcon_core.package_identification:_identify(src/mina_ugv) by extension 'colcon_meta'
[0.784s] Level 1:colcon.colcon_core.package_identification:_identify(src/mina_ugv) by extensions ['ros']
[0.784s] Level 1:colcon.colcon_core.package_identification:_identify(src/mina_ugv) by extension 'ros'
[0.785s] DEBUG:colcon.colcon_core.package_identification:Package 'src/mina_ugv' with type 'ros.ament_cmake' and name 'mina_ugv'
[0.786s] Level 1:colcon.colcon_core.package_identification:_identify(src/mini_ugv) by extensions ['ignore', 'ignore_ament_install']
[0.786s] Level 1:colcon.colcon_core.package_identification:_identify(src/mini_ugv) by extension 'ignore'
[0.786s] Level 1:colcon.colcon_core.package_identification:_identify(src/mini_ugv) by extension 'ignore_ament_install'
[0.786s] Level 1:colcon.colcon_core.package_identification:_identify(src/mini_ugv) by extensions ['colcon_pkg']
[0.786s] Level 1:colcon.colcon_core.package_identification:_identify(src/mini_ugv) by extension 'colcon_pkg'
[0.786s] Level 1:colcon.colcon_core.package_identification:_identify(src/mini_ugv) by extensions ['colcon_meta']
[0.786s] Level 1:colcon.colcon_core.package_identification:_identify(src/mini_ugv) by extension 'colcon_meta'
[0.786s] Level 1:colcon.colcon_core.package_identification:_identify(src/mini_ugv) by extensions ['ros']
[0.786s] Level 1:colcon.colcon_core.package_identification:_identify(src/mini_ugv) by extension 'ros'
[0.787s] DEBUG:colcon.colcon_core.package_identification:Package 'src/mini_ugv' with type 'ros.ament_cmake' and name 'mini_ugv'
[0.788s] Level 1:colcon.colcon_core.package_identification:_identify(src/ugv_can) by extensions ['ignore', 'ignore_ament_install']
[0.788s] Level 1:colcon.colcon_core.package_identification:_identify(src/ugv_can) by extension 'ignore'
[0.788s] Level 1:colcon.colcon_core.package_identification:_identify(src/ugv_can) by extension 'ignore_ament_install'
[0.788s] Level 1:colcon.colcon_core.package_identification:_identify(src/ugv_can) by extensions ['colcon_pkg']
[0.788s] Level 1:colcon.colcon_core.package_identification:_identify(src/ugv_can) by extension 'colcon_pkg'
[0.788s] Level 1:colcon.colcon_core.package_identification:_identify(src/ugv_can) by extensions ['colcon_meta']
[0.788s] Level 1:colcon.colcon_core.package_identification:_identify(src/ugv_can) by extension 'colcon_meta'
[0.788s] Level 1:colcon.colcon_core.package_identification:_identify(src/ugv_can) by extensions ['ros']
[0.788s] Level 1:colcon.colcon_core.package_identification:_identify(src/ugv_can) by extension 'ros'
[0.789s] DEBUG:colcon.colcon_core.package_identification:Package 'src/ugv_can' with type 'ros.ament_python' and name 'ugv_can'
[0.789s] Level 1:colcon.colcon_core.package_identification:_identify(src/ugv_design) by extensions ['ignore', 'ignore_ament_install']
[0.790s] Level 1:colcon.colcon_core.package_identification:_identify(src/ugv_design) by extension 'ignore'
[0.790s] Level 1:colcon.colcon_core.package_identification:_identify(src/ugv_design) by extension 'ignore_ament_install'
[0.790s] Level 1:colcon.colcon_core.package_identification:_identify(src/ugv_design) by extensions ['colcon_pkg']
[0.790s] Level 1:colcon.colcon_core.package_identification:_identify(src/ugv_design) by extension 'colcon_pkg'
[0.790s] Level 1:colcon.colcon_core.package_identification:_identify(src/ugv_design) by extensions ['colcon_meta']
[0.790s] Level 1:colcon.colcon_core.package_identification:_identify(src/ugv_design) by extension 'colcon_meta'
[0.790s] Level 1:colcon.colcon_core.package_identification:_identify(src/ugv_design) by extensions ['ros']
[0.790s] Level 1:colcon.colcon_core.package_identification:_identify(src/ugv_design) by extension 'ros'
[0.791s] DEBUG:colcon.colcon_core.package_identification:Package 'src/ugv_design' with type 'ros.ament_cmake' and name 'ugv_design'
[0.791s] Level 1:colcon.colcon_core.package_identification:_identify(src/ydlidar_ros2_driver) by extensions ['ignore', 'ignore_ament_install']
[0.791s] Level 1:colcon.colcon_core.package_identification:_identify(src/ydlidar_ros2_driver) by extension 'ignore'
[0.791s] Level 1:colcon.colcon_core.package_identification:_identify(src/ydlidar_ros2_driver) by extension 'ignore_ament_install'
[0.791s] Level 1:colcon.colcon_core.package_identification:_identify(src/ydlidar_ros2_driver) by extensions ['colcon_pkg']
[0.792s] Level 1:colcon.colcon_core.package_identification:_identify(src/ydlidar_ros2_driver) by extension 'colcon_pkg'
[0.792s] Level 1:colcon.colcon_core.package_identification:_identify(src/ydlidar_ros2_driver) by extensions ['colcon_meta']
[0.792s] Level 1:colcon.colcon_core.package_identification:_identify(src/ydlidar_ros2_driver) by extension 'colcon_meta'
[0.792s] Level 1:colcon.colcon_core.package_identification:_identify(src/ydlidar_ros2_driver) by extensions ['ros']
[0.792s] Level 1:colcon.colcon_core.package_identification:_identify(src/ydlidar_ros2_driver) by extension 'ros'
[0.793s] DEBUG:colcon.colcon_core.package_identification:Package 'src/ydlidar_ros2_driver' with type 'ros.ament_cmake' and name 'ydlidar_ros2_driver'
[0.793s] Level 1:colcon.colcon_core.package_discovery:discover_packages(recursive) using defaults
[0.793s] Level 1:colcon.colcon_core.package_discovery:discover_packages(ignore) discover
[0.793s] Level 1:colcon.colcon_core.package_discovery:discover_packages(ignore) using defaults
[0.793s] Level 1:colcon.colcon_core.package_discovery:discover_packages(path) discover
[0.793s] Level 1:colcon.colcon_core.package_discovery:discover_packages(path) using defaults
[0.853s] Level 1:colcon.colcon_core.package_discovery:discover_packages(prefix_path) check parameters
[0.853s] Level 1:colcon.colcon_core.package_discovery:discover_packages(prefix_path) discover
[0.857s] DEBUG:colcon.colcon_installed_package_information.package_discovery:Found 8 installed packages in /home/navcon/ws/mina_ws/install
[0.860s] DEBUG:colcon.colcon_installed_package_information.package_discovery:Found 400 installed packages in /opt/ros/humble
[0.863s] Level 1:colcon.colcon_core.package_discovery:discover_packages(prefix_path) using defaults
[1.026s] Level 5:colcon.colcon_core.verb:set package 'ackermann_controller' build argument 'cmake_args' from command line to 'None'
[1.027s] Level 5:colcon.colcon_core.verb:set package 'ackermann_controller' build argument 'cmake_target' from command line to 'None'
[1.027s] Level 5:colcon.colcon_core.verb:set package 'ackermann_controller' build argument 'cmake_target_skip_unavailable' from command line to 'False'
[1.027s] Level 5:colcon.colcon_core.verb:set package 'ackermann_controller' build argument 'cmake_clean_cache' from command line to 'False'
[1.027s] Level 5:colcon.colcon_core.verb:set package 'ackermann_controller' build argument 'cmake_clean_first' from command line to 'False'
[1.027s] Level 5:colcon.colcon_core.verb:set package 'ackermann_controller' build argument 'cmake_force_configure' from command line to 'False'
[1.027s] Level 5:colcon.colcon_core.verb:set package 'ackermann_controller' build argument 'ament_cmake_args' from command line to 'None'
[1.027s] Level 5:colcon.colcon_core.verb:set package 'ackermann_controller' build argument 'catkin_cmake_args' from command line to 'None'
[1.027s] Level 5:colcon.colcon_core.verb:set package 'ackermann_controller' build argument 'catkin_skip_building_tests' from command line to 'False'
[1.027s] DEBUG:colcon.colcon_core.verb:Building package 'ackermann_controller' with the following arguments: {'ament_cmake_args': None, 'build_base': '/home/navcon/ws/mina_ws/build/ackermann_controller', 'catkin_cmake_args': None, 'catkin_skip_building_tests': False, 'cmake_args': None, 'cmake_clean_cache': False, 'cmake_clean_first': False, 'cmake_force_configure': False, 'cmake_target': None, 'cmake_target_skip_unavailable': False, 'install_base': '/home/navcon/ws/mina_ws/install/ackermann_controller', 'merge_install': False, 'path': '/home/navcon/ws/mina_ws/src/ackermann-odometry/src/ackermann_controller', 'symlink_install': False, 'test_result_base': None}
[1.028s] Level 5:colcon.colcon_core.verb:set package 'ackermann_interfaces' build argument 'cmake_args' from command line to 'None'
[1.028s] Level 5:colcon.colcon_core.verb:set package 'ackermann_interfaces' build argument 'cmake_target' from command line to 'None'
[1.028s] Level 5:colcon.colcon_core.verb:set package 'ackermann_interfaces' build argument 'cmake_target_skip_unavailable' from command line to 'False'
[1.028s] Level 5:colcon.colcon_core.verb:set package 'ackermann_interfaces' build argument 'cmake_clean_cache' from command line to 'False'
[1.028s] Level 5:colcon.colcon_core.verb:set package 'ackermann_interfaces' build argument 'cmake_clean_first' from command line to 'False'
[1.029s] Level 5:colcon.colcon_core.verb:set package 'ackermann_interfaces' build argument 'cmake_force_configure' from command line to 'False'
[1.029s] Level 5:colcon.colcon_core.verb:set package 'ackermann_interfaces' build argument 'ament_cmake_args' from command line to 'None'
[1.029s] Level 5:colcon.colcon_core.verb:set package 'ackermann_interfaces' build argument 'catkin_cmake_args' from command line to 'None'
[1.029s] Level 5:colcon.colcon_core.verb:set package 'ackermann_interfaces' build argument 'catkin_skip_building_tests' from command line to 'False'
[1.029s] DEBUG:colcon.colcon_core.verb:Building package 'ackermann_interfaces' with the following arguments: {'ament_cmake_args': None, 'build_base': '/home/navcon/ws/mina_ws/build/ackermann_interfaces', 'catkin_cmake_args': None, 'catkin_skip_building_tests': False, 'cmake_args': None, 'cmake_clean_cache': False, 'cmake_clean_first': False, 'cmake_force_configure': False, 'cmake_target': None, 'cmake_target_skip_unavailable': False, 'install_base': '/home/navcon/ws/mina_ws/install/ackermann_interfaces', 'merge_install': False, 'path': '/home/navcon/ws/mina_ws/src/ackermann-odometry/src/ackermann_interfaces', 'symlink_install': False, 'test_result_base': None}
[1.029s] Level 5:colcon.colcon_core.verb:set package 'mina_ugv' build argument 'cmake_args' from command line to 'None'
[1.030s] Level 5:colcon.colcon_core.verb:set package 'mina_ugv' build argument 'cmake_target' from command line to 'None'
[1.030s] Level 5:colcon.colcon_core.verb:set package 'mina_ugv' build argument 'cmake_target_skip_unavailable' from command line to 'False'
[1.030s] Level 5:colcon.colcon_core.verb:set package 'mina_ugv' build argument 'cmake_clean_cache' from command line to 'False'
[1.030s] Level 5:colcon.colcon_core.verb:set package 'mina_ugv' build argument 'cmake_clean_first' from command line to 'False'
[1.030s] Level 5:colcon.colcon_core.verb:set package 'mina_ugv' build argument 'cmake_force_configure' from command line to 'False'
[1.030s] Level 5:colcon.colcon_core.verb:set package 'mina_ugv' build argument 'ament_cmake_args' from command line to 'None'
[1.030s] Level 5:colcon.colcon_core.verb:set package 'mina_ugv' build argument 'catkin_cmake_args' from command line to 'None'
[1.030s] Level 5:colcon.colcon_core.verb:set package 'mina_ugv' build argument 'catkin_skip_building_tests' from command line to 'False'
[1.030s] DEBUG:colcon.colcon_core.verb:Building package 'mina_ugv' with the following arguments: {'ament_cmake_args': None, 'build_base': '/home/navcon/ws/mina_ws/build/mina_ugv', 'catkin_cmake_args': None, 'catkin_skip_building_tests': False, 'cmake_args': None, 'cmake_clean_cache': False, 'cmake_clean_first': False, 'cmake_force_configure': False, 'cmake_target': None, 'cmake_target_skip_unavailable': False, 'install_base': '/home/navcon/ws/mina_ws/install/mina_ugv', 'merge_install': False, 'path': '/home/navcon/ws/mina_ws/src/mina_ugv', 'symlink_install': False, 'test_result_base': None}
[1.031s] Level 5:colcon.colcon_core.verb:set package 'mini_ugv' build argument 'cmake_args' from command line to 'None'
[1.031s] Level 5:colcon.colcon_core.verb:set package 'mini_ugv' build argument 'cmake_target' from command line to 'None'
[1.031s] Level 5:colcon.colcon_core.verb:set package 'mini_ugv' build argument 'cmake_target_skip_unavailable' from command line to 'False'
[1.031s] Level 5:colcon.colcon_core.verb:set package 'mini_ugv' build argument 'cmake_clean_cache' from command line to 'False'
[1.031s] Level 5:colcon.colcon_core.verb:set package 'mini_ugv' build argument 'cmake_clean_first' from command line to 'False'
[1.031s] Level 5:colcon.colcon_core.verb:set package 'mini_ugv' build argument 'cmake_force_configure' from command line to 'False'
[1.031s] Level 5:colcon.colcon_core.verb:set package 'mini_ugv' build argument 'ament_cmake_args' from command line to 'None'
[1.031s] Level 5:colcon.colcon_core.verb:set package 'mini_ugv' build argument 'catkin_cmake_args' from command line to 'None'
[1.031s] Level 5:colcon.colcon_core.verb:set package 'mini_ugv' build argument 'catkin_skip_building_tests' from command line to 'False'
[1.031s] DEBUG:colcon.colcon_core.verb:Building package 'mini_ugv' with the following arguments: {'ament_cmake_args': None, 'build_base': '/home/navcon/ws/mina_ws/build/mini_ugv', 'catkin_cmake_args': None, 'catkin_skip_building_tests': False, 'cmake_args': None, 'cmake_clean_cache': False, 'cmake_clean_first': False, 'cmake_force_configure': False, 'cmake_target': None, 'cmake_target_skip_unavailable': False, 'install_base': '/home/navcon/ws/mina_ws/install/mini_ugv', 'merge_install': False, 'path': '/home/navcon/ws/mina_ws/src/mini_ugv', 'symlink_install': False, 'test_result_base': None}
[1.032s] Level 5:colcon.colcon_core.verb:set package 'ugv_can' build argument 'cmake_args' from command line to 'None'
[1.032s] Level 5:colcon.colcon_core.verb:set package 'ugv_can' build argument 'cmake_target' from command line to 'None'
[1.032s] Level 5:colcon.colcon_core.verb:set package 'ugv_can' build argument 'cmake_target_skip_unavailable' from command line to 'False'
[1.032s] Level 5:colcon.colcon_core.verb:set package 'ugv_can' build argument 'cmake_clean_cache' from command line to 'False'
[1.032s] Level 5:colcon.colcon_core.verb:set package 'ugv_can' build argument 'cmake_clean_first' from command line to 'False'
[1.032s] Level 5:colcon.colcon_core.verb:set package 'ugv_can' build argument 'cmake_force_configure' from command line to 'False'
[1.032s] Level 5:colcon.colcon_core.verb:set package 'ugv_can' build argument 'ament_cmake_args' from command line to 'None'
[1.032s] Level 5:colcon.colcon_core.verb:set package 'ugv_can' build argument 'catkin_cmake_args' from command line to 'None'
[1.032s] Level 5:colcon.colcon_core.verb:set package 'ugv_can' build argument 'catkin_skip_building_tests' from command line to 'False'
[1.032s] DEBUG:colcon.colcon_core.verb:Building package 'ugv_can' with the following arguments: {'ament_cmake_args': None, 'build_base': '/home/navcon/ws/mina_ws/build/ugv_can', 'catkin_cmake_args': None, 'catkin_skip_building_tests': False, 'cmake_args': None, 'cmake_clean_cache': False, 'cmake_clean_first': False, 'cmake_force_configure': False, 'cmake_target': None, 'cmake_target_skip_unavailable': False, 'install_base': '/home/navcon/ws/mina_ws/install/ugv_can', 'merge_install': False, 'path': '/home/navcon/ws/mina_ws/src/ugv_can', 'symlink_install': False, 'test_result_base': None}
[1.033s] Level 5:colcon.colcon_core.verb:set package 'ugv_design' build argument 'cmake_args' from command line to 'None'
[1.033s] Level 5:colcon.colcon_core.verb:set package 'ugv_design' build argument 'cmake_target' from command line to 'None'
[1.033s] Level 5:colcon.colcon_core.verb:set package 'ugv_design' build argument 'cmake_target_skip_unavailable' from command line to 'False'
[1.033s] Level 5:colcon.colcon_core.verb:set package 'ugv_design' build argument 'cmake_clean_cache' from command line to 'False'
[1.033s] Level 5:colcon.colcon_core.verb:set package 'ugv_design' build argument 'cmake_clean_first' from command line to 'False'
[1.033s] Level 5:colcon.colcon_core.verb:set package 'ugv_design' build argument 'cmake_force_configure' from command line to 'False'
[1.033s] Level 5:colcon.colcon_core.verb:set package 'ugv_design' build argument 'ament_cmake_args' from command line to 'None'
[1.033s] Level 5:colcon.colcon_core.verb:set package 'ugv_design' build argument 'catkin_cmake_args' from command line to 'None'
[1.033s] Level 5:colcon.colcon_core.verb:set package 'ugv_design' build argument 'catkin_skip_building_tests' from command line to 'False'
[1.033s] DEBUG:colcon.colcon_core.verb:Building package 'ugv_design' with the following arguments: {'ament_cmake_args': None, 'build_base': '/home/navcon/ws/mina_ws/build/ugv_design', 'catkin_cmake_args': None, 'catkin_skip_building_tests': False, 'cmake_args': None, 'cmake_clean_cache': False, 'cmake_clean_first': False, 'cmake_force_configure': False, 'cmake_target': None, 'cmake_target_skip_unavailable': False, 'install_base': '/home/navcon/ws/mina_ws/install/ugv_design', 'merge_install': False, 'path': '/home/navcon/ws/mina_ws/src/ugv_design', 'symlink_install': False, 'test_result_base': None}
[1.034s] Level 5:colcon.colcon_core.verb:set package 'ydlidar_ros2_driver' build argument 'cmake_args' from command line to 'None'
[1.034s] Level 5:colcon.colcon_core.verb:set package 'ydlidar_ros2_driver' build argument 'cmake_target' from command line to 'None'
[1.034s] Level 5:colcon.colcon_core.verb:set package 'ydlidar_ros2_driver' build argument 'cmake_target_skip_unavailable' from command line to 'False'
[1.034s] Level 5:colcon.colcon_core.verb:set package 'ydlidar_ros2_driver' build argument 'cmake_clean_cache' from command line to 'False'
[1.034s] Level 5:colcon.colcon_core.verb:set package 'ydlidar_ros2_driver' build argument 'cmake_clean_first' from command line to 'False'
[1.034s] Level 5:colcon.colcon_core.verb:set package 'ydlidar_ros2_driver' build argument 'cmake_force_configure' from command line to 'False'
[1.034s] Level 5:colcon.colcon_core.verb:set package 'ydlidar_ros2_driver' build argument 'ament_cmake_args' from command line to 'None'
[1.034s] Level 5:colcon.colcon_core.verb:set package 'ydlidar_ros2_driver' build argument 'catkin_cmake_args' from command line to 'None'
[1.034s] Level 5:colcon.colcon_core.verb:set package 'ydlidar_ros2_driver' build argument 'catkin_skip_building_tests' from command line to 'False'
[1.034s] DEBUG:colcon.colcon_core.verb:Building package 'ydlidar_ros2_driver' with the following arguments: {'ament_cmake_args': None, 'build_base': '/home/navcon/ws/mina_ws/build/ydlidar_ros2_driver', 'catkin_cmake_args': None, 'catkin_skip_building_tests': False, 'cmake_args': None, 'cmake_clean_cache': False, 'cmake_clean_first': False, 'cmake_force_configure': False, 'cmake_target': None, 'cmake_target_skip_unavailable': False, 'install_base': '/home/navcon/ws/mina_ws/install/ydlidar_ros2_driver', 'merge_install': False, 'path': '/home/navcon/ws/mina_ws/src/ydlidar_ros2_driver', 'symlink_install': False, 'test_result_base': None}
[1.035s] Level 5:colcon.colcon_core.verb:set package 'ackermann_odometry' build argument 'cmake_args' from command line to 'None'
[1.035s] Level 5:colcon.colcon_core.verb:set package 'ackermann_odometry' build argument 'cmake_target' from command line to 'None'
[1.035s] Level 5:colcon.colcon_core.verb:set package 'ackermann_odometry' build argument 'cmake_target_skip_unavailable' from command line to 'False'
[1.035s] Level 5:colcon.colcon_core.verb:set package 'ackermann_odometry' build argument 'cmake_clean_cache' from command line to 'False'
[1.035s] Level 5:colcon.colcon_core.verb:set package 'ackermann_odometry' build argument 'cmake_clean_first' from command line to 'False'
[1.035s] Level 5:colcon.colcon_core.verb:set package 'ackermann_odometry' build argument 'cmake_force_configure' from command line to 'False'
[1.035s] Level 5:colcon.colcon_core.verb:set package 'ackermann_odometry' build argument 'ament_cmake_args' from command line to 'None'
[1.035s] Level 5:colcon.colcon_core.verb:set package 'ackermann_odometry' build argument 'catkin_cmake_args' from command line to 'None'
[1.035s] Level 5:colcon.colcon_core.verb:set package 'ackermann_odometry' build argument 'catkin_skip_building_tests' from command line to 'False'
[1.035s] DEBUG:colcon.colcon_core.verb:Building package 'ackermann_odometry' with the following arguments: {'ament_cmake_args': None, 'build_base': '/home/navcon/ws/mina_ws/build/ackermann_odometry', 'catkin_cmake_args': None, 'catkin_skip_building_tests': False, 'cmake_args': None, 'cmake_clean_cache': False, 'cmake_clean_first': False, 'cmake_force_configure': False, 'cmake_target': None, 'cmake_target_skip_unavailable': False, 'install_base': '/home/navcon/ws/mina_ws/install/ackermann_odometry', 'merge_install': False, 'path': '/home/navcon/ws/mina_ws/src/ackermann-odometry/src/ackermann_odometry', 'symlink_install': False, 'test_result_base': None}
[1.036s] INFO:colcon.colcon_core.executor:Executing jobs using 'parallel' executor
[1.038s] DEBUG:colcon.colcon_parallel_executor.executor.parallel:run_until_complete
[1.039s] INFO:colcon.colcon_ros.task.ament_cmake.build:Building ROS package in '/home/navcon/ws/mina_ws/src/ackermann-odometry/src/ackermann_interfaces' with build type 'ament_cmake'
[1.039s] INFO:colcon.colcon_cmake.task.cmake.build:Building CMake package in '/home/navcon/ws/mina_ws/src/ackermann-odometry/src/ackermann_interfaces'
[1.044s] INFO:colcon.colcon_core.plugin_system:Skipping extension 'colcon_core.shell.bat': Not used on non-Windows systems
[1.044s] INFO:colcon.colcon_core.shell:Skip shell extension 'powershell' for command environment: Not usable outside of PowerShell
[1.045s] DEBUG:colcon.colcon_core.shell:Skip shell extension 'dsv' for command environment
[1.060s] INFO:colcon.colcon_ros.task.ament_python.build:Building ROS package in '/home/navcon/ws/mina_ws/src/ackermann-odometry/src/ackermann_controller' with build type 'ament_python'
[1.061s] Level 1:colcon.colcon_core.shell:create_environment_hook('ackermann_controller', 'ament_prefix_path')
[1.062s] INFO:colcon.colcon_core.shell:Creating environment hook '/home/navcon/ws/mina_ws/install/ackermann_controller/share/ackermann_controller/hook/ament_prefix_path.ps1'
[1.064s] INFO:colcon.colcon_core.shell:Creating environment descriptor '/home/navcon/ws/mina_ws/install/ackermann_controller/share/ackermann_controller/hook/ament_prefix_path.dsv'
[1.065s] INFO:colcon.colcon_core.shell:Creating environment hook '/home/navcon/ws/mina_ws/install/ackermann_controller/share/ackermann_controller/hook/ament_prefix_path.sh'
[1.067s] INFO:colcon.colcon_core.shell:Skip shell extension 'powershell' for command environment: Not usable outside of PowerShell
[1.067s] DEBUG:colcon.colcon_core.shell:Skip shell extension 'dsv' for command environment
[1.080s] INFO:colcon.colcon_ros.task.ament_cmake.build:Building ROS package in '/home/navcon/ws/mina_ws/src/mina_ugv' with build type 'ament_cmake'
[1.081s] INFO:colcon.colcon_cmake.task.cmake.build:Building CMake package in '/home/navcon/ws/mina_ws/src/mina_ugv'
[1.082s] INFO:colcon.colcon_core.shell:Skip shell extension 'powershell' for command environment: Not usable outside of PowerShell
[1.082s] DEBUG:colcon.colcon_core.shell:Skip shell extension 'dsv' for command environment
[1.097s] INFO:colcon.colcon_ros.task.ament_cmake.build:Building ROS package in '/home/navcon/ws/mina_ws/src/mini_ugv' with build type 'ament_cmake'
[1.098s] INFO:colcon.colcon_cmake.task.cmake.build:Building CMake package in '/home/navcon/ws/mina_ws/src/mini_ugv'
[1.099s] INFO:colcon.colcon_core.shell:Skip shell extension 'powershell' for command environment: Not usable outside of PowerShell
[1.099s] DEBUG:colcon.colcon_core.shell:Skip shell extension 'dsv' for command environment
[1.114s] INFO:colcon.colcon_ros.task.ament_python.build:Building ROS package in '/home/navcon/ws/mina_ws/src/ugv_can' with build type 'ament_python'
[1.115s] Level 1:colcon.colcon_core.shell:create_environment_hook('ugv_can', 'ament_prefix_path')
[1.116s] INFO:colcon.colcon_core.shell:Creating environment hook '/home/navcon/ws/mina_ws/install/ugv_can/share/ugv_can/hook/ament_prefix_path.ps1'
[1.118s] INFO:colcon.colcon_core.shell:Creating environment descriptor '/home/navcon/ws/mina_ws/install/ugv_can/share/ugv_can/hook/ament_prefix_path.dsv'
[1.119s] INFO:colcon.colcon_core.shell:Creating environment hook '/home/navcon/ws/mina_ws/install/ugv_can/share/ugv_can/hook/ament_prefix_path.sh'
[1.121s] INFO:colcon.colcon_core.shell:Skip shell extension 'powershell' for command environment: Not usable outside of PowerShell
[1.121s] DEBUG:colcon.colcon_core.shell:Skip shell extension 'dsv' for command environment
[1.137s] INFO:colcon.colcon_ros.task.ament_cmake.build:Building ROS package in '/home/navcon/ws/mina_ws/src/ugv_design' with build type 'ament_cmake'
[1.138s] INFO:colcon.colcon_cmake.task.cmake.build:Building CMake package in '/home/navcon/ws/mina_ws/src/ugv_design'
[1.140s] INFO:colcon.colcon_core.shell:Skip shell extension 'powershell' for command environment: Not usable outside of PowerShell
[1.141s] DEBUG:colcon.colcon_core.shell:Skip shell extension 'dsv' for command environment
[1.157s] INFO:colcon.colcon_ros.task.ament_cmake.build:Building ROS package in '/home/navcon/ws/mina_ws/src/ydlidar_ros2_driver' with build type 'ament_cmake'
[1.158s] INFO:colcon.colcon_cmake.task.cmake.build:Building CMake package in '/home/navcon/ws/mina_ws/src/ydlidar_ros2_driver'
[1.160s] INFO:colcon.colcon_core.shell:Skip shell extension 'powershell' for command environment: Not usable outside of PowerShell
[1.160s] DEBUG:colcon.colcon_core.shell:Skip shell extension 'dsv' for command environment
[1.189s] DEBUG:colcon.colcon_core.event_handler.log_command:Invoking command in '/home/navcon/ws/mina_ws/build/ackermann_interfaces': CMAKE_PREFIX_PATH=${CMAKE_PREFIX_PATH}:/home/navcon/ws/mina_ws/install/ugv_can:/home/navcon/ws/mina_ws/install/ackermann_odometry:/home/navcon/ws/mina_ws/install/ackermann_controller:/opt/ros/humble /usr/bin/cmake --build /home/navcon/ws/mina_ws/build/ackermann_interfaces -- -j8 -l8
[1.724s] INFO:colcon.colcon_core.task.python.build:Building Python package in '/home/navcon/ws/mina_ws/src/ackermann-odometry/src/ackermann_controller'
[1.726s] INFO:colcon.colcon_core.shell:Skip shell extension 'powershell' for command environment: Not usable outside of PowerShell
[1.726s] DEBUG:colcon.colcon_core.shell:Skip shell extension 'dsv' for command environment
[1.750s] DEBUG:colcon.colcon_core.event_handler.log_command:Invoking command in '/home/navcon/ws/mina_ws/build/mina_ugv': CMAKE_PREFIX_PATH=${CMAKE_PREFIX_PATH}:/home/navcon/ws/mina_ws/install/ugv_can:/home/navcon/ws/mina_ws/install/ackermann_odometry:/home/navcon/ws/mina_ws/install/ackermann_controller:/opt/ros/humble /usr/bin/cmake --build /home/navcon/ws/mina_ws/build/mina_ugv -- -j8 -l8
[1.760s] DEBUG:colcon.colcon_core.event_handler.log_command:Invoking command in '/home/navcon/ws/mina_ws/build/mini_ugv': CMAKE_PREFIX_PATH=${CMAKE_PREFIX_PATH}:/home/navcon/ws/mina_ws/install/ugv_can:/home/navcon/ws/mina_ws/install/ackermann_odometry:/home/navcon/ws/mina_ws/install/ackermann_controller:/opt/ros/humble /usr/bin/cmake --build /home/navcon/ws/mina_ws/build/mini_ugv -- -j8 -l8
[2.284s] INFO:colcon.colcon_core.task.python.build:Building Python package in '/home/navcon/ws/mina_ws/src/ugv_can'
[2.286s] INFO:colcon.colcon_core.shell:Skip shell extension 'powershell' for command environment: Not usable outside of PowerShell
[2.286s] DEBUG:colcon.colcon_core.shell:Skip shell extension 'dsv' for command environment
[2.312s] DEBUG:colcon.colcon_core.event_handler.log_command:Invoking command in '/home/navcon/ws/mina_ws/build/ugv_design': CMAKE_PREFIX_PATH=${CMAKE_PREFIX_PATH}:/home/navcon/ws/mina_ws/install/ugv_can:/home/navcon/ws/mina_ws/install/ackermann_odometry:/home/navcon/ws/mina_ws/install/ackermann_controller:/opt/ros/humble /usr/bin/cmake --build /home/navcon/ws/mina_ws/build/ugv_design -- -j8 -l8
[2.322s] DEBUG:colcon.colcon_core.event_handler.log_command:Invoking command in '/home/navcon/ws/mina_ws/build/ydlidar_ros2_driver': CMAKE_PREFIX_PATH=${CMAKE_PREFIX_PATH}:/home/navcon/ws/mina_ws/install/ugv_can:/home/navcon/ws/mina_ws/install/ackermann_odometry:/home/navcon/ws/mina_ws/install/ackermann_controller:/opt/ros/humble /usr/bin/cmake --build /home/navcon/ws/mina_ws/build/ydlidar_ros2_driver -- -j8 -l8
[2.340s] DEBUG:colcon.colcon_core.event_handler.log_command:Invoked command in '/home/navcon/ws/mina_ws/build/ackermann_interfaces' returned '0': CMAKE_PREFIX_PATH=${CMAKE_PREFIX_PATH}:/home/navcon/ws/mina_ws/install/ugv_can:/home/navcon/ws/mina_ws/install/ackermann_odometry:/home/navcon/ws/mina_ws/install/ackermann_controller:/opt/ros/humble /usr/bin/cmake --build /home/navcon/ws/mina_ws/build/ackermann_interfaces -- -j8 -l8
[2.350s] DEBUG:colcon.colcon_core.event_handler.log_command:Invoked command in '/home/navcon/ws/mina_ws/build/mini_ugv' returned '0': CMAKE_PREFIX_PATH=${CMAKE_PREFIX_PATH}:/home/navcon/ws/mina_ws/install/ugv_can:/home/navcon/ws/mina_ws/install/ackermann_odometry:/home/navcon/ws/mina_ws/install/ackermann_controller:/opt/ros/humble /usr/bin/cmake --build /home/navcon/ws/mina_ws/build/mini_ugv -- -j8 -l8
[2.388s] DEBUG:colcon.colcon_core.event_handler.log_command:Invoked command in '/home/navcon/ws/mina_ws/build/ugv_design' returned '0': CMAKE_PREFIX_PATH=${CMAKE_PREFIX_PATH}:/home/navcon/ws/mina_ws/install/ugv_can:/home/navcon/ws/mina_ws/install/ackermann_odometry:/home/navcon/ws/mina_ws/install/ackermann_controller:/opt/ros/humble /usr/bin/cmake --build /home/navcon/ws/mina_ws/build/ugv_design -- -j8 -l8
[2.435s] DEBUG:colcon.colcon_core.event_handler.log_command:Invoking command in '/home/navcon/ws/mina_ws/build/mini_ugv': CMAKE_PREFIX_PATH=${CMAKE_PREFIX_PATH}:/home/navcon/ws/mina_ws/install/ugv_can:/home/navcon/ws/mina_ws/install/ackermann_odometry:/home/navcon/ws/mina_ws/install/ackermann_controller:/opt/ros/humble /usr/bin/cmake --install /home/navcon/ws/mina_ws/build/mini_ugv
[2.454s] DEBUG:colcon.colcon_core.event_handler.log_command:Invoking command in '/home/navcon/ws/mina_ws/build/ackermann_interfaces': CMAKE_PREFIX_PATH=${CMAKE_PREFIX_PATH}:/home/navcon/ws/mina_ws/install/ugv_can:/home/navcon/ws/mina_ws/install/ackermann_odometry:/home/navcon/ws/mina_ws/install/ackermann_controller:/opt/ros/humble /usr/bin/cmake --install /home/navcon/ws/mina_ws/build/ackermann_interfaces
[2.464s] DEBUG:colcon.colcon_core.event_handler.log_command:Invoking command in '/home/navcon/ws/mina_ws/build/ugv_design': CMAKE_PREFIX_PATH=${CMAKE_PREFIX_PATH}:/home/navcon/ws/mina_ws/install/ugv_can:/home/navcon/ws/mina_ws/install/ackermann_odometry:/home/navcon/ws/mina_ws/install/ackermann_controller:/opt/ros/humble /usr/bin/cmake --install /home/navcon/ws/mina_ws/build/ugv_design
[2.506s] DEBUG:colcon.colcon_core.event_handler.log_command:Invoked command in '/home/navcon/ws/mina_ws/build/ydlidar_ros2_driver' returned '0': CMAKE_PREFIX_PATH=${CMAKE_PREFIX_PATH}:/home/navcon/ws/mina_ws/install/ugv_can:/home/navcon/ws/mina_ws/install/ackermann_odometry:/home/navcon/ws/mina_ws/install/ackermann_controller:/opt/ros/humble /usr/bin/cmake --build /home/navcon/ws/mina_ws/build/ydlidar_ros2_driver -- -j8 -l8
[2.514s] Level 1:colcon.colcon_core.environment:create_environment_scripts_only(mini_ugv)
[2.520s] Level 1:colcon.colcon_core.environment:checking '/home/navcon/ws/mina_ws/install/mini_ugv' for CMake module files
[2.522s] Level 1:colcon.colcon_core.environment:checking '/home/navcon/ws/mina_ws/install/mini_ugv' for CMake config files
[2.532s] Level 1:colcon.colcon_core.shell:create_environment_hook('mini_ugv', 'cmake_prefix_path')
[2.533s] INFO:colcon.colcon_core.shell:Creating environment hook '/home/navcon/ws/mina_ws/install/mini_ugv/share/mini_ugv/hook/cmake_prefix_path.ps1'
[2.535s] INFO:colcon.colcon_core.shell:Creating environment descriptor '/home/navcon/ws/mina_ws/install/mini_ugv/share/mini_ugv/hook/cmake_prefix_path.dsv'
[2.537s] DEBUG:colcon.colcon_core.event_handler.log_command:Invoked command in '/home/navcon/ws/mina_ws/build/mini_ugv' returned '0': CMAKE_PREFIX_PATH=${CMAKE_PREFIX_PATH}:/home/navcon/ws/mina_ws/install/ugv_can:/home/navcon/ws/mina_ws/install/ackermann_odometry:/home/navcon/ws/mina_ws/install/ackermann_controller:/opt/ros/humble /usr/bin/cmake --install /home/navcon/ws/mina_ws/build/mini_ugv
[2.538s] INFO:colcon.colcon_core.shell:Creating environment hook '/home/navcon/ws/mina_ws/install/mini_ugv/share/mini_ugv/hook/cmake_prefix_path.sh'
[2.544s] Level 1:colcon.colcon_core.environment:checking '/home/navcon/ws/mina_ws/install/mini_ugv/bin'
[2.547s] Level 1:colcon.colcon_core.environment:checking '/home/navcon/ws/mina_ws/install/mini_ugv/lib/pkgconfig/mini_ugv.pc'
[2.547s] Level 1:colcon.colcon_core.environment:checking '/home/navcon/ws/mina_ws/install/mini_ugv/lib/python3.8/site-packages'
[2.548s] Level 1:colcon.colcon_core.environment:checking '/home/navcon/ws/mina_ws/install/mini_ugv/bin'
[2.548s] INFO:colcon.colcon_core.shell:Creating package script '/home/navcon/ws/mina_ws/install/mini_ugv/share/mini_ugv/package.ps1'
[2.554s] INFO:colcon.colcon_core.shell:Creating package descriptor '/home/navcon/ws/mina_ws/install/mini_ugv/share/mini_ugv/package.dsv'
[2.557s] INFO:colcon.colcon_core.shell:Creating package script '/home/navcon/ws/mina_ws/install/mini_ugv/share/mini_ugv/package.sh'
[2.558s] INFO:colcon.colcon_core.shell:Creating package script '/home/navcon/ws/mina_ws/install/mini_ugv/share/mini_ugv/package.bash'
[2.560s] INFO:colcon.colcon_core.shell:Creating package script '/home/navcon/ws/mina_ws/install/mini_ugv/share/mini_ugv/package.zsh'
[2.562s] Level 1:colcon.colcon_core.environment:create_file_with_runtime_dependencies(/home/navcon/ws/mina_ws/install/mini_ugv/share/colcon-core/packages/mini_ugv)
[2.588s] DEBUG:colcon.colcon_core.event_handler.log_command:Invoked command in '/home/navcon/ws/mina_ws/build/mina_ugv' returned '0': CMAKE_PREFIX_PATH=${CMAKE_PREFIX_PATH}:/home/navcon/ws/mina_ws/install/ugv_can:/home/navcon/ws/mina_ws/install/ackermann_odometry:/home/navcon/ws/mina_ws/install/ackermann_controller:/opt/ros/humble /usr/bin/cmake --build /home/navcon/ws/mina_ws/build/mina_ugv -- -j8 -l8
[2.620s] DEBUG:colcon.colcon_core.event_handler.log_command:Invoking command in '/home/navcon/ws/mina_ws/build/ydlidar_ros2_driver': CMAKE_PREFIX_PATH=${CMAKE_PREFIX_PATH}:/home/navcon/ws/mina_ws/install/ugv_can:/home/navcon/ws/mina_ws/install/ackermann_odometry:/home/navcon/ws/mina_ws/install/ackermann_controller:/opt/ros/humble /usr/bin/cmake --install /home/navcon/ws/mina_ws/build/ydlidar_ros2_driver
[2.635s] Level 1:colcon.colcon_core.environment:create_environment_scripts_only(ugv_design)
[2.637s] Level 1:colcon.colcon_core.environment:checking '/home/navcon/ws/mina_ws/install/ugv_design' for CMake module files
[2.638s] Level 1:colcon.colcon_core.environment:checking '/home/navcon/ws/mina_ws/install/ugv_design' for CMake config files
[2.639s] Level 1:colcon.colcon_core.shell:create_environment_hook('ugv_design', 'cmake_prefix_path')
[2.639s] DEBUG:colcon.colcon_core.event_handler.log_command:Invoked command in '/home/navcon/ws/mina_ws/build/ugv_design' returned '0': CMAKE_PREFIX_PATH=${CMAKE_PREFIX_PATH}:/home/navcon/ws/mina_ws/install/ugv_can:/home/navcon/ws/mina_ws/install/ackermann_odometry:/home/navcon/ws/mina_ws/install/ackermann_controller:/opt/ros/humble /usr/bin/cmake --install /home/navcon/ws/mina_ws/build/ugv_design
[2.640s] INFO:colcon.colcon_core.shell:Creating environment hook '/home/navcon/ws/mina_ws/install/ugv_design/share/ugv_design/hook/cmake_prefix_path.ps1'
[2.643s] INFO:colcon.colcon_core.shell:Creating environment descriptor '/home/navcon/ws/mina_ws/install/ugv_design/share/ugv_design/hook/cmake_prefix_path.dsv'
[2.647s] INFO:colcon.colcon_core.shell:Creating environment hook '/home/navcon/ws/mina_ws/install/ugv_design/share/ugv_design/hook/cmake_prefix_path.sh'
[2.649s] Level 1:colcon.colcon_core.environment:checking '/home/navcon/ws/mina_ws/install/ugv_design/bin'
[2.649s] Level 1:colcon.colcon_core.environment:checking '/home/navcon/ws/mina_ws/install/ugv_design/lib/pkgconfig/ugv_design.pc'
[2.650s] Level 1:colcon.colcon_core.environment:checking '/home/navcon/ws/mina_ws/install/ugv_design/lib/python3.8/site-packages'
[2.650s] Level 1:colcon.colcon_core.environment:checking '/home/navcon/ws/mina_ws/install/ugv_design/bin'
[2.651s] INFO:colcon.colcon_core.shell:Creating package script '/home/navcon/ws/mina_ws/install/ugv_design/share/ugv_design/package.ps1'
[2.653s] INFO:colcon.colcon_core.shell:Creating package descriptor '/home/navcon/ws/mina_ws/install/ugv_design/share/ugv_design/package.dsv'
[2.654s] INFO:colcon.colcon_core.shell:Creating package script '/home/navcon/ws/mina_ws/install/ugv_design/share/ugv_design/package.sh'
[2.657s] INFO:colcon.colcon_core.shell:Creating package script '/home/navcon/ws/mina_ws/install/ugv_design/share/ugv_design/package.bash'
[2.658s] INFO:colcon.colcon_core.shell:Creating package script '/home/navcon/ws/mina_ws/install/ugv_design/share/ugv_design/package.zsh'
[2.659s] Level 1:colcon.colcon_core.environment:create_file_with_runtime_dependencies(/home/navcon/ws/mina_ws/install/ugv_design/share/colcon-core/packages/ugv_design)
[2.672s] Level 1:colcon.colcon_core.environment:create_environment_scripts_only(ackermann_interfaces)
[2.673s] DEBUG:colcon.colcon_core.event_handler.log_command:Invoked command in '/home/navcon/ws/mina_ws/build/ackermann_interfaces' returned '0': CMAKE_PREFIX_PATH=${CMAKE_PREFIX_PATH}:/home/navcon/ws/mina_ws/install/ugv_can:/home/navcon/ws/mina_ws/install/ackermann_odometry:/home/navcon/ws/mina_ws/install/ackermann_controller:/opt/ros/humble /usr/bin/cmake --install /home/navcon/ws/mina_ws/build/ackermann_interfaces
[2.674s] Level 1:colcon.colcon_core.environment:checking '/home/navcon/ws/mina_ws/install/ackermann_interfaces' for CMake module files
[2.677s] Level 1:colcon.colcon_core.environment:checking '/home/navcon/ws/mina_ws/install/ackermann_interfaces' for CMake config files
[2.678s] Level 1:colcon.colcon_core.shell:create_environment_hook('ackermann_interfaces', 'cmake_prefix_path')
[2.679s] INFO:colcon.colcon_core.shell:Creating environment hook '/home/navcon/ws/mina_ws/install/ackermann_interfaces/share/ackermann_interfaces/hook/cmake_prefix_path.ps1'
[2.680s] INFO:colcon.colcon_core.shell:Creating environment descriptor '/home/navcon/ws/mina_ws/install/ackermann_interfaces/share/ackermann_interfaces/hook/cmake_prefix_path.dsv'
[2.684s] INFO:colcon.colcon_core.shell:Creating environment hook '/home/navcon/ws/mina_ws/install/ackermann_interfaces/share/ackermann_interfaces/hook/cmake_prefix_path.sh'
[2.686s] Level 1:colcon.colcon_core.environment:checking '/home/navcon/ws/mina_ws/install/ackermann_interfaces/lib'
[2.687s] Level 1:colcon.colcon_core.shell:create_environment_hook('ackermann_interfaces', 'ld_library_path_lib')
[2.688s] INFO:colcon.colcon_core.shell:Creating environment hook '/home/navcon/ws/mina_ws/install/ackermann_interfaces/share/ackermann_interfaces/hook/ld_library_path_lib.ps1'
[2.689s] INFO:colcon.colcon_core.shell:Creating environment descriptor '/home/navcon/ws/mina_ws/install/ackermann_interfaces/share/ackermann_interfaces/hook/ld_library_path_lib.dsv'
[2.689s] INFO:colcon.colcon_core.shell:Creating environment hook '/home/navcon/ws/mina_ws/install/ackermann_interfaces/share/ackermann_interfaces/hook/ld_library_path_lib.sh'
[2.690s] Level 1:colcon.colcon_core.environment:checking '/home/navcon/ws/mina_ws/install/ackermann_interfaces/bin'
[2.690s] Level 1:colcon.colcon_core.environment:checking '/home/navcon/ws/mina_ws/install/ackermann_interfaces/lib/pkgconfig/ackermann_interfaces.pc'
[2.691s] Level 1:colcon.colcon_core.environment:checking '/home/navcon/ws/mina_ws/install/ackermann_interfaces/lib/python3.8/site-packages'
[2.691s] Level 1:colcon.colcon_core.shell:create_environment_hook('ackermann_interfaces', 'pythonpath')
[2.691s] INFO:colcon.colcon_core.shell:Creating environment hook '/home/navcon/ws/mina_ws/install/ackermann_interfaces/share/ackermann_interfaces/hook/pythonpath.ps1'
[2.692s] INFO:colcon.colcon_core.shell:Creating environment descriptor '/home/navcon/ws/mina_ws/install/ackermann_interfaces/share/ackermann_interfaces/hook/pythonpath.dsv'
[2.693s] INFO:colcon.colcon_core.shell:Creating environment hook '/home/navcon/ws/mina_ws/install/ackermann_interfaces/share/ackermann_interfaces/hook/pythonpath.sh'
[2.694s] Level 1:colcon.colcon_core.environment:checking '/home/navcon/ws/mina_ws/install/ackermann_interfaces/bin'
[2.694s] INFO:colcon.colcon_core.shell:Creating package script '/home/navcon/ws/mina_ws/install/ackermann_interfaces/share/ackermann_interfaces/package.ps1'
[2.696s] INFO:colcon.colcon_core.shell:Creating package descriptor '/home/navcon/ws/mina_ws/install/ackermann_interfaces/share/ackermann_interfaces/package.dsv'
[2.697s] INFO:colcon.colcon_core.shell:Creating package script '/home/navcon/ws/mina_ws/install/ackermann_interfaces/share/ackermann_interfaces/package.sh'
[2.697s] INFO:colcon.colcon_core.shell:Creating package script '/home/navcon/ws/mina_ws/install/ackermann_interfaces/share/ackermann_interfaces/package.bash'
[2.698s] INFO:colcon.colcon_core.shell:Creating package script '/home/navcon/ws/mina_ws/install/ackermann_interfaces/share/ackermann_interfaces/package.zsh'
[2.699s] Level 1:colcon.colcon_core.environment:create_file_with_runtime_dependencies(/home/navcon/ws/mina_ws/install/ackermann_interfaces/share/colcon-core/packages/ackermann_interfaces)
[2.714s] DEBUG:colcon.colcon_core.event_handler.log_command:Invoking command in '/home/navcon/ws/mina_ws/build/mina_ugv': CMAKE_PREFIX_PATH=${CMAKE_PREFIX_PATH}:/home/navcon/ws/mina_ws/install/ugv_can:/home/navcon/ws/mina_ws/install/ackermann_odometry:/home/navcon/ws/mina_ws/install/ackermann_controller:/opt/ros/humble /usr/bin/cmake --install /home/navcon/ws/mina_ws/build/mina_ugv
[2.720s] Level 1:colcon.colcon_core.environment:create_environment_scripts_only(mini_ugv)
[2.721s] Level 1:colcon.colcon_core.environment:checking '/home/navcon/ws/mina_ws/install/mini_ugv' for CMake module files
[2.722s] Level 1:colcon.colcon_core.environment:checking '/home/navcon/ws/mina_ws/install/mini_ugv' for CMake config files
[2.723s] Level 1:colcon.colcon_core.shell:create_environment_hook('mini_ugv', 'cmake_prefix_path')
[2.724s] INFO:colcon.colcon_core.shell:Creating environment hook '/home/navcon/ws/mina_ws/install/mini_ugv/share/mini_ugv/hook/cmake_prefix_path.ps1'
[2.725s] INFO:colcon.colcon_core.shell:Creating environment descriptor '/home/navcon/ws/mina_ws/install/mini_ugv/share/mini_ugv/hook/cmake_prefix_path.dsv'
[2.727s] INFO:colcon.colcon_core.shell:Creating environment hook '/home/navcon/ws/mina_ws/install/mini_ugv/share/mini_ugv/hook/cmake_prefix_path.sh'
[2.728s] Level 1:colcon.colcon_core.environment:checking '/home/navcon/ws/mina_ws/install/mini_ugv/bin'
[2.728s] Level 1:colcon.colcon_core.environment:checking '/home/navcon/ws/mina_ws/install/mini_ugv/lib/pkgconfig/mini_ugv.pc'
[2.729s] Level 1:colcon.colcon_core.environment:checking '/home/navcon/ws/mina_ws/install/mini_ugv/lib/python3.8/site-packages'
[2.729s] Level 1:colcon.colcon_core.environment:checking '/home/navcon/ws/mina_ws/install/mini_ugv/bin'
[2.730s] INFO:colcon.colcon_core.shell:Creating package script '/home/navcon/ws/mina_ws/install/mini_ugv/share/mini_ugv/package.ps1'
[2.731s] INFO:colcon.colcon_core.shell:Creating package descriptor '/home/navcon/ws/mina_ws/install/mini_ugv/share/mini_ugv/package.dsv'
[2.732s] INFO:colcon.colcon_core.shell:Creating package script '/home/navcon/ws/mina_ws/install/mini_ugv/share/mini_ugv/package.sh'
[2.733s] INFO:colcon.colcon_core.shell:Creating package script '/home/navcon/ws/mina_ws/install/mini_ugv/share/mini_ugv/package.bash'
[2.734s] INFO:colcon.colcon_core.shell:Creating package script '/home/navcon/ws/mina_ws/install/mini_ugv/share/mini_ugv/package.zsh'
[2.735s] Level 1:colcon.colcon_core.environment:create_file_with_runtime_dependencies(/home/navcon/ws/mina_ws/install/mini_ugv/share/colcon-core/packages/mini_ugv)
[2.745s] Level 1:colcon.colcon_core.environment:create_environment_scripts_only(ydlidar_ros2_driver)
[2.754s] DEBUG:colcon.colcon_core.event_handler.log_command:Invoked command in '/home/navcon/ws/mina_ws/build/ydlidar_ros2_driver' returned '0': CMAKE_PREFIX_PATH=${CMAKE_PREFIX_PATH}:/home/navcon/ws/mina_ws/install/ugv_can:/home/navcon/ws/mina_ws/install/ackermann_odometry:/home/navcon/ws/mina_ws/install/ackermann_controller:/opt/ros/humble /usr/bin/cmake --install /home/navcon/ws/mina_ws/build/ydlidar_ros2_driver
[2.755s] Level 1:colcon.colcon_core.environment:checking '/home/navcon/ws/mina_ws/install/ydlidar_ros2_driver' for CMake module files
[2.774s] Level 1:colcon.colcon_core.environment:checking '/home/navcon/ws/mina_ws/install/ydlidar_ros2_driver' for CMake config files
[2.776s] Level 1:colcon.colcon_core.shell:create_environment_hook('ydlidar_ros2_driver', 'cmake_prefix_path')
[2.776s] INFO:colcon.colcon_core.shell:Creating environment hook '/home/navcon/ws/mina_ws/install/ydlidar_ros2_driver/share/ydlidar_ros2_driver/hook/cmake_prefix_path.ps1'
[2.781s] INFO:colcon.colcon_core.shell:Creating environment descriptor '/home/navcon/ws/mina_ws/install/ydlidar_ros2_driver/share/ydlidar_ros2_driver/hook/cmake_prefix_path.dsv'
[2.787s] INFO:colcon.colcon_core.shell:Creating environment hook '/home/navcon/ws/mina_ws/install/ydlidar_ros2_driver/share/ydlidar_ros2_driver/hook/cmake_prefix_path.sh'
[2.792s] Level 1:colcon.colcon_core.environment:checking '/home/navcon/ws/mina_ws/install/ydlidar_ros2_driver/lib'
[2.792s] Level 1:colcon.colcon_core.environment:checking '/home/navcon/ws/mina_ws/install/ydlidar_ros2_driver/bin'
[2.793s] Level 1:colcon.colcon_core.environment:checking '/home/navcon/ws/mina_ws/install/ydlidar_ros2_driver/lib/pkgconfig/ydlidar_ros2_driver.pc'
[2.793s] Level 1:colcon.colcon_core.environment:checking '/home/navcon/ws/mina_ws/install/ydlidar_ros2_driver/lib/python3.8/site-packages'
[2.794s] Level 1:colcon.colcon_core.environment:checking '/home/navcon/ws/mina_ws/install/ydlidar_ros2_driver/bin'
[2.794s] INFO:colcon.colcon_core.shell:Creating package script '/home/navcon/ws/mina_ws/install/ydlidar_ros2_driver/share/ydlidar_ros2_driver/package.ps1'
[2.796s] INFO:colcon.colcon_core.shell:Creating package descriptor '/home/navcon/ws/mina_ws/install/ydlidar_ros2_driver/share/ydlidar_ros2_driver/package.dsv'
[2.797s] INFO:colcon.colcon_core.shell:Creating package script '/home/navcon/ws/mina_ws/install/ydlidar_ros2_driver/share/ydlidar_ros2_driver/package.sh'
[2.800s] INFO:colcon.colcon_core.shell:Creating package script '/home/navcon/ws/mina_ws/install/ydlidar_ros2_driver/share/ydlidar_ros2_driver/package.bash'
[2.801s] INFO:colcon.colcon_core.shell:Creating package script '/home/navcon/ws/mina_ws/install/ydlidar_ros2_driver/share/ydlidar_ros2_driver/package.zsh'
[2.801s] Level 1:colcon.colcon_core.environment:create_file_with_runtime_dependencies(/home/navcon/ws/mina_ws/install/ydlidar_ros2_driver/share/colcon-core/packages/ydlidar_ros2_driver)
[2.813s] Level 1:colcon.colcon_core.environment:create_environment_scripts_only(ugv_design)
[2.814s] Level 1:colcon.colcon_core.environment:checking '/home/navcon/ws/mina_ws/install/ugv_design' for CMake module files
[2.815s] Level 1:colcon.colcon_core.environment:checking '/home/navcon/ws/mina_ws/install/ugv_design' for CMake config files
[2.816s] Level 1:colcon.colcon_core.shell:create_environment_hook('ugv_design', 'cmake_prefix_path')
[2.817s] INFO:colcon.colcon_core.shell:Creating environment hook '/home/navcon/ws/mina_ws/install/ugv_design/share/ugv_design/hook/cmake_prefix_path.ps1'
[2.818s] INFO:colcon.colcon_core.shell:Creating environment descriptor '/home/navcon/ws/mina_ws/install/ugv_design/share/ugv_design/hook/cmake_prefix_path.dsv'
[2.821s] INFO:colcon.colcon_core.shell:Creating environment hook '/home/navcon/ws/mina_ws/install/ugv_design/share/ugv_design/hook/cmake_prefix_path.sh'
[2.824s] Level 1:colcon.colcon_core.environment:checking '/home/navcon/ws/mina_ws/install/ugv_design/bin'
[2.824s] Level 1:colcon.colcon_core.environment:checking '/home/navcon/ws/mina_ws/install/ugv_design/lib/pkgconfig/ugv_design.pc'
[2.825s] Level 1:colcon.colcon_core.environment:checking '/home/navcon/ws/mina_ws/install/ugv_design/lib/python3.8/site-packages'
[2.825s] Level 1:colcon.colcon_core.environment:checking '/home/navcon/ws/mina_ws/install/ugv_design/bin'
[2.826s] INFO:colcon.colcon_core.shell:Creating package script '/home/navcon/ws/mina_ws/install/ugv_design/share/ugv_design/package.ps1'
[2.827s] INFO:colcon.colcon_core.shell:Creating package descriptor '/home/navcon/ws/mina_ws/install/ugv_design/share/ugv_design/package.dsv'
[2.828s] INFO:colcon.colcon_core.shell:Creating package script '/home/navcon/ws/mina_ws/install/ugv_design/share/ugv_design/package.sh'
[2.829s] INFO:colcon.colcon_core.shell:Creating package script '/home/navcon/ws/mina_ws/install/ugv_design/share/ugv_design/package.bash'
[2.830s] INFO:colcon.colcon_core.shell:Creating package script '/home/navcon/ws/mina_ws/install/ugv_design/share/ugv_design/package.zsh'
[2.831s] Level 1:colcon.colcon_core.environment:create_file_with_runtime_dependencies(/home/navcon/ws/mina_ws/install/ugv_design/share/colcon-core/packages/ugv_design)
[2.834s] Level 1:colcon.colcon_core.environment:create_environment_scripts_only(ackermann_interfaces)
[2.835s] Level 1:colcon.colcon_core.environment:checking '/home/navcon/ws/mina_ws/install/ackermann_interfaces' for CMake module files
[2.836s] Level 1:colcon.colcon_core.environment:checking '/home/navcon/ws/mina_ws/install/ackermann_interfaces' for CMake config files
[2.837s] Level 1:colcon.colcon_core.shell:create_environment_hook('ackermann_interfaces', 'cmake_prefix_path')
[2.837s] INFO:colcon.colcon_core.shell:Creating environment hook '/home/navcon/ws/mina_ws/install/ackermann_interfaces/share/ackermann_interfaces/hook/cmake_prefix_path.ps1'
[2.838s] INFO:colcon.colcon_core.shell:Creating environment descriptor '/home/navcon/ws/mina_ws/install/ackermann_interfaces/share/ackermann_interfaces/hook/cmake_prefix_path.dsv'
[2.839s] INFO:colcon.colcon_core.shell:Creating environment hook '/home/navcon/ws/mina_ws/install/ackermann_interfaces/share/ackermann_interfaces/hook/cmake_prefix_path.sh'
[2.840s] Level 1:colcon.colcon_core.environment:checking '/home/navcon/ws/mina_ws/install/ackermann_interfaces/lib'
[2.841s] Level 1:colcon.colcon_core.shell:create_environment_hook('ackermann_interfaces', 'ld_library_path_lib')
[2.841s] INFO:colcon.colcon_core.shell:Creating environment hook '/home/navcon/ws/mina_ws/install/ackermann_interfaces/share/ackermann_interfaces/hook/ld_library_path_lib.ps1'
[2.842s] INFO:colcon.colcon_core.shell:Creating environment descriptor '/home/navcon/ws/mina_ws/install/ackermann_interfaces/share/ackermann_interfaces/hook/ld_library_path_lib.dsv'
[2.843s] INFO:colcon.colcon_core.shell:Creating environment hook '/home/navcon/ws/mina_ws/install/ackermann_interfaces/share/ackermann_interfaces/hook/ld_library_path_lib.sh'
[2.844s] Level 1:colcon.colcon_core.environment:checking '/home/navcon/ws/mina_ws/install/ackermann_interfaces/bin'
[2.844s] Level 1:colcon.colcon_core.environment:checking '/home/navcon/ws/mina_ws/install/ackermann_interfaces/lib/pkgconfig/ackermann_interfaces.pc'
[2.844s] Level 1:colcon.colcon_core.environment:checking '/home/navcon/ws/mina_ws/install/ackermann_interfaces/lib/python3.8/site-packages'
[2.844s] Level 1:colcon.colcon_core.shell:create_environment_hook('ackermann_interfaces', 'pythonpath')
[2.845s] INFO:colcon.colcon_core.shell:Creating environment hook '/home/navcon/ws/mina_ws/install/ackermann_interfaces/share/ackermann_interfaces/hook/pythonpath.ps1'
[2.846s] INFO:colcon.colcon_core.shell:Creating environment descriptor '/home/navcon/ws/mina_ws/install/ackermann_interfaces/share/ackermann_interfaces/hook/pythonpath.dsv'
[2.846s] INFO:colcon.colcon_core.shell:Creating environment hook '/home/navcon/ws/mina_ws/install/ackermann_interfaces/share/ackermann_interfaces/hook/pythonpath.sh'
[2.847s] Level 1:colcon.colcon_core.environment:checking '/home/navcon/ws/mina_ws/install/ackermann_interfaces/bin'
[2.848s] INFO:colcon.colcon_core.shell:Creating package script '/home/navcon/ws/mina_ws/install/ackermann_interfaces/share/ackermann_interfaces/package.ps1'
[2.849s] INFO:colcon.colcon_core.shell:Creating package descriptor '/home/navcon/ws/mina_ws/install/ackermann_interfaces/share/ackermann_interfaces/package.dsv'
[2.851s] INFO:colcon.colcon_core.shell:Creating package script '/home/navcon/ws/mina_ws/install/ackermann_interfaces/share/ackermann_interfaces/package.sh'
[2.852s] INFO:colcon.colcon_core.shell:Creating package script '/home/navcon/ws/mina_ws/install/ackermann_interfaces/share/ackermann_interfaces/package.bash'
[2.853s] INFO:colcon.colcon_core.shell:Creating package script '/home/navcon/ws/mina_ws/install/ackermann_interfaces/share/ackermann_interfaces/package.zsh'
[2.853s] Level 1:colcon.colcon_core.environment:create_file_with_runtime_dependencies(/home/navcon/ws/mina_ws/install/ackermann_interfaces/share/colcon-core/packages/ackermann_interfaces)
[2.855s] INFO:colcon.colcon_ros.task.ament_python.build:Building ROS package in '/home/navcon/ws/mina_ws/src/ackermann-odometry/src/ackermann_odometry' with build type 'ament_python'
[2.856s] Level 1:colcon.colcon_core.shell:create_environment_hook('ackermann_odometry', 'ament_prefix_path')
[2.857s] INFO:colcon.colcon_core.shell:Creating environment hook '/home/navcon/ws/mina_ws/install/ackermann_odometry/share/ackermann_odometry/hook/ament_prefix_path.ps1'
[2.858s] INFO:colcon.colcon_core.shell:Creating environment descriptor '/home/navcon/ws/mina_ws/install/ackermann_odometry/share/ackermann_odometry/hook/ament_prefix_path.dsv'
[2.859s] INFO:colcon.colcon_core.shell:Creating environment hook '/home/navcon/ws/mina_ws/install/ackermann_odometry/share/ackermann_odometry/hook/ament_prefix_path.sh'
[2.860s] INFO:colcon.colcon_core.shell:Skip shell extension 'powershell' for command environment: Not usable outside of PowerShell
[2.861s] DEBUG:colcon.colcon_core.shell:Skip shell extension 'dsv' for command environment
[2.878s] Level 1:colcon.colcon_core.environment:create_environment_scripts_only(ydlidar_ros2_driver)
[2.879s] Level 1:colcon.colcon_core.environment:checking '/home/navcon/ws/mina_ws/install/ydlidar_ros2_driver' for CMake module files
[2.881s] Level 1:colcon.colcon_core.environment:checking '/home/navcon/ws/mina_ws/install/ydlidar_ros2_driver' for CMake config files
[2.881s] Level 1:colcon.colcon_core.shell:create_environment_hook('ydlidar_ros2_driver', 'cmake_prefix_path')
[2.882s] INFO:colcon.colcon_core.shell:Creating environment hook '/home/navcon/ws/mina_ws/install/ydlidar_ros2_driver/share/ydlidar_ros2_driver/hook/cmake_prefix_path.ps1'
[2.884s] INFO:colcon.colcon_core.shell:Creating environment descriptor '/home/navcon/ws/mina_ws/install/ydlidar_ros2_driver/share/ydlidar_ros2_driver/hook/cmake_prefix_path.dsv'
[2.887s] INFO:colcon.colcon_core.shell:Creating environment hook '/home/navcon/ws/mina_ws/install/ydlidar_ros2_driver/share/ydlidar_ros2_driver/hook/cmake_prefix_path.sh'
[2.892s] Level 1:colcon.colcon_core.environment:checking '/home/navcon/ws/mina_ws/install/ydlidar_ros2_driver/lib'
[2.892s] Level 1:colcon.colcon_core.environment:checking '/home/navcon/ws/mina_ws/install/ydlidar_ros2_driver/bin'
[2.892s] Level 1:colcon.colcon_core.environment:checking '/home/navcon/ws/mina_ws/install/ydlidar_ros2_driver/lib/pkgconfig/ydlidar_ros2_driver.pc'
[2.893s] Level 1:colcon.colcon_core.environment:checking '/home/navcon/ws/mina_ws/install/ydlidar_ros2_driver/lib/python3.8/site-packages'
[2.893s] Level 1:colcon.colcon_core.environment:checking '/home/navcon/ws/mina_ws/install/ydlidar_ros2_driver/bin'
[2.894s] INFO:colcon.colcon_core.shell:Creating package script '/home/navcon/ws/mina_ws/install/ydlidar_ros2_driver/share/ydlidar_ros2_driver/package.ps1'
[2.895s] INFO:colcon.colcon_core.shell:Creating package descriptor '/home/navcon/ws/mina_ws/install/ydlidar_ros2_driver/share/ydlidar_ros2_driver/package.dsv'
[2.896s] INFO:colcon.colcon_core.shell:Creating package script '/home/navcon/ws/mina_ws/install/ydlidar_ros2_driver/share/ydlidar_ros2_driver/package.sh'
[2.897s] INFO:colcon.colcon_core.shell:Creating package script '/home/navcon/ws/mina_ws/install/ydlidar_ros2_driver/share/ydlidar_ros2_driver/package.bash'
[2.897s] INFO:colcon.colcon_core.shell:Creating package script '/home/navcon/ws/mina_ws/install/ydlidar_ros2_driver/share/ydlidar_ros2_driver/package.zsh'
[2.898s] Level 1:colcon.colcon_core.environment:create_file_with_runtime_dependencies(/home/navcon/ws/mina_ws/install/ydlidar_ros2_driver/share/colcon-core/packages/ydlidar_ros2_driver)
[2.901s] Level 1:colcon.colcon_core.environment:create_environment_scripts_only(mina_ugv)
[2.902s] Level 1:colcon.colcon_core.environment:checking '/home/navcon/ws/mina_ws/install/mina_ugv' for CMake module files
[2.903s] DEBUG:colcon.colcon_core.event_handler.log_command:Invoked command in '/home/navcon/ws/mina_ws/build/mina_ugv' returned '0': CMAKE_PREFIX_PATH=${CMAKE_PREFIX_PATH}:/home/navcon/ws/mina_ws/install/ugv_can:/home/navcon/ws/mina_ws/install/ackermann_odometry:/home/navcon/ws/mina_ws/install/ackermann_controller:/opt/ros/humble /usr/bin/cmake --install /home/navcon/ws/mina_ws/build/mina_ugv
[2.904s] Level 1:colcon.colcon_core.environment:checking '/home/navcon/ws/mina_ws/install/mina_ugv' for CMake config files
[2.905s] Level 1:colcon.colcon_core.shell:create_environment_hook('mina_ugv', 'cmake_prefix_path')
[2.906s] INFO:colcon.colcon_core.shell:Creating environment hook '/home/navcon/ws/mina_ws/install/mina_ugv/share/mina_ugv/hook/cmake_prefix_path.ps1'
[2.908s] INFO:colcon.colcon_core.shell:Creating environment descriptor '/home/navcon/ws/mina_ws/install/mina_ugv/share/mina_ugv/hook/cmake_prefix_path.dsv'
[2.909s] INFO:colcon.colcon_core.shell:Creating environment hook '/home/navcon/ws/mina_ws/install/mina_ugv/share/mina_ugv/hook/cmake_prefix_path.sh'
[2.910s] Level 1:colcon.colcon_core.environment:checking '/home/navcon/ws/mina_ws/install/mina_ugv/lib'
[2.910s] Level 1:colcon.colcon_core.environment:checking '/home/navcon/ws/mina_ws/install/mina_ugv/bin'
[2.910s] Level 1:colcon.colcon_core.environment:checking '/home/navcon/ws/mina_ws/install/mina_ugv/lib/pkgconfig/mina_ugv.pc'
[2.910s] Level 1:colcon.colcon_core.environment:checking '/home/navcon/ws/mina_ws/install/mina_ugv/lib/python3.8/site-packages'
[2.910s] Level 1:colcon.colcon_core.shell:create_environment_hook('mina_ugv', 'pythonpath')
[2.911s] INFO:colcon.colcon_core.shell:Creating environment hook '/home/navcon/ws/mina_ws/install/mina_ugv/share/mina_ugv/hook/pythonpath.ps1'
[2.912s] INFO:colcon.colcon_core.shell:Creating environment descriptor '/home/navcon/ws/mina_ws/install/mina_ugv/share/mina_ugv/hook/pythonpath.dsv'
[2.913s] INFO:colcon.colcon_core.shell:Creating environment hook '/home/navcon/ws/mina_ws/install/mina_ugv/share/mina_ugv/hook/pythonpath.sh'
[2.914s] Level 1:colcon.colcon_core.environment:checking '/home/navcon/ws/mina_ws/install/mina_ugv/bin'
[2.915s] INFO:colcon.colcon_core.shell:Creating package script '/home/navcon/ws/mina_ws/install/mina_ugv/share/mina_ugv/package.ps1'
[2.918s] INFO:colcon.colcon_core.shell:Creating package descriptor '/home/navcon/ws/mina_ws/install/mina_ugv/share/mina_ugv/package.dsv'
[2.920s] INFO:colcon.colcon_core.shell:Creating package script '/home/navcon/ws/mina_ws/install/mina_ugv/share/mina_ugv/package.sh'
[2.921s] INFO:colcon.colcon_core.shell:Creating package script '/home/navcon/ws/mina_ws/install/mina_ugv/share/mina_ugv/package.bash'
[2.921s] INFO:colcon.colcon_core.shell:Creating package script '/home/navcon/ws/mina_ws/install/mina_ugv/share/mina_ugv/package.zsh'
[2.922s] Level 1:colcon.colcon_core.environment:create_file_with_runtime_dependencies(/home/navcon/ws/mina_ws/install/mina_ugv/share/colcon-core/packages/mina_ugv)
[3.482s] INFO:colcon.colcon_core.task.python.build:Building Python package in '/home/navcon/ws/mina_ws/src/ackermann-odometry/src/ackermann_odometry'
[3.483s] INFO:colcon.colcon_core.shell:Skip shell extension 'powershell' for command environment: Not usable outside of PowerShell
[3.483s] DEBUG:colcon.colcon_core.shell:Skip shell extension 'dsv' for command environment
[3.508s] DEBUG:colcon.colcon_core.event_handler.log_command:Invoking command in '/home/navcon/ws/mina_ws/src/ackermann-odometry/src/ackermann_controller': PYTHONPATH=/home/navcon/ws/mina_ws/build/ackermann_controller/prefix_override:/home/navcon/ws/mina_ws/install/ackermann_controller/lib/python3.8/site-packages:${PYTHONPATH} /usr/bin/python3 -W ignore:setup.py install is deprecated setup.py egg_info --egg-base ../../../../build/ackermann_controller build --build-base /home/navcon/ws/mina_ws/build/ackermann_controller/build install --record /home/navcon/ws/mina_ws/build/ackermann_controller/install.log --install-scripts $base/lib/ackermann_controller --single-version-externally-managed install_data
[3.516s] DEBUG:colcon.colcon_core.event_handler.log_command:Invoking command in '/home/navcon/ws/mina_ws/src/ugv_can': PYTHONPATH=/home/navcon/ws/mina_ws/build/ugv_can/prefix_override:/home/navcon/ws/mina_ws/install/ugv_can/lib/python3.8/site-packages:${PYTHONPATH} /usr/bin/python3 -W ignore:setup.py install is deprecated setup.py egg_info --egg-base ../../build/ugv_can build --build-base /home/navcon/ws/mina_ws/build/ugv_can/build install --record /home/navcon/ws/mina_ws/build/ugv_can/install.log --single-version-externally-managed install_data
[3.518s] Level 1:colcon.colcon_core.environment:create_environment_scripts_only(mina_ugv)
[3.519s] Level 1:colcon.colcon_core.environment:checking '/home/navcon/ws/mina_ws/install/mina_ugv' for CMake module files
[3.522s] Level 1:colcon.colcon_core.environment:checking '/home/navcon/ws/mina_ws/install/mina_ugv' for CMake config files
[3.523s] Level 1:colcon.colcon_core.shell:create_environment_hook('mina_ugv', 'cmake_prefix_path')
[3.524s] INFO:colcon.colcon_core.shell:Creating environment hook '/home/navcon/ws/mina_ws/install/mina_ugv/share/mina_ugv/hook/cmake_prefix_path.ps1'
[3.525s] INFO:colcon.colcon_core.shell:Creating environment descriptor '/home/navcon/ws/mina_ws/install/mina_ugv/share/mina_ugv/hook/cmake_prefix_path.dsv'
[3.527s] INFO:colcon.colcon_core.shell:Creating environment hook '/home/navcon/ws/mina_ws/install/mina_ugv/share/mina_ugv/hook/cmake_prefix_path.sh'
[3.528s] Level 1:colcon.colcon_core.environment:checking '/home/navcon/ws/mina_ws/install/mina_ugv/lib'
[3.529s] Level 1:colcon.colcon_core.environment:checking '/home/navcon/ws/mina_ws/install/mina_ugv/bin'
[3.529s] Level 1:colcon.colcon_core.environment:checking '/home/navcon/ws/mina_ws/install/mina_ugv/lib/pkgconfig/mina_ugv.pc'
[3.529s] Level 1:colcon.colcon_core.environment:checking '/home/navcon/ws/mina_ws/install/mina_ugv/lib/python3.8/site-packages'
[3.529s] Level 1:colcon.colcon_core.shell:create_environment_hook('mina_ugv', 'pythonpath')
[3.530s] INFO:colcon.colcon_core.shell:Creating environment hook '/home/navcon/ws/mina_ws/install/mina_ugv/share/mina_ugv/hook/pythonpath.ps1'
[3.531s] INFO:colcon.colcon_core.shell:Creating environment descriptor '/home/navcon/ws/mina_ws/install/mina_ugv/share/mina_ugv/hook/pythonpath.dsv'
[3.531s] INFO:colcon.colcon_core.shell:Creating environment hook '/home/navcon/ws/mina_ws/install/mina_ugv/share/mina_ugv/hook/pythonpath.sh'
[3.532s] Level 1:colcon.colcon_core.environment:checking '/home/navcon/ws/mina_ws/install/mina_ugv/bin'
[3.533s] INFO:colcon.colcon_core.shell:Creating package script '/home/navcon/ws/mina_ws/install/mina_ugv/share/mina_ugv/package.ps1'
[3.534s] INFO:colcon.colcon_core.shell:Creating package descriptor '/home/navcon/ws/mina_ws/install/mina_ugv/share/mina_ugv/package.dsv'
[3.535s] INFO:colcon.colcon_core.shell:Creating package script '/home/navcon/ws/mina_ws/install/mina_ugv/share/mina_ugv/package.sh'
[3.536s] INFO:colcon.colcon_core.shell:Creating package script '/home/navcon/ws/mina_ws/install/mina_ugv/share/mina_ugv/package.bash'
[3.537s] INFO:colcon.colcon_core.shell:Creating package script '/home/navcon/ws/mina_ws/install/mina_ugv/share/mina_ugv/package.zsh'
[3.538s] Level 1:colcon.colcon_core.environment:create_file_with_runtime_dependencies(/home/navcon/ws/mina_ws/install/mina_ugv/share/colcon-core/packages/mina_ugv)
[4.173s] Level 1:colcon.colcon_core.environment:checking '/home/navcon/ws/mina_ws/install/ackermann_controller' for CMake module files
[4.175s] DEBUG:colcon.colcon_core.event_handler.log_command:Invoked command in '/home/navcon/ws/mina_ws/src/ackermann-odometry/src/ackermann_controller' returned '0': PYTHONPATH=/home/navcon/ws/mina_ws/build/ackermann_controller/prefix_override:/home/navcon/ws/mina_ws/install/ackermann_controller/lib/python3.8/site-packages:${PYTHONPATH} /usr/bin/python3 -W ignore:setup.py install is deprecated setup.py egg_info --egg-base ../../../../build/ackermann_controller build --build-base /home/navcon/ws/mina_ws/build/ackermann_controller/build install --record /home/navcon/ws/mina_ws/build/ackermann_controller/install.log --install-scripts $base/lib/ackermann_controller --single-version-externally-managed install_data
[4.175s] Level 1:colcon.colcon_core.environment:checking '/home/navcon/ws/mina_ws/install/ackermann_controller' for CMake config files
[4.176s] Level 1:colcon.colcon_core.environment:checking '/home/navcon/ws/mina_ws/install/ackermann_controller/lib'
[4.177s] Level 1:colcon.colcon_core.environment:checking '/home/navcon/ws/mina_ws/install/ackermann_controller/bin'
[4.177s] Level 1:colcon.colcon_core.environment:checking '/home/navcon/ws/mina_ws/install/ackermann_controller/lib/pkgconfig/ackermann_controller.pc'
[4.177s] Level 1:colcon.colcon_core.environment:checking '/home/navcon/ws/mina_ws/install/ackermann_controller/lib/python3.8/site-packages'
[4.177s] Level 1:colcon.colcon_core.shell:create_environment_hook('ackermann_controller', 'pythonpath')
[4.178s] INFO:colcon.colcon_core.shell:Creating environment hook '/home/navcon/ws/mina_ws/install/ackermann_controller/share/ackermann_controller/hook/pythonpath.ps1'
[4.179s] INFO:colcon.colcon_core.shell:Creating environment descriptor '/home/navcon/ws/mina_ws/install/ackermann_controller/share/ackermann_controller/hook/pythonpath.dsv'
[4.181s] INFO:colcon.colcon_core.shell:Creating environment hook '/home/navcon/ws/mina_ws/install/ackermann_controller/share/ackermann_controller/hook/pythonpath.sh'
[4.182s] Level 1:colcon.colcon_core.environment:checking '/home/navcon/ws/mina_ws/install/ackermann_controller/bin'
[4.183s] Level 1:colcon.colcon_core.environment:create_environment_scripts_only(ackermann_controller)
[4.183s] INFO:colcon.colcon_core.shell:Creating package script '/home/navcon/ws/mina_ws/install/ackermann_controller/share/ackermann_controller/package.ps1'
[4.184s] INFO:colcon.colcon_core.shell:Creating package descriptor '/home/navcon/ws/mina_ws/install/ackermann_controller/share/ackermann_controller/package.dsv'
[4.185s] INFO:colcon.colcon_core.shell:Creating package script '/home/navcon/ws/mina_ws/install/ackermann_controller/share/ackermann_controller/package.sh'
[4.186s] INFO:colcon.colcon_core.shell:Creating package script '/home/navcon/ws/mina_ws/install/ackermann_controller/share/ackermann_controller/package.bash'
[4.187s] INFO:colcon.colcon_core.shell:Creating package script '/home/navcon/ws/mina_ws/install/ackermann_controller/share/ackermann_controller/package.zsh'
[4.188s] Level 1:colcon.colcon_core.environment:create_file_with_runtime_dependencies(/home/navcon/ws/mina_ws/install/ackermann_controller/share/colcon-core/packages/ackermann_controller)
[4.190s] Level 1:colcon.colcon_core.environment:checking '/home/navcon/ws/mina_ws/install/ugv_can' for CMake module files
[4.192s] Level 1:colcon.colcon_core.environment:checking '/home/navcon/ws/mina_ws/install/ugv_can' for CMake config files
[4.193s] DEBUG:colcon.colcon_core.event_handler.log_command:Invoked command in '/home/navcon/ws/mina_ws/src/ugv_can' returned '0': PYTHONPATH=/home/navcon/ws/mina_ws/build/ugv_can/prefix_override:/home/navcon/ws/mina_ws/install/ugv_can/lib/python3.8/site-packages:${PYTHONPATH} /usr/bin/python3 -W ignore:setup.py install is deprecated setup.py egg_info --egg-base ../../build/ugv_can build --build-base /home/navcon/ws/mina_ws/build/ugv_can/build install --record /home/navcon/ws/mina_ws/build/ugv_can/install.log --single-version-externally-managed install_data
[4.194s] Level 1:colcon.colcon_core.environment:checking '/home/navcon/ws/mina_ws/install/ugv_can/lib'
[4.194s] Level 1:colcon.colcon_core.environment:checking '/home/navcon/ws/mina_ws/install/ugv_can/bin'
[4.194s] Level 1:colcon.colcon_core.environment:checking '/home/navcon/ws/mina_ws/install/ugv_can/lib/pkgconfig/ugv_can.pc'
[4.195s] Level 1:colcon.colcon_core.environment:checking '/home/navcon/ws/mina_ws/install/ugv_can/lib/python3.8/site-packages'
[4.195s] Level 1:colcon.colcon_core.shell:create_environment_hook('ugv_can', 'pythonpath')
[4.195s] INFO:colcon.colcon_core.shell:Creating environment hook '/home/navcon/ws/mina_ws/install/ugv_can/share/ugv_can/hook/pythonpath.ps1'
[4.196s] INFO:colcon.colcon_core.shell:Creating environment descriptor '/home/navcon/ws/mina_ws/install/ugv_can/share/ugv_can/hook/pythonpath.dsv'
[4.197s] INFO:colcon.colcon_core.shell:Creating environment hook '/home/navcon/ws/mina_ws/install/ugv_can/share/ugv_can/hook/pythonpath.sh'
[4.198s] Level 1:colcon.colcon_core.environment:checking '/home/navcon/ws/mina_ws/install/ugv_can/bin'
[4.198s] Level 1:colcon.colcon_core.environment:create_environment_scripts_only(ugv_can)
[4.199s] INFO:colcon.colcon_core.shell:Creating package script '/home/navcon/ws/mina_ws/install/ugv_can/share/ugv_can/package.ps1'
[4.200s] INFO:colcon.colcon_core.shell:Creating package descriptor '/home/navcon/ws/mina_ws/install/ugv_can/share/ugv_can/package.dsv'
[4.201s] INFO:colcon.colcon_core.shell:Creating package script '/home/navcon/ws/mina_ws/install/ugv_can/share/ugv_can/package.sh'
[4.202s] INFO:colcon.colcon_core.shell:Creating package script '/home/navcon/ws/mina_ws/install/ugv_can/share/ugv_can/package.bash'
[4.203s] INFO:colcon.colcon_core.shell:Creating package script '/home/navcon/ws/mina_ws/install/ugv_can/share/ugv_can/package.zsh'
[4.203s] Level 1:colcon.colcon_core.environment:create_file_with_runtime_dependencies(/home/navcon/ws/mina_ws/install/ugv_can/share/colcon-core/packages/ugv_can)
[4.404s] DEBUG:colcon.colcon_core.event_handler.log_command:Invoking command in '/home/navcon/ws/mina_ws/src/ackermann-odometry/src/ackermann_odometry': CMAKE_PREFIX_PATH=/home/navcon/ws/mina_ws/install/ackermann_interfaces:/home/navcon/ws/mina_ws/install/ydlidar_ros2_driver:/home/navcon/ws/mina_ws/install/ugv_design:/home/navcon/ws/mina_ws/install/mini_ugv:/home/navcon/ws/mina_ws/install/mina_ugv PYTHONPATH=/home/navcon/ws/mina_ws/build/ackermann_odometry/prefix_override:/home/navcon/ws/mina_ws/install/ackermann_odometry/lib/python3.8/site-packages:/home/navcon/ws/mina_ws/install/ackermann_interfaces/lib/python3.8/site-packages:/home/navcon/ws/mina_ws/install/ugv_can/lib/python3.8/site-packages:/home/navcon/ws/mina_ws/install/mina_ugv/lib/python3.8/site-packages:/home/navcon/ws/mina_ws/install/ackermann_odometry/lib/python3.8/site-packages:/home/navcon/ws/mina_ws/install/ackermann_controller/lib/python3.8/site-packages:/opt/ros/humble/lib/python3.8/site-packages /usr/bin/python3 -W ignore:setup.py install is deprecated setup.py egg_info --egg-base ../../../../build/ackermann_odometry build --build-base /home/navcon/ws/mina_ws/build/ackermann_odometry/build install --record /home/navcon/ws/mina_ws/build/ackermann_odometry/install.log --install-scripts $base/lib/ackermann_odometry --single-version-externally-managed install_data
[5.047s] Level 1:colcon.colcon_core.environment:checking '/home/navcon/ws/mina_ws/install/ackermann_odometry' for CMake module files
[5.049s] DEBUG:colcon.colcon_core.event_handler.log_command:Invoked command in '/home/navcon/ws/mina_ws/src/ackermann-odometry/src/ackermann_odometry' returned '0': CMAKE_PREFIX_PATH=/home/navcon/ws/mina_ws/install/ackermann_interfaces:/home/navcon/ws/mina_ws/install/ydlidar_ros2_driver:/home/navcon/ws/mina_ws/install/ugv_design:/home/navcon/ws/mina_ws/install/mini_ugv:/home/navcon/ws/mina_ws/install/mina_ugv PYTHONPATH=/home/navcon/ws/mina_ws/build/ackermann_odometry/prefix_override:/home/navcon/ws/mina_ws/install/ackermann_odometry/lib/python3.8/site-packages:/home/navcon/ws/mina_ws/install/ackermann_interfaces/lib/python3.8/site-packages:/home/navcon/ws/mina_ws/install/ugv_can/lib/python3.8/site-packages:/home/navcon/ws/mina_ws/install/mina_ugv/lib/python3.8/site-packages:/home/navcon/ws/mina_ws/install/ackermann_odometry/lib/python3.8/site-packages:/home/navcon/ws/mina_ws/install/ackermann_controller/lib/python3.8/site-packages:/opt/ros/humble/lib/python3.8/site-packages /usr/bin/python3 -W ignore:setup.py install is deprecated setup.py egg_info --egg-base ../../../../build/ackermann_odometry build --build-base /home/navcon/ws/mina_ws/build/ackermann_odometry/build install --record /home/navcon/ws/mina_ws/build/ackermann_odometry/install.log --install-scripts $base/lib/ackermann_odometry --single-version-externally-managed install_data
[5.050s] Level 1:colcon.colcon_core.environment:checking '/home/navcon/ws/mina_ws/install/ackermann_odometry' for CMake config files
[5.053s] Level 1:colcon.colcon_core.environment:checking '/home/navcon/ws/mina_ws/install/ackermann_odometry/lib'
[5.053s] Level 1:colcon.colcon_core.environment:checking '/home/navcon/ws/mina_ws/install/ackermann_odometry/bin'
[5.053s] Level 1:colcon.colcon_core.environment:checking '/home/navcon/ws/mina_ws/install/ackermann_odometry/lib/pkgconfig/ackermann_odometry.pc'
[5.054s] Level 1:colcon.colcon_core.environment:checking '/home/navcon/ws/mina_ws/install/ackermann_odometry/lib/python3.8/site-packages'
[5.054s] Level 1:colcon.colcon_core.shell:create_environment_hook('ackermann_odometry', 'pythonpath')
[5.056s] INFO:colcon.colcon_core.shell:Creating environment hook '/home/navcon/ws/mina_ws/install/ackermann_odometry/share/ackermann_odometry/hook/pythonpath.ps1'
[5.057s] INFO:colcon.colcon_core.shell:Creating environment descriptor '/home/navcon/ws/mina_ws/install/ackermann_odometry/share/ackermann_odometry/hook/pythonpath.dsv'
[5.060s] INFO:colcon.colcon_core.shell:Creating environment hook '/home/navcon/ws/mina_ws/install/ackermann_odometry/share/ackermann_odometry/hook/pythonpath.sh'
[5.062s] Level 1:colcon.colcon_core.environment:checking '/home/navcon/ws/mina_ws/install/ackermann_odometry/bin'
[5.062s] Level 1:colcon.colcon_core.environment:create_environment_scripts_only(ackermann_odometry)
[5.063s] INFO:colcon.colcon_core.shell:Creating package script '/home/navcon/ws/mina_ws/install/ackermann_odometry/share/ackermann_odometry/package.ps1'
[5.065s] INFO:colcon.colcon_core.shell:Creating package descriptor '/home/navcon/ws/mina_ws/install/ackermann_odometry/share/ackermann_odometry/package.dsv'
[5.067s] INFO:colcon.colcon_core.shell:Creating package script '/home/navcon/ws/mina_ws/install/ackermann_odometry/share/ackermann_odometry/package.sh'
[5.068s] INFO:colcon.colcon_core.shell:Creating package script '/home/navcon/ws/mina_ws/install/ackermann_odometry/share/ackermann_odometry/package.bash'
[5.070s] INFO:colcon.colcon_core.shell:Creating package script '/home/navcon/ws/mina_ws/install/ackermann_odometry/share/ackermann_odometry/package.zsh'
[5.071s] Level 1:colcon.colcon_core.environment:create_file_with_runtime_dependencies(/home/navcon/ws/mina_ws/install/ackermann_odometry/share/colcon-core/packages/ackermann_odometry)
[5.072s] DEBUG:colcon.colcon_parallel_executor.executor.parallel:closing loop
[5.073s] DEBUG:colcon.colcon_parallel_executor.executor.parallel:loop closed
[5.074s] DEBUG:colcon.colcon_parallel_executor.executor.parallel:run_until_complete finished with '0'
[5.074s] DEBUG:colcon.colcon_core.event_reactor:joining thread
[5.092s] INFO:colcon.colcon_core.plugin_system:Skipping extension 'colcon_notification.desktop_notification.terminal_notifier': Not used on non-Darwin systems
[5.092s] INFO:colcon.colcon_core.plugin_system:Skipping extension 'colcon_notification.desktop_notification.win32': Not used on non-Windows systems
[5.092s] INFO:colcon.colcon_notification.desktop_notification:Sending desktop notification using 'notify2'
[5.128s] DEBUG:colcon.colcon_core.event_reactor:joined thread
[5.129s] INFO:colcon.colcon_core.shell:Creating prefix script '/home/navcon/ws/mina_ws/install/local_setup.ps1'
[5.131s] INFO:colcon.colcon_core.shell:Creating prefix util module '/home/navcon/ws/mina_ws/install/_local_setup_util_ps1.py'
[5.135s] INFO:colcon.colcon_core.shell:Creating prefix chain script '/home/navcon/ws/mina_ws/install/setup.ps1'
[5.138s] INFO:colcon.colcon_core.shell:Creating prefix script '/home/navcon/ws/mina_ws/install/local_setup.sh'
[5.139s] INFO:colcon.colcon_core.shell:Creating prefix util module '/home/navcon/ws/mina_ws/install/_local_setup_util_sh.py'
[5.140s] INFO:colcon.colcon_core.shell:Creating prefix chain script '/home/navcon/ws/mina_ws/install/setup.sh'
[5.143s] INFO:colcon.colcon_core.shell:Creating prefix script '/home/navcon/ws/mina_ws/install/local_setup.bash'
[5.144s] INFO:colcon.colcon_core.shell:Creating prefix chain script '/home/navcon/ws/mina_ws/install/setup.bash'
[5.146s] INFO:colcon.colcon_core.shell:Creating prefix script '/home/navcon/ws/mina_ws/install/local_setup.zsh'
[5.148s] INFO:colcon.colcon_core.shell:Creating prefix chain script '/home/navcon/ws/mina_ws/install/setup.zsh'
