[1.187s] Invoking command in '/home/navcon/ws/mina_ws/build/ydlidar_ros2_driver': CMAKE_PREFIX_PATH=${CMAKE_PREFIX_PATH}:/home/navcon/ws/mina_ws/install/ugv_can:/home/navcon/ws/mina_ws/install/ackermann_odometry:/home/navcon/ws/mina_ws/install/ackermann_controller:/opt/ros/humble /usr/bin/cmake /home/navcon/ws/mina_ws/src/ydlidar_ros2_driver -DCMAKE_INSTALL_PREFIX=/home/navcon/ws/mina_ws/install/ydlidar_ros2_driver
[1.220s] -- Found ament_cmake: 1.3.6 (/opt/ros/humble/share/ament_cmake/cmake)
[1.683s] -- Override CMake install command with custom implementation using symlinks instead of copying resources
[1.698s] -- Found rclcpp: 16.0.7 (/opt/ros/humble/share/rclcpp/cmake)
[1.758s] -- Found rosidl_generator_c: 3.1.5 (/opt/ros/humble/share/rosidl_generator_c/cmake)
[1.763s] -- Found rosidl_adapter: 3.1.5 (/opt/ros/humble/share/rosidl_adapter/cmake)
[1.776s] -- Found rosidl_generator_cpp: 3.1.5 (/opt/ros/humble/share/rosidl_generator_cpp/cmake)
[1.802s] -- Using all available rosidl_typesupport_c: rosidl_typesupport_fastrtps_c;rosidl_typesupport_introspection_c
[1.839s] -- Using all available rosidl_typesupport_cpp: rosidl_typesupport_fastrtps_cpp;rosidl_typesupport_introspection_cpp
[1.966s] -- Found rmw_implementation_cmake: 6.1.1 (/opt/ros/humble/share/rmw_implementation_cmake/cmake)
[1.977s] -- Found rmw_fastrtps_cpp: 6.2.5 (/opt/ros/humble/share/rmw_fastrtps_cpp/cmake)
[2.238s] -- Using RMW implementation 'rmw_fastrtps_cpp' as default
[2.563s] -- Found sensor_msgs: 4.2.3 (/opt/ros/humble/share/sensor_msgs/cmake)
[2.813s] -- Found visualization_msgs: 4.2.3 (/opt/ros/humble/share/visualization_msgs/cmake)
[3.041s] -- Found std_srvs: 4.2.3 (/opt/ros/humble/share/std_srvs/cmake)
[3.092s] -- Found ament_lint_auto: 0.12.9 (/opt/ros/humble/share/ament_lint_auto/cmake)
[3.257s] -- Added test 'copyright' to check source files copyright and LICENSE
[3.277s] -- Added test 'cppcheck' to perform static code analysis on C / C++ code
[3.277s] -- Configured cppcheck include dirs: /home/navcon/ws/mina_ws/src/ydlidar_ros2_driver/src
[3.278s] -- Configured cppcheck exclude dirs and/or files: 
[3.297s] -- Added test 'cpplint' to check C / C++ code against the Google style
[3.297s] -- Configured cpplint exclude dirs and/or files: 
[3.300s] -- Added test 'flake8' to check Python code syntax and style conventions
[3.306s] -- Added test 'lint_cmake' to check CMake code style
[3.310s] -- Added test 'pep257' to check Python code against some of the docstring style conventions in PEP 257
[3.330s] -- Added test 'uncrustify' to check C / C++ code style
[3.330s] -- Configured uncrustify additional arguments: 
[3.333s] -- Added test 'xmllint' to check XML markup files
[3.348s] -- Configuring done
[3.392s] -- Generating done
[3.397s] -- Build files have been written to: /home/navcon/ws/mina_ws/build/ydlidar_ros2_driver
[3.420s] Invoked command in '/home/navcon/ws/mina_ws/build/ydlidar_ros2_driver' returned '0': CMAKE_PREFIX_PATH=${CMAKE_PREFIX_PATH}:/home/navcon/ws/mina_ws/install/ugv_can:/home/navcon/ws/mina_ws/install/ackermann_odometry:/home/navcon/ws/mina_ws/install/ackermann_controller:/opt/ros/humble /usr/bin/cmake /home/navcon/ws/mina_ws/src/ydlidar_ros2_driver -DCMAKE_INSTALL_PREFIX=/home/navcon/ws/mina_ws/install/ydlidar_ros2_driver
[3.426s] Invoking command in '/home/navcon/ws/mina_ws/build/ydlidar_ros2_driver': CMAKE_PREFIX_PATH=${CMAKE_PREFIX_PATH}:/home/navcon/ws/mina_ws/install/ugv_can:/home/navcon/ws/mina_ws/install/ackermann_odometry:/home/navcon/ws/mina_ws/install/ackermann_controller:/opt/ros/humble /usr/bin/cmake --build /home/navcon/ws/mina_ws/build/ydlidar_ros2_driver -- -j8 -l8
[3.554s] [ 50%] Built target ydlidar_ros2_driver_node
[3.555s] [100%] Built target ydlidar_ros2_driver_client
[3.583s] Invoked command in '/home/navcon/ws/mina_ws/build/ydlidar_ros2_driver' returned '0': CMAKE_PREFIX_PATH=${CMAKE_PREFIX_PATH}:/home/navcon/ws/mina_ws/install/ugv_can:/home/navcon/ws/mina_ws/install/ackermann_odometry:/home/navcon/ws/mina_ws/install/ackermann_controller:/opt/ros/humble /usr/bin/cmake --build /home/navcon/ws/mina_ws/build/ydlidar_ros2_driver -- -j8 -l8
[3.644s] Invoking command in '/home/navcon/ws/mina_ws/build/ydlidar_ros2_driver': CMAKE_PREFIX_PATH=${CMAKE_PREFIX_PATH}:/home/navcon/ws/mina_ws/install/ugv_can:/home/navcon/ws/mina_ws/install/ackermann_odometry:/home/navcon/ws/mina_ws/install/ackermann_controller:/opt/ros/humble /usr/bin/cmake --install /home/navcon/ws/mina_ws/build/ydlidar_ros2_driver
[3.665s] -- Install configuration: ""
[3.666s] -- Execute custom install script
[3.667s] -- Up-to-date symlink: /home/navcon/ws/mina_ws/install/ydlidar_ros2_driver/lib/ydlidar_ros2_driver/ydlidar_ros2_driver_node
[3.667s] -- Up-to-date symlink: /home/navcon/ws/mina_ws/install/ydlidar_ros2_driver/lib/ydlidar_ros2_driver/ydlidar_ros2_driver_client
[3.668s] -- Up-to-date symlink: /home/navcon/ws/mina_ws/install/ydlidar_ros2_driver/share/ydlidar_ros2_driver/launch/ydlidar.py
[3.669s] -- Up-to-date symlink: /home/navcon/ws/mina_ws/install/ydlidar_ros2_driver/share/ydlidar_ros2_driver/launch/ydlidar_launch.py
[3.669s] -- Up-to-date symlink: /home/navcon/ws/mina_ws/install/ydlidar_ros2_driver/share/ydlidar_ros2_driver/launch/ydlidar_launch_view.py
[3.672s] -- Up-to-date symlink: /home/navcon/ws/mina_ws/install/ydlidar_ros2_driver/share/ydlidar_ros2_driver/params/G1.yaml
[3.672s] -- Up-to-date symlink: /home/navcon/ws/mina_ws/install/ydlidar_ros2_driver/share/ydlidar_ros2_driver/params/G2.yaml
[3.673s] -- Up-to-date symlink: /home/navcon/ws/mina_ws/install/ydlidar_ros2_driver/share/ydlidar_ros2_driver/params/G6.yaml
[3.673s] -- Up-to-date symlink: /home/navcon/ws/mina_ws/install/ydlidar_ros2_driver/share/ydlidar_ros2_driver/params/GS2.yaml
[3.673s] -- Up-to-date symlink: /home/navcon/ws/mina_ws/install/ydlidar_ros2_driver/share/ydlidar_ros2_driver/params/TEA.yaml
[3.673s] -- Up-to-date symlink: /home/navcon/ws/mina_ws/install/ydlidar_ros2_driver/share/ydlidar_ros2_driver/params/TG.yaml
[3.673s] -- Up-to-date symlink: /home/navcon/ws/mina_ws/install/ydlidar_ros2_driver/share/ydlidar_ros2_driver/params/TminiPro.yaml
[3.674s] -- Up-to-date symlink: /home/navcon/ws/mina_ws/install/ydlidar_ros2_driver/share/ydlidar_ros2_driver/params/X2.yaml
[3.674s] -- Up-to-date symlink: /home/navcon/ws/mina_ws/install/ydlidar_ros2_driver/share/ydlidar_ros2_driver/params/X4-Pro.yaml
[3.674s] -- Up-to-date symlink: /home/navcon/ws/mina_ws/install/ydlidar_ros2_driver/share/ydlidar_ros2_driver/params/X4.yaml
[3.674s] -- Up-to-date symlink: /home/navcon/ws/mina_ws/install/ydlidar_ros2_driver/share/ydlidar_ros2_driver/params/ydlidar.yaml
[3.674s] -- Up-to-date symlink: /home/navcon/ws/mina_ws/install/ydlidar_ros2_driver/share/ydlidar_ros2_driver/startup/initenv.sh
[3.675s] -- Up-to-date symlink: /home/navcon/ws/mina_ws/install/ydlidar_ros2_driver/share/ydlidar_ros2_driver/config/ydlidar.rviz
[3.676s] -- Up-to-date symlink: /home/navcon/ws/mina_ws/install/ydlidar_ros2_driver/share/ament_index/resource_index/package_run_dependencies/ydlidar_ros2_driver
[3.676s] -- Up-to-date symlink: /home/navcon/ws/mina_ws/install/ydlidar_ros2_driver/share/ament_index/resource_index/parent_prefix_path/ydlidar_ros2_driver
[3.677s] -- Up-to-date symlink: /home/navcon/ws/mina_ws/install/ydlidar_ros2_driver/share/ydlidar_ros2_driver/environment/ament_prefix_path.sh
[3.677s] -- Up-to-date symlink: /home/navcon/ws/mina_ws/install/ydlidar_ros2_driver/share/ydlidar_ros2_driver/environment/ament_prefix_path.dsv
[3.678s] -- Up-to-date symlink: /home/navcon/ws/mina_ws/install/ydlidar_ros2_driver/share/ydlidar_ros2_driver/environment/path.sh
[3.679s] -- Up-to-date symlink: /home/navcon/ws/mina_ws/install/ydlidar_ros2_driver/share/ydlidar_ros2_driver/environment/path.dsv
[3.679s] -- Up-to-date symlink: /home/navcon/ws/mina_ws/install/ydlidar_ros2_driver/share/ydlidar_ros2_driver/local_setup.bash
[3.680s] -- Up-to-date symlink: /home/navcon/ws/mina_ws/install/ydlidar_ros2_driver/share/ydlidar_ros2_driver/local_setup.sh
[3.680s] -- Up-to-date symlink: /home/navcon/ws/mina_ws/install/ydlidar_ros2_driver/share/ydlidar_ros2_driver/local_setup.zsh
[3.681s] -- Up-to-date symlink: /home/navcon/ws/mina_ws/install/ydlidar_ros2_driver/share/ydlidar_ros2_driver/local_setup.dsv
[3.681s] -- Symlinking: /home/navcon/ws/mina_ws/install/ydlidar_ros2_driver/share/ydlidar_ros2_driver/package.dsv
[3.700s] -- Up-to-date symlink: /home/navcon/ws/mina_ws/install/ydlidar_ros2_driver/share/ament_index/resource_index/packages/ydlidar_ros2_driver
[3.700s] -- Up-to-date symlink: /home/navcon/ws/mina_ws/install/ydlidar_ros2_driver/share/ydlidar_ros2_driver/cmake/ydlidar_ros2_driverConfig.cmake
[3.701s] -- Up-to-date symlink: /home/navcon/ws/mina_ws/install/ydlidar_ros2_driver/share/ydlidar_ros2_driver/cmake/ydlidar_ros2_driverConfig-version.cmake
[3.701s] -- Up-to-date symlink: /home/navcon/ws/mina_ws/install/ydlidar_ros2_driver/share/ydlidar_ros2_driver/package.xml
[3.716s] Invoked command in '/home/navcon/ws/mina_ws/build/ydlidar_ros2_driver' returned '0': CMAKE_PREFIX_PATH=${CMAKE_PREFIX_PATH}:/home/navcon/ws/mina_ws/install/ugv_can:/home/navcon/ws/mina_ws/install/ackermann_odometry:/home/navcon/ws/mina_ws/install/ackermann_controller:/opt/ros/humble /usr/bin/cmake --install /home/navcon/ws/mina_ws/build/ydlidar_ros2_driver
