[0.847s] Invoking command in '/home/navcon/ws/mina_ws/build/mina_ugv': CMAKE_PREFIX_PATH=${CMAKE_PREFIX_PATH}:/home/navcon/ros2_ws/install/ugv_can:/home/navcon/ws/mina_ws/install/ugv_can:/home/navcon/ws/mina_ws/install/ackermann_odometry:/home/navcon/ws/mina_ws/install/ackermann_controller:/opt/ros/humble /usr/bin/cmake /home/navcon/ws/mina_ws/src/mina_ugv -DAMENT_CMAKE_SYMLINK_INSTALL=1 -DCMAKE_INSTALL_PREFIX=/home/navcon/ws/mina_ws/install/mina_ugv
[1.550s] -- Found ament_cmake: 1.3.6 (/opt/ros/humble/share/ament_cmake/cmake)
[1.550s] -- Override CMake install command with custom implementation using symlinks instead of copying resources
[1.551s] -- Found rclcpp: 16.0.7 (/opt/ros/humble/share/rclcpp/cmake)
[1.551s] -- Found rosidl_generator_c: 3.1.5 (/opt/ros/humble/share/rosidl_generator_c/cmake)
[1.551s] -- Found rosidl_adapter: 3.1.5 (/opt/ros/humble/share/rosidl_adapter/cmake)
[1.566s] -- Found rosidl_generator_cpp: 3.1.5 (/opt/ros/humble/share/rosidl_generator_cpp/cmake)
[1.601s] -- Using all available rosidl_typesupport_c: rosidl_typesupport_fastrtps_c;rosidl_typesupport_introspection_c
[1.651s] -- Using all available rosidl_typesupport_cpp: rosidl_typesupport_fastrtps_cpp;rosidl_typesupport_introspection_cpp
[1.851s] -- Found rmw_implementation_cmake: 6.1.1 (/opt/ros/humble/share/rmw_implementation_cmake/cmake)
[1.861s] -- Found rmw_fastrtps_cpp: 6.2.5 (/opt/ros/humble/share/rmw_fastrtps_cpp/cmake)
[2.436s] -- Using RMW implementation 'rmw_fastrtps_cpp' as default
[3.018s] -- Found rclpy: 3.3.11 (/opt/ros/humble/share/rclpy/cmake)
[3.022s] -- Found tf2: 0.25.5 (/opt/ros/humble/share/tf2/cmake)
[3.251s] -- Found tf2_ros: 0.25.5 (/opt/ros/humble/share/tf2_ros/cmake)
[4.356s] -- Found nav_msgs: 4.2.3 (/opt/ros/humble/share/nav_msgs/cmake)
[4.609s] -- Found turtlesim: 1.4.2 (/opt/ros/humble/share/turtlesim/cmake)
[4.774s] -- Found sensor_msgs: 4.2.3 (/opt/ros/humble/share/sensor_msgs/cmake)
[4.956s] -- Found laser_geometry: 2.4.0 (/opt/ros/humble/share/laser_geometry/cmake)
[5.360s] -- Configuring done
[5.416s] -- Generating done
[5.421s] -- Build files have been written to: /home/navcon/ws/mina_ws/build/mina_ugv
[5.448s] Invoked command in '/home/navcon/ws/mina_ws/build/mina_ugv' returned '0': CMAKE_PREFIX_PATH=${CMAKE_PREFIX_PATH}:/home/navcon/ros2_ws/install/ugv_can:/home/navcon/ws/mina_ws/install/ugv_can:/home/navcon/ws/mina_ws/install/ackermann_odometry:/home/navcon/ws/mina_ws/install/ackermann_controller:/opt/ros/humble /usr/bin/cmake /home/navcon/ws/mina_ws/src/mina_ugv -DAMENT_CMAKE_SYMLINK_INSTALL=1 -DCMAKE_INSTALL_PREFIX=/home/navcon/ws/mina_ws/install/mina_ugv
[5.456s] Invoking command in '/home/navcon/ws/mina_ws/build/mina_ugv': CMAKE_PREFIX_PATH=${CMAKE_PREFIX_PATH}:/home/navcon/ros2_ws/install/ugv_can:/home/navcon/ws/mina_ws/install/ugv_can:/home/navcon/ws/mina_ws/install/ackermann_odometry:/home/navcon/ws/mina_ws/install/ackermann_controller:/opt/ros/humble /usr/bin/cmake --build /home/navcon/ws/mina_ws/build/mina_ugv -- -j8 -l8
[5.608s] [  0%] Built target ament_cmake_python_symlink_mina_ugv
[5.622s] [100%] Built target odom_publisher_ackermann_node
[6.227s] running egg_info
[6.229s] writing mina_ugv.egg-info/PKG-INFO
[6.229s] writing dependency_links to mina_ugv.egg-info/dependency_links.txt
[6.231s] writing top-level names to mina_ugv.egg-info/top_level.txt
[6.294s] reading manifest file 'mina_ugv.egg-info/SOURCES.txt'
[6.295s] writing manifest file 'mina_ugv.egg-info/SOURCES.txt'
[6.370s] [100%] Built target ament_cmake_python_build_mina_ugv_egg
[6.405s] Invoked command in '/home/navcon/ws/mina_ws/build/mina_ugv' returned '0': CMAKE_PREFIX_PATH=${CMAKE_PREFIX_PATH}:/home/navcon/ros2_ws/install/ugv_can:/home/navcon/ws/mina_ws/install/ugv_can:/home/navcon/ws/mina_ws/install/ackermann_odometry:/home/navcon/ws/mina_ws/install/ackermann_controller:/opt/ros/humble /usr/bin/cmake --build /home/navcon/ws/mina_ws/build/mina_ugv -- -j8 -l8
[6.510s] Invoking command in '/home/navcon/ws/mina_ws/build/mina_ugv': CMAKE_PREFIX_PATH=${CMAKE_PREFIX_PATH}:/home/navcon/ros2_ws/install/ugv_can:/home/navcon/ws/mina_ws/install/ugv_can:/home/navcon/ws/mina_ws/install/ackermann_odometry:/home/navcon/ws/mina_ws/install/ackermann_controller:/opt/ros/humble /usr/bin/cmake --install /home/navcon/ws/mina_ws/build/mina_ugv
[6.528s] -- Install configuration: ""
[6.529s] -- Execute custom install script
[6.529s] -- Up-to-date symlink: /home/navcon/ws/mina_ws/install/mina_ugv/lib/mina_ugv/odom_publisher_ackermann_node
[6.531s] -- Up-to-date symlink: /home/navcon/ws/mina_ws/install/mina_ugv/share/mina_ugv/launch/camera/camera_back_launch.py
[6.531s] -- Up-to-date symlink: /home/navcon/ws/mina_ws/install/mina_ugv/share/mina_ugv/launch/camera/camera_both_launch.py
[6.531s] -- Up-to-date symlink: /home/navcon/ws/mina_ws/install/mina_ugv/share/mina_ugv/launch/camera/camera_front_launch.py
[6.531s] -- Up-to-date symlink: /home/navcon/ws/mina_ws/install/mina_ugv/share/mina_ugv/launch/display.launch.py
[6.532s] -- Up-to-date symlink: /home/navcon/ws/mina_ws/install/mina_ugv/share/mina_ugv/launch/lidar/lidar_back_launch.py
[6.532s] -- Up-to-date symlink: /home/navcon/ws/mina_ws/install/mina_ugv/share/mina_ugv/launch/lidar/lidar_both_launch.py
[6.532s] -- Up-to-date symlink: /home/navcon/ws/mina_ws/install/mina_ugv/share/mina_ugv/launch/lidar/lidar_front_launch.py
[6.533s] -- Up-to-date symlink: /home/navcon/ws/mina_ws/install/mina_ugv/share/mina_ugv/launch/local_setup/display_local.launch.py
[6.533s] -- Up-to-date symlink: /home/navcon/ws/mina_ws/install/mina_ugv/share/mina_ugv/launch/local_setup/local_ugv_launch.py
[6.533s] -- Up-to-date symlink: /home/navcon/ws/mina_ws/install/mina_ugv/share/mina_ugv/launch/navigation/display.navigation.launch.py
[6.533s] -- Up-to-date symlink: /home/navcon/ws/mina_ws/install/mina_ugv/share/mina_ugv/launch/navigation/gazebo.launch.py
[6.534s] -- Up-to-date symlink: /home/navcon/ws/mina_ws/install/mina_ugv/share/mina_ugv/launch/navigation/mapping.launch.py
[6.534s] -- Up-to-date symlink: /home/navcon/ws/mina_ws/install/mina_ugv/share/mina_ugv/launch/navigation/navigation2.launch.py
[6.534s] -- Up-to-date symlink: /home/navcon/ws/mina_ws/install/mina_ugv/share/mina_ugv/launch/navigation/online_async.launch.py
[6.535s] -- Up-to-date symlink: /home/navcon/ws/mina_ws/install/mina_ugv/share/mina_ugv/launch/navigation/robot_state_publisher.launch.py
[6.535s] -- Up-to-date symlink: /home/navcon/ws/mina_ws/install/mina_ugv/share/mina_ugv/launch/navigation/spawn_turtlebot3.launch.py
[6.535s] -- Up-to-date symlink: /home/navcon/ws/mina_ws/install/mina_ugv/share/mina_ugv/launch/ugv_launch.py
[6.536s] -- Up-to-date symlink: /home/navcon/ws/mina_ws/install/mina_ugv/share/mina_ugv/meshes/accessories/Intel_Props_V1.png
[6.537s] -- Up-to-date symlink: /home/navcon/ws/mina_ws/install/mina_ugv/share/mina_ugv/meshes/accessories/camera_back.dae
[6.538s] -- Up-to-date symlink: /home/navcon/ws/mina_ws/install/mina_ugv/share/mina_ugv/meshes/accessories/camera_front.dae
[6.538s] -- Up-to-date symlink: /home/navcon/ws/mina_ws/install/mina_ugv/share/mina_ugv/meshes/accessories/lidar_back.dae
[6.539s] -- Up-to-date symlink: /home/navcon/ws/mina_ws/install/mina_ugv/share/mina_ugv/meshes/accessories/lidar_back_old.dae
[6.544s] -- Up-to-date symlink: /home/navcon/ws/mina_ws/install/mina_ugv/share/mina_ugv/meshes/accessories/lidar_front.dae
[6.545s] -- Up-to-date symlink: /home/navcon/ws/mina_ws/install/mina_ugv/share/mina_ugv/meshes/body.dae
[6.547s] -- Up-to-date symlink: /home/navcon/ws/mina_ws/install/mina_ugv/share/mina_ugv/meshes/ultrasound/UltraSound_01.stl
[6.547s] -- Up-to-date symlink: /home/navcon/ws/mina_ws/install/mina_ugv/share/mina_ugv/meshes/ultrasound/UltraSound_02.stl
[6.547s] -- Up-to-date symlink: /home/navcon/ws/mina_ws/install/mina_ugv/share/mina_ugv/meshes/ultrasound/UltraSound_03.stl
[6.548s] -- Up-to-date symlink: /home/navcon/ws/mina_ws/install/mina_ugv/share/mina_ugv/meshes/ultrasound/UltraSound_04.stl
[6.549s] -- Up-to-date symlink: /home/navcon/ws/mina_ws/install/mina_ugv/share/mina_ugv/meshes/ultrasound/UltraSound_05.stl
[6.549s] -- Up-to-date symlink: /home/navcon/ws/mina_ws/install/mina_ugv/share/mina_ugv/meshes/ultrasound/UltraSound_06.stl
[6.550s] -- Up-to-date symlink: /home/navcon/ws/mina_ws/install/mina_ugv/share/mina_ugv/meshes/ultrasound/UltraSound_07.stl
[6.550s] -- Up-to-date symlink: /home/navcon/ws/mina_ws/install/mina_ugv/share/mina_ugv/meshes/ultrasound/UltraSound_08.stl
[6.550s] -- Up-to-date symlink: /home/navcon/ws/mina_ws/install/mina_ugv/share/mina_ugv/meshes/ultrasound/UltraSound_09.stl
[6.551s] -- Up-to-date symlink: /home/navcon/ws/mina_ws/install/mina_ugv/share/mina_ugv/meshes/ultrasound/UltraSound_10.stl
[6.552s] -- Up-to-date symlink: /home/navcon/ws/mina_ws/install/mina_ugv/share/mina_ugv/meshes/ultrasound/UltraSound_11.stl
[6.552s] -- Up-to-date symlink: /home/navcon/ws/mina_ws/install/mina_ugv/share/mina_ugv/meshes/ultrasound/UltraSound_12.stl
[6.552s] -- Up-to-date symlink: /home/navcon/ws/mina_ws/install/mina_ugv/share/mina_ugv/meshes/ultrasound/UltraSound_13.stl
[6.553s] -- Up-to-date symlink: /home/navcon/ws/mina_ws/install/mina_ugv/share/mina_ugv/meshes/ultrasound/UltraSound_14.stl
[6.553s] -- Up-to-date symlink: /home/navcon/ws/mina_ws/install/mina_ugv/share/mina_ugv/meshes/ultrasound/UltraSound_15.stl
[6.553s] -- Up-to-date symlink: /home/navcon/ws/mina_ws/install/mina_ugv/share/mina_ugv/meshes/ultrasound/UltraSound_16.stl
[6.553s] -- Up-to-date symlink: /home/navcon/ws/mina_ws/install/mina_ugv/share/mina_ugv/meshes/wheels/hub_front_left.dae
[6.553s] -- Up-to-date symlink: /home/navcon/ws/mina_ws/install/mina_ugv/share/mina_ugv/meshes/wheels/hub_front_right.dae
[6.553s] -- Up-to-date symlink: /home/navcon/ws/mina_ws/install/mina_ugv/share/mina_ugv/meshes/wheels/wheel_front_left.dae
[6.554s] -- Up-to-date symlink: /home/navcon/ws/mina_ws/install/mina_ugv/share/mina_ugv/meshes/wheels/wheel_front_right.dae
[6.554s] -- Up-to-date symlink: /home/navcon/ws/mina_ws/install/mina_ugv/share/mina_ugv/meshes/wheels/wheel_rear_left.dae
[6.554s] -- Up-to-date symlink: /home/navcon/ws/mina_ws/install/mina_ugv/share/mina_ugv/meshes/wheels/wheel_rear_right.dae
[6.554s] -- Up-to-date symlink: /home/navcon/ws/mina_ws/install/mina_ugv/share/mina_ugv/rviz/accessories.rviz
[6.554s] -- Up-to-date symlink: /home/navcon/ws/mina_ws/install/mina_ugv/share/mina_ugv/rviz/camera.rviz
[6.555s] -- Up-to-date symlink: /home/navcon/ws/mina_ws/install/mina_ugv/share/mina_ugv/rviz/camera_360_with_depth.rviz
[6.555s] -- Up-to-date symlink: /home/navcon/ws/mina_ws/install/mina_ugv/share/mina_ugv/rviz/display_view.rviz
[6.556s] -- Up-to-date symlink: /home/navcon/ws/mina_ws/install/mina_ugv/share/mina_ugv/rviz/dual_camera.rviz
[6.561s] -- Up-to-date symlink: /home/navcon/ws/mina_ws/install/mina_ugv/share/mina_ugv/rviz/imu.rviz
[6.562s] -- Up-to-date symlink: /home/navcon/ws/mina_ws/install/mina_ugv/share/mina_ugv/rviz/multi_lidar.rviz
[6.562s] -- Up-to-date symlink: /home/navcon/ws/mina_ws/install/mina_ugv/share/mina_ugv/rviz/nav2_config.rviz
[6.562s] -- Up-to-date symlink: /home/navcon/ws/mina_ws/install/mina_ugv/share/mina_ugv/rviz/nav2_mapping.rviz
[6.562s] -- Up-to-date symlink: /home/navcon/ws/mina_ws/install/mina_ugv/share/mina_ugv/rviz/nav2_navigation.rviz
[6.562s] -- Up-to-date symlink: /home/navcon/ws/mina_ws/install/mina_ugv/share/mina_ugv/rviz/navrover.rviz
[6.562s] -- Up-to-date symlink: /home/navcon/ws/mina_ws/install/mina_ugv/share/mina_ugv/rviz/tb3_navigation2.rviz
[6.562s] -- Up-to-date symlink: /home/navcon/ws/mina_ws/install/mina_ugv/share/mina_ugv/urdf/navrover.urdf
[6.563s] -- Up-to-date symlink: /home/navcon/ws/mina_ws/install/mina_ugv/share/mina_ugv/urdf/navrover.xacro
[6.563s] -- Up-to-date symlink: /home/navcon/ws/mina_ws/install/mina_ugv/share/mina_ugv/urdf/rover.gazebo.xacro
[6.563s] -- Up-to-date symlink: /home/navcon/ws/mina_ws/install/mina_ugv/share/mina_ugv/urdf/rover_camera.xacro
[6.563s] -- Up-to-date symlink: /home/navcon/ws/mina_ws/install/mina_ugv/share/mina_ugv/urdf/rover_lidar.xacro
[6.564s] -- Up-to-date symlink: /home/navcon/ws/mina_ws/install/mina_ugv/share/mina_ugv/urdf/rover_ultrasound.xacro
[6.564s] -- Up-to-date symlink: /home/navcon/ws/mina_ws/install/mina_ugv/share/mina_ugv/worlds/sample.world
[6.564s] -- Up-to-date symlink: /home/navcon/ws/mina_ws/install/mina_ugv/share/mina_ugv/config/mapper_params_online_async.yaml
[6.564s] -- Up-to-date symlink: /home/navcon/ws/mina_ws/install/mina_ugv/share/mina_ugv/config/navrover_config.yaml
[6.564s] -- Up-to-date symlink: /home/navcon/ws/mina_ws/install/mina_ugv/share/mina_ugv/config/realsense_config.yaml
[6.564s] -- Up-to-date symlink: /home/navcon/ws/mina_ws/install/mina_ugv/share/mina_ugv/config/rplidar_config.yaml
[6.564s] -- Up-to-date symlink: /home/navcon/ws/mina_ws/install/mina_ugv/share/mina_ugv/params/nav2_params.yaml
[6.565s] -- Up-to-date symlink: /home/navcon/ws/mina_ws/install/mina_ugv/share/mina_ugv/params/nav2_params3.yaml
[6.565s] -- Up-to-date symlink: /home/navcon/ws/mina_ws/install/mina_ugv/share/mina_ugv/maps/land1_map.pgm
[6.565s] -- Up-to-date symlink: /home/navcon/ws/mina_ws/install/mina_ugv/share/mina_ugv/maps/land1_map.yaml
[6.565s] -- Up-to-date symlink: /home/navcon/ws/mina_ws/install/mina_ugv/share/mina_ugv/models/navrover/model-1_4.sdf
[6.565s] -- Up-to-date symlink: /home/navcon/ws/mina_ws/install/mina_ugv/share/mina_ugv/models/navrover/model.config
[6.565s] -- Up-to-date symlink: /home/navcon/ws/mina_ws/install/mina_ugv/share/mina_ugv/models/navrover/model.sdf
[6.565s] -- Up-to-date symlink: /home/navcon/ws/mina_ws/install/mina_ugv/share/mina_ugv/environment/pythonpath.sh
[6.565s] -- Up-to-date symlink: /home/navcon/ws/mina_ws/install/mina_ugv/share/mina_ugv/environment/pythonpath.dsv
[6.566s] -- Up-to-date symlink: /home/navcon/ws/mina_ws/install/mina_ugv/lib/python3.8/site-packages/mina_ugv-0.0.0-py3.8.egg-info/PKG-INFO
[6.566s] -- Up-to-date symlink: /home/navcon/ws/mina_ws/install/mina_ugv/lib/python3.8/site-packages/mina_ugv-0.0.0-py3.8.egg-info/SOURCES.txt
[6.566s] -- Up-to-date symlink: /home/navcon/ws/mina_ws/install/mina_ugv/lib/python3.8/site-packages/mina_ugv-0.0.0-py3.8.egg-info/dependency_links.txt
[6.566s] -- Up-to-date symlink: /home/navcon/ws/mina_ws/install/mina_ugv/lib/python3.8/site-packages/mina_ugv-0.0.0-py3.8.egg-info/top_level.txt
[6.566s] -- Up-to-date symlink: /home/navcon/ws/mina_ws/install/mina_ugv/lib/python3.8/site-packages/mina_ugv/__init__.py
[6.566s] -- Up-to-date symlink: /home/navcon/ws/mina_ws/install/mina_ugv/lib/mina_ugv/modules/Controller.py
[6.566s] -- Up-to-date symlink: /home/navcon/ws/mina_ws/install/mina_ugv/lib/mina_ugv/modules/Topics.py
[6.568s] -- Up-to-date symlink: /home/navcon/ws/mina_ws/install/mina_ugv/lib/mina_ugv/modules/__pycache__/Controller.cpython-310.pyc
[6.568s] -- Up-to-date symlink: /home/navcon/ws/mina_ws/install/mina_ugv/lib/mina_ugv/modules/__pycache__/Controller.cpython-38.pyc
[6.569s] -- Up-to-date symlink: /home/navcon/ws/mina_ws/install/mina_ugv/lib/mina_ugv/modules/__pycache__/Topics.cpython-310.pyc
[6.570s] -- Up-to-date symlink: /home/navcon/ws/mina_ws/install/mina_ugv/lib/mina_ugv/modules/__pycache__/Topics.cpython-38.pyc
[6.571s] -- Up-to-date symlink: /home/navcon/ws/mina_ws/install/mina_ugv/lib/mina_ugv/ugv_driver.py
[6.571s] -- Up-to-date symlink: /home/navcon/ws/mina_ws/install/mina_ugv/lib/mina_ugv/navrover_ps4_ctrl.py
[6.571s] -- Up-to-date symlink: /home/navcon/ws/mina_ws/install/mina_ugv/lib/mina_ugv/lidar_avoidance.py
[6.572s] -- Up-to-date symlink: /home/navcon/ws/mina_ws/install/mina_ugv/lib/mina_ugv/lidar_scan_multiple.py
[6.572s] -- Up-to-date symlink: /home/navcon/ws/mina_ws/install/mina_ugv/lib/mina_ugv/lidar_to_point_publish.py
[6.573s] -- Up-to-date symlink: /home/navcon/ws/mina_ws/install/mina_ugv/lib/mina_ugv/publish_gps_data.py
[6.573s] -- Up-to-date symlink: /home/navcon/ws/mina_ws/install/mina_ugv/share/ament_index/resource_index/package_run_dependencies/mina_ugv
[6.574s] -- Up-to-date symlink: /home/navcon/ws/mina_ws/install/mina_ugv/share/ament_index/resource_index/parent_prefix_path/mina_ugv
[6.574s] -- Up-to-date symlink: /home/navcon/ws/mina_ws/install/mina_ugv/share/mina_ugv/environment/ament_prefix_path.sh
[6.575s] -- Up-to-date symlink: /home/navcon/ws/mina_ws/install/mina_ugv/share/mina_ugv/environment/ament_prefix_path.dsv
[6.575s] -- Up-to-date symlink: /home/navcon/ws/mina_ws/install/mina_ugv/share/mina_ugv/environment/path.sh
[6.576s] -- Up-to-date symlink: /home/navcon/ws/mina_ws/install/mina_ugv/share/mina_ugv/environment/path.dsv
[6.576s] -- Up-to-date symlink: /home/navcon/ws/mina_ws/install/mina_ugv/share/mina_ugv/local_setup.bash
[6.577s] -- Up-to-date symlink: /home/navcon/ws/mina_ws/install/mina_ugv/share/mina_ugv/local_setup.sh
[6.577s] -- Up-to-date symlink: /home/navcon/ws/mina_ws/install/mina_ugv/share/mina_ugv/local_setup.zsh
[6.581s] -- Up-to-date symlink: /home/navcon/ws/mina_ws/install/mina_ugv/share/mina_ugv/local_setup.dsv
[6.581s] -- Symlinking: /home/navcon/ws/mina_ws/install/mina_ugv/share/mina_ugv/package.dsv
[6.606s] -- Up-to-date symlink: /home/navcon/ws/mina_ws/install/mina_ugv/share/ament_index/resource_index/packages/mina_ugv
[6.607s] -- Up-to-date symlink: /home/navcon/ws/mina_ws/install/mina_ugv/share/mina_ugv/cmake/mina_ugvConfig.cmake
[6.607s] -- Up-to-date symlink: /home/navcon/ws/mina_ws/install/mina_ugv/share/mina_ugv/cmake/mina_ugvConfig-version.cmake
[6.607s] -- Up-to-date symlink: /home/navcon/ws/mina_ws/install/mina_ugv/share/mina_ugv/package.xml
[6.672s] Listing '/home/navcon/ws/mina_ws/install/mina_ugv/lib/python3.8/site-packages/mina_ugv'...
[6.701s] Invoked command in '/home/navcon/ws/mina_ws/build/mina_ugv' returned '0': CMAKE_PREFIX_PATH=${CMAKE_PREFIX_PATH}:/home/navcon/ros2_ws/install/ugv_can:/home/navcon/ws/mina_ws/install/ugv_can:/home/navcon/ws/mina_ws/install/ackermann_odometry:/home/navcon/ws/mina_ws/install/ackermann_controller:/opt/ros/humble /usr/bin/cmake --install /home/navcon/ws/mina_ws/build/mina_ugv
