[0.137s] Invoking command in '/home/navcon/ws/mina_ws/build/ackermann_interfaces': CMAKE_PREFIX_PATH=${CMAKE_PREFIX_PATH}:/home/navcon/ws/mina_ws/install/ugv_can:/home/navcon/ws/mina_ws/install/ackermann_odometry:/home/navcon/ws/mina_ws/install/ackermann_controller:/opt/ros/humble /usr/bin/cmake /home/navcon/ws/mina_ws/src/ackermann-odometry/src/ackermann_interfaces -DCMAKE_INSTALL_PREFIX=/home/navcon/ws/mina_ws/install/ackermann_interfaces
[1.352s] -- Found ament_cmake: 1.3.6 (/opt/ros/humble/share/ament_cmake/cmake)
[1.353s] -- Override CMake install command with custom implementation using symlinks instead of copying resources
[1.353s] -- Found rosidl_default_generators: 1.2.0 (/opt/ros/humble/share/rosidl_default_generators/cmake)
[1.353s] -- Using all available rosidl_typesupport_c: rosidl_typesupport_fastrtps_c;rosidl_typesupport_introspection_c
[1.353s] -- Found rosidl_adapter: 3.1.5 (/opt/ros/humble/share/rosidl_adapter/cmake)
[1.353s] -- Using all available rosidl_typesupport_cpp: rosidl_typesupport_fastrtps_cpp;rosidl_typesupport_introspection_cpp
[1.353s] -- Found std_msgs: 4.2.3 (/opt/ros/humble/share/std_msgs/cmake)
[1.588s] -- Found ament_cmake_ros: 0.10.0 (/opt/ros/humble/share/ament_cmake_ros/cmake)
[2.406s] -- Using all available rosidl_typesupport_c: rosidl_typesupport_fastrtps_c;rosidl_typesupport_introspection_c
[3.418s] -- Using all available rosidl_typesupport_cpp: rosidl_typesupport_fastrtps_cpp;rosidl_typesupport_introspection_cpp
[3.478s] -- Found python_cmake_module: 0.10.0 (/opt/ros/humble/share/python_cmake_module/cmake)
[3.534s] -- Using PYTHON_EXECUTABLE: /usr/bin/python3
[3.534s] -- Using PYTHON_INCLUDE_DIRS: /usr/include/python3.8
[3.534s] -- Using PYTHON_LIBRARIES: /usr/lib/aarch64-linux-gnu/libpython3.8.so
[3.612s] -- Found ament_lint_auto: 0.12.9 (/opt/ros/humble/share/ament_lint_auto/cmake)
[3.644s] -- Configuring done
[3.735s] -- Generating done
[3.748s] -- Build files have been written to: /home/navcon/ws/mina_ws/build/ackermann_interfaces
[3.779s] Invoked command in '/home/navcon/ws/mina_ws/build/ackermann_interfaces' returned '0': CMAKE_PREFIX_PATH=${CMAKE_PREFIX_PATH}:/home/navcon/ws/mina_ws/install/ugv_can:/home/navcon/ws/mina_ws/install/ackermann_odometry:/home/navcon/ws/mina_ws/install/ackermann_controller:/opt/ros/humble /usr/bin/cmake /home/navcon/ws/mina_ws/src/ackermann-odometry/src/ackermann_interfaces -DCMAKE_INSTALL_PREFIX=/home/navcon/ws/mina_ws/install/ackermann_interfaces
[3.782s] Invoking command in '/home/navcon/ws/mina_ws/build/ackermann_interfaces': CMAKE_PREFIX_PATH=${CMAKE_PREFIX_PATH}:/home/navcon/ws/mina_ws/install/ugv_can:/home/navcon/ws/mina_ws/install/ackermann_odometry:/home/navcon/ws/mina_ws/install/ackermann_controller:/opt/ros/humble /usr/bin/cmake --build /home/navcon/ws/mina_ws/build/ackermann_interfaces -- -j8 -l8
[3.940s] [  9%] Built target ackermann_interfaces__rosidl_generator_c
[3.960s] [ 12%] Built target ackermann_interfaces__cpp
[3.963s] [ 12%] Built target ament_cmake_python_symlink_ackermann_interfaces
[4.023s] [ 22%] Built target ackermann_interfaces__rosidl_typesupport_introspection_c
[4.032s] [ 32%] Built target ackermann_interfaces__rosidl_typesupport_introspection_cpp
[4.038s] [ 41%] Built target ackermann_interfaces__rosidl_typesupport_c
[4.045s] [ 51%] Built target ackermann_interfaces__rosidl_typesupport_fastrtps_c
[4.050s] [ 61%] Built target ackermann_interfaces__rosidl_typesupport_cpp
[4.061s] [ 70%] Built target ackermann_interfaces__rosidl_typesupport_fastrtps_cpp
[4.102s] [ 70%] Built target ackermann_interfaces
[4.144s] [ 74%] Built target ackermann_interfaces__py
[4.199s] [ 80%] Built target ackermann_interfaces__rosidl_generator_py
[4.257s] [ 87%] Built target ackermann_interfaces__rosidl_typesupport_introspection_c__pyext
[4.265s] [ 93%] Built target ackermann_interfaces__rosidl_typesupport_c__pyext
[4.266s] [100%] Built target ackermann_interfaces__rosidl_typesupport_fastrtps_c__pyext
[4.528s] running egg_info
[4.529s] writing ackermann_interfaces.egg-info/PKG-INFO
[4.529s] writing dependency_links to ackermann_interfaces.egg-info/dependency_links.txt
[4.530s] writing top-level names to ackermann_interfaces.egg-info/top_level.txt
[4.589s] reading manifest file 'ackermann_interfaces.egg-info/SOURCES.txt'
[4.590s] writing manifest file 'ackermann_interfaces.egg-info/SOURCES.txt'
[4.666s] [100%] Built target ament_cmake_python_build_ackermann_interfaces_egg
[4.688s] Invoked command in '/home/navcon/ws/mina_ws/build/ackermann_interfaces' returned '0': CMAKE_PREFIX_PATH=${CMAKE_PREFIX_PATH}:/home/navcon/ws/mina_ws/install/ugv_can:/home/navcon/ws/mina_ws/install/ackermann_odometry:/home/navcon/ws/mina_ws/install/ackermann_controller:/opt/ros/humble /usr/bin/cmake --build /home/navcon/ws/mina_ws/build/ackermann_interfaces -- -j8 -l8
[4.795s] Invoking command in '/home/navcon/ws/mina_ws/build/ackermann_interfaces': CMAKE_PREFIX_PATH=${CMAKE_PREFIX_PATH}:/home/navcon/ws/mina_ws/install/ugv_can:/home/navcon/ws/mina_ws/install/ackermann_odometry:/home/navcon/ws/mina_ws/install/ackermann_controller:/opt/ros/humble /usr/bin/cmake --install /home/navcon/ws/mina_ws/build/ackermann_interfaces
[4.815s] -- Install configuration: ""
[4.816s] -- Execute custom install script
[4.817s] -- Up-to-date symlink: /home/navcon/ws/mina_ws/install/ackermann_interfaces/share/ament_index/resource_index/rosidl_interfaces/ackermann_interfaces
[4.818s] -- Up-to-date symlink: /home/navcon/ws/mina_ws/install/ackermann_interfaces/include/ackermann_interfaces/ackermann_interfaces/msg/ackermann_feedback.h
[4.818s] -- Up-to-date symlink: /home/navcon/ws/mina_ws/install/ackermann_interfaces/include/ackermann_interfaces/ackermann_interfaces/msg/detail/ackermann_feedback__functions.h
[4.818s] -- Up-to-date symlink: /home/navcon/ws/mina_ws/install/ackermann_interfaces/include/ackermann_interfaces/ackermann_interfaces/msg/detail/ackermann_feedback__struct.h
[4.819s] -- Up-to-date symlink: /home/navcon/ws/mina_ws/install/ackermann_interfaces/include/ackermann_interfaces/ackermann_interfaces/msg/detail/ackermann_feedback__type_support.h
[4.819s] -- Up-to-date symlink: /home/navcon/ws/mina_ws/install/ackermann_interfaces/include/ackermann_interfaces/ackermann_interfaces/msg/rosidl_generator_c__visibility_control.h
[4.820s] -- Up-to-date symlink: /home/navcon/ws/mina_ws/install/ackermann_interfaces/share/ackermann_interfaces/environment/library_path.sh
[4.820s] -- Up-to-date symlink: /home/navcon/ws/mina_ws/install/ackermann_interfaces/share/ackermann_interfaces/environment/library_path.dsv
[4.822s] -- Up-to-date symlink: /home/navcon/ws/mina_ws/install/ackermann_interfaces/include/ackermann_interfaces/ackermann_interfaces/msg/detail/ackermann_feedback__rosidl_typesupport_fastrtps_c.h
[4.822s] -- Up-to-date symlink: /home/navcon/ws/mina_ws/install/ackermann_interfaces/include/ackermann_interfaces/ackermann_interfaces/msg/rosidl_typesupport_fastrtps_c__visibility_control.h
[4.823s] -- Up-to-date symlink: /home/navcon/ws/mina_ws/install/ackermann_interfaces/include/ackermann_interfaces/ackermann_interfaces/msg/detail/ackermann_feedback__rosidl_typesupport_introspection_c.h
[4.823s] -- Up-to-date symlink: /home/navcon/ws/mina_ws/install/ackermann_interfaces/include/ackermann_interfaces/ackermann_interfaces/msg/rosidl_typesupport_introspection_c__visibility_control.h
[4.826s] -- Up-to-date symlink: /home/navcon/ws/mina_ws/install/ackermann_interfaces/include/ackermann_interfaces/ackermann_interfaces/msg/ackermann_feedback.hpp
[4.826s] -- Up-to-date symlink: /home/navcon/ws/mina_ws/install/ackermann_interfaces/include/ackermann_interfaces/ackermann_interfaces/msg/detail/ackermann_feedback__builder.hpp
[4.827s] -- Up-to-date symlink: /home/navcon/ws/mina_ws/install/ackermann_interfaces/include/ackermann_interfaces/ackermann_interfaces/msg/detail/ackermann_feedback__struct.hpp
[4.827s] -- Up-to-date symlink: /home/navcon/ws/mina_ws/install/ackermann_interfaces/include/ackermann_interfaces/ackermann_interfaces/msg/detail/ackermann_feedback__traits.hpp
[4.827s] -- Up-to-date symlink: /home/navcon/ws/mina_ws/install/ackermann_interfaces/include/ackermann_interfaces/ackermann_interfaces/msg/detail/ackermann_feedback__rosidl_typesupport_fastrtps_cpp.hpp
[4.828s] -- Up-to-date symlink: /home/navcon/ws/mina_ws/install/ackermann_interfaces/include/ackermann_interfaces/ackermann_interfaces/msg/rosidl_typesupport_fastrtps_cpp__visibility_control.h
[4.830s] -- Up-to-date symlink: /home/navcon/ws/mina_ws/install/ackermann_interfaces/include/ackermann_interfaces/ackermann_interfaces/msg/detail/ackermann_feedback__rosidl_typesupport_introspection_cpp.hpp
[4.830s] -- Up-to-date symlink: /home/navcon/ws/mina_ws/install/ackermann_interfaces/share/ackermann_interfaces/environment/pythonpath.sh
[4.831s] -- Up-to-date symlink: /home/navcon/ws/mina_ws/install/ackermann_interfaces/share/ackermann_interfaces/environment/pythonpath.dsv
[4.832s] -- Up-to-date symlink: /home/navcon/ws/mina_ws/install/ackermann_interfaces/lib/python3.8/site-packages/ackermann_interfaces-0.0.0-py3.8.egg-info/PKG-INFO
[4.832s] -- Up-to-date symlink: /home/navcon/ws/mina_ws/install/ackermann_interfaces/lib/python3.8/site-packages/ackermann_interfaces-0.0.0-py3.8.egg-info/SOURCES.txt
[4.832s] -- Up-to-date symlink: /home/navcon/ws/mina_ws/install/ackermann_interfaces/lib/python3.8/site-packages/ackermann_interfaces-0.0.0-py3.8.egg-info/dependency_links.txt
[4.832s] -- Up-to-date symlink: /home/navcon/ws/mina_ws/install/ackermann_interfaces/lib/python3.8/site-packages/ackermann_interfaces-0.0.0-py3.8.egg-info/top_level.txt
[4.833s] -- Up-to-date symlink: /home/navcon/ws/mina_ws/install/ackermann_interfaces/lib/python3.8/site-packages/ackermann_interfaces/__init__.py
[4.833s] -- Up-to-date symlink: /home/navcon/ws/mina_ws/install/ackermann_interfaces/lib/python3.8/site-packages/ackermann_interfaces/_ackermann_interfaces_s.ep.rosidl_typesupport_c.c
[4.833s] -- Up-to-date symlink: /home/navcon/ws/mina_ws/install/ackermann_interfaces/lib/python3.8/site-packages/ackermann_interfaces/_ackermann_interfaces_s.ep.rosidl_typesupport_fastrtps_c.c
[4.833s] -- Up-to-date symlink: /home/navcon/ws/mina_ws/install/ackermann_interfaces/lib/python3.8/site-packages/ackermann_interfaces/_ackermann_interfaces_s.ep.rosidl_typesupport_introspection_c.c
[4.834s] -- Up-to-date symlink: /home/navcon/ws/mina_ws/install/ackermann_interfaces/lib/python3.8/site-packages/ackermann_interfaces/ackermann_interfaces_s__rosidl_typesupport_c.cpython-38-aarch64-linux-gnu.so
[4.834s] -- Up-to-date symlink: /home/navcon/ws/mina_ws/install/ackermann_interfaces/lib/python3.8/site-packages/ackermann_interfaces/ackermann_interfaces_s__rosidl_typesupport_fastrtps_c.cpython-38-aarch64-linux-gnu.so
[4.834s] -- Up-to-date symlink: /home/navcon/ws/mina_ws/install/ackermann_interfaces/lib/python3.8/site-packages/ackermann_interfaces/ackermann_interfaces_s__rosidl_typesupport_introspection_c.cpython-38-aarch64-linux-gnu.so
[4.834s] -- Up-to-date symlink: /home/navcon/ws/mina_ws/install/ackermann_interfaces/lib/python3.8/site-packages/ackermann_interfaces/libackermann_interfaces__rosidl_generator_py.so
[4.835s] -- Up-to-date symlink: /home/navcon/ws/mina_ws/install/ackermann_interfaces/lib/python3.8/site-packages/ackermann_interfaces/msg/__init__.py
[4.835s] -- Up-to-date symlink: /home/navcon/ws/mina_ws/install/ackermann_interfaces/lib/python3.8/site-packages/ackermann_interfaces/msg/_ackermann_feedback.py
[4.835s] -- Up-to-date symlink: /home/navcon/ws/mina_ws/install/ackermann_interfaces/lib/python3.8/site-packages/ackermann_interfaces/msg/_ackermann_feedback_s.c
[4.835s] -- Up-to-date symlink: /home/navcon/ws/mina_ws/install/ackermann_interfaces/lib/python3.8/site-packages/ackermann_interfaces/ackermann_interfaces_s__rosidl_typesupport_fastrtps_c.cpython-38-aarch64-linux-gnu.so
[4.835s] -- Up-to-date symlink: /home/navcon/ws/mina_ws/install/ackermann_interfaces/lib/python3.8/site-packages/ackermann_interfaces/ackermann_interfaces_s__rosidl_typesupport_introspection_c.cpython-38-aarch64-linux-gnu.so
[4.835s] -- Up-to-date symlink: /home/navcon/ws/mina_ws/install/ackermann_interfaces/lib/python3.8/site-packages/ackermann_interfaces/ackermann_interfaces_s__rosidl_typesupport_c.cpython-38-aarch64-linux-gnu.so
[4.836s] -- Up-to-date symlink: /home/navcon/ws/mina_ws/install/ackermann_interfaces/share/ackermann_interfaces/msg/AckermannFeedback.idl
[4.836s] -- Up-to-date symlink: /home/navcon/ws/mina_ws/install/ackermann_interfaces/share/ackermann_interfaces/msg/AckermannFeedback.msg
[4.837s] -- Up-to-date symlink: /home/navcon/ws/mina_ws/install/ackermann_interfaces/share/ament_index/resource_index/package_run_dependencies/ackermann_interfaces
[4.837s] -- Up-to-date symlink: /home/navcon/ws/mina_ws/install/ackermann_interfaces/share/ament_index/resource_index/parent_prefix_path/ackermann_interfaces
[4.837s] -- Up-to-date symlink: /home/navcon/ws/mina_ws/install/ackermann_interfaces/share/ackermann_interfaces/environment/ament_prefix_path.sh
[4.840s] -- Up-to-date symlink: /home/navcon/ws/mina_ws/install/ackermann_interfaces/share/ackermann_interfaces/environment/ament_prefix_path.dsv
[4.841s] -- Up-to-date symlink: /home/navcon/ws/mina_ws/install/ackermann_interfaces/share/ackermann_interfaces/environment/path.sh
[4.841s] -- Up-to-date symlink: /home/navcon/ws/mina_ws/install/ackermann_interfaces/share/ackermann_interfaces/environment/path.dsv
[4.841s] -- Up-to-date symlink: /home/navcon/ws/mina_ws/install/ackermann_interfaces/share/ackermann_interfaces/local_setup.bash
[4.841s] -- Up-to-date symlink: /home/navcon/ws/mina_ws/install/ackermann_interfaces/share/ackermann_interfaces/local_setup.sh
[4.841s] -- Up-to-date symlink: /home/navcon/ws/mina_ws/install/ackermann_interfaces/share/ackermann_interfaces/local_setup.zsh
[4.841s] -- Up-to-date symlink: /home/navcon/ws/mina_ws/install/ackermann_interfaces/share/ackermann_interfaces/local_setup.dsv
[4.842s] -- Symlinking: /home/navcon/ws/mina_ws/install/ackermann_interfaces/share/ackermann_interfaces/package.dsv
[4.861s] -- Up-to-date symlink: /home/navcon/ws/mina_ws/install/ackermann_interfaces/share/ament_index/resource_index/packages/ackermann_interfaces
[4.861s] -- Up-to-date symlink: /home/navcon/ws/mina_ws/install/ackermann_interfaces/share/ackermann_interfaces/cmake/rosidl_cmake-extras.cmake
[4.861s] -- Up-to-date symlink: /home/navcon/ws/mina_ws/install/ackermann_interfaces/share/ackermann_interfaces/cmake/ament_cmake_export_dependencies-extras.cmake
[4.862s] -- Up-to-date symlink: /home/navcon/ws/mina_ws/install/ackermann_interfaces/share/ackermann_interfaces/cmake/ament_cmake_export_include_directories-extras.cmake
[4.862s] -- Up-to-date symlink: /home/navcon/ws/mina_ws/install/ackermann_interfaces/share/ackermann_interfaces/cmake/ament_cmake_export_libraries-extras.cmake
[4.863s] -- Up-to-date symlink: /home/navcon/ws/mina_ws/install/ackermann_interfaces/share/ackermann_interfaces/cmake/ament_cmake_export_targets-extras.cmake
[4.863s] -- Up-to-date symlink: /home/navcon/ws/mina_ws/install/ackermann_interfaces/share/ackermann_interfaces/cmake/rosidl_cmake_export_typesupport_targets-extras.cmake
[4.863s] -- Up-to-date symlink: /home/navcon/ws/mina_ws/install/ackermann_interfaces/share/ackermann_interfaces/cmake/rosidl_cmake_export_typesupport_libraries-extras.cmake
[4.864s] -- Up-to-date symlink: /home/navcon/ws/mina_ws/install/ackermann_interfaces/share/ackermann_interfaces/cmake/ackermann_interfacesConfig.cmake
[4.864s] -- Up-to-date symlink: /home/navcon/ws/mina_ws/install/ackermann_interfaces/share/ackermann_interfaces/cmake/ackermann_interfacesConfig-version.cmake
[4.865s] -- Up-to-date symlink: /home/navcon/ws/mina_ws/install/ackermann_interfaces/share/ackermann_interfaces/package.xml
[4.866s] -- Up-to-date: /home/navcon/ws/mina_ws/install/ackermann_interfaces/lib/libackermann_interfaces__rosidl_generator_c.so
[4.866s] -- Up-to-date: /home/navcon/ws/mina_ws/install/ackermann_interfaces/lib/libackermann_interfaces__rosidl_typesupport_fastrtps_c.so
[4.867s] -- Up-to-date: /home/navcon/ws/mina_ws/install/ackermann_interfaces/lib/libackermann_interfaces__rosidl_typesupport_introspection_c.so
[4.868s] -- Up-to-date: /home/navcon/ws/mina_ws/install/ackermann_interfaces/lib/libackermann_interfaces__rosidl_typesupport_c.so
[4.868s] -- Up-to-date: /home/navcon/ws/mina_ws/install/ackermann_interfaces/lib/libackermann_interfaces__rosidl_typesupport_fastrtps_cpp.so
[4.869s] -- Up-to-date: /home/navcon/ws/mina_ws/install/ackermann_interfaces/lib/libackermann_interfaces__rosidl_typesupport_introspection_cpp.so
[4.870s] -- Up-to-date: /home/navcon/ws/mina_ws/install/ackermann_interfaces/lib/libackermann_interfaces__rosidl_typesupport_cpp.so
[4.936s] Listing '/home/navcon/ws/mina_ws/install/ackermann_interfaces/lib/python3.8/site-packages/ackermann_interfaces'...
[4.936s] Compiling '/home/navcon/ws/mina_ws/install/ackermann_interfaces/lib/python3.8/site-packages/ackermann_interfaces/__init__.py'...
[4.936s] Listing '/home/navcon/ws/mina_ws/install/ackermann_interfaces/lib/python3.8/site-packages/ackermann_interfaces/msg'...
[4.947s] -- Up-to-date: /home/navcon/ws/mina_ws/install/ackermann_interfaces/lib/libackermann_interfaces__rosidl_generator_py.so
[4.947s] -- Up-to-date: /home/navcon/ws/mina_ws/install/ackermann_interfaces/share/ackermann_interfaces/cmake/export_ackermann_interfaces__rosidl_generator_cExport.cmake
[4.948s] -- Installing: /home/navcon/ws/mina_ws/install/ackermann_interfaces/share/ackermann_interfaces/cmake/export_ackermann_interfaces__rosidl_generator_cExport-noconfig.cmake
[4.948s] -- Up-to-date: /home/navcon/ws/mina_ws/install/ackermann_interfaces/share/ackermann_interfaces/cmake/export_ackermann_interfaces__rosidl_typesupport_fastrtps_cExport.cmake
[4.948s] -- Installing: /home/navcon/ws/mina_ws/install/ackermann_interfaces/share/ackermann_interfaces/cmake/export_ackermann_interfaces__rosidl_typesupport_fastrtps_cExport-noconfig.cmake
[4.949s] -- Up-to-date: /home/navcon/ws/mina_ws/install/ackermann_interfaces/share/ackermann_interfaces/cmake/ackermann_interfaces__rosidl_typesupport_introspection_cExport.cmake
[4.949s] -- Installing: /home/navcon/ws/mina_ws/install/ackermann_interfaces/share/ackermann_interfaces/cmake/ackermann_interfaces__rosidl_typesupport_introspection_cExport-noconfig.cmake
[4.950s] -- Up-to-date: /home/navcon/ws/mina_ws/install/ackermann_interfaces/share/ackermann_interfaces/cmake/ackermann_interfaces__rosidl_typesupport_cExport.cmake
[4.950s] -- Installing: /home/navcon/ws/mina_ws/install/ackermann_interfaces/share/ackermann_interfaces/cmake/ackermann_interfaces__rosidl_typesupport_cExport-noconfig.cmake
[4.950s] -- Up-to-date: /home/navcon/ws/mina_ws/install/ackermann_interfaces/share/ackermann_interfaces/cmake/export_ackermann_interfaces__rosidl_generator_cppExport.cmake
[4.951s] -- Up-to-date: /home/navcon/ws/mina_ws/install/ackermann_interfaces/share/ackermann_interfaces/cmake/export_ackermann_interfaces__rosidl_typesupport_fastrtps_cppExport.cmake
[4.951s] -- Installing: /home/navcon/ws/mina_ws/install/ackermann_interfaces/share/ackermann_interfaces/cmake/export_ackermann_interfaces__rosidl_typesupport_fastrtps_cppExport-noconfig.cmake
[4.951s] -- Up-to-date: /home/navcon/ws/mina_ws/install/ackermann_interfaces/share/ackermann_interfaces/cmake/ackermann_interfaces__rosidl_typesupport_introspection_cppExport.cmake
[4.952s] -- Installing: /home/navcon/ws/mina_ws/install/ackermann_interfaces/share/ackermann_interfaces/cmake/ackermann_interfaces__rosidl_typesupport_introspection_cppExport-noconfig.cmake
[4.952s] -- Up-to-date: /home/navcon/ws/mina_ws/install/ackermann_interfaces/share/ackermann_interfaces/cmake/ackermann_interfaces__rosidl_typesupport_cppExport.cmake
[4.952s] -- Installing: /home/navcon/ws/mina_ws/install/ackermann_interfaces/share/ackermann_interfaces/cmake/ackermann_interfaces__rosidl_typesupport_cppExport-noconfig.cmake
[4.953s] -- Up-to-date: /home/navcon/ws/mina_ws/install/ackermann_interfaces/share/ackermann_interfaces/cmake/export_ackermann_interfaces__rosidl_generator_pyExport.cmake
[4.953s] -- Installing: /home/navcon/ws/mina_ws/install/ackermann_interfaces/share/ackermann_interfaces/cmake/export_ackermann_interfaces__rosidl_generator_pyExport-noconfig.cmake
[4.963s] Invoked command in '/home/navcon/ws/mina_ws/build/ackermann_interfaces' returned '0': CMAKE_PREFIX_PATH=${CMAKE_PREFIX_PATH}:/home/navcon/ws/mina_ws/install/ugv_can:/home/navcon/ws/mina_ws/install/ackermann_odometry:/home/navcon/ws/mina_ws/install/ackermann_controller:/opt/ros/humble /usr/bin/cmake --install /home/navcon/ws/mina_ws/build/ackermann_interfaces
