[1.636s] Invoking command in '/home/navcon/ws/mina_ws/src/ackermann-odometry/src/ackermann_odometry': CMAKE_PREFIX_PATH=/home/navcon/ws/mina_ws/install/ackermann_interfaces:/home/navcon/ws/mina_ws/install/ydlidar_ros2_driver:/home/navcon/ws/mina_ws/install/ugv_design:/home/navcon/ws/mina_ws/install/mini_ugv:/home/navcon/ws/mina_ws/install/mina_ugv PYTHONPATH=/home/navcon/ws/mina_ws/build/ackermann_odometry/prefix_override:/home/navcon/ws/mina_ws/install/ackermann_odometry/lib/python3.8/site-packages:/home/navcon/ws/mina_ws/install/ackermann_interfaces/lib/python3.8/site-packages:/home/navcon/ws/mina_ws/install/ugv_can/lib/python3.8/site-packages:/home/navcon/ws/mina_ws/install/mina_ugv/lib/python3.8/site-packages:/home/navcon/ws/mina_ws/install/ackermann_odometry/lib/python3.8/site-packages:/home/navcon/ws/mina_ws/install/ackermann_controller/lib/python3.8/site-packages:/opt/ros/humble/lib/python3.8/site-packages /usr/bin/python3 -W ignore:setup.py install is deprecated setup.py egg_info --egg-base ../../../../build/ackermann_odometry build --build-base /home/navcon/ws/mina_ws/build/ackermann_odometry/build install --record /home/navcon/ws/mina_ws/build/ackermann_odometry/install.log --install-scripts $base/lib/ackermann_odometry --single-version-externally-managed install_data
[2.182s] running egg_info
[2.183s] writing ../../../../build/ackermann_odometry/ackermann_odometry.egg-info/PKG-INFO
[2.184s] writing dependency_links to ../../../../build/ackermann_odometry/ackermann_odometry.egg-info/dependency_links.txt
[2.185s] writing entry points to ../../../../build/ackermann_odometry/ackermann_odometry.egg-info/entry_points.txt
[2.186s] writing requirements to ../../../../build/ackermann_odometry/ackermann_odometry.egg-info/requires.txt
[2.187s] writing top-level names to ../../../../build/ackermann_odometry/ackermann_odometry.egg-info/top_level.txt
[2.246s] reading manifest file '../../../../build/ackermann_odometry/ackermann_odometry.egg-info/SOURCES.txt'
[2.248s] writing manifest file '../../../../build/ackermann_odometry/ackermann_odometry.egg-info/SOURCES.txt'
[2.248s] running build
[2.248s] running build_py
[2.250s] running install
[2.252s] running install_lib
[2.255s] running install_data
[2.255s] running install_egg_info
[2.260s] removing '/home/navcon/ws/mina_ws/install/ackermann_odometry/lib/python3.8/site-packages/ackermann_odometry-0.0.0-py3.8.egg-info' (and everything under it)
[2.265s] Copying ../../../../build/ackermann_odometry/ackermann_odometry.egg-info to /home/navcon/ws/mina_ws/install/ackermann_odometry/lib/python3.8/site-packages/ackermann_odometry-0.0.0-py3.8.egg-info
[2.265s] running install_scripts
[2.302s] Installing feedback_publisher script to /home/navcon/ws/mina_ws/install/ackermann_odometry/lib/ackermann_odometry
[2.303s] Installing odom_publisher script to /home/navcon/ws/mina_ws/install/ackermann_odometry/lib/ackermann_odometry
[2.305s] writing list of installed files to '/home/navcon/ws/mina_ws/build/ackermann_odometry/install.log'
[2.374s] Invoked command in '/home/navcon/ws/mina_ws/src/ackermann-odometry/src/ackermann_odometry' returned '0': CMAKE_PREFIX_PATH=/home/navcon/ws/mina_ws/install/ackermann_interfaces:/home/navcon/ws/mina_ws/install/ydlidar_ros2_driver:/home/navcon/ws/mina_ws/install/ugv_design:/home/navcon/ws/mina_ws/install/mini_ugv:/home/navcon/ws/mina_ws/install/mina_ugv PYTHONPATH=/home/navcon/ws/mina_ws/build/ackermann_odometry/prefix_override:/home/navcon/ws/mina_ws/install/ackermann_odometry/lib/python3.8/site-packages:/home/navcon/ws/mina_ws/install/ackermann_interfaces/lib/python3.8/site-packages:/home/navcon/ws/mina_ws/install/ugv_can/lib/python3.8/site-packages:/home/navcon/ws/mina_ws/install/mina_ugv/lib/python3.8/site-packages:/home/navcon/ws/mina_ws/install/ackermann_odometry/lib/python3.8/site-packages:/home/navcon/ws/mina_ws/install/ackermann_controller/lib/python3.8/site-packages:/opt/ros/humble/lib/python3.8/site-packages /usr/bin/python3 -W ignore:setup.py install is deprecated setup.py egg_info --egg-base ../../../../build/ackermann_odometry build --build-base /home/navcon/ws/mina_ws/build/ackermann_odometry/build install --record /home/navcon/ws/mina_ws/build/ackermann_odometry/install.log --install-scripts $base/lib/ackermann_odometry --single-version-externally-managed install_data
