[0.652s] Invoking command in '/home/navcon/ws/mina_ws/build/mini_ugv': CMAKE_PREFIX_PATH=${CMAKE_PREFIX_PATH}:/home/navcon/ws/mina_ws/install/ugv_can:/home/navcon/ws/mina_ws/install/ackermann_odometry:/home/navcon/ws/mina_ws/install/ackermann_controller:/opt/ros/humble /usr/bin/cmake --build /home/navcon/ws/mina_ws/build/mini_ugv -- -j8 -l8
[1.231s] Invoked command in '/home/navcon/ws/mina_ws/build/mini_ugv' returned '0': CMAKE_PREFIX_PATH=${CMAKE_PREFIX_PATH}:/home/navcon/ws/mina_ws/install/ugv_can:/home/navcon/ws/mina_ws/install/ackermann_odometry:/home/navcon/ws/mina_ws/install/ackermann_controller:/opt/ros/humble /usr/bin/cmake --build /home/navcon/ws/mina_ws/build/mini_ugv -- -j8 -l8
[1.345s] Invoking command in '/home/navcon/ws/mina_ws/build/mini_ugv': CMAKE_PREFIX_PATH=${CMAKE_PREFIX_PATH}:/home/navcon/ws/mina_ws/install/ugv_can:/home/navcon/ws/mina_ws/install/ackermann_odometry:/home/navcon/ws/mina_ws/install/ackermann_controller:/opt/ros/humble /usr/bin/cmake --install /home/navcon/ws/mina_ws/build/mini_ugv
[1.381s] -- Install configuration: ""
[1.382s] -- Execute custom install script
[1.382s] -- Up-to-date symlink: /home/navcon/ws/mina_ws/install/mini_ugv/share/mini_ugv/launch/auto.launch.py
[1.382s] -- Up-to-date symlink: /home/navcon/ws/mina_ws/install/mini_ugv/share/mini_ugv/launch/bringup.launch.py
[1.382s] -- Up-to-date symlink: /home/navcon/ws/mina_ws/install/mini_ugv/share/mini_ugv/launch/display.launch.py
[1.383s] -- Up-to-date symlink: /home/navcon/ws/mina_ws/install/mini_ugv/share/mini_ugv/launch/ekf.launch.py
[1.386s] -- Up-to-date symlink: /home/navcon/ws/mina_ws/install/mini_ugv/share/mini_ugv/launch/imu_filter.launch.py
[1.388s] -- Up-to-date symlink: /home/navcon/ws/mina_ws/install/mini_ugv/share/mini_ugv/launch/joystick.launch.py
[1.389s] -- Up-to-date symlink: /home/navcon/ws/mina_ws/install/mini_ugv/share/mini_ugv/launch/mini.ugv.launch.py
[1.389s] -- Up-to-date symlink: /home/navcon/ws/mina_ws/install/mini_ugv/share/mini_ugv/launch/navigation.launch.py
[1.389s] -- Up-to-date symlink: /home/navcon/ws/mina_ws/install/mini_ugv/share/mini_ugv/launch/navigation/display.navigation.launch.py
[1.390s] -- Up-to-date symlink: /home/navcon/ws/mina_ws/install/mini_ugv/share/mini_ugv/launch/navigation/gazebo.launch.py
[1.390s] -- Up-to-date symlink: /home/navcon/ws/mina_ws/install/mini_ugv/share/mini_ugv/launch/navigation/mapping.launch.py
[1.390s] -- Up-to-date symlink: /home/navcon/ws/mina_ws/install/mini_ugv/share/mini_ugv/launch/navigation/navigation2.launch.py
[1.391s] -- Up-to-date symlink: /home/navcon/ws/mina_ws/install/mini_ugv/share/mini_ugv/launch/navigation/robot_state_publisher.launch.py
[1.391s] -- Up-to-date symlink: /home/navcon/ws/mina_ws/install/mini_ugv/share/mini_ugv/launch/navigation/spawn_turtlebot3.launch.py
[1.391s] -- Up-to-date symlink: /home/navcon/ws/mina_ws/install/mini_ugv/share/mini_ugv/launch/og_display,launch.py
[1.392s] -- Up-to-date symlink: /home/navcon/ws/mina_ws/install/mini_ugv/share/mini_ugv/launch/online_async.launch.py
[1.392s] -- Up-to-date symlink: /home/navcon/ws/mina_ws/install/mini_ugv/share/mini_ugv/launch/robot_loc.launch.py
[1.392s] -- Up-to-date symlink: /home/navcon/ws/mina_ws/install/mini_ugv/share/mini_ugv/launch/robot_state_publisher.launch.py
[1.392s] -- Up-to-date symlink: /home/navcon/ws/mina_ws/install/mini_ugv/share/mini_ugv/meshes/accessories/Intel_Props_V1.png
[1.392s] -- Up-to-date symlink: /home/navcon/ws/mina_ws/install/mini_ugv/share/mini_ugv/meshes/accessories/camera_back.dae
[1.393s] -- Up-to-date symlink: /home/navcon/ws/mina_ws/install/mini_ugv/share/mini_ugv/meshes/accessories/camera_front.dae
[1.393s] -- Up-to-date symlink: /home/navcon/ws/mina_ws/install/mini_ugv/share/mini_ugv/meshes/accessories/lidar_back.dae
[1.403s] -- Up-to-date symlink: /home/navcon/ws/mina_ws/install/mini_ugv/share/mini_ugv/meshes/accessories/lidar_back_old.dae
[1.407s] -- Up-to-date symlink: /home/navcon/ws/mina_ws/install/mini_ugv/share/mini_ugv/meshes/accessories/lidar_front.dae
[1.408s] -- Up-to-date symlink: /home/navcon/ws/mina_ws/install/mini_ugv/share/mini_ugv/meshes/body.dae
[1.408s] -- Up-to-date symlink: /home/navcon/ws/mina_ws/install/mini_ugv/share/mini_ugv/meshes/ultrasound/UltraSound_01.stl
[1.408s] -- Up-to-date symlink: /home/navcon/ws/mina_ws/install/mini_ugv/share/mini_ugv/meshes/ultrasound/UltraSound_02.stl
[1.408s] -- Up-to-date symlink: /home/navcon/ws/mina_ws/install/mini_ugv/share/mini_ugv/meshes/ultrasound/UltraSound_03.stl
[1.408s] -- Up-to-date symlink: /home/navcon/ws/mina_ws/install/mini_ugv/share/mini_ugv/meshes/ultrasound/UltraSound_04.stl
[1.409s] -- Up-to-date symlink: /home/navcon/ws/mina_ws/install/mini_ugv/share/mini_ugv/meshes/ultrasound/UltraSound_05.stl
[1.409s] -- Up-to-date symlink: /home/navcon/ws/mina_ws/install/mini_ugv/share/mini_ugv/meshes/ultrasound/UltraSound_06.stl
[1.409s] -- Up-to-date symlink: /home/navcon/ws/mina_ws/install/mini_ugv/share/mini_ugv/meshes/ultrasound/UltraSound_07.stl
[1.410s] -- Up-to-date symlink: /home/navcon/ws/mina_ws/install/mini_ugv/share/mini_ugv/meshes/ultrasound/UltraSound_08.stl
[1.410s] -- Up-to-date symlink: /home/navcon/ws/mina_ws/install/mini_ugv/share/mini_ugv/meshes/ultrasound/UltraSound_09.stl
[1.410s] -- Up-to-date symlink: /home/navcon/ws/mina_ws/install/mini_ugv/share/mini_ugv/meshes/ultrasound/UltraSound_10.stl
[1.410s] -- Up-to-date symlink: /home/navcon/ws/mina_ws/install/mini_ugv/share/mini_ugv/meshes/ultrasound/UltraSound_11.stl
[1.410s] -- Up-to-date symlink: /home/navcon/ws/mina_ws/install/mini_ugv/share/mini_ugv/meshes/ultrasound/UltraSound_12.stl
[1.410s] -- Up-to-date symlink: /home/navcon/ws/mina_ws/install/mini_ugv/share/mini_ugv/meshes/ultrasound/UltraSound_13.stl
[1.410s] -- Up-to-date symlink: /home/navcon/ws/mina_ws/install/mini_ugv/share/mini_ugv/meshes/ultrasound/UltraSound_14.stl
[1.411s] -- Up-to-date symlink: /home/navcon/ws/mina_ws/install/mini_ugv/share/mini_ugv/meshes/ultrasound/UltraSound_15.stl
[1.411s] -- Up-to-date symlink: /home/navcon/ws/mina_ws/install/mini_ugv/share/mini_ugv/meshes/ultrasound/UltraSound_16.stl
[1.411s] -- Up-to-date symlink: /home/navcon/ws/mina_ws/install/mini_ugv/share/mini_ugv/meshes/wheels/hub_front_left.dae
[1.411s] -- Up-to-date symlink: /home/navcon/ws/mina_ws/install/mini_ugv/share/mini_ugv/meshes/wheels/hub_front_right.dae
[1.411s] -- Up-to-date symlink: /home/navcon/ws/mina_ws/install/mini_ugv/share/mini_ugv/meshes/wheels/wheel_front_left.dae
[1.411s] -- Up-to-date symlink: /home/navcon/ws/mina_ws/install/mini_ugv/share/mini_ugv/meshes/wheels/wheel_front_right.dae
[1.411s] -- Up-to-date symlink: /home/navcon/ws/mina_ws/install/mini_ugv/share/mini_ugv/meshes/wheels/wheel_rear_left.dae
[1.412s] -- Up-to-date symlink: /home/navcon/ws/mina_ws/install/mini_ugv/share/mini_ugv/meshes/wheels/wheel_rear_right.dae
[1.412s] -- Up-to-date symlink: /home/navcon/ws/mina_ws/install/mini_ugv/share/mini_ugv/urdf/navrover.urdf
[1.416s] -- Up-to-date symlink: /home/navcon/ws/mina_ws/install/mini_ugv/share/mini_ugv/urdf/navrover.xacro
[1.418s] -- Up-to-date symlink: /home/navcon/ws/mina_ws/install/mini_ugv/share/mini_ugv/urdf/rover.gazebo.xacro
[1.418s] -- Up-to-date symlink: /home/navcon/ws/mina_ws/install/mini_ugv/share/mini_ugv/urdf/rover_camera.xacro
[1.418s] -- Up-to-date symlink: /home/navcon/ws/mina_ws/install/mini_ugv/share/mini_ugv/urdf/rover_lidar.xacro
[1.419s] -- Up-to-date symlink: /home/navcon/ws/mina_ws/install/mini_ugv/share/mini_ugv/urdf/rover_ultrasound.xacro
[1.419s] -- Up-to-date symlink: /home/navcon/ws/mina_ws/install/mini_ugv/share/mini_ugv/params/ydlidar.yaml
[1.419s] -- Up-to-date symlink: /home/navcon/ws/mina_ws/install/mini_ugv/share/mini_ugv/config/dg.yaml
[1.419s] -- Up-to-date symlink: /home/navcon/ws/mina_ws/install/mini_ugv/share/mini_ugv/config/ekf.yaml
[1.419s] -- Up-to-date symlink: /home/navcon/ws/mina_ws/install/mini_ugv/share/mini_ugv/config/ekf2.yaml
[1.421s] -- Up-to-date symlink: /home/navcon/ws/mina_ws/install/mini_ugv/share/mini_ugv/config/ekf3.yaml
[1.421s] -- Up-to-date symlink: /home/navcon/ws/mina_ws/install/mini_ugv/share/mini_ugv/config/imu_filter.yaml
[1.421s] -- Up-to-date symlink: /home/navcon/ws/mina_ws/install/mini_ugv/share/mini_ugv/config/mapper_params.yaml
[1.421s] -- Up-to-date symlink: /home/navcon/ws/mina_ws/install/mini_ugv/share/mini_ugv/config/nav2_params.yaml
[1.422s] -- Up-to-date symlink: /home/navcon/ws/mina_ws/install/mini_ugv/share/mini_ugv/config/nav2_params3.yaml
[1.422s] -- Up-to-date symlink: /home/navcon/ws/mina_ws/install/mini_ugv/share/mini_ugv/config/nav2_params_1.yaml
[1.422s] -- Up-to-date symlink: /home/navcon/ws/mina_ws/install/mini_ugv/share/mini_ugv/config/nav2_params_final.yaml
[1.422s] -- Up-to-date symlink: /home/navcon/ws/mina_ws/install/mini_ugv/share/mini_ugv/config/nav2_params_line.yaml
[1.422s] -- Up-to-date symlink: /home/navcon/ws/mina_ws/install/mini_ugv/share/mini_ugv/config/nv2_params_dism.yaml
[1.422s] -- Up-to-date symlink: /home/navcon/ws/mina_ws/install/mini_ugv/share/mini_ugv/config/params1.yaml
[1.422s] -- Up-to-date symlink: /home/navcon/ws/mina_ws/install/mini_ugv/share/mini_ugv/config/params2.yaml
[1.422s] -- Up-to-date symlink: /home/navcon/ws/mina_ws/install/mini_ugv/share/mini_ugv/config/params3.yaml
[1.423s] -- Up-to-date symlink: /home/navcon/ws/mina_ws/install/mini_ugv/share/mini_ugv/config/ydlidar.rviz
[1.423s] -- Up-to-date symlink: /home/navcon/ws/mina_ws/install/mini_ugv/share/mini_ugv/maps/dggg.pgm
[1.423s] -- Up-to-date symlink: /home/navcon/ws/mina_ws/install/mini_ugv/share/mini_ugv/maps/dggg.yaml
[1.423s] -- Up-to-date symlink: /home/navcon/ws/mina_ws/install/mini_ugv/share/mini_ugv/maps/my_map.pgm
[1.423s] -- Up-to-date symlink: /home/navcon/ws/mina_ws/install/mini_ugv/share/mini_ugv/maps/my_map.yaml
[1.423s] -- Up-to-date symlink: /home/navcon/ws/mina_ws/install/mini_ugv/share/mini_ugv/maps/navcon_map.pgm
[1.423s] -- Up-to-date symlink: /home/navcon/ws/mina_ws/install/mini_ugv/share/mini_ugv/maps/navcon_map.yaml
[1.423s] -- Up-to-date symlink: /home/navcon/ws/mina_ws/install/mini_ugv/share/mini_ugv/maps/new_map.pgm
[1.424s] -- Up-to-date symlink: /home/navcon/ws/mina_ws/install/mini_ugv/share/mini_ugv/maps/new_map.yaml
[1.424s] -- Up-to-date symlink: /home/navcon/ws/mina_ws/install/mini_ugv/share/mini_ugv/rviz/display_view.rviz
[1.424s] -- Up-to-date symlink: /home/navcon/ws/mina_ws/install/mini_ugv/share/mini_ugv/rviz/imu.rviz
[1.424s] -- Up-to-date symlink: /home/navcon/ws/mina_ws/install/mini_ugv/share/mini_ugv/rviz/mapping.rviz
[1.424s] -- Up-to-date symlink: /home/navcon/ws/mina_ws/install/mini_ugv/share/mini_ugv/rviz/nav2_config.rviz
[1.424s] -- Up-to-date symlink: /home/navcon/ws/mina_ws/install/mini_ugv/share/mini_ugv/rviz/navrover.rviz
[1.424s] -- Up-to-date symlink: /home/navcon/ws/mina_ws/install/mini_ugv/share/ament_index/resource_index/package_run_dependencies/mini_ugv
[1.424s] -- Up-to-date symlink: /home/navcon/ws/mina_ws/install/mini_ugv/share/ament_index/resource_index/parent_prefix_path/mini_ugv
[1.425s] -- Up-to-date symlink: /home/navcon/ws/mina_ws/install/mini_ugv/share/mini_ugv/environment/ament_prefix_path.sh
[1.425s] -- Up-to-date symlink: /home/navcon/ws/mina_ws/install/mini_ugv/share/mini_ugv/environment/ament_prefix_path.dsv
[1.425s] -- Up-to-date symlink: /home/navcon/ws/mina_ws/install/mini_ugv/share/mini_ugv/environment/path.sh
[1.425s] -- Up-to-date symlink: /home/navcon/ws/mina_ws/install/mini_ugv/share/mini_ugv/environment/path.dsv
[1.425s] -- Up-to-date symlink: /home/navcon/ws/mina_ws/install/mini_ugv/share/mini_ugv/local_setup.bash
[1.425s] -- Up-to-date symlink: /home/navcon/ws/mina_ws/install/mini_ugv/share/mini_ugv/local_setup.sh
[1.425s] -- Up-to-date symlink: /home/navcon/ws/mina_ws/install/mini_ugv/share/mini_ugv/local_setup.zsh
[1.425s] -- Up-to-date symlink: /home/navcon/ws/mina_ws/install/mini_ugv/share/mini_ugv/local_setup.dsv
[1.426s] -- Symlinking: /home/navcon/ws/mina_ws/install/mini_ugv/share/mini_ugv/package.dsv
[1.443s] -- Up-to-date symlink: /home/navcon/ws/mina_ws/install/mini_ugv/share/ament_index/resource_index/packages/mini_ugv
[1.443s] -- Up-to-date symlink: /home/navcon/ws/mina_ws/install/mini_ugv/share/mini_ugv/cmake/mini_ugvConfig.cmake
[1.444s] -- Up-to-date symlink: /home/navcon/ws/mina_ws/install/mini_ugv/share/mini_ugv/cmake/mini_ugvConfig-version.cmake
[1.444s] -- Up-to-date symlink: /home/navcon/ws/mina_ws/install/mini_ugv/share/mini_ugv/package.xml
[1.530s] Invoked command in '/home/navcon/ws/mina_ws/build/mini_ugv' returned '0': CMAKE_PREFIX_PATH=${CMAKE_PREFIX_PATH}:/home/navcon/ws/mina_ws/install/ugv_can:/home/navcon/ws/mina_ws/install/ackermann_odometry:/home/navcon/ws/mina_ws/install/ackermann_controller:/opt/ros/humble /usr/bin/cmake --install /home/navcon/ws/mina_ws/build/mini_ugv
