[0.708s] Invoking command in '/home/navcon/ws/mina_ws/build/mini_ugv': CMAKE_PREFIX_PATH=${CMAKE_PREFIX_PATH}:/home/navcon/ws/mina_ws/install/ugv_can:/home/navcon/ws/mina_ws/install/ackermann_odometry:/home/navcon/ws/mina_ws/install/ackermann_controller:/opt/ros/humble /usr/bin/cmake --build /home/navcon/ws/mina_ws/build/mini_ugv -- -j8 -l8
[1.419s] Invoked command in '/home/navcon/ws/mina_ws/build/mini_ugv' returned '0': CMAKE_PREFIX_PATH=${CMAKE_PREFIX_PATH}:/home/navcon/ws/mina_ws/install/ugv_can:/home/navcon/ws/mina_ws/install/ackermann_odometry:/home/navcon/ws/mina_ws/install/ackermann_controller:/opt/ros/humble /usr/bin/cmake --build /home/navcon/ws/mina_ws/build/mini_ugv -- -j8 -l8
[1.599s] Invoking command in '/home/navcon/ws/mina_ws/build/mini_ugv': CMAKE_PREFIX_PATH=${CMAKE_PREFIX_PATH}:/home/navcon/ws/mina_ws/install/ugv_can:/home/navcon/ws/mina_ws/install/ackermann_odometry:/home/navcon/ws/mina_ws/install/ackermann_controller:/opt/ros/humble /usr/bin/cmake --install /home/navcon/ws/mina_ws/build/mini_ugv
[1.651s] -- Install configuration: ""
[1.651s] -- Execute custom install script
[1.651s] -- Up-to-date symlink: /home/navcon/ws/mina_ws/install/mini_ugv/share/mini_ugv/launch/auto.launch.py
[1.652s] -- Up-to-date symlink: /home/navcon/ws/mina_ws/install/mini_ugv/share/mini_ugv/launch/bringup.launch.py
[1.652s] -- Up-to-date symlink: /home/navcon/ws/mina_ws/install/mini_ugv/share/mini_ugv/launch/display.launch.py
[1.652s] -- Up-to-date symlink: /home/navcon/ws/mina_ws/install/mini_ugv/share/mini_ugv/launch/ekf.launch.py
[1.652s] -- Up-to-date symlink: /home/navcon/ws/mina_ws/install/mini_ugv/share/mini_ugv/launch/imu_filter.launch.py
[1.652s] -- Up-to-date symlink: /home/navcon/ws/mina_ws/install/mini_ugv/share/mini_ugv/launch/joystick.launch.py
[1.652s] -- Up-to-date symlink: /home/navcon/ws/mina_ws/install/mini_ugv/share/mini_ugv/launch/mini.ugv.launch.py
[1.653s] -- Up-to-date symlink: /home/navcon/ws/mina_ws/install/mini_ugv/share/mini_ugv/launch/navigation.launch.py
[1.653s] -- Up-to-date symlink: /home/navcon/ws/mina_ws/install/mini_ugv/share/mini_ugv/launch/navigation/display.navigation.launch.py
[1.654s] -- Up-to-date symlink: /home/navcon/ws/mina_ws/install/mini_ugv/share/mini_ugv/launch/navigation/gazebo.launch.py
[1.654s] -- Up-to-date symlink: /home/navcon/ws/mina_ws/install/mini_ugv/share/mini_ugv/launch/navigation/mapping.launch.py
[1.654s] -- Up-to-date symlink: /home/navcon/ws/mina_ws/install/mini_ugv/share/mini_ugv/launch/navigation/navigation2.launch.py
[1.654s] -- Up-to-date symlink: /home/navcon/ws/mina_ws/install/mini_ugv/share/mini_ugv/launch/navigation/robot_state_publisher.launch.py
[1.654s] -- Up-to-date symlink: /home/navcon/ws/mina_ws/install/mini_ugv/share/mini_ugv/launch/navigation/spawn_turtlebot3.launch.py
[1.655s] -- Up-to-date symlink: /home/navcon/ws/mina_ws/install/mini_ugv/share/mini_ugv/launch/og_display,launch.py
[1.655s] -- Up-to-date symlink: /home/navcon/ws/mina_ws/install/mini_ugv/share/mini_ugv/launch/online_async.launch.py
[1.655s] -- Up-to-date symlink: /home/navcon/ws/mina_ws/install/mini_ugv/share/mini_ugv/launch/robot_loc.launch.py
[1.655s] -- Up-to-date symlink: /home/navcon/ws/mina_ws/install/mini_ugv/share/mini_ugv/launch/robot_state_publisher.launch.py
[1.655s] -- Up-to-date symlink: /home/navcon/ws/mina_ws/install/mini_ugv/share/mini_ugv/meshes/accessories/Intel_Props_V1.png
[1.655s] -- Up-to-date symlink: /home/navcon/ws/mina_ws/install/mini_ugv/share/mini_ugv/meshes/accessories/camera_back.dae
[1.655s] -- Up-to-date symlink: /home/navcon/ws/mina_ws/install/mini_ugv/share/mini_ugv/meshes/accessories/camera_front.dae
[1.655s] -- Up-to-date symlink: /home/navcon/ws/mina_ws/install/mini_ugv/share/mini_ugv/meshes/accessories/lidar_back.dae
[1.656s] -- Up-to-date symlink: /home/navcon/ws/mina_ws/install/mini_ugv/share/mini_ugv/meshes/accessories/lidar_back_old.dae
[1.657s] -- Up-to-date symlink: /home/navcon/ws/mina_ws/install/mini_ugv/share/mini_ugv/meshes/accessories/lidar_front.dae
[1.658s] -- Up-to-date symlink: /home/navcon/ws/mina_ws/install/mini_ugv/share/mini_ugv/meshes/body.dae
[1.658s] -- Up-to-date symlink: /home/navcon/ws/mina_ws/install/mini_ugv/share/mini_ugv/meshes/ultrasound/UltraSound_01.stl
[1.658s] -- Up-to-date symlink: /home/navcon/ws/mina_ws/install/mini_ugv/share/mini_ugv/meshes/ultrasound/UltraSound_02.stl
[1.658s] -- Up-to-date symlink: /home/navcon/ws/mina_ws/install/mini_ugv/share/mini_ugv/meshes/ultrasound/UltraSound_03.stl
[1.658s] -- Up-to-date symlink: /home/navcon/ws/mina_ws/install/mini_ugv/share/mini_ugv/meshes/ultrasound/UltraSound_04.stl
[1.666s] -- Up-to-date symlink: /home/navcon/ws/mina_ws/install/mini_ugv/share/mini_ugv/meshes/ultrasound/UltraSound_05.stl
[1.666s] -- Up-to-date symlink: /home/navcon/ws/mina_ws/install/mini_ugv/share/mini_ugv/meshes/ultrasound/UltraSound_06.stl
[1.666s] -- Up-to-date symlink: /home/navcon/ws/mina_ws/install/mini_ugv/share/mini_ugv/meshes/ultrasound/UltraSound_07.stl
[1.672s] -- Up-to-date symlink: /home/navcon/ws/mina_ws/install/mini_ugv/share/mini_ugv/meshes/ultrasound/UltraSound_08.stl
[1.672s] -- Up-to-date symlink: /home/navcon/ws/mina_ws/install/mini_ugv/share/mini_ugv/meshes/ultrasound/UltraSound_09.stl
[1.672s] -- Up-to-date symlink: /home/navcon/ws/mina_ws/install/mini_ugv/share/mini_ugv/meshes/ultrasound/UltraSound_10.stl
[1.673s] -- Up-to-date symlink: /home/navcon/ws/mina_ws/install/mini_ugv/share/mini_ugv/meshes/ultrasound/UltraSound_11.stl
[1.673s] -- Up-to-date symlink: /home/navcon/ws/mina_ws/install/mini_ugv/share/mini_ugv/meshes/ultrasound/UltraSound_12.stl
[1.673s] -- Up-to-date symlink: /home/navcon/ws/mina_ws/install/mini_ugv/share/mini_ugv/meshes/ultrasound/UltraSound_13.stl
[1.673s] -- Up-to-date symlink: /home/navcon/ws/mina_ws/install/mini_ugv/share/mini_ugv/meshes/ultrasound/UltraSound_14.stl
[1.673s] -- Up-to-date symlink: /home/navcon/ws/mina_ws/install/mini_ugv/share/mini_ugv/meshes/ultrasound/UltraSound_15.stl
[1.673s] -- Up-to-date symlink: /home/navcon/ws/mina_ws/install/mini_ugv/share/mini_ugv/meshes/ultrasound/UltraSound_16.stl
[1.673s] -- Up-to-date symlink: /home/navcon/ws/mina_ws/install/mini_ugv/share/mini_ugv/meshes/wheels/hub_front_left.dae
[1.673s] -- Up-to-date symlink: /home/navcon/ws/mina_ws/install/mini_ugv/share/mini_ugv/meshes/wheels/hub_front_right.dae
[1.674s] -- Up-to-date symlink: /home/navcon/ws/mina_ws/install/mini_ugv/share/mini_ugv/meshes/wheels/wheel_front_left.dae
[1.674s] -- Up-to-date symlink: /home/navcon/ws/mina_ws/install/mini_ugv/share/mini_ugv/meshes/wheels/wheel_front_right.dae
[1.674s] -- Up-to-date symlink: /home/navcon/ws/mina_ws/install/mini_ugv/share/mini_ugv/meshes/wheels/wheel_rear_left.dae
[1.674s] -- Up-to-date symlink: /home/navcon/ws/mina_ws/install/mini_ugv/share/mini_ugv/meshes/wheels/wheel_rear_right.dae
[1.674s] -- Up-to-date symlink: /home/navcon/ws/mina_ws/install/mini_ugv/share/mini_ugv/urdf/navrover.urdf
[1.674s] -- Up-to-date symlink: /home/navcon/ws/mina_ws/install/mini_ugv/share/mini_ugv/urdf/navrover.xacro
[1.674s] -- Up-to-date symlink: /home/navcon/ws/mina_ws/install/mini_ugv/share/mini_ugv/urdf/rover.gazebo.xacro
[1.674s] -- Up-to-date symlink: /home/navcon/ws/mina_ws/install/mini_ugv/share/mini_ugv/urdf/rover_camera.xacro
[1.675s] -- Up-to-date symlink: /home/navcon/ws/mina_ws/install/mini_ugv/share/mini_ugv/urdf/rover_lidar.xacro
[1.675s] -- Up-to-date symlink: /home/navcon/ws/mina_ws/install/mini_ugv/share/mini_ugv/urdf/rover_ultrasound.xacro
[1.675s] -- Up-to-date symlink: /home/navcon/ws/mina_ws/install/mini_ugv/share/mini_ugv/params/ydlidar.yaml
[1.675s] -- Up-to-date symlink: /home/navcon/ws/mina_ws/install/mini_ugv/share/mini_ugv/config/dg.yaml
[1.675s] -- Up-to-date symlink: /home/navcon/ws/mina_ws/install/mini_ugv/share/mini_ugv/config/ekf.yaml
[1.675s] -- Up-to-date symlink: /home/navcon/ws/mina_ws/install/mini_ugv/share/mini_ugv/config/ekf2.yaml
[1.675s] -- Up-to-date symlink: /home/navcon/ws/mina_ws/install/mini_ugv/share/mini_ugv/config/ekf3.yaml
[1.675s] -- Up-to-date symlink: /home/navcon/ws/mina_ws/install/mini_ugv/share/mini_ugv/config/imu_filter.yaml
[1.676s] -- Up-to-date symlink: /home/navcon/ws/mina_ws/install/mini_ugv/share/mini_ugv/config/mapper_params.yaml
[1.676s] -- Up-to-date symlink: /home/navcon/ws/mina_ws/install/mini_ugv/share/mini_ugv/config/nav2_params.yaml
[1.676s] -- Up-to-date symlink: /home/navcon/ws/mina_ws/install/mini_ugv/share/mini_ugv/config/nav2_params3.yaml
[1.676s] -- Up-to-date symlink: /home/navcon/ws/mina_ws/install/mini_ugv/share/mini_ugv/config/nav2_params_1.yaml
[1.676s] -- Up-to-date symlink: /home/navcon/ws/mina_ws/install/mini_ugv/share/mini_ugv/config/nav2_params_final.yaml
[1.676s] -- Up-to-date symlink: /home/navcon/ws/mina_ws/install/mini_ugv/share/mini_ugv/config/nav2_params_line.yaml
[1.676s] -- Up-to-date symlink: /home/navcon/ws/mina_ws/install/mini_ugv/share/mini_ugv/config/nv2_params_dism.yaml
[1.676s] -- Up-to-date symlink: /home/navcon/ws/mina_ws/install/mini_ugv/share/mini_ugv/config/params1.yaml
[1.677s] -- Up-to-date symlink: /home/navcon/ws/mina_ws/install/mini_ugv/share/mini_ugv/config/params2.yaml
[1.677s] -- Up-to-date symlink: /home/navcon/ws/mina_ws/install/mini_ugv/share/mini_ugv/config/params3.yaml
[1.677s] -- Up-to-date symlink: /home/navcon/ws/mina_ws/install/mini_ugv/share/mini_ugv/config/ydlidar.rviz
[1.702s] -- Up-to-date symlink: /home/navcon/ws/mina_ws/install/mini_ugv/share/mini_ugv/maps/dggg.pgm
[1.715s] -- Up-to-date symlink: /home/navcon/ws/mina_ws/install/mini_ugv/share/mini_ugv/maps/dggg.yaml
[1.715s] -- Up-to-date symlink: /home/navcon/ws/mina_ws/install/mini_ugv/share/mini_ugv/maps/my_map.pgm
[1.715s] -- Up-to-date symlink: /home/navcon/ws/mina_ws/install/mini_ugv/share/mini_ugv/maps/my_map.yaml
[1.716s] -- Up-to-date symlink: /home/navcon/ws/mina_ws/install/mini_ugv/share/mini_ugv/maps/navcon_map.pgm
[1.716s] -- Up-to-date symlink: /home/navcon/ws/mina_ws/install/mini_ugv/share/mini_ugv/maps/navcon_map.yaml
[1.716s] -- Up-to-date symlink: /home/navcon/ws/mina_ws/install/mini_ugv/share/mini_ugv/maps/new_map.pgm
[1.716s] -- Up-to-date symlink: /home/navcon/ws/mina_ws/install/mini_ugv/share/mini_ugv/maps/new_map.yaml
[1.716s] -- Symlinking: /home/navcon/ws/mina_ws/install/mini_ugv/share/mini_ugv/maps/room.pgm
[1.731s] -- Symlinking: /home/navcon/ws/mina_ws/install/mini_ugv/share/mini_ugv/maps/room.yaml
[1.761s] -- Up-to-date symlink: /home/navcon/ws/mina_ws/install/mini_ugv/share/mini_ugv/rviz/display_view.rviz
[1.762s] -- Up-to-date symlink: /home/navcon/ws/mina_ws/install/mini_ugv/share/mini_ugv/rviz/imu.rviz
[1.762s] -- Up-to-date symlink: /home/navcon/ws/mina_ws/install/mini_ugv/share/mini_ugv/rviz/mapping.rviz
[1.774s] -- Up-to-date symlink: /home/navcon/ws/mina_ws/install/mini_ugv/share/mini_ugv/rviz/nav2_config.rviz
[1.774s] -- Up-to-date symlink: /home/navcon/ws/mina_ws/install/mini_ugv/share/mini_ugv/rviz/navrover.rviz
[1.774s] -- Up-to-date symlink: /home/navcon/ws/mina_ws/install/mini_ugv/share/ament_index/resource_index/package_run_dependencies/mini_ugv
[1.774s] -- Up-to-date symlink: /home/navcon/ws/mina_ws/install/mini_ugv/share/ament_index/resource_index/parent_prefix_path/mini_ugv
[1.774s] -- Up-to-date symlink: /home/navcon/ws/mina_ws/install/mini_ugv/share/mini_ugv/environment/ament_prefix_path.sh
[1.774s] -- Up-to-date symlink: /home/navcon/ws/mina_ws/install/mini_ugv/share/mini_ugv/environment/ament_prefix_path.dsv
[1.774s] -- Up-to-date symlink: /home/navcon/ws/mina_ws/install/mini_ugv/share/mini_ugv/environment/path.sh
[1.775s] -- Up-to-date symlink: /home/navcon/ws/mina_ws/install/mini_ugv/share/mini_ugv/environment/path.dsv
[1.775s] -- Up-to-date symlink: /home/navcon/ws/mina_ws/install/mini_ugv/share/mini_ugv/local_setup.bash
[1.775s] -- Up-to-date symlink: /home/navcon/ws/mina_ws/install/mini_ugv/share/mini_ugv/local_setup.sh
[1.776s] -- Up-to-date symlink: /home/navcon/ws/mina_ws/install/mini_ugv/share/mini_ugv/local_setup.zsh
[1.776s] -- Up-to-date symlink: /home/navcon/ws/mina_ws/install/mini_ugv/share/mini_ugv/local_setup.dsv
[1.776s] -- Symlinking: /home/navcon/ws/mina_ws/install/mini_ugv/share/mini_ugv/package.dsv
[1.800s] -- Up-to-date symlink: /home/navcon/ws/mina_ws/install/mini_ugv/share/ament_index/resource_index/packages/mini_ugv
[1.800s] -- Up-to-date symlink: /home/navcon/ws/mina_ws/install/mini_ugv/share/mini_ugv/cmake/mini_ugvConfig.cmake
[1.800s] -- Up-to-date symlink: /home/navcon/ws/mina_ws/install/mini_ugv/share/mini_ugv/cmake/mini_ugvConfig-version.cmake
[1.800s] -- Up-to-date symlink: /home/navcon/ws/mina_ws/install/mini_ugv/share/mini_ugv/package.xml
[1.837s] Invoked command in '/home/navcon/ws/mina_ws/build/mini_ugv' returned '0': CMAKE_PREFIX_PATH=${CMAKE_PREFIX_PATH}:/home/navcon/ws/mina_ws/install/ugv_can:/home/navcon/ws/mina_ws/install/ackermann_odometry:/home/navcon/ws/mina_ws/install/ackermann_controller:/opt/ros/humble /usr/bin/cmake --install /home/navcon/ws/mina_ws/build/mini_ugv
