[1.426s] Invoking command in '/home/navcon/ws/mina_ws/build/ackermann_odometry': CMAKE_PREFIX_PATH=/home/navcon/ws/mina_ws/install/ackermann_interfaces:/home/navcon/ros2_ws/install/ydlidar_ros2_driver:/home/navcon/ros2_ws/install/mini_ugv:/home/navcon/ros2_ws/install/dism_ugv:/home/navcon/ws/mina_ws/install/ydlidar_ros2_driver:/home/navcon/ws/mina_ws/install/ugv_design:/home/navcon/ws/mina_ws/install/mini_ugv:/home/navcon/ws/mina_ws/install/mina_ugv PYTHONPATH=/home/navcon/ws/mina_ws/build/ackermann_odometry/prefix_override:/home/navcon/ws/mina_ws/install/ackermann_odometry/lib/python3.8/site-packages:/home/navcon/ws/mina_ws/install/ackermann_interfaces/lib/python3.8/site-packages:/home/navcon/ros2_ws/install/ugv_can/lib/python3.8/site-packages:/home/navcon/ros2_ws/install/dism_ugv/lib/python3.8/site-packages:/home/navcon/ws/mina_ws/install/ugv_can/lib/python3.8/site-packages:/home/navcon/ws/mina_ws/install/mina_ugv/lib/python3.8/site-packages:/home/navcon/ws/mina_ws/install/ackermann_odometry/lib/python3.8/site-packages:/home/navcon/ws/mina_ws/install/ackermann_controller/lib/python3.8/site-packages:/opt/ros/humble/lib/python3.8/site-packages /usr/bin/python3 -W ignore:setup.py install is deprecated setup.py develop --uninstall --editable --build-directory /home/navcon/ws/mina_ws/build/ackermann_odometry/build
[1.926s] running develop
[2.279s] Removing /home/navcon/ws/mina_ws/install/ackermann_odometry/lib/python3.8/site-packages/ackermann-odometry.egg-link (link to .)
[2.357s] Invoked command in '/home/navcon/ws/mina_ws/build/ackermann_odometry' returned '0': CMAKE_PREFIX_PATH=/home/navcon/ws/mina_ws/install/ackermann_interfaces:/home/navcon/ros2_ws/install/ydlidar_ros2_driver:/home/navcon/ros2_ws/install/mini_ugv:/home/navcon/ros2_ws/install/dism_ugv:/home/navcon/ws/mina_ws/install/ydlidar_ros2_driver:/home/navcon/ws/mina_ws/install/ugv_design:/home/navcon/ws/mina_ws/install/mini_ugv:/home/navcon/ws/mina_ws/install/mina_ugv PYTHONPATH=/home/navcon/ws/mina_ws/build/ackermann_odometry/prefix_override:/home/navcon/ws/mina_ws/install/ackermann_odometry/lib/python3.8/site-packages:/home/navcon/ws/mina_ws/install/ackermann_interfaces/lib/python3.8/site-packages:/home/navcon/ros2_ws/install/ugv_can/lib/python3.8/site-packages:/home/navcon/ros2_ws/install/dism_ugv/lib/python3.8/site-packages:/home/navcon/ws/mina_ws/install/ugv_can/lib/python3.8/site-packages:/home/navcon/ws/mina_ws/install/mina_ugv/lib/python3.8/site-packages:/home/navcon/ws/mina_ws/install/ackermann_odometry/lib/python3.8/site-packages:/home/navcon/ws/mina_ws/install/ackermann_controller/lib/python3.8/site-packages:/opt/ros/humble/lib/python3.8/site-packages /usr/bin/python3 -W ignore:setup.py install is deprecated setup.py develop --uninstall --editable --build-directory /home/navcon/ws/mina_ws/build/ackermann_odometry/build
[2.365s] Invoking command in '/home/navcon/ws/mina_ws/src/ackermann-odometry/src/ackermann_odometry': CMAKE_PREFIX_PATH=/home/navcon/ws/mina_ws/install/ackermann_interfaces:/home/navcon/ros2_ws/install/ydlidar_ros2_driver:/home/navcon/ros2_ws/install/mini_ugv:/home/navcon/ros2_ws/install/dism_ugv:/home/navcon/ws/mina_ws/install/ydlidar_ros2_driver:/home/navcon/ws/mina_ws/install/ugv_design:/home/navcon/ws/mina_ws/install/mini_ugv:/home/navcon/ws/mina_ws/install/mina_ugv PYTHONPATH=/home/navcon/ws/mina_ws/build/ackermann_odometry/prefix_override:/home/navcon/ws/mina_ws/install/ackermann_odometry/lib/python3.8/site-packages:/home/navcon/ws/mina_ws/install/ackermann_interfaces/lib/python3.8/site-packages:/home/navcon/ros2_ws/install/ugv_can/lib/python3.8/site-packages:/home/navcon/ros2_ws/install/dism_ugv/lib/python3.8/site-packages:/home/navcon/ws/mina_ws/install/ugv_can/lib/python3.8/site-packages:/home/navcon/ws/mina_ws/install/mina_ugv/lib/python3.8/site-packages:/home/navcon/ws/mina_ws/install/ackermann_odometry/lib/python3.8/site-packages:/home/navcon/ws/mina_ws/install/ackermann_controller/lib/python3.8/site-packages:/opt/ros/humble/lib/python3.8/site-packages /usr/bin/python3 -W ignore:setup.py install is deprecated setup.py egg_info --egg-base ../../../../build/ackermann_odometry build --build-base /home/navcon/ws/mina_ws/build/ackermann_odometry/build install --record /home/navcon/ws/mina_ws/build/ackermann_odometry/install.log --install-scripts $base/lib/ackermann_odometry --single-version-externally-managed install_data --force
[2.861s] running egg_info
[2.862s] writing ../../../../build/ackermann_odometry/ackermann_odometry.egg-info/PKG-INFO
[2.863s] writing dependency_links to ../../../../build/ackermann_odometry/ackermann_odometry.egg-info/dependency_links.txt
[2.864s] writing entry points to ../../../../build/ackermann_odometry/ackermann_odometry.egg-info/entry_points.txt
[2.866s] writing requirements to ../../../../build/ackermann_odometry/ackermann_odometry.egg-info/requires.txt
[2.869s] writing top-level names to ../../../../build/ackermann_odometry/ackermann_odometry.egg-info/top_level.txt
[2.931s] reading manifest file '../../../../build/ackermann_odometry/ackermann_odometry.egg-info/SOURCES.txt'
[2.932s] writing manifest file '../../../../build/ackermann_odometry/ackermann_odometry.egg-info/SOURCES.txt'
[2.932s] running build
[2.932s] running build_py
[2.933s] copying ackermann_odometry/ackerman_feedback.py -> /home/navcon/ws/mina_ws/build/ackermann_odometry/build/lib/ackermann_odometry
[2.935s] copying ackermann_odometry/odom_publisher.py -> /home/navcon/ws/mina_ws/build/ackermann_odometry/build/lib/ackermann_odometry
[2.936s] running install
[2.938s] running install_lib
[2.940s] creating /home/navcon/ws/mina_ws/install/ackermann_odometry/lib/python3.8/site-packages/ackermann_odometry
[2.940s] copying /home/navcon/ws/mina_ws/build/ackermann_odometry/build/lib/ackermann_odometry/ackerman_feedback.py -> /home/navcon/ws/mina_ws/install/ackermann_odometry/lib/python3.8/site-packages/ackermann_odometry
[2.940s] copying /home/navcon/ws/mina_ws/build/ackermann_odometry/build/lib/ackermann_odometry/odom_publisher.py -> /home/navcon/ws/mina_ws/install/ackermann_odometry/lib/python3.8/site-packages/ackermann_odometry
[2.941s] copying /home/navcon/ws/mina_ws/build/ackermann_odometry/build/lib/ackermann_odometry/__init__.py -> /home/navcon/ws/mina_ws/install/ackermann_odometry/lib/python3.8/site-packages/ackermann_odometry
[2.942s] byte-compiling /home/navcon/ws/mina_ws/install/ackermann_odometry/lib/python3.8/site-packages/ackermann_odometry/ackerman_feedback.py to ackerman_feedback.cpython-38.pyc
[2.946s] byte-compiling /home/navcon/ws/mina_ws/install/ackermann_odometry/lib/python3.8/site-packages/ackermann_odometry/odom_publisher.py to odom_publisher.cpython-38.pyc
[2.948s] byte-compiling /home/navcon/ws/mina_ws/install/ackermann_odometry/lib/python3.8/site-packages/ackermann_odometry/__init__.py to __init__.cpython-38.pyc
[2.948s] running install_data
[2.949s] copying resource/ackermann_odometry -> /home/navcon/ws/mina_ws/install/ackermann_odometry/share/ament_index/resource_index/packages
[2.949s] copying package.xml -> /home/navcon/ws/mina_ws/install/ackermann_odometry/share/ackermann_odometry
[2.949s] running install_egg_info
[2.955s] Copying ../../../../build/ackermann_odometry/ackermann_odometry.egg-info to /home/navcon/ws/mina_ws/install/ackermann_odometry/lib/python3.8/site-packages/ackermann_odometry-0.0.0-py3.8.egg-info
[2.963s] running install_scripts
[2.998s] Installing feedback_publisher script to /home/navcon/ws/mina_ws/install/ackermann_odometry/lib/ackermann_odometry
[2.998s] Installing odom_publisher script to /home/navcon/ws/mina_ws/install/ackermann_odometry/lib/ackermann_odometry
[3.000s] writing list of installed files to '/home/navcon/ws/mina_ws/build/ackermann_odometry/install.log'
[3.060s] Invoked command in '/home/navcon/ws/mina_ws/src/ackermann-odometry/src/ackermann_odometry' returned '0': CMAKE_PREFIX_PATH=/home/navcon/ws/mina_ws/install/ackermann_interfaces:/home/navcon/ros2_ws/install/ydlidar_ros2_driver:/home/navcon/ros2_ws/install/mini_ugv:/home/navcon/ros2_ws/install/dism_ugv:/home/navcon/ws/mina_ws/install/ydlidar_ros2_driver:/home/navcon/ws/mina_ws/install/ugv_design:/home/navcon/ws/mina_ws/install/mini_ugv:/home/navcon/ws/mina_ws/install/mina_ugv PYTHONPATH=/home/navcon/ws/mina_ws/build/ackermann_odometry/prefix_override:/home/navcon/ws/mina_ws/install/ackermann_odometry/lib/python3.8/site-packages:/home/navcon/ws/mina_ws/install/ackermann_interfaces/lib/python3.8/site-packages:/home/navcon/ros2_ws/install/ugv_can/lib/python3.8/site-packages:/home/navcon/ros2_ws/install/dism_ugv/lib/python3.8/site-packages:/home/navcon/ws/mina_ws/install/ugv_can/lib/python3.8/site-packages:/home/navcon/ws/mina_ws/install/mina_ugv/lib/python3.8/site-packages:/home/navcon/ws/mina_ws/install/ackermann_odometry/lib/python3.8/site-packages:/home/navcon/ws/mina_ws/install/ackermann_controller/lib/python3.8/site-packages:/opt/ros/humble/lib/python3.8/site-packages /usr/bin/python3 -W ignore:setup.py install is deprecated setup.py egg_info --egg-base ../../../../build/ackermann_odometry build --build-base /home/navcon/ws/mina_ws/build/ackermann_odometry/build install --record /home/navcon/ws/mina_ws/build/ackermann_odometry/install.log --install-scripts $base/lib/ackermann_odometry --single-version-externally-managed install_data --force
