[2.970s] Invoking command in '/home/navcon/ws/mina_ws/src/ugv_can': PYTHONPATH=/home/navcon/ws/mina_ws/build/ugv_can/prefix_override:/home/navcon/ws/mina_ws/install/ugv_can/lib/python3.8/site-packages:${PYTHONPATH} /usr/bin/python3 -W ignore:setup.py install is deprecated setup.py egg_info --egg-base ../../build/ugv_can build --build-base /home/navcon/ws/mina_ws/build/ugv_can/build install --record /home/navcon/ws/mina_ws/build/ugv_can/install.log --single-version-externally-managed install_data
[3.469s] running egg_info
[3.469s] writing ../../build/ugv_can/ugv_can.egg-info/PKG-INFO
[3.469s] writing dependency_links to ../../build/ugv_can/ugv_can.egg-info/dependency_links.txt
[3.470s] writing entry points to ../../build/ugv_can/ugv_can.egg-info/entry_points.txt
[3.470s] writing requirements to ../../build/ugv_can/ugv_can.egg-info/requires.txt
[3.470s] writing top-level names to ../../build/ugv_can/ugv_can.egg-info/top_level.txt
[3.528s] reading manifest file '../../build/ugv_can/ugv_can.egg-info/SOURCES.txt'
[3.530s] writing manifest file '../../build/ugv_can/ugv_can.egg-info/SOURCES.txt'
[3.530s] running build
[3.532s] running build_py
[3.533s] running install
[3.534s] running install_lib
[3.539s] running install_data
[3.539s] running install_egg_info
[3.543s] removing '/home/navcon/ws/mina_ws/install/ugv_can/lib/python3.8/site-packages/ugv_can-0.0.0-py3.8.egg-info' (and everything under it)
[3.543s] Copying ../../build/ugv_can/ugv_can.egg-info to /home/navcon/ws/mina_ws/install/ugv_can/lib/python3.8/site-packages/ugv_can-0.0.0-py3.8.egg-info
[3.545s] running install_scripts
[3.583s] Installing converter script to /home/navcon/ws/mina_ws/install/ugv_can/lib/ugv_can
[3.583s] Installing imu_mad script to /home/navcon/ws/mina_ws/install/ugv_can/lib/ugv_can
[3.584s] Installing imu_node script to /home/navcon/ws/mina_ws/install/ugv_can/lib/ugv_can
[3.584s] Installing odom_final script to /home/navcon/ws/mina_ws/install/ugv_can/lib/ugv_can
[3.585s] Installing odom_pub script to /home/navcon/ws/mina_ws/install/ugv_can/lib/ugv_can
[3.585s] Installing odom_publisher script to /home/navcon/ws/mina_ws/install/ugv_can/lib/ugv_can
[3.585s] Installing odom_while_pub script to /home/navcon/ws/mina_ws/install/ugv_can/lib/ugv_can
[3.585s] Installing ps_node script to /home/navcon/ws/mina_ws/install/ugv_can/lib/ugv_can
[3.585s] Installing pub script to /home/navcon/ws/mina_ws/install/ugv_can/lib/ugv_can
[3.585s] Installing sample script to /home/navcon/ws/mina_ws/install/ugv_can/lib/ugv_can
[3.585s] Installing sender script to /home/navcon/ws/mina_ws/install/ugv_can/lib/ugv_can
[3.586s] writing list of installed files to '/home/navcon/ws/mina_ws/build/ugv_can/install.log'
[3.683s] Invoked command in '/home/navcon/ws/mina_ws/src/ugv_can' returned '0': PYTHONPATH=/home/navcon/ws/mina_ws/build/ugv_can/prefix_override:/home/navcon/ws/mina_ws/install/ugv_can/lib/python3.8/site-packages:${PYTHONPATH} /usr/bin/python3 -W ignore:setup.py install is deprecated setup.py egg_info --egg-base ../../build/ugv_can build --build-base /home/navcon/ws/mina_ws/build/ugv_can/build install --record /home/navcon/ws/mina_ws/build/ugv_can/install.log --single-version-externally-managed install_data
