[1.202s] Invoking command in '/home/navcon/ws/mina_ws/build/ugv_design': CMAKE_PREFIX_PATH=${CMAKE_PREFIX_PATH}:/home/navcon/ws/mina_ws/install/ugv_can:/home/navcon/ws/mina_ws/install/ackermann_odometry:/home/navcon/ws/mina_ws/install/ackermann_controller:/opt/ros/humble /usr/bin/cmake /home/navcon/ws/mina_ws/src/ugv_design -DAMENT_CMAKE_SYMLINK_INSTALL=1 -DCMAKE_INSTALL_PREFIX=/home/navcon/ws/mina_ws/install/ugv_design
[1.238s] -- Found ament_cmake: 1.3.6 (/opt/ros/humble/share/ament_cmake/cmake)
[1.804s] -- Override CMake install command with custom implementation using symlinks instead of copying resources
[1.975s] -- Configuring done
[1.980s] -- Generating done
[1.982s] -- Build files have been written to: /home/navcon/ws/mina_ws/build/ugv_design
[1.995s] Invoked command in '/home/navcon/ws/mina_ws/build/ugv_design' returned '0': CMAKE_PREFIX_PATH=${CMAKE_PREFIX_PATH}:/home/navcon/ws/mina_ws/install/ugv_can:/home/navcon/ws/mina_ws/install/ackermann_odometry:/home/navcon/ws/mina_ws/install/ackermann_controller:/opt/ros/humble /usr/bin/cmake /home/navcon/ws/mina_ws/src/ugv_design -DAMENT_CMAKE_SYMLINK_INSTALL=1 -DCMAKE_INSTALL_PREFIX=/home/navcon/ws/mina_ws/install/ugv_design
[1.997s] Invoking command in '/home/navcon/ws/mina_ws/build/ugv_design': CMAKE_PREFIX_PATH=${CMAKE_PREFIX_PATH}:/home/navcon/ws/mina_ws/install/ugv_can:/home/navcon/ws/mina_ws/install/ackermann_odometry:/home/navcon/ws/mina_ws/install/ackermann_controller:/opt/ros/humble /usr/bin/cmake --build /home/navcon/ws/mina_ws/build/ugv_design -- -j8 -l8
[2.081s] Invoked command in '/home/navcon/ws/mina_ws/build/ugv_design' returned '0': CMAKE_PREFIX_PATH=${CMAKE_PREFIX_PATH}:/home/navcon/ws/mina_ws/install/ugv_can:/home/navcon/ws/mina_ws/install/ackermann_odometry:/home/navcon/ws/mina_ws/install/ackermann_controller:/opt/ros/humble /usr/bin/cmake --build /home/navcon/ws/mina_ws/build/ugv_design -- -j8 -l8
[2.140s] Invoking command in '/home/navcon/ws/mina_ws/build/ugv_design': CMAKE_PREFIX_PATH=${CMAKE_PREFIX_PATH}:/home/navcon/ws/mina_ws/install/ugv_can:/home/navcon/ws/mina_ws/install/ackermann_odometry:/home/navcon/ws/mina_ws/install/ackermann_controller:/opt/ros/humble /usr/bin/cmake --install /home/navcon/ws/mina_ws/build/ugv_design
[2.178s] -- Install configuration: ""
[2.178s] -- Execute custom install script
[2.179s] -- Up-to-date symlink: /home/navcon/ws/mina_ws/install/ugv_design/share/ugv_design/launch/display.launch.py
[2.180s] -- Up-to-date symlink: /home/navcon/ws/mina_ws/install/ugv_design/share/ugv_design/launch/mapping.launch.py
[2.180s] -- Up-to-date symlink: /home/navcon/ws/mina_ws/install/ugv_design/share/ugv_design/launch/navigation2.launch.py
[2.181s] -- Up-to-date symlink: /home/navcon/ws/mina_ws/install/ugv_design/share/ugv_design/launch/online_async.launch.py
[2.181s] -- Up-to-date symlink: /home/navcon/ws/mina_ws/install/ugv_design/share/ugv_design/launch/robot_state_publisher.launch.py
[2.181s] -- Up-to-date symlink: /home/navcon/ws/mina_ws/install/ugv_design/share/ugv_design/launch/spawn_turtlebot3.launch.py
[2.182s] -- Up-to-date symlink: /home/navcon/ws/mina_ws/install/ugv_design/share/ugv_design/launch/ugv_design.launch.py
[2.182s] -- Up-to-date symlink: /home/navcon/ws/mina_ws/install/ugv_design/share/ugv_design/meshes/accessories/Intel_Props_V1.png
[2.183s] -- Up-to-date symlink: /home/navcon/ws/mina_ws/install/ugv_design/share/ugv_design/meshes/accessories/camera_back.dae
[2.183s] -- Up-to-date symlink: /home/navcon/ws/mina_ws/install/ugv_design/share/ugv_design/meshes/accessories/camera_front.dae
[2.183s] -- Up-to-date symlink: /home/navcon/ws/mina_ws/install/ugv_design/share/ugv_design/meshes/accessories/lidar_back.dae
[2.184s] -- Up-to-date symlink: /home/navcon/ws/mina_ws/install/ugv_design/share/ugv_design/meshes/accessories/lidar_front.dae
[2.184s] -- Up-to-date symlink: /home/navcon/ws/mina_ws/install/ugv_design/share/ugv_design/meshes/body.dae
[2.187s] -- Up-to-date symlink: /home/navcon/ws/mina_ws/install/ugv_design/share/ugv_design/meshes/ultrasound/UltraSound_01.stl
[2.188s] -- Up-to-date symlink: /home/navcon/ws/mina_ws/install/ugv_design/share/ugv_design/meshes/ultrasound/UltraSound_02.stl
[2.188s] -- Up-to-date symlink: /home/navcon/ws/mina_ws/install/ugv_design/share/ugv_design/meshes/ultrasound/UltraSound_03.stl
[2.188s] -- Up-to-date symlink: /home/navcon/ws/mina_ws/install/ugv_design/share/ugv_design/meshes/ultrasound/UltraSound_04.stl
[2.188s] -- Up-to-date symlink: /home/navcon/ws/mina_ws/install/ugv_design/share/ugv_design/meshes/ultrasound/UltraSound_05.stl
[2.189s] -- Up-to-date symlink: /home/navcon/ws/mina_ws/install/ugv_design/share/ugv_design/meshes/ultrasound/UltraSound_06.stl
[2.189s] -- Up-to-date symlink: /home/navcon/ws/mina_ws/install/ugv_design/share/ugv_design/meshes/ultrasound/UltraSound_07.stl
[2.189s] -- Up-to-date symlink: /home/navcon/ws/mina_ws/install/ugv_design/share/ugv_design/meshes/ultrasound/UltraSound_08.stl
[2.189s] -- Up-to-date symlink: /home/navcon/ws/mina_ws/install/ugv_design/share/ugv_design/meshes/ultrasound/UltraSound_09.stl
[2.189s] -- Up-to-date symlink: /home/navcon/ws/mina_ws/install/ugv_design/share/ugv_design/meshes/ultrasound/UltraSound_10.stl
[2.190s] -- Up-to-date symlink: /home/navcon/ws/mina_ws/install/ugv_design/share/ugv_design/meshes/ultrasound/UltraSound_11.stl
[2.190s] -- Up-to-date symlink: /home/navcon/ws/mina_ws/install/ugv_design/share/ugv_design/meshes/ultrasound/UltraSound_12.stl
[2.190s] -- Up-to-date symlink: /home/navcon/ws/mina_ws/install/ugv_design/share/ugv_design/meshes/ultrasound/UltraSound_13.stl
[2.190s] -- Up-to-date symlink: /home/navcon/ws/mina_ws/install/ugv_design/share/ugv_design/meshes/ultrasound/UltraSound_14.stl
[2.190s] -- Up-to-date symlink: /home/navcon/ws/mina_ws/install/ugv_design/share/ugv_design/meshes/ultrasound/UltraSound_15.stl
[2.190s] -- Up-to-date symlink: /home/navcon/ws/mina_ws/install/ugv_design/share/ugv_design/meshes/ultrasound/UltraSound_16.stl
[2.191s] -- Up-to-date symlink: /home/navcon/ws/mina_ws/install/ugv_design/share/ugv_design/meshes/wheels/hub_front_left.dae
[2.191s] -- Up-to-date symlink: /home/navcon/ws/mina_ws/install/ugv_design/share/ugv_design/meshes/wheels/hub_front_right.dae
[2.191s] -- Up-to-date symlink: /home/navcon/ws/mina_ws/install/ugv_design/share/ugv_design/meshes/wheels/wheel_front_left.dae
[2.191s] -- Up-to-date symlink: /home/navcon/ws/mina_ws/install/ugv_design/share/ugv_design/meshes/wheels/wheel_front_right.dae
[2.191s] -- Up-to-date symlink: /home/navcon/ws/mina_ws/install/ugv_design/share/ugv_design/meshes/wheels/wheel_rear_left.dae
[2.192s] -- Up-to-date symlink: /home/navcon/ws/mina_ws/install/ugv_design/share/ugv_design/meshes/wheels/wheel_rear_right.dae
[2.193s] -- Up-to-date symlink: /home/navcon/ws/mina_ws/install/ugv_design/share/ugv_design/urdf/navrover.urdf
[2.193s] -- Up-to-date symlink: /home/navcon/ws/mina_ws/install/ugv_design/share/ugv_design/urdf/navrover.xacro
[2.193s] -- Up-to-date symlink: /home/navcon/ws/mina_ws/install/ugv_design/share/ugv_design/urdf/rover.gazebo.xacro
[2.194s] -- Up-to-date symlink: /home/navcon/ws/mina_ws/install/ugv_design/share/ugv_design/urdf/rover_camera.xacro
[2.194s] -- Up-to-date symlink: /home/navcon/ws/mina_ws/install/ugv_design/share/ugv_design/urdf/rover_lidar.xacro
[2.194s] -- Up-to-date symlink: /home/navcon/ws/mina_ws/install/ugv_design/share/ugv_design/urdf/rover_ultrasound.xacro
[2.195s] -- Up-to-date symlink: /home/navcon/ws/mina_ws/install/ugv_design/share/ugv_design/rviz/display_view.rviz
[2.195s] -- Up-to-date symlink: /home/navcon/ws/mina_ws/install/ugv_design/share/ugv_design/rviz/nav2_config.rviz
[2.195s] -- Up-to-date symlink: /home/navcon/ws/mina_ws/install/ugv_design/share/ugv_design/rviz/navrover.rviz
[2.196s] -- Up-to-date symlink: /home/navcon/ws/mina_ws/install/ugv_design/share/ugv_design/worlds/sample.world
[2.196s] -- Up-to-date symlink: /home/navcon/ws/mina_ws/install/ugv_design/share/ugv_design/params/nav2_params.yaml
[2.197s] -- Up-to-date symlink: /home/navcon/ws/mina_ws/install/ugv_design/share/ugv_design/params/nav2_params3.yaml
[2.197s] -- Up-to-date symlink: /home/navcon/ws/mina_ws/install/ugv_design/share/ugv_design/maps/land1_map.pgm
[2.198s] -- Up-to-date symlink: /home/navcon/ws/mina_ws/install/ugv_design/share/ugv_design/maps/land1_map.yaml
[2.198s] -- Up-to-date symlink: /home/navcon/ws/mina_ws/install/ugv_design/share/ugv_design/models/navrover/model-1_4.sdf
[2.199s] -- Up-to-date symlink: /home/navcon/ws/mina_ws/install/ugv_design/share/ugv_design/models/navrover/model.config
[2.199s] -- Up-to-date symlink: /home/navcon/ws/mina_ws/install/ugv_design/share/ugv_design/models/navrover/model.sdf
[2.199s] -- Up-to-date symlink: /home/navcon/ws/mina_ws/install/ugv_design/share/ugv_design/config/mapper_params_online_async.yaml
[2.200s] -- Up-to-date symlink: /home/navcon/ws/mina_ws/install/ugv_design/share/ament_index/resource_index/package_run_dependencies/ugv_design
[2.200s] -- Up-to-date symlink: /home/navcon/ws/mina_ws/install/ugv_design/share/ament_index/resource_index/parent_prefix_path/ugv_design
[2.201s] -- Up-to-date symlink: /home/navcon/ws/mina_ws/install/ugv_design/share/ugv_design/environment/ament_prefix_path.sh
[2.201s] -- Up-to-date symlink: /home/navcon/ws/mina_ws/install/ugv_design/share/ugv_design/environment/ament_prefix_path.dsv
[2.202s] -- Up-to-date symlink: /home/navcon/ws/mina_ws/install/ugv_design/share/ugv_design/environment/path.sh
[2.202s] -- Up-to-date symlink: /home/navcon/ws/mina_ws/install/ugv_design/share/ugv_design/environment/path.dsv
[2.203s] -- Up-to-date symlink: /home/navcon/ws/mina_ws/install/ugv_design/share/ugv_design/local_setup.bash
[2.203s] -- Up-to-date symlink: /home/navcon/ws/mina_ws/install/ugv_design/share/ugv_design/local_setup.sh
[2.203s] -- Up-to-date symlink: /home/navcon/ws/mina_ws/install/ugv_design/share/ugv_design/local_setup.zsh
[2.204s] -- Up-to-date symlink: /home/navcon/ws/mina_ws/install/ugv_design/share/ugv_design/local_setup.dsv
[2.204s] -- Symlinking: /home/navcon/ws/mina_ws/install/ugv_design/share/ugv_design/package.dsv
[2.232s] -- Up-to-date symlink: /home/navcon/ws/mina_ws/install/ugv_design/share/ament_index/resource_index/packages/ugv_design
[2.235s] -- Up-to-date symlink: /home/navcon/ws/mina_ws/install/ugv_design/share/ugv_design/cmake/ugv_designConfig.cmake
[2.235s] -- Up-to-date symlink: /home/navcon/ws/mina_ws/install/ugv_design/share/ugv_design/cmake/ugv_designConfig-version.cmake
[2.235s] -- Up-to-date symlink: /home/navcon/ws/mina_ws/install/ugv_design/share/ugv_design/package.xml
[2.243s] Invoked command in '/home/navcon/ws/mina_ws/build/ugv_design' returned '0': CMAKE_PREFIX_PATH=${CMAKE_PREFIX_PATH}:/home/navcon/ws/mina_ws/install/ugv_can:/home/navcon/ws/mina_ws/install/ackermann_odometry:/home/navcon/ws/mina_ws/install/ackermann_controller:/opt/ros/humble /usr/bin/cmake --install /home/navcon/ws/mina_ws/build/ugv_design
