[2.392s] Invoking command in '/home/navcon/ws/mina_ws/src/ugv_can': PYTHONPATH=/home/navcon/ws/mina_ws/build/ugv_can/prefix_override:/home/navcon/ws/mina_ws/install/ugv_can/lib/python3.8/site-packages:${PYTHONPATH} /usr/bin/python3 -W ignore:setup.py install is deprecated setup.py egg_info --egg-base ../../build/ugv_can build --build-base /home/navcon/ws/mina_ws/build/ugv_can/build install --record /home/navcon/ws/mina_ws/build/ugv_can/install.log --single-version-externally-managed install_data
[2.859s] running egg_info
[2.861s] writing ../../build/ugv_can/ugv_can.egg-info/PKG-INFO
[2.861s] writing dependency_links to ../../build/ugv_can/ugv_can.egg-info/dependency_links.txt
[2.862s] writing entry points to ../../build/ugv_can/ugv_can.egg-info/entry_points.txt
[2.862s] writing requirements to ../../build/ugv_can/ugv_can.egg-info/requires.txt
[2.862s] writing top-level names to ../../build/ugv_can/ugv_can.egg-info/top_level.txt
[2.926s] reading manifest file '../../build/ugv_can/ugv_can.egg-info/SOURCES.txt'
[2.929s] writing manifest file '../../build/ugv_can/ugv_can.egg-info/SOURCES.txt'
[2.929s] running build
[2.929s] running build_py
[2.932s] running install
[2.934s] running install_lib
[2.939s] running install_data
[2.939s] running install_egg_info
[2.943s] removing '/home/navcon/ws/mina_ws/install/ugv_can/lib/python3.8/site-packages/ugv_can-0.0.0-py3.8.egg-info' (and everything under it)
[2.944s] Copying ../../build/ugv_can/ugv_can.egg-info to /home/navcon/ws/mina_ws/install/ugv_can/lib/python3.8/site-packages/ugv_can-0.0.0-py3.8.egg-info
[2.946s] running install_scripts
[2.983s] Installing converter script to /home/navcon/ws/mina_ws/install/ugv_can/lib/ugv_can
[2.984s] Installing first_odom_publisher script to /home/navcon/ws/mina_ws/install/ugv_can/lib/ugv_can
[2.984s] Installing first_odom_while_pub script to /home/navcon/ws/mina_ws/install/ugv_can/lib/ugv_can
[2.985s] Installing imu_mad script to /home/navcon/ws/mina_ws/install/ugv_can/lib/ugv_can
[2.985s] Installing imu_node script to /home/navcon/ws/mina_ws/install/ugv_can/lib/ugv_can
[2.985s] Installing odom_final script to /home/navcon/ws/mina_ws/install/ugv_can/lib/ugv_can
[2.985s] Installing odom_pub script to /home/navcon/ws/mina_ws/install/ugv_can/lib/ugv_can
[2.986s] Installing odom_publisher script to /home/navcon/ws/mina_ws/install/ugv_can/lib/ugv_can
[2.986s] Installing odom_while_pub script to /home/navcon/ws/mina_ws/install/ugv_can/lib/ugv_can
[2.986s] Installing ps_node script to /home/navcon/ws/mina_ws/install/ugv_can/lib/ugv_can
[2.987s] Installing pub script to /home/navcon/ws/mina_ws/install/ugv_can/lib/ugv_can
[2.987s] Installing sample script to /home/navcon/ws/mina_ws/install/ugv_can/lib/ugv_can
[2.987s] Installing sender script to /home/navcon/ws/mina_ws/install/ugv_can/lib/ugv_can
[2.989s] writing list of installed files to '/home/navcon/ws/mina_ws/build/ugv_can/install.log'
[3.067s] Invoked command in '/home/navcon/ws/mina_ws/src/ugv_can' returned '0': PYTHONPATH=/home/navcon/ws/mina_ws/build/ugv_can/prefix_override:/home/navcon/ws/mina_ws/install/ugv_can/lib/python3.8/site-packages:${PYTHONPATH} /usr/bin/python3 -W ignore:setup.py install is deprecated setup.py egg_info --egg-base ../../build/ugv_can build --build-base /home/navcon/ws/mina_ws/build/ugv_can/build install --record /home/navcon/ws/mina_ws/build/ugv_can/install.log --single-version-externally-managed install_data
