[0.722s] Invoking command in '/home/navcon/ws/mina_ws/build/mina_ugv': CMAKE_PREFIX_PATH=${CMAKE_PREFIX_PATH}:/home/navcon/ws/mina_ws/install/ugv_can:/home/navcon/ws/mina_ws/install/ackermann_odometry:/home/navcon/ws/mina_ws/install/ackermann_controller:/opt/ros/humble /usr/bin/cmake /home/navcon/ws/mina_ws/src/mina_ugv -DCMAKE_INSTALL_PREFIX=/home/navcon/ws/mina_ws/install/mina_ugv
[1.325s] -- Found ament_cmake: 1.3.6 (/opt/ros/humble/share/ament_cmake/cmake)
[1.325s] -- Override CMake install command with custom implementation using symlinks instead of copying resources
[1.325s] -- Found rclcpp: 16.0.7 (/opt/ros/humble/share/rclcpp/cmake)
[1.325s] -- Found rosidl_generator_c: 3.1.5 (/opt/ros/humble/share/rosidl_generator_c/cmake)
[1.325s] -- Found rosidl_adapter: 3.1.5 (/opt/ros/humble/share/rosidl_adapter/cmake)
[1.325s] -- Found rosidl_generator_cpp: 3.1.5 (/opt/ros/humble/share/rosidl_generator_cpp/cmake)
[1.326s] -- Using all available rosidl_typesupport_c: rosidl_typesupport_fastrtps_c;rosidl_typesupport_introspection_c
[1.326s] -- Using all available rosidl_typesupport_cpp: rosidl_typesupport_fastrtps_cpp;rosidl_typesupport_introspection_cpp
[1.457s] -- Found rmw_implementation_cmake: 6.1.1 (/opt/ros/humble/share/rmw_implementation_cmake/cmake)
[1.459s] -- Found rmw_fastrtps_cpp: 6.2.5 (/opt/ros/humble/share/rmw_fastrtps_cpp/cmake)
[1.748s] -- Using RMW implementation 'rmw_fastrtps_cpp' as default
[2.084s] -- Found rclpy: 3.3.11 (/opt/ros/humble/share/rclpy/cmake)
[2.085s] -- Found tf2: 0.25.5 (/opt/ros/humble/share/tf2/cmake)
[2.199s] -- Found tf2_ros: 0.25.5 (/opt/ros/humble/share/tf2_ros/cmake)
[2.845s] -- Found nav_msgs: 4.2.3 (/opt/ros/humble/share/nav_msgs/cmake)
[3.008s] -- Found turtlesim: 1.4.2 (/opt/ros/humble/share/turtlesim/cmake)
[3.109s] -- Found sensor_msgs: 4.2.3 (/opt/ros/humble/share/sensor_msgs/cmake)
[3.277s] -- Found laser_geometry: 2.4.0 (/opt/ros/humble/share/laser_geometry/cmake)
[3.598s] -- Configuring done
[3.632s] -- Generating done
[3.637s] -- Build files have been written to: /home/navcon/ws/mina_ws/build/mina_ugv
[3.671s] Invoked command in '/home/navcon/ws/mina_ws/build/mina_ugv' returned '0': CMAKE_PREFIX_PATH=${CMAKE_PREFIX_PATH}:/home/navcon/ws/mina_ws/install/ugv_can:/home/navcon/ws/mina_ws/install/ackermann_odometry:/home/navcon/ws/mina_ws/install/ackermann_controller:/opt/ros/humble /usr/bin/cmake /home/navcon/ws/mina_ws/src/mina_ugv -DCMAKE_INSTALL_PREFIX=/home/navcon/ws/mina_ws/install/mina_ugv
[3.673s] Invoking command in '/home/navcon/ws/mina_ws/build/mina_ugv': CMAKE_PREFIX_PATH=${CMAKE_PREFIX_PATH}:/home/navcon/ws/mina_ws/install/ugv_can:/home/navcon/ws/mina_ws/install/ackermann_odometry:/home/navcon/ws/mina_ws/install/ackermann_controller:/opt/ros/humble /usr/bin/cmake --build /home/navcon/ws/mina_ws/build/mina_ugv -- -j8 -l8
[3.904s] [100%] Built target odom_publisher_ackermann_node
[3.904s] [100%] Built target ament_cmake_python_symlink_mina_ugv
[4.419s] running egg_info
[4.420s] writing mina_ugv.egg-info/PKG-INFO
[4.421s] writing dependency_links to mina_ugv.egg-info/dependency_links.txt
[4.422s] writing top-level names to mina_ugv.egg-info/top_level.txt
[4.482s] reading manifest file 'mina_ugv.egg-info/SOURCES.txt'
[4.483s] writing manifest file 'mina_ugv.egg-info/SOURCES.txt'
[4.559s] [100%] Built target ament_cmake_python_build_mina_ugv_egg
[4.582s] Invoked command in '/home/navcon/ws/mina_ws/build/mina_ugv' returned '0': CMAKE_PREFIX_PATH=${CMAKE_PREFIX_PATH}:/home/navcon/ws/mina_ws/install/ugv_can:/home/navcon/ws/mina_ws/install/ackermann_odometry:/home/navcon/ws/mina_ws/install/ackermann_controller:/opt/ros/humble /usr/bin/cmake --build /home/navcon/ws/mina_ws/build/mina_ugv -- -j8 -l8
[4.633s] Invoking command in '/home/navcon/ws/mina_ws/build/mina_ugv': CMAKE_PREFIX_PATH=${CMAKE_PREFIX_PATH}:/home/navcon/ws/mina_ws/install/ugv_can:/home/navcon/ws/mina_ws/install/ackermann_odometry:/home/navcon/ws/mina_ws/install/ackermann_controller:/opt/ros/humble /usr/bin/cmake --install /home/navcon/ws/mina_ws/build/mina_ugv
[4.654s] -- Install configuration: ""
[4.655s] -- Execute custom install script
[4.655s] -- Up-to-date symlink: /home/navcon/ws/mina_ws/install/mina_ugv/lib/mina_ugv/odom_publisher_ackermann_node
[4.655s] -- Up-to-date symlink: /home/navcon/ws/mina_ws/install/mina_ugv/share/mina_ugv/launch/camera/camera_back_launch.py
[4.656s] -- Up-to-date symlink: /home/navcon/ws/mina_ws/install/mina_ugv/share/mina_ugv/launch/camera/camera_both_launch.py
[4.656s] -- Up-to-date symlink: /home/navcon/ws/mina_ws/install/mina_ugv/share/mina_ugv/launch/camera/camera_front_launch.py
[4.657s] -- Up-to-date symlink: /home/navcon/ws/mina_ws/install/mina_ugv/share/mina_ugv/launch/display.launch.py
[4.657s] -- Up-to-date symlink: /home/navcon/ws/mina_ws/install/mina_ugv/share/mina_ugv/launch/lidar/lidar_back_launch.py
[4.661s] -- Up-to-date symlink: /home/navcon/ws/mina_ws/install/mina_ugv/share/mina_ugv/launch/lidar/lidar_both_launch.py
[4.661s] -- Up-to-date symlink: /home/navcon/ws/mina_ws/install/mina_ugv/share/mina_ugv/launch/lidar/lidar_front_launch.py
[4.662s] -- Up-to-date symlink: /home/navcon/ws/mina_ws/install/mina_ugv/share/mina_ugv/launch/local_setup/display_local.launch.py
[4.662s] -- Up-to-date symlink: /home/navcon/ws/mina_ws/install/mina_ugv/share/mina_ugv/launch/local_setup/local_ugv_launch.py
[4.662s] -- Up-to-date symlink: /home/navcon/ws/mina_ws/install/mina_ugv/share/mina_ugv/launch/navigation/display.navigation.launch.py
[4.662s] -- Up-to-date symlink: /home/navcon/ws/mina_ws/install/mina_ugv/share/mina_ugv/launch/navigation/gazebo.launch.py
[4.662s] -- Up-to-date symlink: /home/navcon/ws/mina_ws/install/mina_ugv/share/mina_ugv/launch/navigation/mapping.launch.py
[4.662s] -- Up-to-date symlink: /home/navcon/ws/mina_ws/install/mina_ugv/share/mina_ugv/launch/navigation/navigation2.launch.py
[4.663s] -- Up-to-date symlink: /home/navcon/ws/mina_ws/install/mina_ugv/share/mina_ugv/launch/navigation/online_async.launch.py
[4.663s] -- Up-to-date symlink: /home/navcon/ws/mina_ws/install/mina_ugv/share/mina_ugv/launch/navigation/robot_state_publisher.launch.py
[4.663s] -- Up-to-date symlink: /home/navcon/ws/mina_ws/install/mina_ugv/share/mina_ugv/launch/navigation/spawn_turtlebot3.launch.py
[4.663s] -- Up-to-date symlink: /home/navcon/ws/mina_ws/install/mina_ugv/share/mina_ugv/launch/ugv_launch.py
[4.664s] -- Up-to-date symlink: /home/navcon/ws/mina_ws/install/mina_ugv/share/mina_ugv/meshes/accessories/Intel_Props_V1.png
[4.664s] -- Up-to-date symlink: /home/navcon/ws/mina_ws/install/mina_ugv/share/mina_ugv/meshes/accessories/camera_back.dae
[4.664s] -- Up-to-date symlink: /home/navcon/ws/mina_ws/install/mina_ugv/share/mina_ugv/meshes/accessories/camera_front.dae
[4.664s] -- Up-to-date symlink: /home/navcon/ws/mina_ws/install/mina_ugv/share/mina_ugv/meshes/accessories/lidar_back.dae
[4.664s] -- Up-to-date symlink: /home/navcon/ws/mina_ws/install/mina_ugv/share/mina_ugv/meshes/accessories/lidar_back_old.dae
[4.664s] -- Up-to-date symlink: /home/navcon/ws/mina_ws/install/mina_ugv/share/mina_ugv/meshes/accessories/lidar_front.dae
[4.664s] -- Up-to-date symlink: /home/navcon/ws/mina_ws/install/mina_ugv/share/mina_ugv/meshes/body.dae
[4.665s] -- Up-to-date symlink: /home/navcon/ws/mina_ws/install/mina_ugv/share/mina_ugv/meshes/ultrasound/UltraSound_01.stl
[4.665s] -- Up-to-date symlink: /home/navcon/ws/mina_ws/install/mina_ugv/share/mina_ugv/meshes/ultrasound/UltraSound_02.stl
[4.665s] -- Up-to-date symlink: /home/navcon/ws/mina_ws/install/mina_ugv/share/mina_ugv/meshes/ultrasound/UltraSound_03.stl
[4.665s] -- Up-to-date symlink: /home/navcon/ws/mina_ws/install/mina_ugv/share/mina_ugv/meshes/ultrasound/UltraSound_04.stl
[4.665s] -- Up-to-date symlink: /home/navcon/ws/mina_ws/install/mina_ugv/share/mina_ugv/meshes/ultrasound/UltraSound_05.stl
[4.665s] -- Up-to-date symlink: /home/navcon/ws/mina_ws/install/mina_ugv/share/mina_ugv/meshes/ultrasound/UltraSound_06.stl
[4.666s] -- Up-to-date symlink: /home/navcon/ws/mina_ws/install/mina_ugv/share/mina_ugv/meshes/ultrasound/UltraSound_07.stl
[4.666s] -- Up-to-date symlink: /home/navcon/ws/mina_ws/install/mina_ugv/share/mina_ugv/meshes/ultrasound/UltraSound_08.stl
[4.666s] -- Up-to-date symlink: /home/navcon/ws/mina_ws/install/mina_ugv/share/mina_ugv/meshes/ultrasound/UltraSound_09.stl
[4.666s] -- Up-to-date symlink: /home/navcon/ws/mina_ws/install/mina_ugv/share/mina_ugv/meshes/ultrasound/UltraSound_10.stl
[4.666s] -- Up-to-date symlink: /home/navcon/ws/mina_ws/install/mina_ugv/share/mina_ugv/meshes/ultrasound/UltraSound_11.stl
[4.666s] -- Up-to-date symlink: /home/navcon/ws/mina_ws/install/mina_ugv/share/mina_ugv/meshes/ultrasound/UltraSound_12.stl
[4.667s] -- Up-to-date symlink: /home/navcon/ws/mina_ws/install/mina_ugv/share/mina_ugv/meshes/ultrasound/UltraSound_13.stl
[4.667s] -- Up-to-date symlink: /home/navcon/ws/mina_ws/install/mina_ugv/share/mina_ugv/meshes/ultrasound/UltraSound_14.stl
[4.667s] -- Up-to-date symlink: /home/navcon/ws/mina_ws/install/mina_ugv/share/mina_ugv/meshes/ultrasound/UltraSound_15.stl
[4.667s] -- Up-to-date symlink: /home/navcon/ws/mina_ws/install/mina_ugv/share/mina_ugv/meshes/ultrasound/UltraSound_16.stl
[4.667s] -- Up-to-date symlink: /home/navcon/ws/mina_ws/install/mina_ugv/share/mina_ugv/meshes/wheels/hub_front_left.dae
[4.667s] -- Up-to-date symlink: /home/navcon/ws/mina_ws/install/mina_ugv/share/mina_ugv/meshes/wheels/hub_front_right.dae
[4.667s] -- Up-to-date symlink: /home/navcon/ws/mina_ws/install/mina_ugv/share/mina_ugv/meshes/wheels/wheel_front_left.dae
[4.667s] -- Up-to-date symlink: /home/navcon/ws/mina_ws/install/mina_ugv/share/mina_ugv/meshes/wheels/wheel_front_right.dae
[4.668s] -- Up-to-date symlink: /home/navcon/ws/mina_ws/install/mina_ugv/share/mina_ugv/meshes/wheels/wheel_rear_left.dae
[4.668s] -- Up-to-date symlink: /home/navcon/ws/mina_ws/install/mina_ugv/share/mina_ugv/meshes/wheels/wheel_rear_right.dae
[4.668s] -- Up-to-date symlink: /home/navcon/ws/mina_ws/install/mina_ugv/share/mina_ugv/rviz/accessories.rviz
[4.668s] -- Up-to-date symlink: /home/navcon/ws/mina_ws/install/mina_ugv/share/mina_ugv/rviz/camera.rviz
[4.669s] -- Up-to-date symlink: /home/navcon/ws/mina_ws/install/mina_ugv/share/mina_ugv/rviz/camera_360_with_depth.rviz
[4.669s] -- Up-to-date symlink: /home/navcon/ws/mina_ws/install/mina_ugv/share/mina_ugv/rviz/display_view.rviz
[4.669s] -- Up-to-date symlink: /home/navcon/ws/mina_ws/install/mina_ugv/share/mina_ugv/rviz/dual_camera.rviz
[4.670s] -- Up-to-date symlink: /home/navcon/ws/mina_ws/install/mina_ugv/share/mina_ugv/rviz/imu.rviz
[4.670s] -- Up-to-date symlink: /home/navcon/ws/mina_ws/install/mina_ugv/share/mina_ugv/rviz/multi_lidar.rviz
[4.670s] -- Up-to-date symlink: /home/navcon/ws/mina_ws/install/mina_ugv/share/mina_ugv/rviz/nav2_config.rviz
[4.670s] -- Up-to-date symlink: /home/navcon/ws/mina_ws/install/mina_ugv/share/mina_ugv/rviz/nav2_mapping.rviz
[4.671s] -- Up-to-date symlink: /home/navcon/ws/mina_ws/install/mina_ugv/share/mina_ugv/rviz/nav2_navigation.rviz
[4.671s] -- Up-to-date symlink: /home/navcon/ws/mina_ws/install/mina_ugv/share/mina_ugv/rviz/navrover.rviz
[4.671s] -- Up-to-date symlink: /home/navcon/ws/mina_ws/install/mina_ugv/share/mina_ugv/rviz/tb3_navigation2.rviz
[4.672s] -- Up-to-date symlink: /home/navcon/ws/mina_ws/install/mina_ugv/share/mina_ugv/urdf/navrover.urdf
[4.672s] -- Up-to-date symlink: /home/navcon/ws/mina_ws/install/mina_ugv/share/mina_ugv/urdf/navrover.xacro
[4.673s] -- Up-to-date symlink: /home/navcon/ws/mina_ws/install/mina_ugv/share/mina_ugv/urdf/rover.gazebo.xacro
[4.673s] -- Up-to-date symlink: /home/navcon/ws/mina_ws/install/mina_ugv/share/mina_ugv/urdf/rover_camera.xacro
[4.673s] -- Up-to-date symlink: /home/navcon/ws/mina_ws/install/mina_ugv/share/mina_ugv/urdf/rover_lidar.xacro
[4.674s] -- Up-to-date symlink: /home/navcon/ws/mina_ws/install/mina_ugv/share/mina_ugv/urdf/rover_ultrasound.xacro
[4.674s] -- Up-to-date symlink: /home/navcon/ws/mina_ws/install/mina_ugv/share/mina_ugv/worlds/sample.world
[4.675s] -- Up-to-date symlink: /home/navcon/ws/mina_ws/install/mina_ugv/share/mina_ugv/config/mapper_params_online_async.yaml
[4.675s] -- Up-to-date symlink: /home/navcon/ws/mina_ws/install/mina_ugv/share/mina_ugv/config/navrover_config.yaml
[4.675s] -- Up-to-date symlink: /home/navcon/ws/mina_ws/install/mina_ugv/share/mina_ugv/config/realsense_config.yaml
[4.675s] -- Up-to-date symlink: /home/navcon/ws/mina_ws/install/mina_ugv/share/mina_ugv/config/rplidar_config.yaml
[4.676s] -- Up-to-date symlink: /home/navcon/ws/mina_ws/install/mina_ugv/share/mina_ugv/params/nav2_params.yaml
[4.677s] -- Up-to-date symlink: /home/navcon/ws/mina_ws/install/mina_ugv/share/mina_ugv/params/nav2_params3.yaml
[4.677s] -- Up-to-date symlink: /home/navcon/ws/mina_ws/install/mina_ugv/share/mina_ugv/maps/land1_map.pgm
[4.677s] -- Up-to-date symlink: /home/navcon/ws/mina_ws/install/mina_ugv/share/mina_ugv/maps/land1_map.yaml
[4.679s] -- Up-to-date symlink: /home/navcon/ws/mina_ws/install/mina_ugv/share/mina_ugv/models/navrover/model-1_4.sdf
[4.679s] -- Up-to-date symlink: /home/navcon/ws/mina_ws/install/mina_ugv/share/mina_ugv/models/navrover/model.config
[4.679s] -- Up-to-date symlink: /home/navcon/ws/mina_ws/install/mina_ugv/share/mina_ugv/models/navrover/model.sdf
[4.680s] -- Up-to-date symlink: /home/navcon/ws/mina_ws/install/mina_ugv/share/mina_ugv/environment/pythonpath.sh
[4.680s] -- Up-to-date symlink: /home/navcon/ws/mina_ws/install/mina_ugv/share/mina_ugv/environment/pythonpath.dsv
[4.680s] -- Up-to-date symlink: /home/navcon/ws/mina_ws/install/mina_ugv/lib/python3.8/site-packages/mina_ugv-0.0.0-py3.8.egg-info/PKG-INFO
[4.682s] -- Up-to-date symlink: /home/navcon/ws/mina_ws/install/mina_ugv/lib/python3.8/site-packages/mina_ugv-0.0.0-py3.8.egg-info/SOURCES.txt
[4.682s] -- Up-to-date symlink: /home/navcon/ws/mina_ws/install/mina_ugv/lib/python3.8/site-packages/mina_ugv-0.0.0-py3.8.egg-info/dependency_links.txt
[4.682s] -- Up-to-date symlink: /home/navcon/ws/mina_ws/install/mina_ugv/lib/python3.8/site-packages/mina_ugv-0.0.0-py3.8.egg-info/top_level.txt
[4.683s] -- Up-to-date symlink: /home/navcon/ws/mina_ws/install/mina_ugv/lib/python3.8/site-packages/mina_ugv/__init__.py
[4.684s] -- Up-to-date symlink: /home/navcon/ws/mina_ws/install/mina_ugv/lib/mina_ugv/modules/Controller.py
[4.684s] -- Up-to-date symlink: /home/navcon/ws/mina_ws/install/mina_ugv/lib/mina_ugv/modules/Topics.py
[4.685s] -- Up-to-date symlink: /home/navcon/ws/mina_ws/install/mina_ugv/lib/mina_ugv/modules/__pycache__/Controller.cpython-310.pyc
[4.685s] -- Up-to-date symlink: /home/navcon/ws/mina_ws/install/mina_ugv/lib/mina_ugv/modules/__pycache__/Controller.cpython-38.pyc
[4.685s] -- Up-to-date symlink: /home/navcon/ws/mina_ws/install/mina_ugv/lib/mina_ugv/modules/__pycache__/Topics.cpython-310.pyc
[4.685s] -- Up-to-date symlink: /home/navcon/ws/mina_ws/install/mina_ugv/lib/mina_ugv/modules/__pycache__/Topics.cpython-38.pyc
[4.685s] -- Up-to-date symlink: /home/navcon/ws/mina_ws/install/mina_ugv/lib/mina_ugv/ugv_driver.py
[4.685s] -- Up-to-date symlink: /home/navcon/ws/mina_ws/install/mina_ugv/lib/mina_ugv/navrover_ps4_ctrl.py
[4.686s] -- Up-to-date symlink: /home/navcon/ws/mina_ws/install/mina_ugv/lib/mina_ugv/lidar_avoidance.py
[4.686s] -- Up-to-date symlink: /home/navcon/ws/mina_ws/install/mina_ugv/lib/mina_ugv/lidar_scan_multiple.py
[4.687s] -- Up-to-date symlink: /home/navcon/ws/mina_ws/install/mina_ugv/lib/mina_ugv/lidar_to_point_publish.py
[4.687s] -- Up-to-date symlink: /home/navcon/ws/mina_ws/install/mina_ugv/lib/mina_ugv/publish_gps_data.py
[4.688s] -- Up-to-date symlink: /home/navcon/ws/mina_ws/install/mina_ugv/share/ament_index/resource_index/package_run_dependencies/mina_ugv
[4.688s] -- Up-to-date symlink: /home/navcon/ws/mina_ws/install/mina_ugv/share/ament_index/resource_index/parent_prefix_path/mina_ugv
[4.688s] -- Up-to-date symlink: /home/navcon/ws/mina_ws/install/mina_ugv/share/mina_ugv/environment/ament_prefix_path.sh
[4.688s] -- Up-to-date symlink: /home/navcon/ws/mina_ws/install/mina_ugv/share/mina_ugv/environment/ament_prefix_path.dsv
[4.689s] -- Up-to-date symlink: /home/navcon/ws/mina_ws/install/mina_ugv/share/mina_ugv/environment/path.sh
[4.689s] -- Up-to-date symlink: /home/navcon/ws/mina_ws/install/mina_ugv/share/mina_ugv/environment/path.dsv
[4.689s] -- Up-to-date symlink: /home/navcon/ws/mina_ws/install/mina_ugv/share/mina_ugv/local_setup.bash
[4.689s] -- Up-to-date symlink: /home/navcon/ws/mina_ws/install/mina_ugv/share/mina_ugv/local_setup.sh
[4.690s] -- Up-to-date symlink: /home/navcon/ws/mina_ws/install/mina_ugv/share/mina_ugv/local_setup.zsh
[4.690s] -- Up-to-date symlink: /home/navcon/ws/mina_ws/install/mina_ugv/share/mina_ugv/local_setup.dsv
[4.691s] -- Symlinking: /home/navcon/ws/mina_ws/install/mina_ugv/share/mina_ugv/package.dsv
[4.711s] -- Up-to-date symlink: /home/navcon/ws/mina_ws/install/mina_ugv/share/ament_index/resource_index/packages/mina_ugv
[4.711s] -- Up-to-date symlink: /home/navcon/ws/mina_ws/install/mina_ugv/share/mina_ugv/cmake/mina_ugvConfig.cmake
[4.712s] -- Up-to-date symlink: /home/navcon/ws/mina_ws/install/mina_ugv/share/mina_ugv/cmake/mina_ugvConfig-version.cmake
[4.712s] -- Up-to-date symlink: /home/navcon/ws/mina_ws/install/mina_ugv/share/mina_ugv/package.xml
[4.771s] Listing '/home/navcon/ws/mina_ws/install/mina_ugv/lib/python3.8/site-packages/mina_ugv'...
[4.790s] Invoked command in '/home/navcon/ws/mina_ws/build/mina_ugv' returned '0': CMAKE_PREFIX_PATH=${CMAKE_PREFIX_PATH}:/home/navcon/ws/mina_ws/install/ugv_can:/home/navcon/ws/mina_ws/install/ackermann_odometry:/home/navcon/ws/mina_ws/install/ackermann_controller:/opt/ros/humble /usr/bin/cmake --install /home/navcon/ws/mina_ws/build/mina_ugv
