running develop
Removing /home/navcon/ws/mina_ws/install/ugv_can/lib/python3.8/site-packages/ugv-can.egg-link (link to .)
running egg_info
writing ../../build/ugv_can/ugv_can.egg-info/PKG-INFO
writing dependency_links to ../../build/ugv_can/ugv_can.egg-info/dependency_links.txt
writing entry points to ../../build/ugv_can/ugv_can.egg-info/entry_points.txt
writing requirements to ../../build/ugv_can/ugv_can.egg-info/requires.txt
writing top-level names to ../../build/ugv_can/ugv_can.egg-info/top_level.txt
reading manifest file '../../build/ugv_can/ugv_can.egg-info/SOURCES.txt'
writing manifest file '../../build/ugv_can/ugv_can.egg-info/SOURCES.txt'
running build
running build_py
copying ugv_can/ackermann_odom_publisher.py -> /home/navcon/ws/mina_ws/build/ugv_can/build/lib/ugv_can
copying ugv_can/can_sample.py -> /home/navcon/ws/mina_ws/build/ugv_can/build/lib/ugv_can
copying ugv_can/custom_odom_from_cmd.py -> /home/navcon/ws/mina_ws/build/ugv_can/build/lib/ugv_can
copying ugv_can/first_odom_while_pub.py -> /home/navcon/ws/mina_ws/build/ugv_can/build/lib/ugv_can
copying ugv_can/ackermann_velocity_publisher.py -> /home/navcon/ws/mina_ws/build/ugv_can/build/lib/ugv_can
running install
running install_lib
creating /home/navcon/ws/mina_ws/install/ugv_can/lib/python3.8/site-packages/ugv_can
copying /home/navcon/ws/mina_ws/build/ugv_can/build/lib/ugv_can/navrover_ps4_ctrl.py -> /home/navcon/ws/mina_ws/install/ugv_can/lib/python3.8/site-packages/ugv_can
copying /home/navcon/ws/mina_ws/build/ugv_can/build/lib/ugv_can/publish_odom.py -> /home/navcon/ws/mina_ws/install/ugv_can/lib/python3.8/site-packages/ugv_can
copying /home/navcon/ws/mina_ws/build/ugv_can/build/lib/ugv_can/ackermann_odom_publisher.py -> /home/navcon/ws/mina_ws/install/ugv_can/lib/python3.8/site-packages/ugv_can
copying /home/navcon/ws/mina_ws/build/ugv_can/build/lib/ugv_can/can_sample.py -> /home/navcon/ws/mina_ws/install/ugv_can/lib/python3.8/site-packages/ugv_can
copying /home/navcon/ws/mina_ws/build/ugv_can/build/lib/ugv_can/custom_odom_from_cmd.py -> /home/navcon/ws/mina_ws/install/ugv_can/lib/python3.8/site-packages/ugv_can
copying /home/navcon/ws/mina_ws/build/ugv_can/build/lib/ugv_can/base_odom.py -> /home/navcon/ws/mina_ws/install/ugv_can/lib/python3.8/site-packages/ugv_can
copying /home/navcon/ws/mina_ws/build/ugv_can/build/lib/ugv_can/new_odom_publisher.py -> /home/navcon/ws/mina_ws/install/ugv_can/lib/python3.8/site-packages/ugv_can
copying /home/navcon/ws/mina_ws/build/ugv_can/build/lib/ugv_can/first_odom_publisher.py -> /home/navcon/ws/mina_ws/install/ugv_can/lib/python3.8/site-packages/ugv_can
copying /home/navcon/ws/mina_ws/build/ugv_can/build/lib/ugv_can/new_publisher.py -> /home/navcon/ws/mina_ws/install/ugv_can/lib/python3.8/site-packages/ugv_can
copying /home/navcon/ws/mina_ws/build/ugv_can/build/lib/ugv_can/can2_sample.py -> /home/navcon/ws/mina_ws/install/ugv_can/lib/python3.8/site-packages/ugv_can
copying /home/navcon/ws/mina_ws/build/ugv_can/build/lib/ugv_can/odom_while_pub.py -> /home/navcon/ws/mina_ws/install/ugv_can/lib/python3.8/site-packages/ugv_can
copying /home/navcon/ws/mina_ws/build/ugv_can/build/lib/ugv_can/odom_publisher.py -> /home/navcon/ws/mina_ws/install/ugv_can/lib/python3.8/site-packages/ugv_can
copying /home/navcon/ws/mina_ws/build/ugv_can/build/lib/ugv_can/first_odom_while_pub.py -> /home/navcon/ws/mina_ws/install/ugv_can/lib/python3.8/site-packages/ugv_can
copying /home/navcon/ws/mina_ws/build/ugv_can/build/lib/ugv_can/__init__.py -> /home/navcon/ws/mina_ws/install/ugv_can/lib/python3.8/site-packages/ugv_can
copying /home/navcon/ws/mina_ws/build/ugv_can/build/lib/ugv_can/imu_mad.py -> /home/navcon/ws/mina_ws/install/ugv_can/lib/python3.8/site-packages/ugv_can
copying /home/navcon/ws/mina_ws/build/ugv_can/build/lib/ugv_can/publish_odom2.py -> /home/navcon/ws/mina_ws/install/ugv_can/lib/python3.8/site-packages/ugv_can
copying /home/navcon/ws/mina_ws/build/ugv_can/build/lib/ugv_can/manual_odom_publisher.py -> /home/navcon/ws/mina_ws/install/ugv_can/lib/python3.8/site-packages/ugv_can
copying /home/navcon/ws/mina_ws/build/ugv_can/build/lib/ugv_can/scaled_offset.py -> /home/navcon/ws/mina_ws/install/ugv_can/lib/python3.8/site-packages/ugv_can
copying /home/navcon/ws/mina_ws/build/ugv_can/build/lib/ugv_can/ackermann_velocity_publisher.py -> /home/navcon/ws/mina_ws/install/ugv_can/lib/python3.8/site-packages/ugv_can
byte-compiling /home/navcon/ws/mina_ws/install/ugv_can/lib/python3.8/site-packages/ugv_can/navrover_ps4_ctrl.py to navrover_ps4_ctrl.cpython-38.pyc
byte-compiling /home/navcon/ws/mina_ws/install/ugv_can/lib/python3.8/site-packages/ugv_can/publish_odom.py to publish_odom.cpython-38.pyc
byte-compiling /home/navcon/ws/mina_ws/install/ugv_can/lib/python3.8/site-packages/ugv_can/ackermann_odom_publisher.py to ackermann_odom_publisher.cpython-38.pyc
byte-compiling /home/navcon/ws/mina_ws/install/ugv_can/lib/python3.8/site-packages/ugv_can/can_sample.py to can_sample.cpython-38.pyc
byte-compiling /home/navcon/ws/mina_ws/install/ugv_can/lib/python3.8/site-packages/ugv_can/custom_odom_from_cmd.py to custom_odom_from_cmd.cpython-38.pyc
byte-compiling /home/navcon/ws/mina_ws/install/ugv_can/lib/python3.8/site-packages/ugv_can/base_odom.py to base_odom.cpython-38.pyc
byte-compiling /home/navcon/ws/mina_ws/install/ugv_can/lib/python3.8/site-packages/ugv_can/new_odom_publisher.py to new_odom_publisher.cpython-38.pyc
byte-compiling /home/navcon/ws/mina_ws/install/ugv_can/lib/python3.8/site-packages/ugv_can/first_odom_publisher.py to first_odom_publisher.cpython-38.pyc
byte-compiling /home/navcon/ws/mina_ws/install/ugv_can/lib/python3.8/site-packages/ugv_can/new_publisher.py to new_publisher.cpython-38.pyc
byte-compiling /home/navcon/ws/mina_ws/install/ugv_can/lib/python3.8/site-packages/ugv_can/can2_sample.py to can2_sample.cpython-38.pyc
byte-compiling /home/navcon/ws/mina_ws/install/ugv_can/lib/python3.8/site-packages/ugv_can/odom_while_pub.py to odom_while_pub.cpython-38.pyc
byte-compiling /home/navcon/ws/mina_ws/install/ugv_can/lib/python3.8/site-packages/ugv_can/odom_publisher.py to odom_publisher.cpython-38.pyc
byte-compiling /home/navcon/ws/mina_ws/install/ugv_can/lib/python3.8/site-packages/ugv_can/first_odom_while_pub.py to first_odom_while_pub.cpython-38.pyc
byte-compiling /home/navcon/ws/mina_ws/install/ugv_can/lib/python3.8/site-packages/ugv_can/__init__.py to __init__.cpython-38.pyc
byte-compiling /home/navcon/ws/mina_ws/install/ugv_can/lib/python3.8/site-packages/ugv_can/imu_mad.py to imu_mad.cpython-38.pyc
byte-compiling /home/navcon/ws/mina_ws/install/ugv_can/lib/python3.8/site-packages/ugv_can/publish_odom2.py to publish_odom2.cpython-38.pyc
byte-compiling /home/navcon/ws/mina_ws/install/ugv_can/lib/python3.8/site-packages/ugv_can/manual_odom_publisher.py to manual_odom_publisher.cpython-38.pyc
byte-compiling /home/navcon/ws/mina_ws/install/ugv_can/lib/python3.8/site-packages/ugv_can/scaled_offset.py to scaled_offset.cpython-38.pyc
byte-compiling /home/navcon/ws/mina_ws/install/ugv_can/lib/python3.8/site-packages/ugv_can/ackermann_velocity_publisher.py to ackermann_velocity_publisher.cpython-38.pyc
running install_data
copying resource/ugv_can -> /home/navcon/ws/mina_ws/install/ugv_can/share/ament_index/resource_index/packages
copying package.xml -> /home/navcon/ws/mina_ws/install/ugv_can/share/ugv_can
running install_egg_info
Copying ../../build/ugv_can/ugv_can.egg-info to /home/navcon/ws/mina_ws/install/ugv_can/lib/python3.8/site-packages/ugv_can-0.0.0-py3.8.egg-info
running install_scripts
Installing converter script to /home/navcon/ws/mina_ws/install/ugv_can/lib/ugv_can
Installing imu_mad script to /home/navcon/ws/mina_ws/install/ugv_can/lib/ugv_can
Installing imu_node script to /home/navcon/ws/mina_ws/install/ugv_can/lib/ugv_can
Installing odom_final script to /home/navcon/ws/mina_ws/install/ugv_can/lib/ugv_can
Installing odom_pub script to /home/navcon/ws/mina_ws/install/ugv_can/lib/ugv_can
Installing odom_publisher script to /home/navcon/ws/mina_ws/install/ugv_can/lib/ugv_can
Installing odom_while_pub script to /home/navcon/ws/mina_ws/install/ugv_can/lib/ugv_can
Installing ps_node script to /home/navcon/ws/mina_ws/install/ugv_can/lib/ugv_can
Installing pub script to /home/navcon/ws/mina_ws/install/ugv_can/lib/ugv_can
Installing sample script to /home/navcon/ws/mina_ws/install/ugv_can/lib/ugv_can
Installing sender script to /home/navcon/ws/mina_ws/install/ugv_can/lib/ugv_can
writing list of installed files to '/home/navcon/ws/mina_ws/build/ugv_can/install.log'
