-- Install configuration: ""
-- Execute custom install script
-- Up-to-date symlink: /home/navcon/ws/mina_ws/install/mini_ugv/share/mini_ugv/launch/auto.launch.py
-- Up-to-date symlink: /home/navcon/ws/mina_ws/install/mini_ugv/share/mini_ugv/launch/bringup.launch.py
-- Up-to-date symlink: /home/navcon/ws/mina_ws/install/mini_ugv/share/mini_ugv/launch/display.launch.py
-- Up-to-date symlink: /home/navcon/ws/mina_ws/install/mini_ugv/share/mini_ugv/launch/ekf.launch.py
-- Up-to-date symlink: /home/navcon/ws/mina_ws/install/mini_ugv/share/mini_ugv/launch/imu_filter.launch.py
-- Up-to-date symlink: /home/navcon/ws/mina_ws/install/mini_ugv/share/mini_ugv/launch/joystick.launch.py
-- Up-to-date symlink: /home/navcon/ws/mina_ws/install/mini_ugv/share/mini_ugv/launch/mini.ugv.launch.py
-- Up-to-date symlink: /home/navcon/ws/mina_ws/install/mini_ugv/share/mini_ugv/launch/navigation.launch.py
-- Up-to-date symlink: /home/navcon/ws/mina_ws/install/mini_ugv/share/mini_ugv/launch/navigation/display.navigation.launch.py
-- Up-to-date symlink: /home/navcon/ws/mina_ws/install/mini_ugv/share/mini_ugv/launch/navigation/gazebo.launch.py
-- Up-to-date symlink: /home/navcon/ws/mina_ws/install/mini_ugv/share/mini_ugv/launch/navigation/mapping.launch.py
-- Up-to-date symlink: /home/navcon/ws/mina_ws/install/mini_ugv/share/mini_ugv/launch/navigation/navigation2.launch.py
-- Up-to-date symlink: /home/navcon/ws/mina_ws/install/mini_ugv/share/mini_ugv/launch/navigation/robot_state_publisher.launch.py
-- Up-to-date symlink: /home/navcon/ws/mina_ws/install/mini_ugv/share/mini_ugv/launch/navigation/spawn_turtlebot3.launch.py
-- Up-to-date symlink: /home/navcon/ws/mina_ws/install/mini_ugv/share/mini_ugv/launch/og_display,launch.py
-- Up-to-date symlink: /home/navcon/ws/mina_ws/install/mini_ugv/share/mini_ugv/launch/online_async.launch.py
-- Up-to-date symlink: /home/navcon/ws/mina_ws/install/mini_ugv/share/mini_ugv/launch/robot_loc.launch.py
-- Up-to-date symlink: /home/navcon/ws/mina_ws/install/mini_ugv/share/mini_ugv/launch/robot_state_publisher.launch.py
-- Up-to-date symlink: /home/navcon/ws/mina_ws/install/mini_ugv/share/mini_ugv/meshes/accessories/Intel_Props_V1.png
-- Up-to-date symlink: /home/navcon/ws/mina_ws/install/mini_ugv/share/mini_ugv/meshes/accessories/camera_back.dae
-- Up-to-date symlink: /home/navcon/ws/mina_ws/install/mini_ugv/share/mini_ugv/meshes/accessories/camera_front.dae
-- Up-to-date symlink: /home/navcon/ws/mina_ws/install/mini_ugv/share/mini_ugv/meshes/accessories/lidar_back.dae
-- Up-to-date symlink: /home/navcon/ws/mina_ws/install/mini_ugv/share/mini_ugv/meshes/accessories/lidar_back_old.dae
-- Up-to-date symlink: /home/navcon/ws/mina_ws/install/mini_ugv/share/mini_ugv/meshes/accessories/lidar_front.dae
-- Up-to-date symlink: /home/navcon/ws/mina_ws/install/mini_ugv/share/mini_ugv/meshes/body.dae
-- Up-to-date symlink: /home/navcon/ws/mina_ws/install/mini_ugv/share/mini_ugv/meshes/ultrasound/UltraSound_01.stl
-- Up-to-date symlink: /home/navcon/ws/mina_ws/install/mini_ugv/share/mini_ugv/meshes/ultrasound/UltraSound_02.stl
-- Up-to-date symlink: /home/navcon/ws/mina_ws/install/mini_ugv/share/mini_ugv/meshes/ultrasound/UltraSound_03.stl
-- Up-to-date symlink: /home/navcon/ws/mina_ws/install/mini_ugv/share/mini_ugv/meshes/ultrasound/UltraSound_04.stl
-- Up-to-date symlink: /home/navcon/ws/mina_ws/install/mini_ugv/share/mini_ugv/meshes/ultrasound/UltraSound_05.stl
-- Up-to-date symlink: /home/navcon/ws/mina_ws/install/mini_ugv/share/mini_ugv/meshes/ultrasound/UltraSound_06.stl
-- Up-to-date symlink: /home/navcon/ws/mina_ws/install/mini_ugv/share/mini_ugv/meshes/ultrasound/UltraSound_07.stl
-- Up-to-date symlink: /home/navcon/ws/mina_ws/install/mini_ugv/share/mini_ugv/meshes/ultrasound/UltraSound_08.stl
-- Up-to-date symlink: /home/navcon/ws/mina_ws/install/mini_ugv/share/mini_ugv/meshes/ultrasound/UltraSound_09.stl
-- Up-to-date symlink: /home/navcon/ws/mina_ws/install/mini_ugv/share/mini_ugv/meshes/ultrasound/UltraSound_10.stl
-- Up-to-date symlink: /home/navcon/ws/mina_ws/install/mini_ugv/share/mini_ugv/meshes/ultrasound/UltraSound_11.stl
-- Up-to-date symlink: /home/navcon/ws/mina_ws/install/mini_ugv/share/mini_ugv/meshes/ultrasound/UltraSound_12.stl
-- Up-to-date symlink: /home/navcon/ws/mina_ws/install/mini_ugv/share/mini_ugv/meshes/ultrasound/UltraSound_13.stl
-- Up-to-date symlink: /home/navcon/ws/mina_ws/install/mini_ugv/share/mini_ugv/meshes/ultrasound/UltraSound_14.stl
-- Up-to-date symlink: /home/navcon/ws/mina_ws/install/mini_ugv/share/mini_ugv/meshes/ultrasound/UltraSound_15.stl
-- Up-to-date symlink: /home/navcon/ws/mina_ws/install/mini_ugv/share/mini_ugv/meshes/ultrasound/UltraSound_16.stl
-- Up-to-date symlink: /home/navcon/ws/mina_ws/install/mini_ugv/share/mini_ugv/meshes/wheels/hub_front_left.dae
-- Up-to-date symlink: /home/navcon/ws/mina_ws/install/mini_ugv/share/mini_ugv/meshes/wheels/hub_front_right.dae
-- Up-to-date symlink: /home/navcon/ws/mina_ws/install/mini_ugv/share/mini_ugv/meshes/wheels/wheel_front_left.dae
-- Up-to-date symlink: /home/navcon/ws/mina_ws/install/mini_ugv/share/mini_ugv/meshes/wheels/wheel_front_right.dae
-- Up-to-date symlink: /home/navcon/ws/mina_ws/install/mini_ugv/share/mini_ugv/meshes/wheels/wheel_rear_left.dae
-- Up-to-date symlink: /home/navcon/ws/mina_ws/install/mini_ugv/share/mini_ugv/meshes/wheels/wheel_rear_right.dae
-- Up-to-date symlink: /home/navcon/ws/mina_ws/install/mini_ugv/share/mini_ugv/urdf/navrover.urdf
-- Up-to-date symlink: /home/navcon/ws/mina_ws/install/mini_ugv/share/mini_ugv/urdf/navrover.xacro
-- Up-to-date symlink: /home/navcon/ws/mina_ws/install/mini_ugv/share/mini_ugv/urdf/rover.gazebo.xacro
-- Up-to-date symlink: /home/navcon/ws/mina_ws/install/mini_ugv/share/mini_ugv/urdf/rover_camera.xacro
-- Up-to-date symlink: /home/navcon/ws/mina_ws/install/mini_ugv/share/mini_ugv/urdf/rover_lidar.xacro
-- Up-to-date symlink: /home/navcon/ws/mina_ws/install/mini_ugv/share/mini_ugv/urdf/rover_ultrasound.xacro
-- Up-to-date symlink: /home/navcon/ws/mina_ws/install/mini_ugv/share/mini_ugv/params/ydlidar.yaml
-- Up-to-date symlink: /home/navcon/ws/mina_ws/install/mini_ugv/share/mini_ugv/config/dg.yaml
-- Up-to-date symlink: /home/navcon/ws/mina_ws/install/mini_ugv/share/mini_ugv/config/ekf.yaml
-- Up-to-date symlink: /home/navcon/ws/mina_ws/install/mini_ugv/share/mini_ugv/config/ekf2.yaml
-- Up-to-date symlink: /home/navcon/ws/mina_ws/install/mini_ugv/share/mini_ugv/config/ekf3.yaml
-- Up-to-date symlink: /home/navcon/ws/mina_ws/install/mini_ugv/share/mini_ugv/config/imu_filter.yaml
-- Up-to-date symlink: /home/navcon/ws/mina_ws/install/mini_ugv/share/mini_ugv/config/mapper_params.yaml
-- Up-to-date symlink: /home/navcon/ws/mina_ws/install/mini_ugv/share/mini_ugv/config/nav2_params.yaml
-- Up-to-date symlink: /home/navcon/ws/mina_ws/install/mini_ugv/share/mini_ugv/config/nav2_params3.yaml
-- Up-to-date symlink: /home/navcon/ws/mina_ws/install/mini_ugv/share/mini_ugv/config/nav2_params_1.yaml
-- Up-to-date symlink: /home/navcon/ws/mina_ws/install/mini_ugv/share/mini_ugv/config/nav2_params_final.yaml
-- Up-to-date symlink: /home/navcon/ws/mina_ws/install/mini_ugv/share/mini_ugv/config/nav2_params_line.yaml
-- Up-to-date symlink: /home/navcon/ws/mina_ws/install/mini_ugv/share/mini_ugv/config/nv2_params_dism.yaml
-- Up-to-date symlink: /home/navcon/ws/mina_ws/install/mini_ugv/share/mini_ugv/config/ydlidar.rviz
-- Up-to-date symlink: /home/navcon/ws/mina_ws/install/mini_ugv/share/mini_ugv/maps/dggg.pgm
-- Up-to-date symlink: /home/navcon/ws/mina_ws/install/mini_ugv/share/mini_ugv/maps/dggg.yaml
-- Up-to-date symlink: /home/navcon/ws/mina_ws/install/mini_ugv/share/mini_ugv/maps/my_map.pgm
-- Up-to-date symlink: /home/navcon/ws/mina_ws/install/mini_ugv/share/mini_ugv/maps/my_map.yaml
-- Up-to-date symlink: /home/navcon/ws/mina_ws/install/mini_ugv/share/mini_ugv/maps/new_map.pgm
-- Up-to-date symlink: /home/navcon/ws/mina_ws/install/mini_ugv/share/mini_ugv/maps/new_map.yaml
-- Up-to-date symlink: /home/navcon/ws/mina_ws/install/mini_ugv/share/mini_ugv/rviz/display_view.rviz
-- Up-to-date symlink: /home/navcon/ws/mina_ws/install/mini_ugv/share/mini_ugv/rviz/imu.rviz
-- Up-to-date symlink: /home/navcon/ws/mina_ws/install/mini_ugv/share/mini_ugv/rviz/mapping.rviz
-- Up-to-date symlink: /home/navcon/ws/mina_ws/install/mini_ugv/share/mini_ugv/rviz/nav2_config.rviz
-- Up-to-date symlink: /home/navcon/ws/mina_ws/install/mini_ugv/share/mini_ugv/rviz/navrover.rviz
-- Up-to-date symlink: /home/navcon/ws/mina_ws/install/mini_ugv/share/ament_index/resource_index/package_run_dependencies/mini_ugv
-- Up-to-date symlink: /home/navcon/ws/mina_ws/install/mini_ugv/share/ament_index/resource_index/parent_prefix_path/mini_ugv
-- Up-to-date symlink: /home/navcon/ws/mina_ws/install/mini_ugv/share/mini_ugv/environment/ament_prefix_path.sh
-- Up-to-date symlink: /home/navcon/ws/mina_ws/install/mini_ugv/share/mini_ugv/environment/ament_prefix_path.dsv
-- Up-to-date symlink: /home/navcon/ws/mina_ws/install/mini_ugv/share/mini_ugv/environment/path.sh
-- Up-to-date symlink: /home/navcon/ws/mina_ws/install/mini_ugv/share/mini_ugv/environment/path.dsv
-- Up-to-date symlink: /home/navcon/ws/mina_ws/install/mini_ugv/share/mini_ugv/local_setup.bash
-- Up-to-date symlink: /home/navcon/ws/mina_ws/install/mini_ugv/share/mini_ugv/local_setup.sh
-- Up-to-date symlink: /home/navcon/ws/mina_ws/install/mini_ugv/share/mini_ugv/local_setup.zsh
-- Up-to-date symlink: /home/navcon/ws/mina_ws/install/mini_ugv/share/mini_ugv/local_setup.dsv
-- Symlinking: /home/navcon/ws/mina_ws/install/mini_ugv/share/mini_ugv/package.dsv
-- Up-to-date symlink: /home/navcon/ws/mina_ws/install/mini_ugv/share/ament_index/resource_index/packages/mini_ugv
-- Up-to-date symlink: /home/navcon/ws/mina_ws/install/mini_ugv/share/mini_ugv/cmake/mini_ugvConfig.cmake
-- Up-to-date symlink: /home/navcon/ws/mina_ws/install/mini_ugv/share/mini_ugv/cmake/mini_ugvConfig-version.cmake
-- Up-to-date symlink: /home/navcon/ws/mina_ws/install/mini_ugv/share/mini_ugv/package.xml
