[2.188s] Invoking command in '/home/navcon/ws/mina_ws/build/ugv_can': PYTHONPATH=/home/navcon/ws/mina_ws/build/ugv_can/prefix_override:/home/navcon/ws/mina_ws/install/ugv_can/lib/python3.8/site-packages:${PYTHONPATH} /usr/bin/python3 -W ignore:setup.py install is deprecated setup.py develop --editable --build-directory /home/navcon/ws/mina_ws/build/ugv_can/build --no-deps symlink_data --force
[2.722s] running develop
[3.058s] running egg_info
[3.059s] writing ugv_can.egg-info/PKG-INFO
[3.059s] writing dependency_links to ugv_can.egg-info/dependency_links.txt
[3.060s] writing entry points to ugv_can.egg-info/entry_points.txt
[3.061s] writing requirements to ugv_can.egg-info/requires.txt
[3.062s] writing top-level names to ugv_can.egg-info/top_level.txt
[3.116s] reading manifest file 'ugv_can.egg-info/SOURCES.txt'
[3.118s] writing manifest file 'ugv_can.egg-info/SOURCES.txt'
[3.218s] running build_ext
[3.219s] Creating /home/navcon/ws/mina_ws/install/ugv_can/lib/python3.8/site-packages/ugv-can.egg-link (link to .)
[3.221s] Installing converter script to /home/navcon/ws/mina_ws/install/ugv_can/lib/ugv_can
[3.222s] Installing first_odom_publisher script to /home/navcon/ws/mina_ws/install/ugv_can/lib/ugv_can
[3.223s] Installing first_odom_while_pub script to /home/navcon/ws/mina_ws/install/ugv_can/lib/ugv_can
[3.223s] Installing imu_mad script to /home/navcon/ws/mina_ws/install/ugv_can/lib/ugv_can
[3.224s] Installing imu_node script to /home/navcon/ws/mina_ws/install/ugv_can/lib/ugv_can
[3.224s] Installing odom_final script to /home/navcon/ws/mina_ws/install/ugv_can/lib/ugv_can
[3.225s] Installing odom_pub script to /home/navcon/ws/mina_ws/install/ugv_can/lib/ugv_can
[3.225s] Installing odom_publisher script to /home/navcon/ws/mina_ws/install/ugv_can/lib/ugv_can
[3.225s] Installing odom_while_pub script to /home/navcon/ws/mina_ws/install/ugv_can/lib/ugv_can
[3.226s] Installing ps_node script to /home/navcon/ws/mina_ws/install/ugv_can/lib/ugv_can
[3.228s] Installing pub script to /home/navcon/ws/mina_ws/install/ugv_can/lib/ugv_can
[3.228s] Installing sample script to /home/navcon/ws/mina_ws/install/ugv_can/lib/ugv_can
[3.229s] Installing sender script to /home/navcon/ws/mina_ws/install/ugv_can/lib/ugv_can
[3.229s] 
[3.230s] Installed /home/navcon/ws/mina_ws/build/ugv_can
[3.230s] running symlink_data
[3.230s] symbolically linking /home/navcon/ws/mina_ws/build/ugv_can/resource/ugv_can -> /home/navcon/ws/mina_ws/install/ugv_can/share/ament_index/resource_index/packages
[3.231s] symbolically linking /home/navcon/ws/mina_ws/build/ugv_can/package.xml -> /home/navcon/ws/mina_ws/install/ugv_can/share/ugv_can
[3.319s] Invoked command in '/home/navcon/ws/mina_ws/build/ugv_can' returned '0': PYTHONPATH=/home/navcon/ws/mina_ws/build/ugv_can/prefix_override:/home/navcon/ws/mina_ws/install/ugv_can/lib/python3.8/site-packages:${PYTHONPATH} /usr/bin/python3 -W ignore:setup.py install is deprecated setup.py develop --editable --build-directory /home/navcon/ws/mina_ws/build/ugv_can/build --no-deps symlink_data --force
