[2.496s] Invoking command in '/home/navcon/ws/mina_ws/build/ugv_can': PYTHONPATH=/home/navcon/ws/mina_ws/build/ugv_can/prefix_override:/home/navcon/ws/mina_ws/install/ugv_can/lib/python3.8/site-packages:${PYTHONPATH} /usr/bin/python3 -W ignore:setup.py install is deprecated setup.py develop --editable --build-directory /home/navcon/ws/mina_ws/build/ugv_can/build --no-deps symlink_data
[3.058s] running develop
[3.424s] running egg_info
[3.424s] writing ugv_can.egg-info/PKG-INFO
[3.425s] writing dependency_links to ugv_can.egg-info/dependency_links.txt
[3.427s] writing entry points to ugv_can.egg-info/entry_points.txt
[3.428s] writing requirements to ugv_can.egg-info/requires.txt
[3.428s] writing top-level names to ugv_can.egg-info/top_level.txt
[3.484s] reading manifest file 'ugv_can.egg-info/SOURCES.txt'
[3.487s] writing manifest file 'ugv_can.egg-info/SOURCES.txt'
[3.587s] running build_ext
[3.588s] Creating /home/navcon/ws/mina_ws/install/ugv_can/lib/python3.8/site-packages/ugv-can.egg-link (link to .)
[3.591s] Installing converter script to /home/navcon/ws/mina_ws/install/ugv_can/lib/ugv_can
[3.592s] Installing first_odom_publisher script to /home/navcon/ws/mina_ws/install/ugv_can/lib/ugv_can
[3.593s] Installing first_odom_while_pub script to /home/navcon/ws/mina_ws/install/ugv_can/lib/ugv_can
[3.593s] Installing imu_mad script to /home/navcon/ws/mina_ws/install/ugv_can/lib/ugv_can
[3.594s] Installing imu_node script to /home/navcon/ws/mina_ws/install/ugv_can/lib/ugv_can
[3.594s] Installing odom_final script to /home/navcon/ws/mina_ws/install/ugv_can/lib/ugv_can
[3.595s] Installing odom_pub script to /home/navcon/ws/mina_ws/install/ugv_can/lib/ugv_can
[3.595s] Installing odom_publisher script to /home/navcon/ws/mina_ws/install/ugv_can/lib/ugv_can
[3.595s] Installing odom_while_pub script to /home/navcon/ws/mina_ws/install/ugv_can/lib/ugv_can
[3.595s] Installing ps_node script to /home/navcon/ws/mina_ws/install/ugv_can/lib/ugv_can
[3.595s] Installing pub script to /home/navcon/ws/mina_ws/install/ugv_can/lib/ugv_can
[3.595s] Installing sample script to /home/navcon/ws/mina_ws/install/ugv_can/lib/ugv_can
[3.596s] Installing sender script to /home/navcon/ws/mina_ws/install/ugv_can/lib/ugv_can
[3.596s] 
[3.596s] Installed /home/navcon/ws/mina_ws/build/ugv_can
[3.596s] running symlink_data
[3.683s] Invoked command in '/home/navcon/ws/mina_ws/build/ugv_can' returned '0': PYTHONPATH=/home/navcon/ws/mina_ws/build/ugv_can/prefix_override:/home/navcon/ws/mina_ws/install/ugv_can/lib/python3.8/site-packages:${PYTHONPATH} /usr/bin/python3 -W ignore:setup.py install is deprecated setup.py develop --editable --build-directory /home/navcon/ws/mina_ws/build/ugv_can/build --no-deps symlink_data
