[0.132s] Invoking command in '/home/navcon/ws/mina_ws/build/ackermann_interfaces': CMAKE_PREFIX_PATH=${CMAKE_PREFIX_PATH}:/home/navcon/ws/mina_ws/install/ugv_can:/home/navcon/ws/mina_ws/install/ackermann_odometry:/home/navcon/ws/mina_ws/install/ackermann_controller:/opt/ros/humble /usr/bin/cmake --build /home/navcon/ws/mina_ws/build/ackermann_interfaces -- -j8 -l8
[1.254s] [  3%] Built target ackermann_interfaces__cpp
[1.256s] [ 12%] Built target ackermann_interfaces__rosidl_generator_c
[1.257s] [ 12%] Built target ament_cmake_python_symlink_ackermann_interfaces
[1.258s] [ 32%] Built target ackermann_interfaces__rosidl_typesupport_cpp
[1.259s] [ 32%] Built target ackermann_interfaces__rosidl_typesupport_fastrtps_cpp
[1.260s] [ 41%] Built target ackermann_interfaces__rosidl_typesupport_introspection_cpp
[1.261s] [ 51%] Built target ackermann_interfaces__rosidl_typesupport_introspection_c
[1.261s] [ 61%] Built target ackermann_interfaces__rosidl_typesupport_fastrtps_c
[1.262s] [ 70%] Built target ackermann_interfaces__rosidl_typesupport_c
[1.266s] [ 70%] Built target ackermann_interfaces
[1.266s] [ 74%] Built target ackermann_interfaces__py
[1.267s] [ 80%] Built target ackermann_interfaces__rosidl_generator_py
[1.267s] [100%] Built target ackermann_interfaces__rosidl_typesupport_fastrtps_c__pyext
[1.267s] [100%] Built target ackermann_interfaces__rosidl_typesupport_introspection_c__pyext
[1.267s] [100%] Built target ackermann_interfaces__rosidl_typesupport_c__pyext
[1.267s] running egg_info
[1.268s] writing ackermann_interfaces.egg-info/PKG-INFO
[1.268s] writing dependency_links to ackermann_interfaces.egg-info/dependency_links.txt
[1.268s] writing top-level names to ackermann_interfaces.egg-info/top_level.txt
[1.268s] reading manifest file 'ackermann_interfaces.egg-info/SOURCES.txt'
[1.269s] writing manifest file 'ackermann_interfaces.egg-info/SOURCES.txt'
[1.269s] [100%] Built target ament_cmake_python_build_ackermann_interfaces_egg
[1.270s] Invoked command in '/home/navcon/ws/mina_ws/build/ackermann_interfaces' returned '0': CMAKE_PREFIX_PATH=${CMAKE_PREFIX_PATH}:/home/navcon/ws/mina_ws/install/ugv_can:/home/navcon/ws/mina_ws/install/ackermann_odometry:/home/navcon/ws/mina_ws/install/ackermann_controller:/opt/ros/humble /usr/bin/cmake --build /home/navcon/ws/mina_ws/build/ackermann_interfaces -- -j8 -l8
[1.388s] Invoking command in '/home/navcon/ws/mina_ws/build/ackermann_interfaces': CMAKE_PREFIX_PATH=${CMAKE_PREFIX_PATH}:/home/navcon/ws/mina_ws/install/ugv_can:/home/navcon/ws/mina_ws/install/ackermann_odometry:/home/navcon/ws/mina_ws/install/ackermann_controller:/opt/ros/humble /usr/bin/cmake --install /home/navcon/ws/mina_ws/build/ackermann_interfaces
[1.404s] -- Install configuration: ""
[1.405s] -- Execute custom install script
[1.406s] -- Up-to-date symlink: /home/navcon/ws/mina_ws/install/ackermann_interfaces/share/ament_index/resource_index/rosidl_interfaces/ackermann_interfaces
[1.407s] -- Up-to-date symlink: /home/navcon/ws/mina_ws/install/ackermann_interfaces/include/ackermann_interfaces/ackermann_interfaces/msg/ackermann_feedback.h
[1.407s] -- Up-to-date symlink: /home/navcon/ws/mina_ws/install/ackermann_interfaces/include/ackermann_interfaces/ackermann_interfaces/msg/detail/ackermann_feedback__functions.h
[1.407s] -- Up-to-date symlink: /home/navcon/ws/mina_ws/install/ackermann_interfaces/include/ackermann_interfaces/ackermann_interfaces/msg/detail/ackermann_feedback__struct.h
[1.408s] -- Up-to-date symlink: /home/navcon/ws/mina_ws/install/ackermann_interfaces/include/ackermann_interfaces/ackermann_interfaces/msg/detail/ackermann_feedback__type_support.h
[1.408s] -- Up-to-date symlink: /home/navcon/ws/mina_ws/install/ackermann_interfaces/include/ackermann_interfaces/ackermann_interfaces/msg/rosidl_generator_c__visibility_control.h
[1.409s] -- Up-to-date symlink: /home/navcon/ws/mina_ws/install/ackermann_interfaces/share/ackermann_interfaces/environment/library_path.sh
[1.409s] -- Up-to-date symlink: /home/navcon/ws/mina_ws/install/ackermann_interfaces/share/ackermann_interfaces/environment/library_path.dsv
[1.410s] -- Up-to-date symlink: /home/navcon/ws/mina_ws/install/ackermann_interfaces/include/ackermann_interfaces/ackermann_interfaces/msg/detail/ackermann_feedback__rosidl_typesupport_fastrtps_c.h
[1.411s] -- Up-to-date symlink: /home/navcon/ws/mina_ws/install/ackermann_interfaces/include/ackermann_interfaces/ackermann_interfaces/msg/rosidl_typesupport_fastrtps_c__visibility_control.h
[1.412s] -- Up-to-date symlink: /home/navcon/ws/mina_ws/install/ackermann_interfaces/include/ackermann_interfaces/ackermann_interfaces/msg/detail/ackermann_feedback__rosidl_typesupport_introspection_c.h
[1.412s] -- Up-to-date symlink: /home/navcon/ws/mina_ws/install/ackermann_interfaces/include/ackermann_interfaces/ackermann_interfaces/msg/rosidl_typesupport_introspection_c__visibility_control.h
[1.412s] -- Up-to-date symlink: /home/navcon/ws/mina_ws/install/ackermann_interfaces/include/ackermann_interfaces/ackermann_interfaces/msg/ackermann_feedback.hpp
[1.413s] -- Up-to-date symlink: /home/navcon/ws/mina_ws/install/ackermann_interfaces/include/ackermann_interfaces/ackermann_interfaces/msg/detail/ackermann_feedback__builder.hpp
[1.413s] -- Up-to-date symlink: /home/navcon/ws/mina_ws/install/ackermann_interfaces/include/ackermann_interfaces/ackermann_interfaces/msg/detail/ackermann_feedback__struct.hpp
[1.413s] -- Up-to-date symlink: /home/navcon/ws/mina_ws/install/ackermann_interfaces/include/ackermann_interfaces/ackermann_interfaces/msg/detail/ackermann_feedback__traits.hpp
[1.415s] -- Up-to-date symlink: /home/navcon/ws/mina_ws/install/ackermann_interfaces/include/ackermann_interfaces/ackermann_interfaces/msg/detail/ackermann_feedback__rosidl_typesupport_fastrtps_cpp.hpp
[1.415s] -- Up-to-date symlink: /home/navcon/ws/mina_ws/install/ackermann_interfaces/include/ackermann_interfaces/ackermann_interfaces/msg/rosidl_typesupport_fastrtps_cpp__visibility_control.h
[1.416s] -- Up-to-date symlink: /home/navcon/ws/mina_ws/install/ackermann_interfaces/include/ackermann_interfaces/ackermann_interfaces/msg/detail/ackermann_feedback__rosidl_typesupport_introspection_cpp.hpp
[1.417s] -- Up-to-date symlink: /home/navcon/ws/mina_ws/install/ackermann_interfaces/share/ackermann_interfaces/environment/pythonpath.sh
[1.417s] -- Up-to-date symlink: /home/navcon/ws/mina_ws/install/ackermann_interfaces/share/ackermann_interfaces/environment/pythonpath.dsv
[1.418s] -- Up-to-date symlink: /home/navcon/ws/mina_ws/install/ackermann_interfaces/lib/python3.8/site-packages/ackermann_interfaces-0.0.0-py3.8.egg-info/PKG-INFO
[1.418s] -- Up-to-date symlink: /home/navcon/ws/mina_ws/install/ackermann_interfaces/lib/python3.8/site-packages/ackermann_interfaces-0.0.0-py3.8.egg-info/SOURCES.txt
[1.419s] -- Up-to-date symlink: /home/navcon/ws/mina_ws/install/ackermann_interfaces/lib/python3.8/site-packages/ackermann_interfaces-0.0.0-py3.8.egg-info/dependency_links.txt
[1.419s] -- Up-to-date symlink: /home/navcon/ws/mina_ws/install/ackermann_interfaces/lib/python3.8/site-packages/ackermann_interfaces-0.0.0-py3.8.egg-info/top_level.txt
[1.420s] -- Up-to-date symlink: /home/navcon/ws/mina_ws/install/ackermann_interfaces/lib/python3.8/site-packages/ackermann_interfaces/__init__.py
[1.420s] -- Up-to-date symlink: /home/navcon/ws/mina_ws/install/ackermann_interfaces/lib/python3.8/site-packages/ackermann_interfaces/_ackermann_interfaces_s.ep.rosidl_typesupport_c.c
[1.421s] -- Up-to-date symlink: /home/navcon/ws/mina_ws/install/ackermann_interfaces/lib/python3.8/site-packages/ackermann_interfaces/_ackermann_interfaces_s.ep.rosidl_typesupport_fastrtps_c.c
[1.421s] -- Up-to-date symlink: /home/navcon/ws/mina_ws/install/ackermann_interfaces/lib/python3.8/site-packages/ackermann_interfaces/_ackermann_interfaces_s.ep.rosidl_typesupport_introspection_c.c
[1.424s] -- Up-to-date symlink: /home/navcon/ws/mina_ws/install/ackermann_interfaces/lib/python3.8/site-packages/ackermann_interfaces/ackermann_interfaces_s__rosidl_typesupport_c.cpython-38-aarch64-linux-gnu.so
[1.425s] -- Up-to-date symlink: /home/navcon/ws/mina_ws/install/ackermann_interfaces/lib/python3.8/site-packages/ackermann_interfaces/ackermann_interfaces_s__rosidl_typesupport_fastrtps_c.cpython-38-aarch64-linux-gnu.so
[1.425s] -- Up-to-date symlink: /home/navcon/ws/mina_ws/install/ackermann_interfaces/lib/python3.8/site-packages/ackermann_interfaces/ackermann_interfaces_s__rosidl_typesupport_introspection_c.cpython-38-aarch64-linux-gnu.so
[1.428s] -- Up-to-date symlink: /home/navcon/ws/mina_ws/install/ackermann_interfaces/lib/python3.8/site-packages/ackermann_interfaces/libackermann_interfaces__rosidl_generator_py.so
[1.431s] -- Up-to-date symlink: /home/navcon/ws/mina_ws/install/ackermann_interfaces/lib/python3.8/site-packages/ackermann_interfaces/msg/__init__.py
[1.431s] -- Up-to-date symlink: /home/navcon/ws/mina_ws/install/ackermann_interfaces/lib/python3.8/site-packages/ackermann_interfaces/msg/_ackermann_feedback.py
[1.431s] -- Up-to-date symlink: /home/navcon/ws/mina_ws/install/ackermann_interfaces/lib/python3.8/site-packages/ackermann_interfaces/msg/_ackermann_feedback_s.c
[1.435s] -- Up-to-date symlink: /home/navcon/ws/mina_ws/install/ackermann_interfaces/lib/python3.8/site-packages/ackermann_interfaces/ackermann_interfaces_s__rosidl_typesupport_fastrtps_c.cpython-38-aarch64-linux-gnu.so
[1.435s] -- Up-to-date symlink: /home/navcon/ws/mina_ws/install/ackermann_interfaces/lib/python3.8/site-packages/ackermann_interfaces/ackermann_interfaces_s__rosidl_typesupport_introspection_c.cpython-38-aarch64-linux-gnu.so
[1.436s] -- Up-to-date symlink: /home/navcon/ws/mina_ws/install/ackermann_interfaces/lib/python3.8/site-packages/ackermann_interfaces/ackermann_interfaces_s__rosidl_typesupport_c.cpython-38-aarch64-linux-gnu.so
[1.436s] -- Up-to-date symlink: /home/navcon/ws/mina_ws/install/ackermann_interfaces/share/ackermann_interfaces/msg/AckermannFeedback.idl
[1.438s] -- Up-to-date symlink: /home/navcon/ws/mina_ws/install/ackermann_interfaces/share/ackermann_interfaces/msg/AckermannFeedback.msg
[1.439s] -- Up-to-date symlink: /home/navcon/ws/mina_ws/install/ackermann_interfaces/share/ament_index/resource_index/package_run_dependencies/ackermann_interfaces
[1.442s] -- Up-to-date symlink: /home/navcon/ws/mina_ws/install/ackermann_interfaces/share/ament_index/resource_index/parent_prefix_path/ackermann_interfaces
[1.443s] -- Up-to-date symlink: /home/navcon/ws/mina_ws/install/ackermann_interfaces/share/ackermann_interfaces/environment/ament_prefix_path.sh
[1.443s] -- Up-to-date symlink: /home/navcon/ws/mina_ws/install/ackermann_interfaces/share/ackermann_interfaces/environment/ament_prefix_path.dsv
[1.443s] -- Up-to-date symlink: /home/navcon/ws/mina_ws/install/ackermann_interfaces/share/ackermann_interfaces/environment/path.sh
[1.443s] -- Up-to-date symlink: /home/navcon/ws/mina_ws/install/ackermann_interfaces/share/ackermann_interfaces/environment/path.dsv
[1.443s] -- Up-to-date symlink: /home/navcon/ws/mina_ws/install/ackermann_interfaces/share/ackermann_interfaces/local_setup.bash
[1.443s] -- Up-to-date symlink: /home/navcon/ws/mina_ws/install/ackermann_interfaces/share/ackermann_interfaces/local_setup.sh
[1.444s] -- Up-to-date symlink: /home/navcon/ws/mina_ws/install/ackermann_interfaces/share/ackermann_interfaces/local_setup.zsh
[1.444s] -- Up-to-date symlink: /home/navcon/ws/mina_ws/install/ackermann_interfaces/share/ackermann_interfaces/local_setup.dsv
[1.444s] -- Symlinking: /home/navcon/ws/mina_ws/install/ackermann_interfaces/share/ackermann_interfaces/package.dsv
[1.450s] -- Up-to-date symlink: /home/navcon/ws/mina_ws/install/ackermann_interfaces/share/ament_index/resource_index/packages/ackermann_interfaces
[1.450s] -- Up-to-date symlink: /home/navcon/ws/mina_ws/install/ackermann_interfaces/share/ackermann_interfaces/cmake/rosidl_cmake-extras.cmake
[1.451s] -- Up-to-date symlink: /home/navcon/ws/mina_ws/install/ackermann_interfaces/share/ackermann_interfaces/cmake/ament_cmake_export_dependencies-extras.cmake
[1.451s] -- Up-to-date symlink: /home/navcon/ws/mina_ws/install/ackermann_interfaces/share/ackermann_interfaces/cmake/ament_cmake_export_include_directories-extras.cmake
[1.451s] -- Up-to-date symlink: /home/navcon/ws/mina_ws/install/ackermann_interfaces/share/ackermann_interfaces/cmake/ament_cmake_export_libraries-extras.cmake
[1.451s] -- Up-to-date symlink: /home/navcon/ws/mina_ws/install/ackermann_interfaces/share/ackermann_interfaces/cmake/ament_cmake_export_targets-extras.cmake
[1.452s] -- Up-to-date symlink: /home/navcon/ws/mina_ws/install/ackermann_interfaces/share/ackermann_interfaces/cmake/rosidl_cmake_export_typesupport_targets-extras.cmake
[1.453s] -- Up-to-date symlink: /home/navcon/ws/mina_ws/install/ackermann_interfaces/share/ackermann_interfaces/cmake/rosidl_cmake_export_typesupport_libraries-extras.cmake
[1.453s] -- Up-to-date symlink: /home/navcon/ws/mina_ws/install/ackermann_interfaces/share/ackermann_interfaces/cmake/ackermann_interfacesConfig.cmake
[1.453s] -- Up-to-date symlink: /home/navcon/ws/mina_ws/install/ackermann_interfaces/share/ackermann_interfaces/cmake/ackermann_interfacesConfig-version.cmake
[1.454s] -- Up-to-date symlink: /home/navcon/ws/mina_ws/install/ackermann_interfaces/share/ackermann_interfaces/package.xml
[1.455s] -- Up-to-date: /home/navcon/ws/mina_ws/install/ackermann_interfaces/lib/libackermann_interfaces__rosidl_generator_c.so
[1.456s] -- Up-to-date: /home/navcon/ws/mina_ws/install/ackermann_interfaces/lib/libackermann_interfaces__rosidl_typesupport_fastrtps_c.so
[1.456s] -- Up-to-date: /home/navcon/ws/mina_ws/install/ackermann_interfaces/lib/libackermann_interfaces__rosidl_typesupport_introspection_c.so
[1.457s] -- Up-to-date: /home/navcon/ws/mina_ws/install/ackermann_interfaces/lib/libackermann_interfaces__rosidl_typesupport_c.so
[1.457s] -- Up-to-date: /home/navcon/ws/mina_ws/install/ackermann_interfaces/lib/libackermann_interfaces__rosidl_typesupport_fastrtps_cpp.so
[1.458s] -- Up-to-date: /home/navcon/ws/mina_ws/install/ackermann_interfaces/lib/libackermann_interfaces__rosidl_typesupport_introspection_cpp.so
[1.458s] -- Up-to-date: /home/navcon/ws/mina_ws/install/ackermann_interfaces/lib/libackermann_interfaces__rosidl_typesupport_cpp.so
[1.526s] Listing '/home/navcon/ws/mina_ws/install/ackermann_interfaces/lib/python3.8/site-packages/ackermann_interfaces'...
[1.526s] Listing '/home/navcon/ws/mina_ws/install/ackermann_interfaces/lib/python3.8/site-packages/ackermann_interfaces/msg'...
[1.538s] -- Up-to-date: /home/navcon/ws/mina_ws/install/ackermann_interfaces/lib/libackermann_interfaces__rosidl_generator_py.so
[1.539s] -- Up-to-date: /home/navcon/ws/mina_ws/install/ackermann_interfaces/share/ackermann_interfaces/cmake/export_ackermann_interfaces__rosidl_generator_cExport.cmake
[1.539s] -- Up-to-date: /home/navcon/ws/mina_ws/install/ackermann_interfaces/share/ackermann_interfaces/cmake/export_ackermann_interfaces__rosidl_generator_cExport-noconfig.cmake
[1.539s] -- Up-to-date: /home/navcon/ws/mina_ws/install/ackermann_interfaces/share/ackermann_interfaces/cmake/export_ackermann_interfaces__rosidl_typesupport_fastrtps_cExport.cmake
[1.540s] -- Up-to-date: /home/navcon/ws/mina_ws/install/ackermann_interfaces/share/ackermann_interfaces/cmake/export_ackermann_interfaces__rosidl_typesupport_fastrtps_cExport-noconfig.cmake
[1.540s] -- Up-to-date: /home/navcon/ws/mina_ws/install/ackermann_interfaces/share/ackermann_interfaces/cmake/ackermann_interfaces__rosidl_typesupport_introspection_cExport.cmake
[1.540s] -- Up-to-date: /home/navcon/ws/mina_ws/install/ackermann_interfaces/share/ackermann_interfaces/cmake/ackermann_interfaces__rosidl_typesupport_introspection_cExport-noconfig.cmake
[1.544s] -- Up-to-date: /home/navcon/ws/mina_ws/install/ackermann_interfaces/share/ackermann_interfaces/cmake/ackermann_interfaces__rosidl_typesupport_cExport.cmake
[1.544s] -- Up-to-date: /home/navcon/ws/mina_ws/install/ackermann_interfaces/share/ackermann_interfaces/cmake/ackermann_interfaces__rosidl_typesupport_cExport-noconfig.cmake
[1.545s] -- Up-to-date: /home/navcon/ws/mina_ws/install/ackermann_interfaces/share/ackermann_interfaces/cmake/export_ackermann_interfaces__rosidl_generator_cppExport.cmake
[1.545s] -- Up-to-date: /home/navcon/ws/mina_ws/install/ackermann_interfaces/share/ackermann_interfaces/cmake/export_ackermann_interfaces__rosidl_typesupport_fastrtps_cppExport.cmake
[1.545s] -- Up-to-date: /home/navcon/ws/mina_ws/install/ackermann_interfaces/share/ackermann_interfaces/cmake/export_ackermann_interfaces__rosidl_typesupport_fastrtps_cppExport-noconfig.cmake
[1.546s] -- Up-to-date: /home/navcon/ws/mina_ws/install/ackermann_interfaces/share/ackermann_interfaces/cmake/ackermann_interfaces__rosidl_typesupport_introspection_cppExport.cmake
[1.546s] -- Up-to-date: /home/navcon/ws/mina_ws/install/ackermann_interfaces/share/ackermann_interfaces/cmake/ackermann_interfaces__rosidl_typesupport_introspection_cppExport-noconfig.cmake
[1.546s] -- Up-to-date: /home/navcon/ws/mina_ws/install/ackermann_interfaces/share/ackermann_interfaces/cmake/ackermann_interfaces__rosidl_typesupport_cppExport.cmake
[1.546s] -- Up-to-date: /home/navcon/ws/mina_ws/install/ackermann_interfaces/share/ackermann_interfaces/cmake/ackermann_interfaces__rosidl_typesupport_cppExport-noconfig.cmake
[1.546s] -- Up-to-date: /home/navcon/ws/mina_ws/install/ackermann_interfaces/share/ackermann_interfaces/cmake/export_ackermann_interfaces__rosidl_generator_pyExport.cmake
[1.546s] -- Up-to-date: /home/navcon/ws/mina_ws/install/ackermann_interfaces/share/ackermann_interfaces/cmake/export_ackermann_interfaces__rosidl_generator_pyExport-noconfig.cmake
[1.575s] Invoked command in '/home/navcon/ws/mina_ws/build/ackermann_interfaces' returned '0': CMAKE_PREFIX_PATH=${CMAKE_PREFIX_PATH}:/home/navcon/ws/mina_ws/install/ugv_can:/home/navcon/ws/mina_ws/install/ackermann_odometry:/home/navcon/ws/mina_ws/install/ackermann_controller:/opt/ros/humble /usr/bin/cmake --install /home/navcon/ws/mina_ws/build/ackermann_interfaces
