[1.290s] Invoking command in '/home/navcon/ws/mina_ws/build/ydlidar_ros2_driver': CMAKE_PREFIX_PATH=${CMAKE_PREFIX_PATH}:/home/navcon/ws/mina_ws/install/ugv_can:/home/navcon/ws/mina_ws/install/ackermann_odometry:/home/navcon/ws/mina_ws/install/ackermann_controller:/opt/ros/humble /usr/bin/cmake --build /home/navcon/ws/mina_ws/build/ydlidar_ros2_driver -- -j8 -l8
[1.438s] [ 50%] Built target ydlidar_ros2_driver_node
[1.438s] [100%] Built target ydlidar_ros2_driver_client
[1.485s] Invoked command in '/home/navcon/ws/mina_ws/build/ydlidar_ros2_driver' returned '0': CMAKE_PREFIX_PATH=${CMAKE_PREFIX_PATH}:/home/navcon/ws/mina_ws/install/ugv_can:/home/navcon/ws/mina_ws/install/ackermann_odometry:/home/navcon/ws/mina_ws/install/ackermann_controller:/opt/ros/humble /usr/bin/cmake --build /home/navcon/ws/mina_ws/build/ydlidar_ros2_driver -- -j8 -l8
[1.685s] Invoking command in '/home/navcon/ws/mina_ws/build/ydlidar_ros2_driver': CMAKE_PREFIX_PATH=${CMAKE_PREFIX_PATH}:/home/navcon/ws/mina_ws/install/ugv_can:/home/navcon/ws/mina_ws/install/ackermann_odometry:/home/navcon/ws/mina_ws/install/ackermann_controller:/opt/ros/humble /usr/bin/cmake --install /home/navcon/ws/mina_ws/build/ydlidar_ros2_driver
[1.731s] -- Install configuration: ""
[1.732s] -- Execute custom install script
[1.732s] -- Up-to-date symlink: /home/navcon/ws/mina_ws/install/ydlidar_ros2_driver/lib/ydlidar_ros2_driver/ydlidar_ros2_driver_node
[1.732s] -- Up-to-date symlink: /home/navcon/ws/mina_ws/install/ydlidar_ros2_driver/lib/ydlidar_ros2_driver/ydlidar_ros2_driver_client
[1.732s] -- Up-to-date symlink: /home/navcon/ws/mina_ws/install/ydlidar_ros2_driver/share/ydlidar_ros2_driver/launch/ydlidar.py
[1.734s] -- Up-to-date symlink: /home/navcon/ws/mina_ws/install/ydlidar_ros2_driver/share/ydlidar_ros2_driver/launch/ydlidar_launch.py
[1.737s] -- Up-to-date symlink: /home/navcon/ws/mina_ws/install/ydlidar_ros2_driver/share/ydlidar_ros2_driver/launch/ydlidar_launch_view.py
[1.738s] -- Up-to-date symlink: /home/navcon/ws/mina_ws/install/ydlidar_ros2_driver/share/ydlidar_ros2_driver/params/G1.yaml
[1.738s] -- Up-to-date symlink: /home/navcon/ws/mina_ws/install/ydlidar_ros2_driver/share/ydlidar_ros2_driver/params/G2.yaml
[1.741s] -- Up-to-date symlink: /home/navcon/ws/mina_ws/install/ydlidar_ros2_driver/share/ydlidar_ros2_driver/params/G6.yaml
[1.742s] -- Up-to-date symlink: /home/navcon/ws/mina_ws/install/ydlidar_ros2_driver/share/ydlidar_ros2_driver/params/GS2.yaml
[1.742s] -- Up-to-date symlink: /home/navcon/ws/mina_ws/install/ydlidar_ros2_driver/share/ydlidar_ros2_driver/params/TEA.yaml
[1.742s] -- Up-to-date symlink: /home/navcon/ws/mina_ws/install/ydlidar_ros2_driver/share/ydlidar_ros2_driver/params/TG.yaml
[1.742s] -- Up-to-date symlink: /home/navcon/ws/mina_ws/install/ydlidar_ros2_driver/share/ydlidar_ros2_driver/params/TminiPro.yaml
[1.742s] -- Up-to-date symlink: /home/navcon/ws/mina_ws/install/ydlidar_ros2_driver/share/ydlidar_ros2_driver/params/X2.yaml
[1.742s] -- Up-to-date symlink: /home/navcon/ws/mina_ws/install/ydlidar_ros2_driver/share/ydlidar_ros2_driver/params/X4-Pro.yaml
[1.743s] -- Up-to-date symlink: /home/navcon/ws/mina_ws/install/ydlidar_ros2_driver/share/ydlidar_ros2_driver/params/X4.yaml
[1.743s] -- Up-to-date symlink: /home/navcon/ws/mina_ws/install/ydlidar_ros2_driver/share/ydlidar_ros2_driver/params/ydlidar.yaml
[1.743s] -- Up-to-date symlink: /home/navcon/ws/mina_ws/install/ydlidar_ros2_driver/share/ydlidar_ros2_driver/startup/initenv.sh
[1.743s] -- Up-to-date symlink: /home/navcon/ws/mina_ws/install/ydlidar_ros2_driver/share/ydlidar_ros2_driver/config/ydlidar.rviz
[1.743s] -- Up-to-date symlink: /home/navcon/ws/mina_ws/install/ydlidar_ros2_driver/share/ament_index/resource_index/package_run_dependencies/ydlidar_ros2_driver
[1.743s] -- Up-to-date symlink: /home/navcon/ws/mina_ws/install/ydlidar_ros2_driver/share/ament_index/resource_index/parent_prefix_path/ydlidar_ros2_driver
[1.745s] -- Up-to-date symlink: /home/navcon/ws/mina_ws/install/ydlidar_ros2_driver/share/ydlidar_ros2_driver/environment/ament_prefix_path.sh
[1.745s] -- Up-to-date symlink: /home/navcon/ws/mina_ws/install/ydlidar_ros2_driver/share/ydlidar_ros2_driver/environment/ament_prefix_path.dsv
[1.745s] -- Up-to-date symlink: /home/navcon/ws/mina_ws/install/ydlidar_ros2_driver/share/ydlidar_ros2_driver/environment/path.sh
[1.745s] -- Up-to-date symlink: /home/navcon/ws/mina_ws/install/ydlidar_ros2_driver/share/ydlidar_ros2_driver/environment/path.dsv
[1.747s] -- Up-to-date symlink: /home/navcon/ws/mina_ws/install/ydlidar_ros2_driver/share/ydlidar_ros2_driver/local_setup.bash
[1.747s] -- Up-to-date symlink: /home/navcon/ws/mina_ws/install/ydlidar_ros2_driver/share/ydlidar_ros2_driver/local_setup.sh
[1.747s] -- Up-to-date symlink: /home/navcon/ws/mina_ws/install/ydlidar_ros2_driver/share/ydlidar_ros2_driver/local_setup.zsh
[1.748s] -- Up-to-date symlink: /home/navcon/ws/mina_ws/install/ydlidar_ros2_driver/share/ydlidar_ros2_driver/local_setup.dsv
[1.749s] -- Symlinking: /home/navcon/ws/mina_ws/install/ydlidar_ros2_driver/share/ydlidar_ros2_driver/package.dsv
[1.808s] -- Up-to-date symlink: /home/navcon/ws/mina_ws/install/ydlidar_ros2_driver/share/ament_index/resource_index/packages/ydlidar_ros2_driver
[1.808s] -- Up-to-date symlink: /home/navcon/ws/mina_ws/install/ydlidar_ros2_driver/share/ydlidar_ros2_driver/cmake/ydlidar_ros2_driverConfig.cmake
[1.809s] -- Up-to-date symlink: /home/navcon/ws/mina_ws/install/ydlidar_ros2_driver/share/ydlidar_ros2_driver/cmake/ydlidar_ros2_driverConfig-version.cmake
[1.809s] -- Up-to-date symlink: /home/navcon/ws/mina_ws/install/ydlidar_ros2_driver/share/ydlidar_ros2_driver/package.xml
[1.854s] Invoked command in '/home/navcon/ws/mina_ws/build/ydlidar_ros2_driver' returned '0': CMAKE_PREFIX_PATH=${CMAKE_PREFIX_PATH}:/home/navcon/ws/mina_ws/install/ugv_can:/home/navcon/ws/mina_ws/install/ackermann_odometry:/home/navcon/ws/mina_ws/install/ackermann_controller:/opt/ros/humble /usr/bin/cmake --install /home/navcon/ws/mina_ws/build/ydlidar_ros2_driver
