[1.194s] Invoking command in '/home/navcon/ws/mina_ws/build/ydlidar_ros2_driver': CMAKE_PREFIX_PATH=${CMAKE_PREFIX_PATH}:/home/navcon/ws/mina_ws/install/ugv_can:/home/navcon/ws/mina_ws/install/ackermann_odometry:/home/navcon/ws/mina_ws/install/ackermann_controller:/opt/ros/humble /usr/bin/cmake /home/navcon/ws/mina_ws/src/ydlidar_ros2_driver -DAMENT_CMAKE_SYMLINK_INSTALL=1 -DCMAKE_INSTALL_PREFIX=/home/navcon/ws/mina_ws/install/ydlidar_ros2_driver
[1.235s] -- Found ament_cmake: 1.3.6 (/opt/ros/humble/share/ament_cmake/cmake)
[1.764s] -- Override CMake install command with custom implementation using symlinks instead of copying resources
[1.786s] -- Found rclcpp: 16.0.7 (/opt/ros/humble/share/rclcpp/cmake)
[1.882s] -- Found rosidl_generator_c: 3.1.5 (/opt/ros/humble/share/rosidl_generator_c/cmake)
[1.887s] -- Found rosidl_adapter: 3.1.5 (/opt/ros/humble/share/rosidl_adapter/cmake)
[1.902s] -- Found rosidl_generator_cpp: 3.1.5 (/opt/ros/humble/share/rosidl_generator_cpp/cmake)
[1.934s] -- Using all available rosidl_typesupport_c: rosidl_typesupport_fastrtps_c;rosidl_typesupport_introspection_c
[1.981s] -- Using all available rosidl_typesupport_cpp: rosidl_typesupport_fastrtps_cpp;rosidl_typesupport_introspection_cpp
[2.111s] -- Found rmw_implementation_cmake: 6.1.1 (/opt/ros/humble/share/rmw_implementation_cmake/cmake)
[2.124s] -- Found rmw_fastrtps_cpp: 6.2.5 (/opt/ros/humble/share/rmw_fastrtps_cpp/cmake)
[2.527s] -- Using RMW implementation 'rmw_fastrtps_cpp' as default
[2.870s] -- Found sensor_msgs: 4.2.3 (/opt/ros/humble/share/sensor_msgs/cmake)
[3.125s] -- Found visualization_msgs: 4.2.3 (/opt/ros/humble/share/visualization_msgs/cmake)
[3.361s] -- Found std_srvs: 4.2.3 (/opt/ros/humble/share/std_srvs/cmake)
[3.409s] -- Found ament_lint_auto: 0.12.9 (/opt/ros/humble/share/ament_lint_auto/cmake)
[3.570s] -- Added test 'copyright' to check source files copyright and LICENSE
[3.593s] -- Added test 'cppcheck' to perform static code analysis on C / C++ code
[3.595s] -- Configured cppcheck include dirs: /home/navcon/ws/mina_ws/src/ydlidar_ros2_driver/src
[3.595s] -- Configured cppcheck exclude dirs and/or files: 
[3.626s] -- Added test 'cpplint' to check C / C++ code against the Google style
[3.627s] -- Configured cpplint exclude dirs and/or files: 
[3.634s] -- Added test 'flake8' to check Python code syntax and style conventions
[3.640s] -- Added test 'lint_cmake' to check CMake code style
[3.646s] -- Added test 'pep257' to check Python code against some of the docstring style conventions in PEP 257
[3.666s] -- Added test 'uncrustify' to check C / C++ code style
[3.667s] -- Configured uncrustify additional arguments: 
[3.670s] -- Added test 'xmllint' to check XML markup files
[3.682s] -- Configuring done
[3.732s] -- Generating done
[3.737s] -- Build files have been written to: /home/navcon/ws/mina_ws/build/ydlidar_ros2_driver
[3.770s] Invoked command in '/home/navcon/ws/mina_ws/build/ydlidar_ros2_driver' returned '0': CMAKE_PREFIX_PATH=${CMAKE_PREFIX_PATH}:/home/navcon/ws/mina_ws/install/ugv_can:/home/navcon/ws/mina_ws/install/ackermann_odometry:/home/navcon/ws/mina_ws/install/ackermann_controller:/opt/ros/humble /usr/bin/cmake /home/navcon/ws/mina_ws/src/ydlidar_ros2_driver -DAMENT_CMAKE_SYMLINK_INSTALL=1 -DCMAKE_INSTALL_PREFIX=/home/navcon/ws/mina_ws/install/ydlidar_ros2_driver
[3.772s] Invoking command in '/home/navcon/ws/mina_ws/build/ydlidar_ros2_driver': CMAKE_PREFIX_PATH=${CMAKE_PREFIX_PATH}:/home/navcon/ws/mina_ws/install/ugv_can:/home/navcon/ws/mina_ws/install/ackermann_odometry:/home/navcon/ws/mina_ws/install/ackermann_controller:/opt/ros/humble /usr/bin/cmake --build /home/navcon/ws/mina_ws/build/ydlidar_ros2_driver -- -j8 -l8
[3.918s] [ 50%] Built target ydlidar_ros2_driver_node
[3.936s] [100%] Built target ydlidar_ros2_driver_client
[3.966s] Invoked command in '/home/navcon/ws/mina_ws/build/ydlidar_ros2_driver' returned '0': CMAKE_PREFIX_PATH=${CMAKE_PREFIX_PATH}:/home/navcon/ws/mina_ws/install/ugv_can:/home/navcon/ws/mina_ws/install/ackermann_odometry:/home/navcon/ws/mina_ws/install/ackermann_controller:/opt/ros/humble /usr/bin/cmake --build /home/navcon/ws/mina_ws/build/ydlidar_ros2_driver -- -j8 -l8
[4.022s] Invoking command in '/home/navcon/ws/mina_ws/build/ydlidar_ros2_driver': CMAKE_PREFIX_PATH=${CMAKE_PREFIX_PATH}:/home/navcon/ws/mina_ws/install/ugv_can:/home/navcon/ws/mina_ws/install/ackermann_odometry:/home/navcon/ws/mina_ws/install/ackermann_controller:/opt/ros/humble /usr/bin/cmake --install /home/navcon/ws/mina_ws/build/ydlidar_ros2_driver
[4.040s] -- Install configuration: ""
[4.041s] -- Execute custom install script
[4.043s] -- Up-to-date symlink: /home/navcon/ws/mina_ws/install/ydlidar_ros2_driver/lib/ydlidar_ros2_driver/ydlidar_ros2_driver_node
[4.043s] -- Up-to-date symlink: /home/navcon/ws/mina_ws/install/ydlidar_ros2_driver/lib/ydlidar_ros2_driver/ydlidar_ros2_driver_client
[4.043s] -- Up-to-date symlink: /home/navcon/ws/mina_ws/install/ydlidar_ros2_driver/share/ydlidar_ros2_driver/launch/ydlidar.py
[4.043s] -- Up-to-date symlink: /home/navcon/ws/mina_ws/install/ydlidar_ros2_driver/share/ydlidar_ros2_driver/launch/ydlidar_launch.py
[4.043s] -- Up-to-date symlink: /home/navcon/ws/mina_ws/install/ydlidar_ros2_driver/share/ydlidar_ros2_driver/launch/ydlidar_launch_view.py
[4.044s] -- Up-to-date symlink: /home/navcon/ws/mina_ws/install/ydlidar_ros2_driver/share/ydlidar_ros2_driver/params/G1.yaml
[4.044s] -- Up-to-date symlink: /home/navcon/ws/mina_ws/install/ydlidar_ros2_driver/share/ydlidar_ros2_driver/params/G2.yaml
[4.045s] -- Up-to-date symlink: /home/navcon/ws/mina_ws/install/ydlidar_ros2_driver/share/ydlidar_ros2_driver/params/G6.yaml
[4.045s] -- Up-to-date symlink: /home/navcon/ws/mina_ws/install/ydlidar_ros2_driver/share/ydlidar_ros2_driver/params/GS2.yaml
[4.045s] -- Up-to-date symlink: /home/navcon/ws/mina_ws/install/ydlidar_ros2_driver/share/ydlidar_ros2_driver/params/TEA.yaml
[4.046s] -- Up-to-date symlink: /home/navcon/ws/mina_ws/install/ydlidar_ros2_driver/share/ydlidar_ros2_driver/params/TG.yaml
[4.046s] -- Up-to-date symlink: /home/navcon/ws/mina_ws/install/ydlidar_ros2_driver/share/ydlidar_ros2_driver/params/TminiPro.yaml
[4.047s] -- Up-to-date symlink: /home/navcon/ws/mina_ws/install/ydlidar_ros2_driver/share/ydlidar_ros2_driver/params/X2.yaml
[4.047s] -- Up-to-date symlink: /home/navcon/ws/mina_ws/install/ydlidar_ros2_driver/share/ydlidar_ros2_driver/params/X4-Pro.yaml
[4.047s] -- Up-to-date symlink: /home/navcon/ws/mina_ws/install/ydlidar_ros2_driver/share/ydlidar_ros2_driver/params/X4.yaml
[4.047s] -- Up-to-date symlink: /home/navcon/ws/mina_ws/install/ydlidar_ros2_driver/share/ydlidar_ros2_driver/params/ydlidar.yaml
[4.048s] -- Up-to-date symlink: /home/navcon/ws/mina_ws/install/ydlidar_ros2_driver/share/ydlidar_ros2_driver/startup/initenv.sh
[4.048s] -- Up-to-date symlink: /home/navcon/ws/mina_ws/install/ydlidar_ros2_driver/share/ydlidar_ros2_driver/config/ydlidar.rviz
[4.049s] -- Up-to-date symlink: /home/navcon/ws/mina_ws/install/ydlidar_ros2_driver/share/ament_index/resource_index/package_run_dependencies/ydlidar_ros2_driver
[4.049s] -- Up-to-date symlink: /home/navcon/ws/mina_ws/install/ydlidar_ros2_driver/share/ament_index/resource_index/parent_prefix_path/ydlidar_ros2_driver
[4.050s] -- Up-to-date symlink: /home/navcon/ws/mina_ws/install/ydlidar_ros2_driver/share/ydlidar_ros2_driver/environment/ament_prefix_path.sh
[4.050s] -- Up-to-date symlink: /home/navcon/ws/mina_ws/install/ydlidar_ros2_driver/share/ydlidar_ros2_driver/environment/ament_prefix_path.dsv
[4.051s] -- Up-to-date symlink: /home/navcon/ws/mina_ws/install/ydlidar_ros2_driver/share/ydlidar_ros2_driver/environment/path.sh
[4.051s] -- Up-to-date symlink: /home/navcon/ws/mina_ws/install/ydlidar_ros2_driver/share/ydlidar_ros2_driver/environment/path.dsv
[4.051s] -- Up-to-date symlink: /home/navcon/ws/mina_ws/install/ydlidar_ros2_driver/share/ydlidar_ros2_driver/local_setup.bash
[4.052s] -- Up-to-date symlink: /home/navcon/ws/mina_ws/install/ydlidar_ros2_driver/share/ydlidar_ros2_driver/local_setup.sh
[4.052s] -- Up-to-date symlink: /home/navcon/ws/mina_ws/install/ydlidar_ros2_driver/share/ydlidar_ros2_driver/local_setup.zsh
[4.053s] -- Up-to-date symlink: /home/navcon/ws/mina_ws/install/ydlidar_ros2_driver/share/ydlidar_ros2_driver/local_setup.dsv
[4.053s] -- Symlinking: /home/navcon/ws/mina_ws/install/ydlidar_ros2_driver/share/ydlidar_ros2_driver/package.dsv
[4.073s] -- Up-to-date symlink: /home/navcon/ws/mina_ws/install/ydlidar_ros2_driver/share/ament_index/resource_index/packages/ydlidar_ros2_driver
[4.074s] -- Up-to-date symlink: /home/navcon/ws/mina_ws/install/ydlidar_ros2_driver/share/ydlidar_ros2_driver/cmake/ydlidar_ros2_driverConfig.cmake
[4.075s] -- Up-to-date symlink: /home/navcon/ws/mina_ws/install/ydlidar_ros2_driver/share/ydlidar_ros2_driver/cmake/ydlidar_ros2_driverConfig-version.cmake
[4.076s] -- Up-to-date symlink: /home/navcon/ws/mina_ws/install/ydlidar_ros2_driver/share/ydlidar_ros2_driver/package.xml
[4.081s] Invoked command in '/home/navcon/ws/mina_ws/build/ydlidar_ros2_driver' returned '0': CMAKE_PREFIX_PATH=${CMAKE_PREFIX_PATH}:/home/navcon/ws/mina_ws/install/ugv_can:/home/navcon/ws/mina_ws/install/ackermann_odometry:/home/navcon/ws/mina_ws/install/ackermann_controller:/opt/ros/humble /usr/bin/cmake --install /home/navcon/ws/mina_ws/build/ydlidar_ros2_driver
